/home/runner/work/tfplan2md/tfplan2md/src/tests/Oocx.TfPlan2Md.TUnit/Azure/AzureRoleDefinitionMapperTests.cs(7,14): error SA1600: Elements should be documented [/home/runner/work/tfplan2md/tfplan2md/src/tests/Oocx.TfPlan2Md.TUnit/Oocx.TfPlan2Md.TUnit.csproj]
/home/runner/work/tfplan2md/tfplan2md/src/tests/Oocx.TfPlan2Md.TUnit/Azure/AzureRoleDefinitionMapperTests.cs(10,17): error SA1600: Elements should be documented [/home/runner/work/tfplan2md/tfplan2md/src/tests/Oocx.TfPlan2Md.TUnit/Oocx.TfPlan2Md.TUnit.csproj]
/home/runner/work/tfplan2md/tfplan2md/src/tests/Oocx.TfPlan2Md.TUnit/Azure/AzureRoleDefinitionMapperTests.cs(23,17): error SA1600: Elements should be documented [/home/runner/work/tfplan2md/tfplan2md/src/tests/Oocx.TfPlan2Md.TUnit/Oocx.TfPlan2Md.TUnit.csproj]
/home/runner/work/tfplan2md/tfplan2md/src/tests/Oocx.TfPlan2Md.TUnit/Azure/AzureRoleDefinitionMapperTests.cs(36,17): error SA1600: Elements should be documented [/home/runner/work/tfplan2md/tfplan2md/src/tests/Oocx.TfPlan2Md.TUnit/Oocx.TfPlan2Md.TUnit.csproj]
/home/runner/work/tfplan2md/tfplan2md/src/tests/Oocx.TfPlan2Md.TUnit/Azure/AzureRoleDefinitionMapperTests.cs(49,17): error SA1600: Elements should be documented [/home/runner/work/tfplan2md/tfplan2md/src/tests/Oocx.TfPlan2Md.TUnit/Oocx.TfPlan2Md.TUnit.csproj]
/home/runner/work/tfplan2md/tfplan2md/src/tests/Oocx.TfPlan2Md.TUnit/Azure/AzureRoleDefinitionMapperTests.cs(61,17): error SA1600: Elements should be documented [/home/runner/work/tfplan2md/tfplan2md/src/tests/Oocx.TfPlan2Md.TUnit/Oocx.TfPlan2Md.TUnit.csproj]
/home/runner/work/tfplan2md/tfplan2md/src/tests/Oocx.TfPlan2Md.TUnit/Azure/AzureRoleDefinitionMapperTests.cs(73,17): error SA1600: Elements should be documented [/home/runner/work/tfplan2md/tfplan2md/src/tests/Oocx.TfPlan2Md.TUnit/Oocx.TfPlan2Md.TUnit.csproj]
/home/runner/work/tfplan2md/tfplan2md/src/tests/Oocx.TfPlan2Md.TUnit/Assertions/TextDiffAssertTests.cs(20,18): error SA1651: Do not use placeholder elements [/home/runner/work/tfplan2md/tfplan2md/src/tests/Oocx.TfPlan2Md.TUnit/Oocx.TfPlan2Md.TUnit.csproj]
/home/runner/work/tfplan2md/tfplan2md/src/tests/Oocx.TfPlan2Md.TUnit/Assertions/TextDiffAssertTests.cs(47,18): error SA1651: Do not use placeholder elements [/home/runner/work/tfplan2md/tfplan2md/src/tests/Oocx.TfPlan2Md.TUnit/Oocx.TfPlan2Md.TUnit.csproj]
/home/runner/work/tfplan2md/tfplan2md/src/tests/Oocx.TfPlan2Md.TUnit/Assertions/TextDiffAssertTests.cs(74,18): error SA1651: Do not use placeholder elements [/home/runner/work/tfplan2md/tfplan2md/src/tests/Oocx.TfPlan2Md.TUnit/Oocx.TfPlan2Md.TUnit.csproj]
/home/runner/work/tfplan2md/tfplan2md/src/tests/Oocx.TfPlan2Md.TUnit/Azure/AzureScopeParserTests.cs(7,14): error SA1600: Elements should be documented [/home/runner/work/tfplan2md/tfplan2md/src/tests/Oocx.TfPlan2Md.TUnit/Oocx.TfPlan2Md.TUnit.csproj]
/home/runner/work/tfplan2md/tfplan2md/src/tests/Oocx.TfPlan2Md.TUnit/Azure/AzureScopeParserTests.cs(10,17): error SA1600: Elements should be documented [/home/runner/work/tfplan2md/tfplan2md/src/tests/Oocx.TfPlan2Md.TUnit/Oocx.TfPlan2Md.TUnit.csproj]
/home/runner/work/tfplan2md/tfplan2md/src/tests/Oocx.TfPlan2Md.TUnit/Azure/AzureScopeParserTests.cs(19,17): error SA1600: Elements should be documented [/home/runner/work/tfplan2md/tfplan2md/src/tests/Oocx.TfPlan2Md.TUnit/Oocx.TfPlan2Md.TUnit.csproj]
/home/runner/work/tfplan2md/tfplan2md/src/tests/Oocx.TfPlan2Md.TUnit/Azure/AzureScopeParserTests.cs(41,17): error SA1600: Elements should be documented [/home/runner/work/tfplan2md/tfplan2md/src/tests/Oocx.TfPlan2Md.TUnit/Oocx.TfPlan2Md.TUnit.csproj]
/home/runner/work/tfplan2md/tfplan2md/src/tests/Oocx.TfPlan2Md.TUnit/Azure/AzureScopeParserTests.cs(28,17): error SA1600: Elements should be documented [/home/runner/work/tfplan2md/tfplan2md/src/tests/Oocx.TfPlan2Md.TUnit/Oocx.TfPlan2Md.TUnit.csproj]
/home/runner/work/tfplan2md/tfplan2md/src/tests/Oocx.TfPlan2Md.TUnit/Azure/AzureScopeParserTests.cs(54,17): error SA1600: Elements should be documented [/home/runner/work/tfplan2md/tfplan2md/src/tests/Oocx.TfPlan2Md.TUnit/Oocx.TfPlan2Md.TUnit.csproj]
/home/runner/work/tfplan2md/tfplan2md/src/tests/Oocx.TfPlan2Md.TUnit/Azure/AzureScopeParserTests.cs(67,17): error SA1600: Elements should be documented [/home/runner/work/tfplan2md/tfplan2md/src/tests/Oocx.TfPlan2Md.TUnit/Oocx.TfPlan2Md.TUnit.csproj]
/home/runner/work/tfplan2md/tfplan2md/src/tests/Oocx.TfPlan2Md.TUnit/Azure/AzureScopeParserTests.cs(80,17): error SA1600: Elements should be documented [/home/runner/work/tfplan2md/tfplan2md/src/tests/Oocx.TfPlan2Md.TUnit/Oocx.TfPlan2Md.TUnit.csproj]
/home/runner/work/tfplan2md/tfplan2md/src/tests/Oocx.TfPlan2Md.TUnit/Azure/AzureScopeParserTests.cs(90,17): error SA1600: Elements should be documented [/home/runner/work/tfplan2md/tfplan2md/src/tests/Oocx.TfPlan2Md.TUnit/Oocx.TfPlan2Md.TUnit.csproj]
/home/runner/work/tfplan2md/tfplan2md/src/tests/Oocx.TfPlan2Md.TUnit/Azure/AzureScopeParserTests.cs(100,17): error SA1600: Elements should be documented [/home/runner/work/tfplan2md/tfplan2md/src/tests/Oocx.TfPlan2Md.TUnit/Oocx.TfPlan2Md.TUnit.csproj]
/home/runner/work/tfplan2md/tfplan2md/src/tests/Oocx.TfPlan2Md.TUnit/Azure/AzureScopeParserTests.cs(110,17): error SA1600: Elements should be documented [/home/runner/work/tfplan2md/tfplan2md/src/tests/Oocx.TfPlan2Md.TUnit/Oocx.TfPlan2Md.TUnit.csproj]
/home/runner/work/tfplan2md/tfplan2md/src/tests/Oocx.TfPlan2Md.TUnit/Azure/AzureScopeParserTests.cs(123,17): error SA1600: Elements should be documented [/home/runner/work/tfplan2md/tfplan2md/src/tests/Oocx.TfPlan2Md.TUnit/Oocx.TfPlan2Md.TUnit.csproj]
/home/runner/work/tfplan2md/tfplan2md/src/tests/Oocx.TfPlan2Md.TUnit/Azure/AzureScopeParserTests.cs(139,17): error SA1600: Elements should be documented [/home/runner/work/tfplan2md/tfplan2md/src/tests/Oocx.TfPlan2Md.TUnit/Oocx.TfPlan2Md.TUnit.csproj]
/home/runner/work/tfplan2md/tfplan2md/src/tests/Oocx.TfPlan2Md.TUnit/Azure/PrincipalMapperTests.cs(8,14): error SA1600: Elements should be documented [/home/runner/work/tfplan2md/tfplan2md/src/tests/Oocx.TfPlan2Md.TUnit/Oocx.TfPlan2Md.TUnit.csproj]
/home/runner/work/tfplan2md/tfplan2md/src/tests/Oocx.TfPlan2Md.TUnit/Azure/PrincipalMapperTests.cs(11,17): error SA1600: Elements should be documented [/home/runner/work/tfplan2md/tfplan2md/src/tests/Oocx.TfPlan2Md.TUnit/Oocx.TfPlan2Md.TUnit.csproj]
/home/runner/work/tfplan2md/tfplan2md/src/tests/Oocx.TfPlan2Md.TUnit/Azure/PrincipalMapperTests.cs(32,17): error SA1600: Elements should be documented [/home/runner/work/tfplan2md/tfplan2md/src/tests/Oocx.TfPlan2Md.TUnit/Oocx.TfPlan2Md.TUnit.csproj]
/home/runner/work/tfplan2md/tfplan2md/src/tests/Oocx.TfPlan2Md.TUnit/Azure/PrincipalMapperTests.cs(53,17): error SA1600: Elements should be documented [/home/runner/work/tfplan2md/tfplan2md/src/tests/Oocx.TfPlan2Md.TUnit/Oocx.TfPlan2Md.TUnit.csproj]
/home/runner/work/tfplan2md/tfplan2md/src/tests/Oocx.TfPlan2Md.TUnit/Azure/PrincipalMapperTests.cs(84,17): error SA1600: Elements should be documented [/home/runner/work/tfplan2md/tfplan2md/src/tests/Oocx.TfPlan2Md.TUnit/Oocx.TfPlan2Md.TUnit.csproj]
/home/runner/work/tfplan2md/tfplan2md/src/tests/Oocx.TfPlan2Md.TUnit/Azure/PrincipalMapperTests.cs(111,17): error SA1600: Elements should be documented [/home/runner/work/tfplan2md/tfplan2md/src/tests/Oocx.TfPlan2Md.TUnit/Oocx.TfPlan2Md.TUnit.csproj]
/home/runner/work/tfplan2md/tfplan2md/src/tests/Oocx.TfPlan2Md.TUnit/Azure/PrincipalMapperTests.cs(138,17): error SA1600: Elements should be documented [/home/runner/work/tfplan2md/tfplan2md/src/tests/Oocx.TfPlan2Md.TUnit/Oocx.TfPlan2Md.TUnit.csproj]
/home/runner/work/tfplan2md/tfplan2md/src/tests/Oocx.TfPlan2Md.TUnit/Azure/PrincipalMapperTests.cs(205,17): error SA1600: Elements should be documented [/home/runner/work/tfplan2md/tfplan2md/src/tests/Oocx.TfPlan2Md.TUnit/Oocx.TfPlan2Md.TUnit.csproj]
/home/runner/work/tfplan2md/tfplan2md/src/tests/Oocx.TfPlan2Md.TUnit/Azure/PrincipalMapperTests.cs(165,17): error SA1600: Elements should be documented [/home/runner/work/tfplan2md/tfplan2md/src/tests/Oocx.TfPlan2Md.TUnit/Oocx.TfPlan2Md.TUnit.csproj]
/home/runner/work/tfplan2md/tfplan2md/src/tests/Oocx.TfPlan2Md.TUnit/Azure/PrincipalMapperTests.cs(232,17): error SA1600: Elements should be documented [/home/runner/work/tfplan2md/tfplan2md/src/tests/Oocx.TfPlan2Md.TUnit/Oocx.TfPlan2Md.TUnit.csproj]
/home/runner/work/tfplan2md/tfplan2md/src/tests/Oocx.TfPlan2Md.TUnit/CLI/CliParserTests.cs(8,14): error SA1600: Elements should be documented [/home/runner/work/tfplan2md/tfplan2md/src/tests/Oocx.TfPlan2Md.TUnit/Oocx.TfPlan2Md.TUnit.csproj]
/home/runner/work/tfplan2md/tfplan2md/src/tests/Oocx.TfPlan2Md.TUnit/CLI/CliParserTests.cs(11,17): error SA1600: Elements should be documented [/home/runner/work/tfplan2md/tfplan2md/src/tests/Oocx.TfPlan2Md.TUnit/Oocx.TfPlan2Md.TUnit.csproj]
/home/runner/work/tfplan2md/tfplan2md/src/tests/Oocx.TfPlan2Md.TUnit/CLI/CliParserTests.cs(31,17): error SA1600: Elements should be documented [/home/runner/work/tfplan2md/tfplan2md/src/tests/Oocx.TfPlan2Md.TUnit/Oocx.TfPlan2Md.TUnit.csproj]
/home/runner/work/tfplan2md/tfplan2md/src/tests/Oocx.TfPlan2Md.TUnit/CLI/CliParserTests.cs(44,17): error SA1600: Elements should be documented [/home/runner/work/tfplan2md/tfplan2md/src/tests/Oocx.TfPlan2Md.TUnit/Oocx.TfPlan2Md.TUnit.csproj]
/home/runner/work/tfplan2md/tfplan2md/src/tests/Oocx.TfPlan2Md.TUnit/CLI/CliParserTests.cs(57,17): error SA1600: Elements should be documented [/home/runner/work/tfplan2md/tfplan2md/src/tests/Oocx.TfPlan2Md.TUnit/Oocx.TfPlan2Md.TUnit.csproj]
/home/runner/work/tfplan2md/tfplan2md/src/tests/Oocx.TfPlan2Md.TUnit/CLI/CliParserTests.cs(70,17): error SA1600: Elements should be documented [/home/runner/work/tfplan2md/tfplan2md/src/tests/Oocx.TfPlan2Md.TUnit/Oocx.TfPlan2Md.TUnit.csproj]
/home/runner/work/tfplan2md/tfplan2md/src/tests/Oocx.TfPlan2Md.TUnit/CLI/CliParserTests.cs(83,17): error SA1600: Elements should be documented [/home/runner/work/tfplan2md/tfplan2md/src/tests/Oocx.TfPlan2Md.TUnit/Oocx.TfPlan2Md.TUnit.csproj]
/home/runner/work/tfplan2md/tfplan2md/src/tests/Oocx.TfPlan2Md.TUnit/CLI/CliParserTests.cs(96,17): error SA1600: Elements should be documented [/home/runner/work/tfplan2md/tfplan2md/src/tests/Oocx.TfPlan2Md.TUnit/Oocx.TfPlan2Md.TUnit.csproj]
/home/runner/work/tfplan2md/tfplan2md/src/tests/Oocx.TfPlan2Md.TUnit/CLI/CliParserTests.cs(109,17): error SA1600: Elements should be documented [/home/runner/work/tfplan2md/tfplan2md/src/tests/Oocx.TfPlan2Md.TUnit/Oocx.TfPlan2Md.TUnit.csproj]
/home/runner/work/tfplan2md/tfplan2md/src/tests/Oocx.TfPlan2Md.TUnit/CLI/CliParserTests.cs(122,17): error SA1600: Elements should be documented [/home/runner/work/tfplan2md/tfplan2md/src/tests/Oocx.TfPlan2Md.TUnit/Oocx.TfPlan2Md.TUnit.csproj]
/home/runner/work/tfplan2md/tfplan2md/src/tests/Oocx.TfPlan2Md.TUnit/CLI/CliParserTests.cs(135,17): error SA1600: Elements should be documented [/home/runner/work/tfplan2md/tfplan2md/src/tests/Oocx.TfPlan2Md.TUnit/Oocx.TfPlan2Md.TUnit.csproj]
/home/runner/work/tfplan2md/tfplan2md/src/tests/Oocx.TfPlan2Md.TUnit/CLI/CliParserTests.cs(148,17): error SA1600: Elements should be documented [/home/runner/work/tfplan2md/tfplan2md/src/tests/Oocx.TfPlan2Md.TUnit/Oocx.TfPlan2Md.TUnit.csproj]
/home/runner/work/tfplan2md/tfplan2md/src/tests/Oocx.TfPlan2Md.TUnit/CLI/CliParserTests.cs(161,17): error SA1600: Elements should be documented [/home/runner/work/tfplan2md/tfplan2md/src/tests/Oocx.TfPlan2Md.TUnit/Oocx.TfPlan2Md.TUnit.csproj]
/home/runner/work/tfplan2md/tfplan2md/src/tests/Oocx.TfPlan2Md.TUnit/CLI/CliParserTests.cs(174,17): error SA1600: Elements should be documented [/home/runner/work/tfplan2md/tfplan2md/src/tests/Oocx.TfPlan2Md.TUnit/Oocx.TfPlan2Md.TUnit.csproj]
/home/runner/work/tfplan2md/tfplan2md/src/tests/Oocx.TfPlan2Md.TUnit/CLI/CliParserTests.cs(187,17): error SA1600: Elements should be documented [/home/runner/work/tfplan2md/tfplan2md/src/tests/Oocx.TfPlan2Md.TUnit/Oocx.TfPlan2Md.TUnit.csproj]
/home/runner/work/tfplan2md/tfplan2md/src/tests/Oocx.TfPlan2Md.TUnit/CLI/CliParserTests.cs(200,17): error SA1600: Elements should be documented [/home/runner/work/tfplan2md/tfplan2md/src/tests/Oocx.TfPlan2Md.TUnit/Oocx.TfPlan2Md.TUnit.csproj]
/home/runner/work/tfplan2md/tfplan2md/src/tests/Oocx.TfPlan2Md.TUnit/CLI/CliParserTests.cs(213,17): error SA1600: Elements should be documented [/home/runner/work/tfplan2md/tfplan2md/src/tests/Oocx.TfPlan2Md.TUnit/Oocx.TfPlan2Md.TUnit.csproj]
/home/runner/work/tfplan2md/tfplan2md/src/tests/Oocx.TfPlan2Md.TUnit/CLI/CliParserTests.cs(226,17): error SA1600: Elements should be documented [/home/runner/work/tfplan2md/tfplan2md/src/tests/Oocx.TfPlan2Md.TUnit/Oocx.TfPlan2Md.TUnit.csproj]
/home/runner/work/tfplan2md/tfplan2md/src/tests/Oocx.TfPlan2Md.TUnit/CLI/CliParserTests.cs(239,17): error SA1600: Elements should be documented [/home/runner/work/tfplan2md/tfplan2md/src/tests/Oocx.TfPlan2Md.TUnit/Oocx.TfPlan2Md.TUnit.csproj]
/home/runner/work/tfplan2md/tfplan2md/src/tests/Oocx.TfPlan2Md.TUnit/CLI/CliParserTests.cs(263,17): error SA1600: Elements should be documented [/home/runner/work/tfplan2md/tfplan2md/src/tests/Oocx.TfPlan2Md.TUnit/Oocx.TfPlan2Md.TUnit.csproj]
/home/runner/work/tfplan2md/tfplan2md/src/tests/Oocx.TfPlan2Md.TUnit/CLI/CliParserTests.cs(276,17): error SA1600: Elements should be documented [/home/runner/work/tfplan2md/tfplan2md/src/tests/Oocx.TfPlan2Md.TUnit/Oocx.TfPlan2Md.TUnit.csproj]
/home/runner/work/tfplan2md/tfplan2md/src/tests/Oocx.TfPlan2Md.TUnit/CLI/CliParserTests.cs(289,17): error SA1600: Elements should be documented [/home/runner/work/tfplan2md/tfplan2md/src/tests/Oocx.TfPlan2Md.TUnit/Oocx.TfPlan2Md.TUnit.csproj]
/home/runner/work/tfplan2md/tfplan2md/src/tests/Oocx.TfPlan2Md.TUnit/CLI/CliParserTests.cs(302,17): error SA1600: Elements should be documented [/home/runner/work/tfplan2md/tfplan2md/src/tests/Oocx.TfPlan2Md.TUnit/Oocx.TfPlan2Md.TUnit.csproj]
/home/runner/work/tfplan2md/tfplan2md/src/tests/Oocx.TfPlan2Md.TUnit/CLI/CliParserTests.cs(315,17): error SA1600: Elements should be documented [/home/runner/work/tfplan2md/tfplan2md/src/tests/Oocx.TfPlan2Md.TUnit/Oocx.TfPlan2Md.TUnit.csproj]
/home/runner/work/tfplan2md/tfplan2md/src/tests/Oocx.TfPlan2Md.TUnit/CLI/CliParserTests.cs(328,17): error SA1600: Elements should be documented [/home/runner/work/tfplan2md/tfplan2md/src/tests/Oocx.TfPlan2Md.TUnit/Oocx.TfPlan2Md.TUnit.csproj]
/home/runner/work/tfplan2md/tfplan2md/src/tests/Oocx.TfPlan2Md.TUnit/CLI/CliParserTests.cs(341,17): error SA1600: Elements should be documented [/home/runner/work/tfplan2md/tfplan2md/src/tests/Oocx.TfPlan2Md.TUnit/Oocx.TfPlan2Md.TUnit.csproj]
/home/runner/work/tfplan2md/tfplan2md/src/tests/Oocx.TfPlan2Md.TUnit/CLI/CliParserTests.cs(354,17): error SA1600: Elements should be documented [/home/runner/work/tfplan2md/tfplan2md/src/tests/Oocx.TfPlan2Md.TUnit/Oocx.TfPlan2Md.TUnit.csproj]
/home/runner/work/tfplan2md/tfplan2md/src/tests/Oocx.TfPlan2Md.TUnit/CLI/CliParserTests.cs(367,17): error SA1600: Elements should be documented [/home/runner/work/tfplan2md/tfplan2md/src/tests/Oocx.TfPlan2Md.TUnit/Oocx.TfPlan2Md.TUnit.csproj]
/home/runner/work/tfplan2md/tfplan2md/src/tests/Oocx.TfPlan2Md.TUnit/CLI/HelpTextProviderTests.cs(8,14): error SA1600: Elements should be documented [/home/runner/work/tfplan2md/tfplan2md/src/tests/Oocx.TfPlan2Md.TUnit/Oocx.TfPlan2Md.TUnit.csproj]
/home/runner/work/tfplan2md/tfplan2md/src/tests/Oocx.TfPlan2Md.TUnit/CLI/HelpTextProviderTests.cs(11,17): error SA1600: Elements should be documented [/home/runner/work/tfplan2md/tfplan2md/src/tests/Oocx.TfPlan2Md.TUnit/Oocx.TfPlan2Md.TUnit.csproj]
/home/runner/work/tfplan2md/tfplan2md/src/tests/Oocx.TfPlan2Md.TUnit/CLI/HelpTextProviderTests.cs(19,17): error SA1600: Elements should be documented [/home/runner/work/tfplan2md/tfplan2md/src/tests/Oocx.TfPlan2Md.TUnit/Oocx.TfPlan2Md.TUnit.csproj]
/home/runner/work/tfplan2md/tfplan2md/src/tests/Oocx.TfPlan2Md.TUnit/CLI/HelpTextProviderTests.cs(28,17): error SA1600: Elements should be documented [/home/runner/work/tfplan2md/tfplan2md/src/tests/Oocx.TfPlan2Md.TUnit/Oocx.TfPlan2Md.TUnit.csproj]
/home/runner/work/tfplan2md/tfplan2md/src/tests/Oocx.TfPlan2Md.TUnit/CLI/HelpTextProviderTests.cs(48,17): error SA1600: Elements should be documented [/home/runner/work/tfplan2md/tfplan2md/src/tests/Oocx.TfPlan2Md.TUnit/Oocx.TfPlan2Md.TUnit.csproj]
/home/runner/work/tfplan2md/tfplan2md/src/tests/Oocx.TfPlan2Md.TUnit/CLI/HelpTextProviderTests.cs(58,17): error SA1600: Elements should be documented [/home/runner/work/tfplan2md/tfplan2md/src/tests/Oocx.TfPlan2Md.TUnit/Oocx.TfPlan2Md.TUnit.csproj]
/home/runner/work/tfplan2md/tfplan2md/src/tests/Oocx.TfPlan2Md.TUnit/Diagnostics/DiagnosticContextTests.cs(19,18): error SA1651: Do not use placeholder elements [/home/runner/work/tfplan2md/tfplan2md/src/tests/Oocx.TfPlan2Md.TUnit/Oocx.TfPlan2Md.TUnit.csproj]
/home/runner/work/tfplan2md/tfplan2md/src/tests/Oocx.TfPlan2Md.TUnit/Diagnostics/DiagnosticContextTests.cs(37,18): error SA1651: Do not use placeholder elements [/home/runner/work/tfplan2md/tfplan2md/src/tests/Oocx.TfPlan2Md.TUnit/Oocx.TfPlan2Md.TUnit.csproj]
/home/runner/work/tfplan2md/tfplan2md/src/tests/Oocx.TfPlan2Md.TUnit/Diagnostics/DiagnosticContextTests.cs(89,18): error SA1651: Do not use placeholder elements [/home/runner/work/tfplan2md/tfplan2md/src/tests/Oocx.TfPlan2Md.TUnit/Oocx.TfPlan2Md.TUnit.csproj]
/home/runner/work/tfplan2md/tfplan2md/src/tests/Oocx.TfPlan2Md.TUnit/Diagnostics/DiagnosticContextTests.cs(118,18): error SA1651: Do not use placeholder elements [/home/runner/work/tfplan2md/tfplan2md/src/tests/Oocx.TfPlan2Md.TUnit/Oocx.TfPlan2Md.TUnit.csproj]
/home/runner/work/tfplan2md/tfplan2md/src/tests/Oocx.TfPlan2Md.TUnit/Diagnostics/DiagnosticContextTests.cs(146,18): error SA1651: Do not use placeholder elements [/home/runner/work/tfplan2md/tfplan2md/src/tests/Oocx.TfPlan2Md.TUnit/Oocx.TfPlan2Md.TUnit.csproj]
/home/runner/work/tfplan2md/tfplan2md/src/tests/Oocx.TfPlan2Md.TUnit/Diagnostics/DiagnosticContextTests.cs(167,18): error SA1651: Do not use placeholder elements [/home/runner/work/tfplan2md/tfplan2md/src/tests/Oocx.TfPlan2Md.TUnit/Oocx.TfPlan2Md.TUnit.csproj]
/home/runner/work/tfplan2md/tfplan2md/src/tests/Oocx.TfPlan2Md.TUnit/Diagnostics/DiagnosticContextTests.cs(190,18): error SA1651: Do not use placeholder elements [/home/runner/work/tfplan2md/tfplan2md/src/tests/Oocx.TfPlan2Md.TUnit/Oocx.TfPlan2Md.TUnit.csproj]
/home/runner/work/tfplan2md/tfplan2md/src/tests/Oocx.TfPlan2Md.TUnit/Diagnostics/DiagnosticContextTests.cs(215,18): error SA1651: Do not use placeholder elements [/home/runner/work/tfplan2md/tfplan2md/src/tests/Oocx.TfPlan2Md.TUnit/Oocx.TfPlan2Md.TUnit.csproj]
/home/runner/work/tfplan2md/tfplan2md/src/tests/Oocx.TfPlan2Md.TUnit/Diagnostics/DiagnosticContextTests.cs(246,18): error SA1651: Do not use placeholder elements [/home/runner/work/tfplan2md/tfplan2md/src/tests/Oocx.TfPlan2Md.TUnit/Oocx.TfPlan2Md.TUnit.csproj]
/home/runner/work/tfplan2md/tfplan2md/src/tests/Oocx.TfPlan2Md.TUnit/Diagnostics/DiagnosticContextTests.cs(273,18): error SA1651: Do not use placeholder elements [/home/runner/work/tfplan2md/tfplan2md/src/tests/Oocx.TfPlan2Md.TUnit/Oocx.TfPlan2Md.TUnit.csproj]
/home/runner/work/tfplan2md/tfplan2md/src/tests/Oocx.TfPlan2Md.TUnit/Diagnostics/DiagnosticContextTests.cs(307,18): error SA1651: Do not use placeholder elements [/home/runner/work/tfplan2md/tfplan2md/src/tests/Oocx.TfPlan2Md.TUnit/Oocx.TfPlan2Md.TUnit.csproj]
/home/runner/work/tfplan2md/tfplan2md/src/tests/Oocx.TfPlan2Md.TUnit/Diagnostics/DiagnosticContextTests.cs(337,18): error SA1651: Do not use placeholder elements [/home/runner/work/tfplan2md/tfplan2md/src/tests/Oocx.TfPlan2Md.TUnit/Oocx.TfPlan2Md.TUnit.csproj]
/home/runner/work/tfplan2md/tfplan2md/src/tests/Oocx.TfPlan2Md.TUnit/Diagnostics/DiagnosticContextTests.cs(367,18): error SA1651: Do not use placeholder elements [/home/runner/work/tfplan2md/tfplan2md/src/tests/Oocx.TfPlan2Md.TUnit/Oocx.TfPlan2Md.TUnit.csproj]
/home/runner/work/tfplan2md/tfplan2md/src/tests/Oocx.TfPlan2Md.TUnit/Docker/DockerFixture.cs(16,25): error SA1600: Elements should be documented [/home/runner/work/tfplan2md/tfplan2md/src/tests/Oocx.TfPlan2Md.TUnit/Oocx.TfPlan2Md.TUnit.csproj]
/home/runner/work/tfplan2md/tfplan2md/src/tests/Oocx.TfPlan2Md.TUnit/Docker/DockerFixture.cs(17,25): error SA1600: Elements should be documented [/home/runner/work/tfplan2md/tfplan2md/src/tests/Oocx.TfPlan2Md.TUnit/Oocx.TfPlan2Md.TUnit.csproj]
/home/runner/work/tfplan2md/tfplan2md/src/tests/Oocx.TfPlan2Md.TUnit/Docker/DockerFixture.cs(18,19): error SA1600: Elements should be documented [/home/runner/work/tfplan2md/tfplan2md/src/tests/Oocx.TfPlan2Md.TUnit/Oocx.TfPlan2Md.TUnit.csproj]
/home/runner/work/tfplan2md/tfplan2md/src/tests/Oocx.TfPlan2Md.TUnit/Docker/DockerFixture.cs(19,17): error SA1600: Elements should be documented [/home/runner/work/tfplan2md/tfplan2md/src/tests/Oocx.TfPlan2Md.TUnit/Oocx.TfPlan2Md.TUnit.csproj]
/home/runner/work/tfplan2md/tfplan2md/src/tests/Oocx.TfPlan2Md.TUnit/Docker/DockerFixture.cs(20,17): error SA1600: Elements should be documented [/home/runner/work/tfplan2md/tfplan2md/src/tests/Oocx.TfPlan2Md.TUnit/Oocx.TfPlan2Md.TUnit.csproj]
/home/runner/work/tfplan2md/tfplan2md/src/tests/Oocx.TfPlan2Md.TUnit/Docker/DockerFixture.cs(22,33): error SA1600: Elements should be documented [/home/runner/work/tfplan2md/tfplan2md/src/tests/Oocx.TfPlan2Md.TUnit/Oocx.TfPlan2Md.TUnit.csproj]
/home/runner/work/tfplan2md/tfplan2md/src/tests/Oocx.TfPlan2Md.TUnit/Docker/DockerFixture.cs(28,36): error SA1600: Elements should be documented [/home/runner/work/tfplan2md/tfplan2md/src/tests/Oocx.TfPlan2Md.TUnit/Oocx.TfPlan2Md.TUnit.csproj]
/home/runner/work/tfplan2md/tfplan2md/src/tests/Oocx.TfPlan2Md.TUnit/Docker/DockerFixture.cs(162,69): error SA1600: Elements should be documented [/home/runner/work/tfplan2md/tfplan2md/src/tests/Oocx.TfPlan2Md.TUnit/Oocx.TfPlan2Md.TUnit.csproj]
/home/runner/work/tfplan2md/tfplan2md/src/tests/Oocx.TfPlan2Md.TUnit/Docker/DockerFixture.cs(214,69): error SA1600: Elements should be documented [/home/runner/work/tfplan2md/tfplan2md/src/tests/Oocx.TfPlan2Md.TUnit/Oocx.TfPlan2Md.TUnit.csproj]
/home/runner/work/tfplan2md/tfplan2md/src/tests/Oocx.TfPlan2Md.TUnit/Docker/DockerIntegrationTests.cs(29,23): error SA1600: Elements should be documented [/home/runner/work/tfplan2md/tfplan2md/src/tests/Oocx.TfPlan2Md.TUnit/Oocx.TfPlan2Md.TUnit.csproj]
/home/runner/work/tfplan2md/tfplan2md/src/tests/Oocx.TfPlan2Md.TUnit/Docker/DockerIntegrationTests.cs(46,23): error SA1600: Elements should be documented [/home/runner/work/tfplan2md/tfplan2md/src/tests/Oocx.TfPlan2Md.TUnit/Oocx.TfPlan2Md.TUnit.csproj]
/home/runner/work/tfplan2md/tfplan2md/src/tests/Oocx.TfPlan2Md.TUnit/Docker/DockerIntegrationTests.cs(64,23): error SA1600: Elements should be documented [/home/runner/work/tfplan2md/tfplan2md/src/tests/Oocx.TfPlan2Md.TUnit/Oocx.TfPlan2Md.TUnit.csproj]
/home/runner/work/tfplan2md/tfplan2md/src/tests/Oocx.TfPlan2Md.TUnit/Docker/DockerIntegrationTests.cs(81,23): error SA1600: Elements should be documented [/home/runner/work/tfplan2md/tfplan2md/src/tests/Oocx.TfPlan2Md.TUnit/Oocx.TfPlan2Md.TUnit.csproj]
/home/runner/work/tfplan2md/tfplan2md/src/tests/Oocx.TfPlan2Md.TUnit/Docker/DockerIntegrationTests.cs(97,23): error SA1600: Elements should be documented [/home/runner/work/tfplan2md/tfplan2md/src/tests/Oocx.TfPlan2Md.TUnit/Oocx.TfPlan2Md.TUnit.csproj]
/home/runner/work/tfplan2md/tfplan2md/src/tests/Oocx.TfPlan2Md.TUnit/Docker/DockerIntegrationTests.cs(112,23): error SA1600: Elements should be documented [/home/runner/work/tfplan2md/tfplan2md/src/tests/Oocx.TfPlan2Md.TUnit/Oocx.TfPlan2Md.TUnit.csproj]
/home/runner/work/tfplan2md/tfplan2md/src/tests/Oocx.TfPlan2Md.TUnit/Docker/DockerIntegrationTests.cs(133,23): error SA1600: Elements should be documented [/home/runner/work/tfplan2md/tfplan2md/src/tests/Oocx.TfPlan2Md.TUnit/Oocx.TfPlan2Md.TUnit.csproj]
/home/runner/work/tfplan2md/tfplan2md/src/tests/Oocx.TfPlan2Md.TUnit/MarkdownGeneration/ComprehensiveDemoTests.cs(11,14): error SA1600: Elements should be documented [/home/runner/work/tfplan2md/tfplan2md/src/tests/Oocx.TfPlan2Md.TUnit/Oocx.TfPlan2Md.TUnit.csproj]
/home/runner/work/tfplan2md/tfplan2md/src/tests/Oocx.TfPlan2Md.TUnit/MarkdownGeneration/ComprehensiveDemoTests.cs(17,12): error SA1600: Elements should be documented [/home/runner/work/tfplan2md/tfplan2md/src/tests/Oocx.TfPlan2Md.TUnit/Oocx.TfPlan2Md.TUnit.csproj]
/home/runner/work/tfplan2md/tfplan2md/src/tests/Oocx.TfPlan2Md.TUnit/MarkdownGeneration/ComprehensiveDemoTests.cs(24,17): error SA1600: Elements should be documented [/home/runner/work/tfplan2md/tfplan2md/src/tests/Oocx.TfPlan2Md.TUnit/Oocx.TfPlan2Md.TUnit.csproj]
/home/runner/work/tfplan2md/tfplan2md/src/tests/Oocx.TfPlan2Md.TUnit/MarkdownGeneration/ComprehensiveDemoTests.cs(52,17): error SA1600: Elements should be documented [/home/runner/work/tfplan2md/tfplan2md/src/tests/Oocx.TfPlan2Md.TUnit/Oocx.TfPlan2Md.TUnit.csproj]
/home/runner/work/tfplan2md/tfplan2md/src/tests/Oocx.TfPlan2Md.TUnit/MarkdownGeneration/ComprehensiveDemoTests.cs(65,17): error SA1600: Elements should be documented [/home/runner/work/tfplan2md/tfplan2md/src/tests/Oocx.TfPlan2Md.TUnit/Oocx.TfPlan2Md.TUnit.csproj]
/home/runner/work/tfplan2md/tfplan2md/src/tests/Oocx.TfPlan2Md.TUnit/MarkdownGeneration/ComprehensiveDemoTests.cs(81,17): error SA1600: Elements should be documented [/home/runner/work/tfplan2md/tfplan2md/src/tests/Oocx.TfPlan2Md.TUnit/Oocx.TfPlan2Md.TUnit.csproj]
/home/runner/work/tfplan2md/tfplan2md/src/tests/Oocx.TfPlan2Md.TUnit/MarkdownGeneration/FormattedValueTests.cs(10,14): error SA1600: Elements should be documented [/home/runner/work/tfplan2md/tfplan2md/src/tests/Oocx.TfPlan2Md.TUnit/Oocx.TfPlan2Md.TUnit.csproj]
/home/runner/work/tfplan2md/tfplan2md/src/tests/Oocx.TfPlan2Md.TUnit/MarkdownGeneration/FormattedValueTests.cs(13,17): error SA1600: Elements should be documented [/home/runner/work/tfplan2md/tfplan2md/src/tests/Oocx.TfPlan2Md.TUnit/Oocx.TfPlan2Md.TUnit.csproj]
/home/runner/work/tfplan2md/tfplan2md/src/tests/Oocx.TfPlan2Md.TUnit/MarkdownGeneration/FormattedValueTests.cs(35,17): error SA1600: Elements should be documented [/home/runner/work/tfplan2md/tfplan2md/src/tests/Oocx.TfPlan2Md.TUnit/Oocx.TfPlan2Md.TUnit.csproj]
/home/runner/work/tfplan2md/tfplan2md/src/tests/Oocx.TfPlan2Md.TUnit/MarkdownGeneration/AzapiResourceTemplateTests.cs(37,23): error SA1600: Elements should be documented [/home/runner/work/tfplan2md/tfplan2md/src/tests/Oocx.TfPlan2Md.TUnit/Oocx.TfPlan2Md.TUnit.csproj]
/home/runner/work/tfplan2md/tfplan2md/src/tests/Oocx.TfPlan2Md.TUnit/MarkdownGeneration/AzapiResourceTemplateTests.cs(52,23): error SA1600: Elements should be documented [/home/runner/work/tfplan2md/tfplan2md/src/tests/Oocx.TfPlan2Md.TUnit/Oocx.TfPlan2Md.TUnit.csproj]
/home/runner/work/tfplan2md/tfplan2md/src/tests/Oocx.TfPlan2Md.TUnit/MarkdownGeneration/AzapiResourceTemplateTests.cs(68,23): error SA1600: Elements should be documented [/home/runner/work/tfplan2md/tfplan2md/src/tests/Oocx.TfPlan2Md.TUnit/Oocx.TfPlan2Md.TUnit.csproj]
/home/runner/work/tfplan2md/tfplan2md/src/tests/Oocx.TfPlan2Md.TUnit/MarkdownGeneration/AzapiResourceTemplateTests.cs(82,23): error SA1600: Elements should be documented [/home/runner/work/tfplan2md/tfplan2md/src/tests/Oocx.TfPlan2Md.TUnit/Oocx.TfPlan2Md.TUnit.csproj]
/home/runner/work/tfplan2md/tfplan2md/src/tests/Oocx.TfPlan2Md.TUnit/MarkdownGeneration/AzapiResourceTemplateTests.cs(96,23): error SA1600: Elements should be documented [/home/runner/work/tfplan2md/tfplan2md/src/tests/Oocx.TfPlan2Md.TUnit/Oocx.TfPlan2Md.TUnit.csproj]
/home/runner/work/tfplan2md/tfplan2md/src/tests/Oocx.TfPlan2Md.TUnit/MarkdownGeneration/AzapiResourceTemplateTests.cs(109,23): error SA1600: Elements should be documented [/home/runner/work/tfplan2md/tfplan2md/src/tests/Oocx.TfPlan2Md.TUnit/Oocx.TfPlan2Md.TUnit.csproj]
/home/runner/work/tfplan2md/tfplan2md/src/tests/Oocx.TfPlan2Md.TUnit/MarkdownGeneration/AzapiResourceTemplateTests.cs(124,23): error SA1600: Elements should be documented [/home/runner/work/tfplan2md/tfplan2md/src/tests/Oocx.TfPlan2Md.TUnit/Oocx.TfPlan2Md.TUnit.csproj]
/home/runner/work/tfplan2md/tfplan2md/src/tests/Oocx.TfPlan2Md.TUnit/MarkdownGeneration/AzapiResourceTemplateTests.cs(140,23): error SA1600: Elements should be documented [/home/runner/work/tfplan2md/tfplan2md/src/tests/Oocx.TfPlan2Md.TUnit/Oocx.TfPlan2Md.TUnit.csproj]
/home/runner/work/tfplan2md/tfplan2md/src/tests/Oocx.TfPlan2Md.TUnit/MarkdownGeneration/AzapiResourceTemplateTests.cs(153,23): error SA1600: Elements should be documented [/home/runner/work/tfplan2md/tfplan2md/src/tests/Oocx.TfPlan2Md.TUnit/Oocx.TfPlan2Md.TUnit.csproj]
/home/runner/work/tfplan2md/tfplan2md/src/tests/Oocx.TfPlan2Md.TUnit/MarkdownGeneration/AzapiResourceTemplateTests.cs(167,23): error SA1600: Elements should be documented [/home/runner/work/tfplan2md/tfplan2md/src/tests/Oocx.TfPlan2Md.TUnit/Oocx.TfPlan2Md.TUnit.csproj]
/home/runner/work/tfplan2md/tfplan2md/src/tests/Oocx.TfPlan2Md.TUnit/MarkdownGeneration/AzapiResourceTemplateTests.cs(191,23): error SA1600: Elements should be documented [/home/runner/work/tfplan2md/tfplan2md/src/tests/Oocx.TfPlan2Md.TUnit/Oocx.TfPlan2Md.TUnit.csproj]
/home/runner/work/tfplan2md/tfplan2md/src/tests/Oocx.TfPlan2Md.TUnit/MarkdownGeneration/AzapiResourceTemplateTests.cs(209,23): error SA1600: Elements should be documented [/home/runner/work/tfplan2md/tfplan2md/src/tests/Oocx.TfPlan2Md.TUnit/Oocx.TfPlan2Md.TUnit.csproj]
/home/runner/work/tfplan2md/tfplan2md/src/tests/Oocx.TfPlan2Md.TUnit/MarkdownGeneration/MarkdownFuzzTests.cs(56,65): error SA1611: The documentation for parameter 'name' is missing [/home/runner/work/tfplan2md/tfplan2md/src/tests/Oocx.TfPlan2Md.TUnit/Oocx.TfPlan2Md.TUnit.csproj]
/home/runner/work/tfplan2md/tfplan2md/src/tests/Oocx.TfPlan2Md.TUnit/MarkdownGeneration/MarkdownFuzzTests.cs(79,65): error SA1611: The documentation for parameter 'value' is missing [/home/runner/work/tfplan2md/tfplan2md/src/tests/Oocx.TfPlan2Md.TUnit/Oocx.TfPlan2Md.TUnit.csproj]
/home/runner/work/tfplan2md/tfplan2md/src/tests/Oocx.TfPlan2Md.TUnit/MarkdownGeneration/MarkdownFuzzTests.cs(97,66): error SA1611: The documentation for parameter 'value' is missing [/home/runner/work/tfplan2md/tfplan2md/src/tests/Oocx.TfPlan2Md.TUnit/Oocx.TfPlan2Md.TUnit.csproj]
/home/runner/work/tfplan2md/tfplan2md/src/tests/Oocx.TfPlan2Md.TUnit/MarkdownGeneration/MarkdownFuzzTests.cs(115,63): error SA1611: The documentation for parameter 'value' is missing [/home/runner/work/tfplan2md/tfplan2md/src/tests/Oocx.TfPlan2Md.TUnit/Oocx.TfPlan2Md.TUnit.csproj]
/home/runner/work/tfplan2md/tfplan2md/src/tests/Oocx.TfPlan2Md.TUnit/MarkdownGeneration/MarkdownFuzzTests.cs(134,59): error SA1611: The documentation for parameter 'value' is missing [/home/runner/work/tfplan2md/tfplan2md/src/tests/Oocx.TfPlan2Md.TUnit/Oocx.TfPlan2Md.TUnit.csproj]
/home/runner/work/tfplan2md/tfplan2md/src/tests/Oocx.TfPlan2Md.TUnit/MarkdownGeneration/MarkdownFuzzTests.cs(150,64): error SA1611: The documentation for parameter 'value' is missing [/home/runner/work/tfplan2md/tfplan2md/src/tests/Oocx.TfPlan2Md.TUnit/Oocx.TfPlan2Md.TUnit.csproj]
/home/runner/work/tfplan2md/tfplan2md/src/tests/Oocx.TfPlan2Md.TUnit/MarkdownGeneration/MarkdownFuzzTests.cs(172,60): error SA1611: The documentation for parameter 'value' is missing [/home/runner/work/tfplan2md/tfplan2md/src/tests/Oocx.TfPlan2Md.TUnit/Oocx.TfPlan2Md.TUnit.csproj]
/home/runner/work/tfplan2md/tfplan2md/src/tests/Oocx.TfPlan2Md.TUnit/MarkdownGeneration/MarkdownFuzzTests.cs(207,62): error SA1611: The documentation for parameter 'value' is missing [/home/runner/work/tfplan2md/tfplan2md/src/tests/Oocx.TfPlan2Md.TUnit/Oocx.TfPlan2Md.TUnit.csproj]
/home/runner/work/tfplan2md/tfplan2md/src/tests/Oocx.TfPlan2Md.TUnit/MarkdownGeneration/MarkdownFuzzTests.cs(231,53): error SA1611: The documentation for parameter 'length' is missing [/home/runner/work/tfplan2md/tfplan2md/src/tests/Oocx.TfPlan2Md.TUnit/Oocx.TfPlan2Md.TUnit.csproj]
/home/runner/work/tfplan2md/tfplan2md/src/tests/Oocx.TfPlan2Md.TUnit/MarkdownGeneration/MarkdownFuzzTests.cs(248,60): error SA1611: The documentation for parameter 'length' is missing [/home/runner/work/tfplan2md/tfplan2md/src/tests/Oocx.TfPlan2Md.TUnit/Oocx.TfPlan2Md.TUnit.csproj]
/home/runner/work/tfplan2md/tfplan2md/src/tests/Oocx.TfPlan2Md.TUnit/MarkdownGeneration/MarkdownFuzzTests.cs(283,62): error SA1611: The documentation for parameter 'value' is missing [/home/runner/work/tfplan2md/tfplan2md/src/tests/Oocx.TfPlan2Md.TUnit/Oocx.TfPlan2Md.TUnit.csproj]
/home/runner/work/tfplan2md/tfplan2md/src/tests/Oocx.TfPlan2Md.TUnit/MarkdownGeneration/MarkdownFuzzTests.cs(299,61): error SA1611: The documentation for parameter 'value' is missing [/home/runner/work/tfplan2md/tfplan2md/src/tests/Oocx.TfPlan2Md.TUnit/Oocx.TfPlan2Md.TUnit.csproj]
/home/runner/work/tfplan2md/tfplan2md/src/tests/Oocx.TfPlan2Md.TUnit/MarkdownGeneration/MarkdownLintIntegrationTests.cs(42,79): error SA1611: The documentation for parameter 'cancellationToken' is missing [/home/runner/work/tfplan2md/tfplan2md/src/tests/Oocx.TfPlan2Md.TUnit/Oocx.TfPlan2Md.TUnit.csproj]
/home/runner/work/tfplan2md/tfplan2md/src/tests/Oocx.TfPlan2Md.TUnit/MarkdownGeneration/MarkdownLintIntegrationTests.cs(72,72): error SA1611: The documentation for parameter 'cancellationToken' is missing [/home/runner/work/tfplan2md/tfplan2md/src/tests/Oocx.TfPlan2Md.TUnit/Oocx.TfPlan2Md.TUnit.csproj]
/home/runner/work/tfplan2md/tfplan2md/src/tests/Oocx.TfPlan2Md.TUnit/MarkdownGeneration/MarkdownLintIntegrationTests.cs(133,77): error SA1611: The documentation for parameter 'cancellationToken' is missing [/home/runner/work/tfplan2md/tfplan2md/src/tests/Oocx.TfPlan2Md.TUnit/Oocx.TfPlan2Md.TUnit.csproj]
/home/runner/work/tfplan2md/tfplan2md/src/tests/Oocx.TfPlan2Md.TUnit/MarkdownGeneration/MarkdownLintIntegrationTests.cs(162,74): error SA1611: The documentation for parameter 'cancellationToken' is missing [/home/runner/work/tfplan2md/tfplan2md/src/tests/Oocx.TfPlan2Md.TUnit/Oocx.TfPlan2Md.TUnit.csproj]
/home/runner/work/tfplan2md/tfplan2md/src/tests/Oocx.TfPlan2Md.TUnit/MarkdownGeneration/MarkdownLintIntegrationTests.cs(40,18): error SA1651: Do not use placeholder elements [/home/runner/work/tfplan2md/tfplan2md/src/tests/Oocx.TfPlan2Md.TUnit/Oocx.TfPlan2Md.TUnit.csproj]
/home/runner/work/tfplan2md/tfplan2md/src/tests/Oocx.TfPlan2Md.TUnit/MarkdownGeneration/MarkdownLintIntegrationTests.cs(70,18): error SA1651: Do not use placeholder elements [/home/runner/work/tfplan2md/tfplan2md/src/tests/Oocx.TfPlan2Md.TUnit/Oocx.TfPlan2Md.TUnit.csproj]
/home/runner/work/tfplan2md/tfplan2md/src/tests/Oocx.TfPlan2Md.TUnit/MarkdownGeneration/MarkdownLintIntegrationTests.cs(131,18): error SA1651: Do not use placeholder elements [/home/runner/work/tfplan2md/tfplan2md/src/tests/Oocx.TfPlan2Md.TUnit/Oocx.TfPlan2Md.TUnit.csproj]
/home/runner/work/tfplan2md/tfplan2md/src/tests/Oocx.TfPlan2Md.TUnit/MarkdownGeneration/MarkdownLintIntegrationTests.cs(160,18): error SA1651: Do not use placeholder elements [/home/runner/work/tfplan2md/tfplan2md/src/tests/Oocx.TfPlan2Md.TUnit/Oocx.TfPlan2Md.TUnit.csproj]
/home/runner/work/tfplan2md/tfplan2md/src/tests/Oocx.TfPlan2Md.TUnit/MarkdownGeneration/MarkdownRendererNsgTemplateTests.cs(10,14): error SA1600: Elements should be documented [/home/runner/work/tfplan2md/tfplan2md/src/tests/Oocx.TfPlan2Md.TUnit/Oocx.TfPlan2Md.TUnit.csproj]
/home/runner/work/tfplan2md/tfplan2md/src/tests/Oocx.TfPlan2Md.TUnit/MarkdownGeneration/MarkdownRendererNsgTemplateTests.cs(33,17): error SA1600: Elements should be documented [/home/runner/work/tfplan2md/tfplan2md/src/tests/Oocx.TfPlan2Md.TUnit/Oocx.TfPlan2Md.TUnit.csproj]
/home/runner/work/tfplan2md/tfplan2md/src/tests/Oocx.TfPlan2Md.TUnit/MarkdownGeneration/MarkdownRendererNsgTemplateTests.cs(44,17): error SA1600: Elements should be documented [/home/runner/work/tfplan2md/tfplan2md/src/tests/Oocx.TfPlan2Md.TUnit/Oocx.TfPlan2Md.TUnit.csproj]
/home/runner/work/tfplan2md/tfplan2md/src/tests/Oocx.TfPlan2Md.TUnit/MarkdownGeneration/MarkdownRendererNsgTemplateTests.cs(55,17): error SA1600: Elements should be documented [/home/runner/work/tfplan2md/tfplan2md/src/tests/Oocx.TfPlan2Md.TUnit/Oocx.TfPlan2Md.TUnit.csproj]
/home/runner/work/tfplan2md/tfplan2md/src/tests/Oocx.TfPlan2Md.TUnit/MarkdownGeneration/MarkdownRendererNsgTemplateTests.cs(69,17): error SA1600: Elements should be documented [/home/runner/work/tfplan2md/tfplan2md/src/tests/Oocx.TfPlan2Md.TUnit/Oocx.TfPlan2Md.TUnit.csproj]
/home/runner/work/tfplan2md/tfplan2md/src/tests/Oocx.TfPlan2Md.TUnit/MarkdownGeneration/MarkdownRendererNsgTemplateTests.cs(88,17): error SA1600: Elements should be documented [/home/runner/work/tfplan2md/tfplan2md/src/tests/Oocx.TfPlan2Md.TUnit/Oocx.TfPlan2Md.TUnit.csproj]
/home/runner/work/tfplan2md/tfplan2md/src/tests/Oocx.TfPlan2Md.TUnit/MarkdownGeneration/MarkdownRendererRoleAssignmentTests.cs(20,17): error SA1600: Elements should be documented [/home/runner/work/tfplan2md/tfplan2md/src/tests/Oocx.TfPlan2Md.TUnit/Oocx.TfPlan2Md.TUnit.csproj]
/home/runner/work/tfplan2md/tfplan2md/src/tests/Oocx.TfPlan2Md.TUnit/MarkdownGeneration/MarkdownRendererRoleAssignmentTests.cs(45,17): error SA1600: Elements should be documented [/home/runner/work/tfplan2md/tfplan2md/src/tests/Oocx.TfPlan2Md.TUnit/Oocx.TfPlan2Md.TUnit.csproj]
/home/runner/work/tfplan2md/tfplan2md/src/tests/Oocx.TfPlan2Md.TUnit/MarkdownGeneration/MarkdownRendererResourceTemplateTests.cs(10,14): error SA1600: Elements should be documented [/home/runner/work/tfplan2md/tfplan2md/src/tests/Oocx.TfPlan2Md.TUnit/Oocx.TfPlan2Md.TUnit.csproj]
/home/runner/work/tfplan2md/tfplan2md/src/tests/Oocx.TfPlan2Md.TUnit/MarkdownGeneration/MarkdownRendererResourceTemplateTests.cs(34,17): error SA1600: Elements should be documented [/home/runner/work/tfplan2md/tfplan2md/src/tests/Oocx.TfPlan2Md.TUnit/Oocx.TfPlan2Md.TUnit.csproj]
/home/runner/work/tfplan2md/tfplan2md/src/tests/Oocx.TfPlan2Md.TUnit/MarkdownGeneration/MarkdownRendererResourceTemplateTests.cs(45,17): error SA1600: Elements should be documented [/home/runner/work/tfplan2md/tfplan2md/src/tests/Oocx.TfPlan2Md.TUnit/Oocx.TfPlan2Md.TUnit.csproj]
/home/runner/work/tfplan2md/tfplan2md/src/tests/Oocx.TfPlan2Md.TUnit/MarkdownGeneration/MarkdownRendererResourceTemplateTests.cs(58,17): error SA1600: Elements should be documented [/home/runner/work/tfplan2md/tfplan2md/src/tests/Oocx.TfPlan2Md.TUnit/Oocx.TfPlan2Md.TUnit.csproj]
/home/runner/work/tfplan2md/tfplan2md/src/tests/Oocx.TfPlan2Md.TUnit/MarkdownGeneration/MarkdownRendererResourceTemplateTests.cs(72,17): error SA1600: Elements should be documented [/home/runner/work/tfplan2md/tfplan2md/src/tests/Oocx.TfPlan2Md.TUnit/Oocx.TfPlan2Md.TUnit.csproj]
/home/runner/work/tfplan2md/tfplan2md/src/tests/Oocx.TfPlan2Md.TUnit/MarkdownGeneration/MarkdownRendererSummaryTests.cs(8,14): error SA1600: Elements should be documented [/home/runner/work/tfplan2md/tfplan2md/src/tests/Oocx.TfPlan2Md.TUnit/Oocx.TfPlan2Md.TUnit.csproj]
/home/runner/work/tfplan2md/tfplan2md/src/tests/Oocx.TfPlan2Md.TUnit/MarkdownGeneration/MarkdownRendererSummaryTests.cs(13,17): error SA1600: Elements should be documented [/home/runner/work/tfplan2md/tfplan2md/src/tests/Oocx.TfPlan2Md.TUnit/Oocx.TfPlan2Md.TUnit.csproj]
/home/runner/work/tfplan2md/tfplan2md/src/tests/Oocx.TfPlan2Md.TUnit/MarkdownGeneration/MarkdownRendererSummaryTests.cs(29,17): error SA1600: Elements should be documented [/home/runner/work/tfplan2md/tfplan2md/src/tests/Oocx.TfPlan2Md.TUnit/Oocx.TfPlan2Md.TUnit.csproj]
/home/runner/work/tfplan2md/tfplan2md/src/tests/Oocx.TfPlan2Md.TUnit/MarkdownGeneration/MarkdownRendererTemplateFormattingTests.cs(11,14): error SA1600: Elements should be documented [/home/runner/work/tfplan2md/tfplan2md/src/tests/Oocx.TfPlan2Md.TUnit/Oocx.TfPlan2Md.TUnit.csproj]
/home/runner/work/tfplan2md/tfplan2md/src/tests/Oocx.TfPlan2Md.TUnit/MarkdownGeneration/MarkdownRendererTemplateFormattingTests.cs(17,17): error SA1600: Elements should be documented [/home/runner/work/tfplan2md/tfplan2md/src/tests/Oocx.TfPlan2Md.TUnit/Oocx.TfPlan2Md.TUnit.csproj]
/home/runner/work/tfplan2md/tfplan2md/src/tests/Oocx.TfPlan2Md.TUnit/MarkdownGeneration/MarkdownRendererTemplateFormattingTests.cs(43,17): error SA1600: Elements should be documented [/home/runner/work/tfplan2md/tfplan2md/src/tests/Oocx.TfPlan2Md.TUnit/Oocx.TfPlan2Md.TUnit.csproj]
/home/runner/work/tfplan2md/tfplan2md/src/tests/Oocx.TfPlan2Md.TUnit/MarkdownGeneration/MarkdownRendererTemplateFormattingTests.cs(88,17): error SA1600: Elements should be documented [/home/runner/work/tfplan2md/tfplan2md/src/tests/Oocx.TfPlan2Md.TUnit/Oocx.TfPlan2Md.TUnit.csproj]
/home/runner/work/tfplan2md/tfplan2md/src/tests/Oocx.TfPlan2Md.TUnit/MarkdownGeneration/MarkdownRendererTemplateFormattingTests.cs(129,17): error SA1600: Elements should be documented [/home/runner/work/tfplan2md/tfplan2md/src/tests/Oocx.TfPlan2Md.TUnit/Oocx.TfPlan2Md.TUnit.csproj]
/home/runner/work/tfplan2md/tfplan2md/src/tests/Oocx.TfPlan2Md.TUnit/MarkdownGeneration/MarkdownRendererTests.cs(12,14): error SA1600: Elements should be documented [/home/runner/work/tfplan2md/tfplan2md/src/tests/Oocx.TfPlan2Md.TUnit/Oocx.TfPlan2Md.TUnit.csproj]
/home/runner/work/tfplan2md/tfplan2md/src/tests/Oocx.TfPlan2Md.TUnit/MarkdownGeneration/MarkdownRendererTests.cs(65,17): error SA1600: Elements should be documented [/home/runner/work/tfplan2md/tfplan2md/src/tests/Oocx.TfPlan2Md.TUnit/Oocx.TfPlan2Md.TUnit.csproj]
/home/runner/work/tfplan2md/tfplan2md/src/tests/Oocx.TfPlan2Md.TUnit/MarkdownGeneration/MarkdownRendererTests.cs(84,17): error SA1600: Elements should be documented [/home/runner/work/tfplan2md/tfplan2md/src/tests/Oocx.TfPlan2Md.TUnit/Oocx.TfPlan2Md.TUnit.csproj]
/home/runner/work/tfplan2md/tfplan2md/src/tests/Oocx.TfPlan2Md.TUnit/MarkdownGeneration/MarkdownRendererTests.cs(104,17): error SA1600: Elements should be documented [/home/runner/work/tfplan2md/tfplan2md/src/tests/Oocx.TfPlan2Md.TUnit/Oocx.TfPlan2Md.TUnit.csproj]
/home/runner/work/tfplan2md/tfplan2md/src/tests/Oocx.TfPlan2Md.TUnit/MarkdownGeneration/MarkdownRendererTests.cs(120,17): error SA1600: Elements should be documented [/home/runner/work/tfplan2md/tfplan2md/src/tests/Oocx.TfPlan2Md.TUnit/Oocx.TfPlan2Md.TUnit.csproj]
/home/runner/work/tfplan2md/tfplan2md/src/tests/Oocx.TfPlan2Md.TUnit/MarkdownGeneration/MarkdownRendererTests.cs(136,17): error SA1600: Elements should be documented [/home/runner/work/tfplan2md/tfplan2md/src/tests/Oocx.TfPlan2Md.TUnit/Oocx.TfPlan2Md.TUnit.csproj]
/home/runner/work/tfplan2md/tfplan2md/src/tests/Oocx.TfPlan2Md.TUnit/MarkdownGeneration/MarkdownRendererTests.cs(155,17): error SA1600: Elements should be documented [/home/runner/work/tfplan2md/tfplan2md/src/tests/Oocx.TfPlan2Md.TUnit/Oocx.TfPlan2Md.TUnit.csproj]
/home/runner/work/tfplan2md/tfplan2md/src/tests/Oocx.TfPlan2Md.TUnit/MarkdownGeneration/MarkdownRendererTests.cs(173,17): error SA1600: Elements should be documented [/home/runner/work/tfplan2md/tfplan2md/src/tests/Oocx.TfPlan2Md.TUnit/Oocx.TfPlan2Md.TUnit.csproj]
/home/runner/work/tfplan2md/tfplan2md/src/tests/Oocx.TfPlan2Md.TUnit/MarkdownGeneration/MarkdownRendererTests.cs(190,17): error SA1600: Elements should be documented [/home/runner/work/tfplan2md/tfplan2md/src/tests/Oocx.TfPlan2Md.TUnit/Oocx.TfPlan2Md.TUnit.csproj]
/home/runner/work/tfplan2md/tfplan2md/src/tests/Oocx.TfPlan2Md.TUnit/MarkdownGeneration/MarkdownRendererTests.cs(207,17): error SA1600: Elements should be documented [/home/runner/work/tfplan2md/tfplan2md/src/tests/Oocx.TfPlan2Md.TUnit/Oocx.TfPlan2Md.TUnit.csproj]
/home/runner/work/tfplan2md/tfplan2md/src/tests/Oocx.TfPlan2Md.TUnit/MarkdownGeneration/MarkdownRendererTests.cs(233,17): error SA1600: Elements should be documented [/home/runner/work/tfplan2md/tfplan2md/src/tests/Oocx.TfPlan2Md.TUnit/Oocx.TfPlan2Md.TUnit.csproj]
/home/runner/work/tfplan2md/tfplan2md/src/tests/Oocx.TfPlan2Md.TUnit/MarkdownGeneration/MarkdownRendererTests.cs(260,17): error SA1600: Elements should be documented [/home/runner/work/tfplan2md/tfplan2md/src/tests/Oocx.TfPlan2Md.TUnit/Oocx.TfPlan2Md.TUnit.csproj]
/home/runner/work/tfplan2md/tfplan2md/src/tests/Oocx.TfPlan2Md.TUnit/MarkdownGeneration/MarkdownRendererTests.cs(280,17): error SA1600: Elements should be documented [/home/runner/work/tfplan2md/tfplan2md/src/tests/Oocx.TfPlan2Md.TUnit/Oocx.TfPlan2Md.TUnit.csproj]
/home/runner/work/tfplan2md/tfplan2md/src/tests/Oocx.TfPlan2Md.TUnit/MarkdownGeneration/MarkdownRendererTests.cs(302,17): error SA1600: Elements should be documented [/home/runner/work/tfplan2md/tfplan2md/src/tests/Oocx.TfPlan2Md.TUnit/Oocx.TfPlan2Md.TUnit.csproj]
/home/runner/work/tfplan2md/tfplan2md/src/tests/Oocx.TfPlan2Md.TUnit/MarkdownGeneration/MarkdownRendererTests.cs(320,17): error SA1600: Elements should be documented [/home/runner/work/tfplan2md/tfplan2md/src/tests/Oocx.TfPlan2Md.TUnit/Oocx.TfPlan2Md.TUnit.csproj]
/home/runner/work/tfplan2md/tfplan2md/src/tests/Oocx.TfPlan2Md.TUnit/MarkdownGeneration/MarkdownRendererTests.cs(339,17): error SA1600: Elements should be documented [/home/runner/work/tfplan2md/tfplan2md/src/tests/Oocx.TfPlan2Md.TUnit/Oocx.TfPlan2Md.TUnit.csproj]
/home/runner/work/tfplan2md/tfplan2md/src/tests/Oocx.TfPlan2Md.TUnit/MarkdownGeneration/MarkdownRendererTests.cs(366,17): error SA1600: Elements should be documented [/home/runner/work/tfplan2md/tfplan2md/src/tests/Oocx.TfPlan2Md.TUnit/Oocx.TfPlan2Md.TUnit.csproj]
/home/runner/work/tfplan2md/tfplan2md/src/tests/Oocx.TfPlan2Md.TUnit/MarkdownGeneration/MarkdownRendererTests.cs(387,17): error SA1600: Elements should be documented [/home/runner/work/tfplan2md/tfplan2md/src/tests/Oocx.TfPlan2Md.TUnit/Oocx.TfPlan2Md.TUnit.csproj]
/home/runner/work/tfplan2md/tfplan2md/src/tests/Oocx.TfPlan2Md.TUnit/MarkdownGeneration/MarkdownRendererTests.cs(403,17): error SA1600: Elements should be documented [/home/runner/work/tfplan2md/tfplan2md/src/tests/Oocx.TfPlan2Md.TUnit/Oocx.TfPlan2Md.TUnit.csproj]
/home/runner/work/tfplan2md/tfplan2md/src/tests/Oocx.TfPlan2Md.TUnit/MarkdownGeneration/MarkdownRendererTests.cs(429,17): error SA1600: Elements should be documented [/home/runner/work/tfplan2md/tfplan2md/src/tests/Oocx.TfPlan2Md.TUnit/Oocx.TfPlan2Md.TUnit.csproj]
/home/runner/work/tfplan2md/tfplan2md/src/tests/Oocx.TfPlan2Md.TUnit/MarkdownGeneration/MarkdownRendererTests.cs(451,17): error SA1600: Elements should be documented [/home/runner/work/tfplan2md/tfplan2md/src/tests/Oocx.TfPlan2Md.TUnit/Oocx.TfPlan2Md.TUnit.csproj]
/home/runner/work/tfplan2md/tfplan2md/src/tests/Oocx.TfPlan2Md.TUnit/MarkdownGeneration/MarkdownRendererTests.cs(468,17): error SA1600: Elements should be documented [/home/runner/work/tfplan2md/tfplan2md/src/tests/Oocx.TfPlan2Md.TUnit/Oocx.TfPlan2Md.TUnit.csproj]
/home/runner/work/tfplan2md/tfplan2md/src/tests/Oocx.TfPlan2Md.TUnit/MarkdownGeneration/MarkdownRendererTests.cs(485,17): error SA1600: Elements should be documented [/home/runner/work/tfplan2md/tfplan2md/src/tests/Oocx.TfPlan2Md.TUnit/Oocx.TfPlan2Md.TUnit.csproj]
/home/runner/work/tfplan2md/tfplan2md/src/tests/Oocx.TfPlan2Md.TUnit/MarkdownGeneration/MarkdownRendererTests.cs(504,17): error SA1600: Elements should be documented [/home/runner/work/tfplan2md/tfplan2md/src/tests/Oocx.TfPlan2Md.TUnit/Oocx.TfPlan2Md.TUnit.csproj]
/home/runner/work/tfplan2md/tfplan2md/src/tests/Oocx.TfPlan2Md.TUnit/MarkdownGeneration/MarkdownRendererTests.cs(527,17): error SA1600: Elements should be documented [/home/runner/work/tfplan2md/tfplan2md/src/tests/Oocx.TfPlan2Md.TUnit/Oocx.TfPlan2Md.TUnit.csproj]
/home/runner/work/tfplan2md/tfplan2md/src/tests/Oocx.TfPlan2Md.TUnit/MarkdownGeneration/MarkdownRendererTests.cs(545,17): error SA1600: Elements should be documented [/home/runner/work/tfplan2md/tfplan2md/src/tests/Oocx.TfPlan2Md.TUnit/Oocx.TfPlan2Md.TUnit.csproj]
/home/runner/work/tfplan2md/tfplan2md/src/tests/Oocx.TfPlan2Md.TUnit/MarkdownGeneration/MarkdownRendererTests.cs(570,17): error SA1600: Elements should be documented [/home/runner/work/tfplan2md/tfplan2md/src/tests/Oocx.TfPlan2Md.TUnit/Oocx.TfPlan2Md.TUnit.csproj]
/home/runner/work/tfplan2md/tfplan2md/src/tests/Oocx.TfPlan2Md.TUnit/MarkdownGeneration/MarkdownRendererTests.cs(628,17): error SA1600: Elements should be documented [/home/runner/work/tfplan2md/tfplan2md/src/tests/Oocx.TfPlan2Md.TUnit/Oocx.TfPlan2Md.TUnit.csproj]
/home/runner/work/tfplan2md/tfplan2md/src/tests/Oocx.TfPlan2Md.TUnit/MarkdownGeneration/MarkdownRendererTests.cs(685,17): error SA1600: Elements should be documented [/home/runner/work/tfplan2md/tfplan2md/src/tests/Oocx.TfPlan2Md.TUnit/Oocx.TfPlan2Md.TUnit.csproj]
/home/runner/work/tfplan2md/tfplan2md/src/tests/Oocx.TfPlan2Md.TUnit/MarkdownGeneration/MarkdownRendererTests.cs(743,17): error SA1600: Elements should be documented [/home/runner/work/tfplan2md/tfplan2md/src/tests/Oocx.TfPlan2Md.TUnit/Oocx.TfPlan2Md.TUnit.csproj]
/home/runner/work/tfplan2md/tfplan2md/src/tests/Oocx.TfPlan2Md.TUnit/MarkdownGeneration/MarkdownRendererTests.cs(794,17): error SA1600: Elements should be documented [/home/runner/work/tfplan2md/tfplan2md/src/tests/Oocx.TfPlan2Md.TUnit/Oocx.TfPlan2Md.TUnit.csproj]
/home/runner/work/tfplan2md/tfplan2md/src/tests/Oocx.TfPlan2Md.TUnit/MarkdownGeneration/MarkdownRendererTests.cs(837,17): error SA1600: Elements should be documented [/home/runner/work/tfplan2md/tfplan2md/src/tests/Oocx.TfPlan2Md.TUnit/Oocx.TfPlan2Md.TUnit.csproj]
/home/runner/work/tfplan2md/tfplan2md/src/tests/Oocx.TfPlan2Md.TUnit/MarkdownGeneration/MarkdownRendererTests.cs(871,17): error SA1600: Elements should be documented [/home/runner/work/tfplan2md/tfplan2md/src/tests/Oocx.TfPlan2Md.TUnit/Oocx.TfPlan2Md.TUnit.csproj]
/home/runner/work/tfplan2md/tfplan2md/src/tests/Oocx.TfPlan2Md.TUnit/MarkdownGeneration/MarkdownRendererTests.cs(928,17): error SA1600: Elements should be documented [/home/runner/work/tfplan2md/tfplan2md/src/tests/Oocx.TfPlan2Md.TUnit/Oocx.TfPlan2Md.TUnit.csproj]
/home/runner/work/tfplan2md/tfplan2md/src/tests/Oocx.TfPlan2Md.TUnit/MarkdownGeneration/MarkdownRendererTests.cs(959,17): error SA1600: Elements should be documented [/home/runner/work/tfplan2md/tfplan2md/src/tests/Oocx.TfPlan2Md.TUnit/Oocx.TfPlan2Md.TUnit.csproj]
/home/runner/work/tfplan2md/tfplan2md/src/tests/Oocx.TfPlan2Md.TUnit/MarkdownGeneration/MarkdownRendererTests.cs(1002,17): error SA1600: Elements should be documented [/home/runner/work/tfplan2md/tfplan2md/src/tests/Oocx.TfPlan2Md.TUnit/Oocx.TfPlan2Md.TUnit.csproj]
/home/runner/work/tfplan2md/tfplan2md/src/tests/Oocx.TfPlan2Md.TUnit/MarkdownGeneration/MarkdownRendererTests.cs(1020,17): error SA1600: Elements should be documented [/home/runner/work/tfplan2md/tfplan2md/src/tests/Oocx.TfPlan2Md.TUnit/Oocx.TfPlan2Md.TUnit.csproj]
/home/runner/work/tfplan2md/tfplan2md/src/tests/Oocx.TfPlan2Md.TUnit/MarkdownGeneration/MarkdownRendererTests.cs(1038,17): error SA1600: Elements should be documented [/home/runner/work/tfplan2md/tfplan2md/src/tests/Oocx.TfPlan2Md.TUnit/Oocx.TfPlan2Md.TUnit.csproj]
/home/runner/work/tfplan2md/tfplan2md/src/tests/Oocx.TfPlan2Md.TUnit/MarkdownGeneration/MarkdownRendererTests.cs(1056,17): error SA1600: Elements should be documented [/home/runner/work/tfplan2md/tfplan2md/src/tests/Oocx.TfPlan2Md.TUnit/Oocx.TfPlan2Md.TUnit.csproj]
/home/runner/work/tfplan2md/tfplan2md/src/tests/Oocx.TfPlan2Md.TUnit/MarkdownGeneration/MarkdownRendererTests.cs(1073,17): error SA1600: Elements should be documented [/home/runner/work/tfplan2md/tfplan2md/src/tests/Oocx.TfPlan2Md.TUnit/Oocx.TfPlan2Md.TUnit.csproj]
/home/runner/work/tfplan2md/tfplan2md/src/tests/Oocx.TfPlan2Md.TUnit/MarkdownGeneration/MarkdownRendererTests.cs(1091,17): error SA1600: Elements should be documented [/home/runner/work/tfplan2md/tfplan2md/src/tests/Oocx.TfPlan2Md.TUnit/Oocx.TfPlan2Md.TUnit.csproj]
/home/runner/work/tfplan2md/tfplan2md/src/tests/Oocx.TfPlan2Md.TUnit/MarkdownGeneration/MarkdownRendererTests.cs(1109,17): error SA1600: Elements should be documented [/home/runner/work/tfplan2md/tfplan2md/src/tests/Oocx.TfPlan2Md.TUnit/Oocx.TfPlan2Md.TUnit.csproj]
/home/runner/work/tfplan2md/tfplan2md/src/tests/Oocx.TfPlan2Md.TUnit/MarkdownGeneration/MarkdownRendererTests.cs(1127,17): error SA1600: Elements should be documented [/home/runner/work/tfplan2md/tfplan2md/src/tests/Oocx.TfPlan2Md.TUnit/Oocx.TfPlan2Md.TUnit.csproj]
/home/runner/work/tfplan2md/tfplan2md/src/tests/Oocx.TfPlan2Md.TUnit/MarkdownGeneration/MarkdownRendererTests.cs(1149,17): error SA1600: Elements should be documented [/home/runner/work/tfplan2md/tfplan2md/src/tests/Oocx.TfPlan2Md.TUnit/Oocx.TfPlan2Md.TUnit.csproj]
/home/runner/work/tfplan2md/tfplan2md/src/tests/Oocx.TfPlan2Md.TUnit/MarkdownGeneration/MarkdownRendererTests.cs(1170,17): error SA1600: Elements should be documented [/home/runner/work/tfplan2md/tfplan2md/src/tests/Oocx.TfPlan2Md.TUnit/Oocx.TfPlan2Md.TUnit.csproj]
/home/runner/work/tfplan2md/tfplan2md/src/tests/Oocx.TfPlan2Md.TUnit/MarkdownGeneration/MarkdownRendererTests.cs(1190,17): error SA1600: Elements should be documented [/home/runner/work/tfplan2md/tfplan2md/src/tests/Oocx.TfPlan2Md.TUnit/Oocx.TfPlan2Md.TUnit.csproj]
/home/runner/work/tfplan2md/tfplan2md/src/tests/Oocx.TfPlan2Md.TUnit/MarkdownGeneration/MarkdownRendererTests.cs(1226,17): error SA1600: Elements should be documented [/home/runner/work/tfplan2md/tfplan2md/src/tests/Oocx.TfPlan2Md.TUnit/Oocx.TfPlan2Md.TUnit.csproj]
/home/runner/work/tfplan2md/tfplan2md/src/tests/Oocx.TfPlan2Md.TUnit/MarkdownGeneration/MarkdownRendererTests.cs(1208,17): error SA1600: Elements should be documented [/home/runner/work/tfplan2md/tfplan2md/src/tests/Oocx.TfPlan2Md.TUnit/Oocx.TfPlan2Md.TUnit.csproj]
/home/runner/work/tfplan2md/tfplan2md/src/tests/Oocx.TfPlan2Md.TUnit/MarkdownGeneration/MarkdownRendererTests.cs(1243,17): error SA1600: Elements should be documented [/home/runner/work/tfplan2md/tfplan2md/src/tests/Oocx.TfPlan2Md.TUnit/Oocx.TfPlan2Md.TUnit.csproj]
/home/runner/work/tfplan2md/tfplan2md/src/tests/Oocx.TfPlan2Md.TUnit/MarkdownGeneration/ReportModelBuilderMetadataTests.cs(10,14): error SA1600: Elements should be documented [/home/runner/work/tfplan2md/tfplan2md/src/tests/Oocx.TfPlan2Md.TUnit/Oocx.TfPlan2Md.TUnit.csproj]
/home/runner/work/tfplan2md/tfplan2md/src/tests/Oocx.TfPlan2Md.TUnit/MarkdownGeneration/ReportModelBuilderMetadataTests.cs(15,17): error SA1600: Elements should be documented [/home/runner/work/tfplan2md/tfplan2md/src/tests/Oocx.TfPlan2Md.TUnit/Oocx.TfPlan2Md.TUnit.csproj]
/home/runner/work/tfplan2md/tfplan2md/src/tests/Oocx.TfPlan2Md.TUnit/MarkdownGeneration/ReportModelBuilderMetadataTests.cs(32,17): error SA1600: Elements should be documented [/home/runner/work/tfplan2md/tfplan2md/src/tests/Oocx.TfPlan2Md.TUnit/Oocx.TfPlan2Md.TUnit.csproj]
/home/runner/work/tfplan2md/tfplan2md/src/tests/Oocx.TfPlan2Md.TUnit/MarkdownGeneration/ReportModelBuilderNoOpTests.cs(8,14): error SA1600: Elements should be documented [/home/runner/work/tfplan2md/tfplan2md/src/tests/Oocx.TfPlan2Md.TUnit/Oocx.TfPlan2Md.TUnit.csproj]
/home/runner/work/tfplan2md/tfplan2md/src/tests/Oocx.TfPlan2Md.TUnit/MarkdownGeneration/ReportModelBuilderNoOpTests.cs(13,17): error SA1600: Elements should be documented [/home/runner/work/tfplan2md/tfplan2md/src/tests/Oocx.TfPlan2Md.TUnit/Oocx.TfPlan2Md.TUnit.csproj]
/home/runner/work/tfplan2md/tfplan2md/src/tests/Oocx.TfPlan2Md.TUnit/MarkdownGeneration/ReportModelBuilderNoOpTests.cs(35,17): error SA1600: Elements should be documented [/home/runner/work/tfplan2md/tfplan2md/src/tests/Oocx.TfPlan2Md.TUnit/Oocx.TfPlan2Md.TUnit.csproj]
/home/runner/work/tfplan2md/tfplan2md/src/tests/Oocx.TfPlan2Md.TUnit/MarkdownGeneration/ReportModelBuilderSummaryTests.cs(10,14): error SA1600: Elements should be documented [/home/runner/work/tfplan2md/tfplan2md/src/tests/Oocx.TfPlan2Md.TUnit/Oocx.TfPlan2Md.TUnit.csproj]
/home/runner/work/tfplan2md/tfplan2md/src/tests/Oocx.TfPlan2Md.TUnit/MarkdownGeneration/ReportModelBuilderSummaryTests.cs(15,17): error SA1600: Elements should be documented [/home/runner/work/tfplan2md/tfplan2md/src/tests/Oocx.TfPlan2Md.TUnit/Oocx.TfPlan2Md.TUnit.csproj]
/home/runner/work/tfplan2md/tfplan2md/src/tests/Oocx.TfPlan2Md.TUnit/MarkdownGeneration/ReportModelBuilderSummaryTests.cs(33,17): error SA1600: Elements should be documented [/home/runner/work/tfplan2md/tfplan2md/src/tests/Oocx.TfPlan2Md.TUnit/Oocx.TfPlan2Md.TUnit.csproj]
/home/runner/work/tfplan2md/tfplan2md/src/tests/Oocx.TfPlan2Md.TUnit/MarkdownGeneration/ReportModelBuilderSummaryTests.cs(55,17): error SA1600: Elements should be documented [/home/runner/work/tfplan2md/tfplan2md/src/tests/Oocx.TfPlan2Md.TUnit/Oocx.TfPlan2Md.TUnit.csproj]
/home/runner/work/tfplan2md/tfplan2md/src/tests/Oocx.TfPlan2Md.TUnit/MarkdownGeneration/ReportModelBuilderSummaryTests.cs(71,17): error SA1600: Elements should be documented [/home/runner/work/tfplan2md/tfplan2md/src/tests/Oocx.TfPlan2Md.TUnit/Oocx.TfPlan2Md.TUnit.csproj]
/home/runner/work/tfplan2md/tfplan2md/src/tests/Oocx.TfPlan2Md.TUnit/MarkdownGeneration/ReportModelBuilderSummaryTests.cs(87,17): error SA1600: Elements should be documented [/home/runner/work/tfplan2md/tfplan2md/src/tests/Oocx.TfPlan2Md.TUnit/Oocx.TfPlan2Md.TUnit.csproj]
/home/runner/work/tfplan2md/tfplan2md/src/tests/Oocx.TfPlan2Md.TUnit/MarkdownGeneration/ReportModelBuilderTests.cs(8,14): error SA1600: Elements should be documented [/home/runner/work/tfplan2md/tfplan2md/src/tests/Oocx.TfPlan2Md.TUnit/Oocx.TfPlan2Md.TUnit.csproj]
/home/runner/work/tfplan2md/tfplan2md/src/tests/Oocx.TfPlan2Md.TUnit/MarkdownGeneration/ReportModelBuilderTests.cs(13,17): error SA1600: Elements should be documented [/home/runner/work/tfplan2md/tfplan2md/src/tests/Oocx.TfPlan2Md.TUnit/Oocx.TfPlan2Md.TUnit.csproj]
/home/runner/work/tfplan2md/tfplan2md/src/tests/Oocx.TfPlan2Md.TUnit/MarkdownGeneration/ReportModelBuilderTests.cs(32,17): error SA1600: Elements should be documented [/home/runner/work/tfplan2md/tfplan2md/src/tests/Oocx.TfPlan2Md.TUnit/Oocx.TfPlan2Md.TUnit.csproj]
/home/runner/work/tfplan2md/tfplan2md/src/tests/Oocx.TfPlan2Md.TUnit/MarkdownGeneration/ReportModelBuilderTests.cs(57,17): error SA1600: Elements should be documented [/home/runner/work/tfplan2md/tfplan2md/src/tests/Oocx.TfPlan2Md.TUnit/Oocx.TfPlan2Md.TUnit.csproj]
/home/runner/work/tfplan2md/tfplan2md/src/tests/Oocx.TfPlan2Md.TUnit/MarkdownGeneration/ReportModelBuilderTests.cs(76,17): error SA1600: Elements should be documented [/home/runner/work/tfplan2md/tfplan2md/src/tests/Oocx.TfPlan2Md.TUnit/Oocx.TfPlan2Md.TUnit.csproj]
/home/runner/work/tfplan2md/tfplan2md/src/tests/Oocx.TfPlan2Md.TUnit/MarkdownGeneration/ReportModelBuilderTests.cs(97,17): error SA1600: Elements should be documented [/home/runner/work/tfplan2md/tfplan2md/src/tests/Oocx.TfPlan2Md.TUnit/Oocx.TfPlan2Md.TUnit.csproj]
/home/runner/work/tfplan2md/tfplan2md/src/tests/Oocx.TfPlan2Md.TUnit/MarkdownGeneration/ReportModelBuilderTests.cs(113,17): error SA1600: Elements should be documented [/home/runner/work/tfplan2md/tfplan2md/src/tests/Oocx.TfPlan2Md.TUnit/Oocx.TfPlan2Md.TUnit.csproj]
/home/runner/work/tfplan2md/tfplan2md/src/tests/Oocx.TfPlan2Md.TUnit/MarkdownGeneration/ReportModelBuilderTests.cs(128,17): error SA1600: Elements should be documented [/home/runner/work/tfplan2md/tfplan2md/src/tests/Oocx.TfPlan2Md.TUnit/Oocx.TfPlan2Md.TUnit.csproj]
/home/runner/work/tfplan2md/tfplan2md/src/tests/Oocx.TfPlan2Md.TUnit/MarkdownGeneration/ReportModelBuilderTests.cs(149,17): error SA1600: Elements should be documented [/home/runner/work/tfplan2md/tfplan2md/src/tests/Oocx.TfPlan2Md.TUnit/Oocx.TfPlan2Md.TUnit.csproj]
/home/runner/work/tfplan2md/tfplan2md/src/tests/Oocx.TfPlan2Md.TUnit/MarkdownGeneration/ReportModelBuilderTests.cs(171,17): error SA1600: Elements should be documented [/home/runner/work/tfplan2md/tfplan2md/src/tests/Oocx.TfPlan2Md.TUnit/Oocx.TfPlan2Md.TUnit.csproj]
/home/runner/work/tfplan2md/tfplan2md/src/tests/Oocx.TfPlan2Md.TUnit/MarkdownGeneration/ReportModelBuilderTests.cs(190,17): error SA1600: Elements should be documented [/home/runner/work/tfplan2md/tfplan2md/src/tests/Oocx.TfPlan2Md.TUnit/Oocx.TfPlan2Md.TUnit.csproj]
/home/runner/work/tfplan2md/tfplan2md/src/tests/Oocx.TfPlan2Md.TUnit/MarkdownGeneration/ReportModelBuilderTests.cs(209,17): error SA1600: Elements should be documented [/home/runner/work/tfplan2md/tfplan2md/src/tests/Oocx.TfPlan2Md.TUnit/Oocx.TfPlan2Md.TUnit.csproj]
/home/runner/work/tfplan2md/tfplan2md/src/tests/Oocx.TfPlan2Md.TUnit/MarkdownGeneration/ReportModelBuilderTests.cs(235,17): error SA1600: Elements should be documented [/home/runner/work/tfplan2md/tfplan2md/src/tests/Oocx.TfPlan2Md.TUnit/Oocx.TfPlan2Md.TUnit.csproj]
/home/runner/work/tfplan2md/tfplan2md/src/tests/Oocx.TfPlan2Md.TUnit/MarkdownGeneration/ReportModelBuilderTests.cs(250,17): error SA1600: Elements should be documented [/home/runner/work/tfplan2md/tfplan2md/src/tests/Oocx.TfPlan2Md.TUnit/Oocx.TfPlan2Md.TUnit.csproj]
/home/runner/work/tfplan2md/tfplan2md/src/tests/Oocx.TfPlan2Md.TUnit/MarkdownGeneration/ReportModelBuilderTests.cs(265,17): error SA1600: Elements should be documented [/home/runner/work/tfplan2md/tfplan2md/src/tests/Oocx.TfPlan2Md.TUnit/Oocx.TfPlan2Md.TUnit.csproj]
/home/runner/work/tfplan2md/tfplan2md/src/tests/Oocx.TfPlan2Md.TUnit/MarkdownGeneration/ReportModelBuilderTests.cs(288,17): error SA1600: Elements should be documented [/home/runner/work/tfplan2md/tfplan2md/src/tests/Oocx.TfPlan2Md.TUnit/Oocx.TfPlan2Md.TUnit.csproj]
/home/runner/work/tfplan2md/tfplan2md/src/tests/Oocx.TfPlan2Md.TUnit/MarkdownGeneration/ReportModelBuilderTests.cs(310,17): error SA1600: Elements should be documented [/home/runner/work/tfplan2md/tfplan2md/src/tests/Oocx.TfPlan2Md.TUnit/Oocx.TfPlan2Md.TUnit.csproj]
/home/runner/work/tfplan2md/tfplan2md/src/tests/Oocx.TfPlan2Md.TUnit/MarkdownGeneration/RoleAssignmentTemplateTests.cs(11,14): error SA1600: Elements should be documented [/home/runner/work/tfplan2md/tfplan2md/src/tests/Oocx.TfPlan2Md.TUnit/Oocx.TfPlan2Md.TUnit.csproj]
/home/runner/work/tfplan2md/tfplan2md/src/tests/Oocx.TfPlan2Md.TUnit/MarkdownGeneration/RoleAssignmentTemplateTests.cs(18,17): error SA1600: Elements should be documented [/home/runner/work/tfplan2md/tfplan2md/src/tests/Oocx.TfPlan2Md.TUnit/Oocx.TfPlan2Md.TUnit.csproj]
/home/runner/work/tfplan2md/tfplan2md/src/tests/Oocx.TfPlan2Md.TUnit/MarkdownGeneration/RoleAssignmentTemplateTests.cs(32,17): error SA1600: Elements should be documented [/home/runner/work/tfplan2md/tfplan2md/src/tests/Oocx.TfPlan2Md.TUnit/Oocx.TfPlan2Md.TUnit.csproj]
/home/runner/work/tfplan2md/tfplan2md/src/tests/Oocx.TfPlan2Md.TUnit/MarkdownGeneration/RoleAssignmentTemplateTests.cs(46,17): error SA1600: Elements should be documented [/home/runner/work/tfplan2md/tfplan2md/src/tests/Oocx.TfPlan2Md.TUnit/Oocx.TfPlan2Md.TUnit.csproj]
/home/runner/work/tfplan2md/tfplan2md/src/tests/Oocx.TfPlan2Md.TUnit/MarkdownGeneration/RoleAssignmentTemplateTests.cs(61,17): error SA1600: Elements should be documented [/home/runner/work/tfplan2md/tfplan2md/src/tests/Oocx.TfPlan2Md.TUnit/Oocx.TfPlan2Md.TUnit.csproj]
/home/runner/work/tfplan2md/tfplan2md/src/tests/Oocx.TfPlan2Md.TUnit/MarkdownGeneration/RoleAssignmentTemplateTests.cs(73,17): error SA1600: Elements should be documented [/home/runner/work/tfplan2md/tfplan2md/src/tests/Oocx.TfPlan2Md.TUnit/Oocx.TfPlan2Md.TUnit.csproj]
/home/runner/work/tfplan2md/tfplan2md/src/tests/Oocx.TfPlan2Md.TUnit/MarkdownGeneration/RoleAssignmentTemplateTests.cs(85,17): error SA1600: Elements should be documented [/home/runner/work/tfplan2md/tfplan2md/src/tests/Oocx.TfPlan2Md.TUnit/Oocx.TfPlan2Md.TUnit.csproj]
/home/runner/work/tfplan2md/tfplan2md/src/tests/Oocx.TfPlan2Md.TUnit/MarkdownGeneration/RoleAssignmentTemplateTests.cs(97,17): error SA1600: Elements should be documented [/home/runner/work/tfplan2md/tfplan2md/src/tests/Oocx.TfPlan2Md.TUnit/Oocx.TfPlan2Md.TUnit.csproj]
/home/runner/work/tfplan2md/tfplan2md/src/tests/Oocx.TfPlan2Md.TUnit/MarkdownGeneration/ReportModelBuilderUnchangedValuesTests.cs(8,14): error SA1600: Elements should be documented [/home/runner/work/tfplan2md/tfplan2md/src/tests/Oocx.TfPlan2Md.TUnit/Oocx.TfPlan2Md.TUnit.csproj]
/home/runner/work/tfplan2md/tfplan2md/src/tests/Oocx.TfPlan2Md.TUnit/MarkdownGeneration/ReportModelBuilderUnchangedValuesTests.cs(13,17): error SA1600: Elements should be documented [/home/runner/work/tfplan2md/tfplan2md/src/tests/Oocx.TfPlan2Md.TUnit/Oocx.TfPlan2Md.TUnit.csproj]
/home/runner/work/tfplan2md/tfplan2md/src/tests/Oocx.TfPlan2Md.TUnit/MarkdownGeneration/ReportModelBuilderUnchangedValuesTests.cs(35,17): error SA1600: Elements should be documented [/home/runner/work/tfplan2md/tfplan2md/src/tests/Oocx.TfPlan2Md.TUnit/Oocx.TfPlan2Md.TUnit.csproj]
/home/runner/work/tfplan2md/tfplan2md/src/tests/Oocx.TfPlan2Md.TUnit/MarkdownGeneration/ScribanHelpersAzApiTests.cs(18,23): error SA1600: Elements should be documented [/home/runner/work/tfplan2md/tfplan2md/src/tests/Oocx.TfPlan2Md.TUnit/Oocx.TfPlan2Md.TUnit.csproj]
/home/runner/work/tfplan2md/tfplan2md/src/tests/Oocx.TfPlan2Md.TUnit/MarkdownGeneration/ScribanHelpersAzApiTests.cs(52,23): error SA1600: Elements should be documented [/home/runner/work/tfplan2md/tfplan2md/src/tests/Oocx.TfPlan2Md.TUnit/Oocx.TfPlan2Md.TUnit.csproj]
/home/runner/work/tfplan2md/tfplan2md/src/tests/Oocx.TfPlan2Md.TUnit/MarkdownGeneration/ScribanHelpersAzApiTests.cs(90,23): error SA1600: Elements should be documented [/home/runner/work/tfplan2md/tfplan2md/src/tests/Oocx.TfPlan2Md.TUnit/Oocx.TfPlan2Md.TUnit.csproj]
/home/runner/work/tfplan2md/tfplan2md/src/tests/Oocx.TfPlan2Md.TUnit/MarkdownGeneration/ScribanHelpersAzApiTests.cs(124,23): error SA1600: Elements should be documented [/home/runner/work/tfplan2md/tfplan2md/src/tests/Oocx.TfPlan2Md.TUnit/Oocx.TfPlan2Md.TUnit.csproj]
/home/runner/work/tfplan2md/tfplan2md/src/tests/Oocx.TfPlan2Md.TUnit/MarkdownGeneration/ScribanHelpersAzApiTests.cs(139,23): error SA1600: Elements should be documented [/home/runner/work/tfplan2md/tfplan2md/src/tests/Oocx.TfPlan2Md.TUnit/Oocx.TfPlan2Md.TUnit.csproj]
/home/runner/work/tfplan2md/tfplan2md/src/tests/Oocx.TfPlan2Md.TUnit/MarkdownGeneration/ScribanHelpersAzApiTests.cs(167,23): error SA1600: Elements should be documented [/home/runner/work/tfplan2md/tfplan2md/src/tests/Oocx.TfPlan2Md.TUnit/Oocx.TfPlan2Md.TUnit.csproj]
/home/runner/work/tfplan2md/tfplan2md/src/tests/Oocx.TfPlan2Md.TUnit/MarkdownGeneration/ScribanHelpersAzApiTests.cs(191,23): error SA1600: Elements should be documented [/home/runner/work/tfplan2md/tfplan2md/src/tests/Oocx.TfPlan2Md.TUnit/Oocx.TfPlan2Md.TUnit.csproj]
/home/runner/work/tfplan2md/tfplan2md/src/tests/Oocx.TfPlan2Md.TUnit/MarkdownGeneration/ScribanHelpersAzApiTests.cs(236,23): error SA1600: Elements should be documented [/home/runner/work/tfplan2md/tfplan2md/src/tests/Oocx.TfPlan2Md.TUnit/Oocx.TfPlan2Md.TUnit.csproj]
/home/runner/work/tfplan2md/tfplan2md/src/tests/Oocx.TfPlan2Md.TUnit/MarkdownGeneration/ScribanHelpersAzApiTests.cs(255,23): error SA1600: Elements should be documented [/home/runner/work/tfplan2md/tfplan2md/src/tests/Oocx.TfPlan2Md.TUnit/Oocx.TfPlan2Md.TUnit.csproj]
/home/runner/work/tfplan2md/tfplan2md/src/tests/Oocx.TfPlan2Md.TUnit/MarkdownGeneration/ScribanHelpersAzApiTests.cs(273,23): error SA1600: Elements should be documented [/home/runner/work/tfplan2md/tfplan2md/src/tests/Oocx.TfPlan2Md.TUnit/Oocx.TfPlan2Md.TUnit.csproj]
/home/runner/work/tfplan2md/tfplan2md/src/tests/Oocx.TfPlan2Md.TUnit/MarkdownGeneration/ScribanHelpersAzApiTests.cs(291,23): error SA1600: Elements should be documented [/home/runner/work/tfplan2md/tfplan2md/src/tests/Oocx.TfPlan2Md.TUnit/Oocx.TfPlan2Md.TUnit.csproj]
/home/runner/work/tfplan2md/tfplan2md/src/tests/Oocx.TfPlan2Md.TUnit/MarkdownGeneration/ScribanHelpersAzApiTests.cs(309,23): error SA1600: Elements should be documented [/home/runner/work/tfplan2md/tfplan2md/src/tests/Oocx.TfPlan2Md.TUnit/Oocx.TfPlan2Md.TUnit.csproj]
/home/runner/work/tfplan2md/tfplan2md/src/tests/Oocx.TfPlan2Md.TUnit/MarkdownGeneration/ScribanHelpersAzApiTests.cs(327,23): error SA1600: Elements should be documented [/home/runner/work/tfplan2md/tfplan2md/src/tests/Oocx.TfPlan2Md.TUnit/Oocx.TfPlan2Md.TUnit.csproj]
/home/runner/work/tfplan2md/tfplan2md/src/tests/Oocx.TfPlan2Md.TUnit/MarkdownGeneration/ScribanHelpersAzApiTests.cs(367,23): error SA1600: Elements should be documented [/home/runner/work/tfplan2md/tfplan2md/src/tests/Oocx.TfPlan2Md.TUnit/Oocx.TfPlan2Md.TUnit.csproj]
/home/runner/work/tfplan2md/tfplan2md/src/tests/Oocx.TfPlan2Md.TUnit/MarkdownGeneration/ScribanHelpersAzApiTests.cs(345,23): error SA1600: Elements should be documented [/home/runner/work/tfplan2md/tfplan2md/src/tests/Oocx.TfPlan2Md.TUnit/Oocx.TfPlan2Md.TUnit.csproj]
/home/runner/work/tfplan2md/tfplan2md/src/tests/Oocx.TfPlan2Md.TUnit/MarkdownGeneration/ScribanHelpersAzApiTests.cs(382,23): error SA1600: Elements should be documented [/home/runner/work/tfplan2md/tfplan2md/src/tests/Oocx.TfPlan2Md.TUnit/Oocx.TfPlan2Md.TUnit.csproj]
/home/runner/work/tfplan2md/tfplan2md/src/tests/Oocx.TfPlan2Md.TUnit/MarkdownGeneration/ScribanHelpersAzApiTests.cs(403,23): error SA1600: Elements should be documented [/home/runner/work/tfplan2md/tfplan2md/src/tests/Oocx.TfPlan2Md.TUnit/Oocx.TfPlan2Md.TUnit.csproj]
/home/runner/work/tfplan2md/tfplan2md/src/tests/Oocx.TfPlan2Md.TUnit/MarkdownGeneration/ScribanHelpersAzApiTests.cs(418,23): error SA1600: Elements should be documented [/home/runner/work/tfplan2md/tfplan2md/src/tests/Oocx.TfPlan2Md.TUnit/Oocx.TfPlan2Md.TUnit.csproj]
/home/runner/work/tfplan2md/tfplan2md/src/tests/Oocx.TfPlan2Md.TUnit/MarkdownGeneration/ScribanHelpersAzApiTests.cs(433,23): error SA1600: Elements should be documented [/home/runner/work/tfplan2md/tfplan2md/src/tests/Oocx.TfPlan2Md.TUnit/Oocx.TfPlan2Md.TUnit.csproj]
/home/runner/work/tfplan2md/tfplan2md/src/tests/Oocx.TfPlan2Md.TUnit/MarkdownGeneration/ScribanHelpersAzApiTests.cs(452,23): error SA1600: Elements should be documented [/home/runner/work/tfplan2md/tfplan2md/src/tests/Oocx.TfPlan2Md.TUnit/Oocx.TfPlan2Md.TUnit.csproj]
/home/runner/work/tfplan2md/tfplan2md/src/tests/Oocx.TfPlan2Md.TUnit/MarkdownGeneration/ScribanHelpersAzApiTests.cs(492,23): error SA1600: Elements should be documented [/home/runner/work/tfplan2md/tfplan2md/src/tests/Oocx.TfPlan2Md.TUnit/Oocx.TfPlan2Md.TUnit.csproj]
/home/runner/work/tfplan2md/tfplan2md/src/tests/Oocx.TfPlan2Md.TUnit/MarkdownGeneration/ScribanHelpersAzApiTests.cs(526,23): error SA1600: Elements should be documented [/home/runner/work/tfplan2md/tfplan2md/src/tests/Oocx.TfPlan2Md.TUnit/Oocx.TfPlan2Md.TUnit.csproj]
/home/runner/work/tfplan2md/tfplan2md/src/tests/Oocx.TfPlan2Md.TUnit/MarkdownGeneration/ScribanHelpersAzApiTests.cs(560,23): error SA1600: Elements should be documented [/home/runner/work/tfplan2md/tfplan2md/src/tests/Oocx.TfPlan2Md.TUnit/Oocx.TfPlan2Md.TUnit.csproj]
/home/runner/work/tfplan2md/tfplan2md/src/tests/Oocx.TfPlan2Md.TUnit/MarkdownGeneration/ScribanHelpersAzApiTests.cs(579,23): error SA1600: Elements should be documented [/home/runner/work/tfplan2md/tfplan2md/src/tests/Oocx.TfPlan2Md.TUnit/Oocx.TfPlan2Md.TUnit.csproj]
/home/runner/work/tfplan2md/tfplan2md/src/tests/Oocx.TfPlan2Md.TUnit/MarkdownGeneration/ScribanHelpersAzApiTests.cs(618,23): error SA1600: Elements should be documented [/home/runner/work/tfplan2md/tfplan2md/src/tests/Oocx.TfPlan2Md.TUnit/Oocx.TfPlan2Md.TUnit.csproj]
/home/runner/work/tfplan2md/tfplan2md/src/tests/Oocx.TfPlan2Md.TUnit/MarkdownGeneration/ScribanHelpersAzApiTests.cs(657,23): error SA1600: Elements should be documented [/home/runner/work/tfplan2md/tfplan2md/src/tests/Oocx.TfPlan2Md.TUnit/Oocx.TfPlan2Md.TUnit.csproj]
/home/runner/work/tfplan2md/tfplan2md/src/tests/Oocx.TfPlan2Md.TUnit/MarkdownGeneration/ScribanHelpersAzApiTests.cs(697,23): error SA1600: Elements should be documented [/home/runner/work/tfplan2md/tfplan2md/src/tests/Oocx.TfPlan2Md.TUnit/Oocx.TfPlan2Md.TUnit.csproj]
/home/runner/work/tfplan2md/tfplan2md/src/tests/Oocx.TfPlan2Md.TUnit/MarkdownGeneration/ScribanHelpersAzApiTests.cs(794,23): error SA1600: Elements should be documented [/home/runner/work/tfplan2md/tfplan2md/src/tests/Oocx.TfPlan2Md.TUnit/Oocx.TfPlan2Md.TUnit.csproj]
/home/runner/work/tfplan2md/tfplan2md/src/tests/Oocx.TfPlan2Md.TUnit/MarkdownGeneration/ScribanHelpersAzApiTests.cs(741,23): error SA1600: Elements should be documented [/home/runner/work/tfplan2md/tfplan2md/src/tests/Oocx.TfPlan2Md.TUnit/Oocx.TfPlan2Md.TUnit.csproj]
/home/runner/work/tfplan2md/tfplan2md/src/tests/Oocx.TfPlan2Md.TUnit/MarkdownGeneration/ScribanHelpersFormatDiffTests.cs(7,14): error SA1600: Elements should be documented [/home/runner/work/tfplan2md/tfplan2md/src/tests/Oocx.TfPlan2Md.TUnit/Oocx.TfPlan2Md.TUnit.csproj]
/home/runner/work/tfplan2md/tfplan2md/src/tests/Oocx.TfPlan2Md.TUnit/MarkdownGeneration/ScribanHelpersFormatDiffTests.cs(10,17): error SA1600: Elements should be documented [/home/runner/work/tfplan2md/tfplan2md/src/tests/Oocx.TfPlan2Md.TUnit/Oocx.TfPlan2Md.TUnit.csproj]
/home/runner/work/tfplan2md/tfplan2md/src/tests/Oocx.TfPlan2Md.TUnit/MarkdownGeneration/ScribanHelpersFormatDiffTests.cs(18,17): error SA1600: Elements should be documented [/home/runner/work/tfplan2md/tfplan2md/src/tests/Oocx.TfPlan2Md.TUnit/Oocx.TfPlan2Md.TUnit.csproj]
/home/runner/work/tfplan2md/tfplan2md/src/tests/Oocx.TfPlan2Md.TUnit/MarkdownGeneration/ScribanHelpersFormatDiffTests.cs(28,17): error SA1600: Elements should be documented [/home/runner/work/tfplan2md/tfplan2md/src/tests/Oocx.TfPlan2Md.TUnit/Oocx.TfPlan2Md.TUnit.csproj]
/home/runner/work/tfplan2md/tfplan2md/src/tests/Oocx.TfPlan2Md.TUnit/MarkdownGeneration/ScribanHelpersFormatDiffTests.cs(35,17): error SA1600: Elements should be documented [/home/runner/work/tfplan2md/tfplan2md/src/tests/Oocx.TfPlan2Md.TUnit/Oocx.TfPlan2Md.TUnit.csproj]
/home/runner/work/tfplan2md/tfplan2md/src/tests/Oocx.TfPlan2Md.TUnit/MarkdownGeneration/ScribanHelpersFormatDiffTests.cs(42,17): error SA1600: Elements should be documented [/home/runner/work/tfplan2md/tfplan2md/src/tests/Oocx.TfPlan2Md.TUnit/Oocx.TfPlan2Md.TUnit.csproj]
/home/runner/work/tfplan2md/tfplan2md/src/tests/Oocx.TfPlan2Md.TUnit/MarkdownGeneration/ScribanHelpersFormatDiffTests.cs(48,17): error SA1600: Elements should be documented [/home/runner/work/tfplan2md/tfplan2md/src/tests/Oocx.TfPlan2Md.TUnit/Oocx.TfPlan2Md.TUnit.csproj]
/home/runner/work/tfplan2md/tfplan2md/src/tests/Oocx.TfPlan2Md.TUnit/MarkdownGeneration/ScribanHelpersFormatDiffTests.cs(56,17): error SA1600: Elements should be documented [/home/runner/work/tfplan2md/tfplan2md/src/tests/Oocx.TfPlan2Md.TUnit/Oocx.TfPlan2Md.TUnit.csproj]
/home/runner/work/tfplan2md/tfplan2md/src/tests/Oocx.TfPlan2Md.TUnit/MarkdownGeneration/ScribanHelpersFormatDiffTests.cs(63,17): error SA1600: Elements should be documented [/home/runner/work/tfplan2md/tfplan2md/src/tests/Oocx.TfPlan2Md.TUnit/Oocx.TfPlan2Md.TUnit.csproj]
/home/runner/work/tfplan2md/tfplan2md/src/tests/Oocx.TfPlan2Md.TUnit/MarkdownGeneration/ScribanHelpersFormatDiffTests.cs(74,17): error SA1600: Elements should be documented [/home/runner/work/tfplan2md/tfplan2md/src/tests/Oocx.TfPlan2Md.TUnit/Oocx.TfPlan2Md.TUnit.csproj]
/home/runner/work/tfplan2md/tfplan2md/src/tests/Oocx.TfPlan2Md.TUnit/MarkdownGeneration/ScribanHelpersFormatDiffTests.cs(84,17): error SA1600: Elements should be documented [/home/runner/work/tfplan2md/tfplan2md/src/tests/Oocx.TfPlan2Md.TUnit/Oocx.TfPlan2Md.TUnit.csproj]
/home/runner/work/tfplan2md/tfplan2md/src/tests/Oocx.TfPlan2Md.TUnit/MarkdownGeneration/ScribanHelpersFormatDiffTests.cs(92,17): error SA1600: Elements should be documented [/home/runner/work/tfplan2md/tfplan2md/src/tests/Oocx.TfPlan2Md.TUnit/Oocx.TfPlan2Md.TUnit.csproj]
/home/runner/work/tfplan2md/tfplan2md/src/tests/Oocx.TfPlan2Md.TUnit/MarkdownGeneration/ScribanHelpersLargeValueTests.cs(8,14): error SA1600: Elements should be documented [/home/runner/work/tfplan2md/tfplan2md/src/tests/Oocx.TfPlan2Md.TUnit/Oocx.TfPlan2Md.TUnit.csproj]
/home/runner/work/tfplan2md/tfplan2md/src/tests/Oocx.TfPlan2Md.TUnit/MarkdownGeneration/ScribanHelpersLargeValueTests.cs(18,17): error SA1600: Elements should be documented [/home/runner/work/tfplan2md/tfplan2md/src/tests/Oocx.TfPlan2Md.TUnit/Oocx.TfPlan2Md.TUnit.csproj]
/home/runner/work/tfplan2md/tfplan2md/src/tests/Oocx.TfPlan2Md.TUnit/MarkdownGeneration/ScribanHelpersLargeValueTests.cs(11,17): error SA1600: Elements should be documented [/home/runner/work/tfplan2md/tfplan2md/src/tests/Oocx.TfPlan2Md.TUnit/Oocx.TfPlan2Md.TUnit.csproj]
/home/runner/work/tfplan2md/tfplan2md/src/tests/Oocx.TfPlan2Md.TUnit/MarkdownGeneration/ScribanHelpersLargeValueTests.cs(25,17): error SA1600: Elements should be documented [/home/runner/work/tfplan2md/tfplan2md/src/tests/Oocx.TfPlan2Md.TUnit/Oocx.TfPlan2Md.TUnit.csproj]
/home/runner/work/tfplan2md/tfplan2md/src/tests/Oocx.TfPlan2Md.TUnit/MarkdownGeneration/ScribanHelpersLargeValueTests.cs(34,17): error SA1600: Elements should be documented [/home/runner/work/tfplan2md/tfplan2md/src/tests/Oocx.TfPlan2Md.TUnit/Oocx.TfPlan2Md.TUnit.csproj]
/home/runner/work/tfplan2md/tfplan2md/src/tests/Oocx.TfPlan2Md.TUnit/MarkdownGeneration/ScribanHelpersLargeValueTests.cs(43,17): error SA1600: Elements should be documented [/home/runner/work/tfplan2md/tfplan2md/src/tests/Oocx.TfPlan2Md.TUnit/Oocx.TfPlan2Md.TUnit.csproj]
/home/runner/work/tfplan2md/tfplan2md/src/tests/Oocx.TfPlan2Md.TUnit/MarkdownGeneration/ScribanHelpersLargeValueTests.cs(55,17): error SA1600: Elements should be documented [/home/runner/work/tfplan2md/tfplan2md/src/tests/Oocx.TfPlan2Md.TUnit/Oocx.TfPlan2Md.TUnit.csproj]
/home/runner/work/tfplan2md/tfplan2md/src/tests/Oocx.TfPlan2Md.TUnit/MarkdownGeneration/ScribanHelpersLargeValueTests.cs(67,17): error SA1600: Elements should be documented [/home/runner/work/tfplan2md/tfplan2md/src/tests/Oocx.TfPlan2Md.TUnit/Oocx.TfPlan2Md.TUnit.csproj]
/home/runner/work/tfplan2md/tfplan2md/src/tests/Oocx.TfPlan2Md.TUnit/MarkdownGeneration/ScribanHelpersLargeValueTests.cs(78,17): error SA1600: Elements should be documented [/home/runner/work/tfplan2md/tfplan2md/src/tests/Oocx.TfPlan2Md.TUnit/Oocx.TfPlan2Md.TUnit.csproj]
/home/runner/work/tfplan2md/tfplan2md/src/tests/Oocx.TfPlan2Md.TUnit/MarkdownGeneration/ScribanHelpersLargeValueTests.cs(95,17): error SA1600: Elements should be documented [/home/runner/work/tfplan2md/tfplan2md/src/tests/Oocx.TfPlan2Md.TUnit/Oocx.TfPlan2Md.TUnit.csproj]
/home/runner/work/tfplan2md/tfplan2md/src/tests/Oocx.TfPlan2Md.TUnit/MarkdownGeneration/ScribanHelpersLargeValueTests.cs(112,17): error SA1600: Elements should be documented [/home/runner/work/tfplan2md/tfplan2md/src/tests/Oocx.TfPlan2Md.TUnit/Oocx.TfPlan2Md.TUnit.csproj]
/home/runner/work/tfplan2md/tfplan2md/src/tests/Oocx.TfPlan2Md.TUnit/MarkdownGeneration/ScribanHelpersTests.cs(11,14): error SA1600: Elements should be documented [/home/runner/work/tfplan2md/tfplan2md/src/tests/Oocx.TfPlan2Md.TUnit/Oocx.TfPlan2Md.TUnit.csproj]
/home/runner/work/tfplan2md/tfplan2md/src/tests/Oocx.TfPlan2Md.TUnit/MarkdownGeneration/ScribanHelpersTests.cs(14,17): error SA1600: Elements should be documented [/home/runner/work/tfplan2md/tfplan2md/src/tests/Oocx.TfPlan2Md.TUnit/Oocx.TfPlan2Md.TUnit.csproj]
/home/runner/work/tfplan2md/tfplan2md/src/tests/Oocx.TfPlan2Md.TUnit/MarkdownGeneration/ScribanHelpersTests.cs(42,17): error SA1600: Elements should be documented [/home/runner/work/tfplan2md/tfplan2md/src/tests/Oocx.TfPlan2Md.TUnit/Oocx.TfPlan2Md.TUnit.csproj]
/home/runner/work/tfplan2md/tfplan2md/src/tests/Oocx.TfPlan2Md.TUnit/MarkdownGeneration/ScribanHelpersTests.cs(70,17): error SA1600: Elements should be documented [/home/runner/work/tfplan2md/tfplan2md/src/tests/Oocx.TfPlan2Md.TUnit/Oocx.TfPlan2Md.TUnit.csproj]
/home/runner/work/tfplan2md/tfplan2md/src/tests/Oocx.TfPlan2Md.TUnit/MarkdownGeneration/ScribanHelpersTests.cs(104,17): error SA1600: Elements should be documented [/home/runner/work/tfplan2md/tfplan2md/src/tests/Oocx.TfPlan2Md.TUnit/Oocx.TfPlan2Md.TUnit.csproj]
/home/runner/work/tfplan2md/tfplan2md/src/tests/Oocx.TfPlan2Md.TUnit/MarkdownGeneration/ScribanHelpersTests.cs(135,17): error SA1600: Elements should be documented [/home/runner/work/tfplan2md/tfplan2md/src/tests/Oocx.TfPlan2Md.TUnit/Oocx.TfPlan2Md.TUnit.csproj]
/home/runner/work/tfplan2md/tfplan2md/src/tests/Oocx.TfPlan2Md.TUnit/MarkdownGeneration/ScribanHelpersTests.cs(165,17): error SA1600: Elements should be documented [/home/runner/work/tfplan2md/tfplan2md/src/tests/Oocx.TfPlan2Md.TUnit/Oocx.TfPlan2Md.TUnit.csproj]
/home/runner/work/tfplan2md/tfplan2md/src/tests/Oocx.TfPlan2Md.TUnit/MarkdownGeneration/ScribanHelpersTests.cs(207,17): error SA1600: Elements should be documented [/home/runner/work/tfplan2md/tfplan2md/src/tests/Oocx.TfPlan2Md.TUnit/Oocx.TfPlan2Md.TUnit.csproj]
/home/runner/work/tfplan2md/tfplan2md/src/tests/Oocx.TfPlan2Md.TUnit/MarkdownGeneration/ScribanHelpersTests.cs(186,17): error SA1600: Elements should be documented [/home/runner/work/tfplan2md/tfplan2md/src/tests/Oocx.TfPlan2Md.TUnit/Oocx.TfPlan2Md.TUnit.csproj]
/home/runner/work/tfplan2md/tfplan2md/src/tests/Oocx.TfPlan2Md.TUnit/MarkdownGeneration/ScribanHelpersTests.cs(218,17): error SA1600: Elements should be documented [/home/runner/work/tfplan2md/tfplan2md/src/tests/Oocx.TfPlan2Md.TUnit/Oocx.TfPlan2Md.TUnit.csproj]
/home/runner/work/tfplan2md/tfplan2md/src/tests/Oocx.TfPlan2Md.TUnit/MarkdownGeneration/ScribanHelpersTests.cs(229,17): error SA1600: Elements should be documented [/home/runner/work/tfplan2md/tfplan2md/src/tests/Oocx.TfPlan2Md.TUnit/Oocx.TfPlan2Md.TUnit.csproj]
/home/runner/work/tfplan2md/tfplan2md/src/tests/Oocx.TfPlan2Md.TUnit/MarkdownGeneration/ScribanHelpersTests.cs(247,17): error SA1600: Elements should be documented [/home/runner/work/tfplan2md/tfplan2md/src/tests/Oocx.TfPlan2Md.TUnit/Oocx.TfPlan2Md.TUnit.csproj]
/home/runner/work/tfplan2md/tfplan2md/src/tests/Oocx.TfPlan2Md.TUnit/MarkdownGeneration/ScribanHelpersTests.cs(287,17): error SA1600: Elements should be documented [/home/runner/work/tfplan2md/tfplan2md/src/tests/Oocx.TfPlan2Md.TUnit/Oocx.TfPlan2Md.TUnit.csproj]
/home/runner/work/tfplan2md/tfplan2md/src/tests/Oocx.TfPlan2Md.TUnit/MarkdownGeneration/ScribanHelpersTests.cs(265,17): error SA1600: Elements should be documented [/home/runner/work/tfplan2md/tfplan2md/src/tests/Oocx.TfPlan2Md.TUnit/Oocx.TfPlan2Md.TUnit.csproj]
/home/runner/work/tfplan2md/tfplan2md/src/tests/Oocx.TfPlan2Md.TUnit/MarkdownGeneration/ScribanHelpersTests.cs(312,17): error SA1600: Elements should be documented [/home/runner/work/tfplan2md/tfplan2md/src/tests/Oocx.TfPlan2Md.TUnit/Oocx.TfPlan2Md.TUnit.csproj]
/home/runner/work/tfplan2md/tfplan2md/src/tests/Oocx.TfPlan2Md.TUnit/MarkdownGeneration/ScribanHelpersTests.cs(337,17): error SA1600: Elements should be documented [/home/runner/work/tfplan2md/tfplan2md/src/tests/Oocx.TfPlan2Md.TUnit/Oocx.TfPlan2Md.TUnit.csproj]
/home/runner/work/tfplan2md/tfplan2md/src/tests/Oocx.TfPlan2Md.TUnit/MarkdownGeneration/ScribanTemplateLoaderTests.cs(10,14): error SA1600: Elements should be documented [/home/runner/work/tfplan2md/tfplan2md/src/tests/Oocx.TfPlan2Md.TUnit/Oocx.TfPlan2Md.TUnit.csproj]
/home/runner/work/tfplan2md/tfplan2md/src/tests/Oocx.TfPlan2Md.TUnit/MarkdownGeneration/ScribanTemplateLoaderTests.cs(13,17): error SA1600: Elements should be documented [/home/runner/work/tfplan2md/tfplan2md/src/tests/Oocx.TfPlan2Md.TUnit/Oocx.TfPlan2Md.TUnit.csproj]
/home/runner/work/tfplan2md/tfplan2md/src/tests/Oocx.TfPlan2Md.TUnit/MarkdownGeneration/ScribanTemplateLoaderTests.cs(24,17): error SA1600: Elements should be documented [/home/runner/work/tfplan2md/tfplan2md/src/tests/Oocx.TfPlan2Md.TUnit/Oocx.TfPlan2Md.TUnit.csproj]
/home/runner/work/tfplan2md/tfplan2md/src/tests/Oocx.TfPlan2Md.TUnit/MarkdownGeneration/ScribanTemplateLoaderTests.cs(45,17): error SA1600: Elements should be documented [/home/runner/work/tfplan2md/tfplan2md/src/tests/Oocx.TfPlan2Md.TUnit/Oocx.TfPlan2Md.TUnit.csproj]
/home/runner/work/tfplan2md/tfplan2md/src/tests/Oocx.TfPlan2Md.TUnit/MarkdownGeneration/ScribanTemplateLoaderTests.cs(70,17): error SA1600: Elements should be documented [/home/runner/work/tfplan2md/tfplan2md/src/tests/Oocx.TfPlan2Md.TUnit/Oocx.TfPlan2Md.TUnit.csproj]
/home/runner/work/tfplan2md/tfplan2md/src/tests/Oocx.TfPlan2Md.TUnit/MarkdownGeneration/ScribanTemplateLoaderTests.cs(81,17): error SA1600: Elements should be documented [/home/runner/work/tfplan2md/tfplan2md/src/tests/Oocx.TfPlan2Md.TUnit/Oocx.TfPlan2Md.TUnit.csproj]
/home/runner/work/tfplan2md/tfplan2md/src/tests/Oocx.TfPlan2Md.TUnit/MarkdownGeneration/Summaries/ResourceSummaryBuilderTests.cs(9,14): error SA1600: Elements should be documented [/home/runner/work/tfplan2md/tfplan2md/src/tests/Oocx.TfPlan2Md.TUnit/Oocx.TfPlan2Md.TUnit.csproj]
/home/runner/work/tfplan2md/tfplan2md/src/tests/Oocx.TfPlan2Md.TUnit/MarkdownGeneration/Summaries/ResourceSummaryBuilderTests.cs(14,17): error SA1600: Elements should be documented [/home/runner/work/tfplan2md/tfplan2md/src/tests/Oocx.TfPlan2Md.TUnit/Oocx.TfPlan2Md.TUnit.csproj]
/home/runner/work/tfplan2md/tfplan2md/src/tests/Oocx.TfPlan2Md.TUnit/MarkdownGeneration/Summaries/ResourceSummaryBuilderTests.cs(28,17): error SA1600: Elements should be documented [/home/runner/work/tfplan2md/tfplan2md/src/tests/Oocx.TfPlan2Md.TUnit/Oocx.TfPlan2Md.TUnit.csproj]
/home/runner/work/tfplan2md/tfplan2md/src/tests/Oocx.TfPlan2Md.TUnit/MarkdownGeneration/Summaries/ResourceSummaryBuilderTests.cs(42,17): error SA1600: Elements should be documented [/home/runner/work/tfplan2md/tfplan2md/src/tests/Oocx.TfPlan2Md.TUnit/Oocx.TfPlan2Md.TUnit.csproj]
/home/runner/work/tfplan2md/tfplan2md/src/tests/Oocx.TfPlan2Md.TUnit/MarkdownGeneration/Summaries/ResourceSummaryBuilderTests.cs(56,17): error SA1600: Elements should be documented [/home/runner/work/tfplan2md/tfplan2md/src/tests/Oocx.TfPlan2Md.TUnit/Oocx.TfPlan2Md.TUnit.csproj]
/home/runner/work/tfplan2md/tfplan2md/src/tests/Oocx.TfPlan2Md.TUnit/MarkdownGeneration/Summaries/ResourceSummaryBuilderTests.cs(75,17): error SA1600: Elements should be documented [/home/runner/work/tfplan2md/tfplan2md/src/tests/Oocx.TfPlan2Md.TUnit/Oocx.TfPlan2Md.TUnit.csproj]
/home/runner/work/tfplan2md/tfplan2md/src/tests/Oocx.TfPlan2Md.TUnit/MarkdownGeneration/Summaries/ResourceSummaryBuilderTests.cs(96,17): error SA1600: Elements should be documented [/home/runner/work/tfplan2md/tfplan2md/src/tests/Oocx.TfPlan2Md.TUnit/Oocx.TfPlan2Md.TUnit.csproj]
/home/runner/work/tfplan2md/tfplan2md/src/tests/Oocx.TfPlan2Md.TUnit/MarkdownGeneration/Summaries/ResourceSummaryBuilderTests.cs(115,17): error SA1600: Elements should be documented [/home/runner/work/tfplan2md/tfplan2md/src/tests/Oocx.TfPlan2Md.TUnit/Oocx.TfPlan2Md.TUnit.csproj]
/home/runner/work/tfplan2md/tfplan2md/src/tests/Oocx.TfPlan2Md.TUnit/MarkdownGeneration/Summaries/ResourceSummaryBuilderTests.cs(134,17): error SA1600: Elements should be documented [/home/runner/work/tfplan2md/tfplan2md/src/tests/Oocx.TfPlan2Md.TUnit/Oocx.TfPlan2Md.TUnit.csproj]
/home/runner/work/tfplan2md/tfplan2md/src/tests/Oocx.TfPlan2Md.TUnit/MarkdownGeneration/Summaries/ResourceSummaryBuilderTests.cs(148,17): error SA1600: Elements should be documented [/home/runner/work/tfplan2md/tfplan2md/src/tests/Oocx.TfPlan2Md.TUnit/Oocx.TfPlan2Md.TUnit.csproj]
/home/runner/work/tfplan2md/tfplan2md/src/tests/Oocx.TfPlan2Md.TUnit/MarkdownGeneration/ScribanHelpersSemanticFormattingTests.cs(7,14): error SA1600: Elements should be documented [/home/runner/work/tfplan2md/tfplan2md/src/tests/Oocx.TfPlan2Md.TUnit/Oocx.TfPlan2Md.TUnit.csproj]
/home/runner/work/tfplan2md/tfplan2md/src/tests/Oocx.TfPlan2Md.TUnit/MarkdownGeneration/ScribanHelpersSemanticFormattingTests.cs(10,17): error SA1600: Elements should be documented [/home/runner/work/tfplan2md/tfplan2md/src/tests/Oocx.TfPlan2Md.TUnit/Oocx.TfPlan2Md.TUnit.csproj]
/home/runner/work/tfplan2md/tfplan2md/src/tests/Oocx.TfPlan2Md.TUnit/MarkdownGeneration/ScribanHelpersSemanticFormattingTests.cs(18,17): error SA1600: Elements should be documented [/home/runner/work/tfplan2md/tfplan2md/src/tests/Oocx.TfPlan2Md.TUnit/Oocx.TfPlan2Md.TUnit.csproj]
/home/runner/work/tfplan2md/tfplan2md/src/tests/Oocx.TfPlan2Md.TUnit/MarkdownGeneration/ScribanHelpersSemanticFormattingTests.cs(26,17): error SA1600: Elements should be documented [/home/runner/work/tfplan2md/tfplan2md/src/tests/Oocx.TfPlan2Md.TUnit/Oocx.TfPlan2Md.TUnit.csproj]
/home/runner/work/tfplan2md/tfplan2md/src/tests/Oocx.TfPlan2Md.TUnit/MarkdownGeneration/ScribanHelpersSemanticFormattingTests.cs(34,17): error SA1600: Elements should be documented [/home/runner/work/tfplan2md/tfplan2md/src/tests/Oocx.TfPlan2Md.TUnit/Oocx.TfPlan2Md.TUnit.csproj]
/home/runner/work/tfplan2md/tfplan2md/src/tests/Oocx.TfPlan2Md.TUnit/MarkdownGeneration/ScribanHelpersSemanticFormattingTests.cs(42,17): error SA1600: Elements should be documented [/home/runner/work/tfplan2md/tfplan2md/src/tests/Oocx.TfPlan2Md.TUnit/Oocx.TfPlan2Md.TUnit.csproj]
/home/runner/work/tfplan2md/tfplan2md/src/tests/Oocx.TfPlan2Md.TUnit/MarkdownGeneration/ScribanHelpersSemanticFormattingTests.cs(50,17): error SA1600: Elements should be documented [/home/runner/work/tfplan2md/tfplan2md/src/tests/Oocx.TfPlan2Md.TUnit/Oocx.TfPlan2Md.TUnit.csproj]
/home/runner/work/tfplan2md/tfplan2md/src/tests/Oocx.TfPlan2Md.TUnit/MarkdownGeneration/ScribanHelpersSemanticFormattingTests.cs(58,17): error SA1600: Elements should be documented [/home/runner/work/tfplan2md/tfplan2md/src/tests/Oocx.TfPlan2Md.TUnit/Oocx.TfPlan2Md.TUnit.csproj]
/home/runner/work/tfplan2md/tfplan2md/src/tests/Oocx.TfPlan2Md.TUnit/MarkdownGeneration/ScribanHelpersSemanticFormattingTests.cs(66,17): error SA1600: Elements should be documented [/home/runner/work/tfplan2md/tfplan2md/src/tests/Oocx.TfPlan2Md.TUnit/Oocx.TfPlan2Md.TUnit.csproj]
/home/runner/work/tfplan2md/tfplan2md/src/tests/Oocx.TfPlan2Md.TUnit/MarkdownGeneration/ScribanHelpersSemanticFormattingTests.cs(74,17): error SA1600: Elements should be documented [/home/runner/work/tfplan2md/tfplan2md/src/tests/Oocx.TfPlan2Md.TUnit/Oocx.TfPlan2Md.TUnit.csproj]
/home/runner/work/tfplan2md/tfplan2md/src/tests/Oocx.TfPlan2Md.TUnit/MarkdownGeneration/ScribanHelpersSemanticFormattingTests.cs(82,17): error SA1600: Elements should be documented [/home/runner/work/tfplan2md/tfplan2md/src/tests/Oocx.TfPlan2Md.TUnit/Oocx.TfPlan2Md.TUnit.csproj]
/home/runner/work/tfplan2md/tfplan2md/src/tests/Oocx.TfPlan2Md.TUnit/MarkdownGeneration/ScribanHelpersSemanticFormattingTests.cs(90,17): error SA1600: Elements should be documented [/home/runner/work/tfplan2md/tfplan2md/src/tests/Oocx.TfPlan2Md.TUnit/Oocx.TfPlan2Md.TUnit.csproj]
/home/runner/work/tfplan2md/tfplan2md/src/tests/Oocx.TfPlan2Md.TUnit/MarkdownGeneration/ScribanHelpersSemanticFormattingTests.cs(98,17): error SA1600: Elements should be documented [/home/runner/work/tfplan2md/tfplan2md/src/tests/Oocx.TfPlan2Md.TUnit/Oocx.TfPlan2Md.TUnit.csproj]
/home/runner/work/tfplan2md/tfplan2md/src/tests/Oocx.TfPlan2Md.TUnit/MarkdownGeneration/TemplateArchitectureTests.cs(180,18): error SA1651: Do not use placeholder elements [/home/runner/work/tfplan2md/tfplan2md/src/tests/Oocx.TfPlan2Md.TUnit/Oocx.TfPlan2Md.TUnit.csproj]
/home/runner/work/tfplan2md/tfplan2md/src/tests/Oocx.TfPlan2Md.TUnit/MarkdownGeneration/VariableGroupTemplateTests.cs(22,17): error SA1600: Elements should be documented [/home/runner/work/tfplan2md/tfplan2md/src/tests/Oocx.TfPlan2Md.TUnit/Oocx.TfPlan2Md.TUnit.csproj]
/home/runner/work/tfplan2md/tfplan2md/src/tests/Oocx.TfPlan2Md.TUnit/MarkdownGeneration/VariableGroupTemplateTests.cs(42,17): error SA1600: Elements should be documented [/home/runner/work/tfplan2md/tfplan2md/src/tests/Oocx.TfPlan2Md.TUnit/Oocx.TfPlan2Md.TUnit.csproj]
/home/runner/work/tfplan2md/tfplan2md/src/tests/Oocx.TfPlan2Md.TUnit/MarkdownGeneration/VariableGroupTemplateTests.cs(64,17): error SA1600: Elements should be documented [/home/runner/work/tfplan2md/tfplan2md/src/tests/Oocx.TfPlan2Md.TUnit/Oocx.TfPlan2Md.TUnit.csproj]
/home/runner/work/tfplan2md/tfplan2md/src/tests/Oocx.TfPlan2Md.TUnit/MarkdownGeneration/VariableGroupTemplateTests.cs(80,17): error SA1600: Elements should be documented [/home/runner/work/tfplan2md/tfplan2md/src/tests/Oocx.TfPlan2Md.TUnit/Oocx.TfPlan2Md.TUnit.csproj]
/home/runner/work/tfplan2md/tfplan2md/src/tests/Oocx.TfPlan2Md.TUnit/MarkdownGeneration/VariableGroupTemplateTests.cs(97,17): error SA1600: Elements should be documented [/home/runner/work/tfplan2md/tfplan2md/src/tests/Oocx.TfPlan2Md.TUnit/Oocx.TfPlan2Md.TUnit.csproj]
/home/runner/work/tfplan2md/tfplan2md/src/tests/Oocx.TfPlan2Md.TUnit/MarkdownGeneration/VariableGroupTemplateTests.cs(114,17): error SA1600: Elements should be documented [/home/runner/work/tfplan2md/tfplan2md/src/tests/Oocx.TfPlan2Md.TUnit/Oocx.TfPlan2Md.TUnit.csproj]
/home/runner/work/tfplan2md/tfplan2md/src/tests/Oocx.TfPlan2Md.TUnit/MarkdownGeneration/VariableGroupTemplateTests.cs(132,17): error SA1600: Elements should be documented [/home/runner/work/tfplan2md/tfplan2md/src/tests/Oocx.TfPlan2Md.TUnit/Oocx.TfPlan2Md.TUnit.csproj]
/home/runner/work/tfplan2md/tfplan2md/src/tests/Oocx.TfPlan2Md.TUnit/MarkdownGeneration/VariableGroupTemplateTests.cs(146,17): error SA1600: Elements should be documented [/home/runner/work/tfplan2md/tfplan2md/src/tests/Oocx.TfPlan2Md.TUnit/Oocx.TfPlan2Md.TUnit.csproj]
/home/runner/work/tfplan2md/tfplan2md/src/tests/Oocx.TfPlan2Md.TUnit/Parsing/ReplacePathsConverterTests.cs(15,17): error SA1600: Elements should be documented [/home/runner/work/tfplan2md/tfplan2md/src/tests/Oocx.TfPlan2Md.TUnit/Oocx.TfPlan2Md.TUnit.csproj]
/home/runner/work/tfplan2md/tfplan2md/src/tests/Oocx.TfPlan2Md.TUnit/Parsing/TerraformPlanParserReplacePathsTests.cs(7,14): error SA1600: Elements should be documented [/home/runner/work/tfplan2md/tfplan2md/src/tests/Oocx.TfPlan2Md.TUnit/Oocx.TfPlan2Md.TUnit.csproj]
/home/runner/work/tfplan2md/tfplan2md/src/tests/Oocx.TfPlan2Md.TUnit/Parsing/TerraformPlanParserReplacePathsTests.cs(10,17): error SA1600: Elements should be documented [/home/runner/work/tfplan2md/tfplan2md/src/tests/Oocx.TfPlan2Md.TUnit/Oocx.TfPlan2Md.TUnit.csproj]
/home/runner/work/tfplan2md/tfplan2md/src/tests/Oocx.TfPlan2Md.TUnit/Parsing/TerraformPlanParserTests.cs(7,14): error SA1600: Elements should be documented [/home/runner/work/tfplan2md/tfplan2md/src/tests/Oocx.TfPlan2Md.TUnit/Oocx.TfPlan2Md.TUnit.csproj]
/home/runner/work/tfplan2md/tfplan2md/src/tests/Oocx.TfPlan2Md.TUnit/Parsing/TerraformPlanParserTests.cs(12,17): error SA1600: Elements should be documented [/home/runner/work/tfplan2md/tfplan2md/src/tests/Oocx.TfPlan2Md.TUnit/Oocx.TfPlan2Md.TUnit.csproj]
/home/runner/work/tfplan2md/tfplan2md/src/tests/Oocx.TfPlan2Md.TUnit/Parsing/TerraformPlanParserTests.cs(26,17): error SA1600: Elements should be documented [/home/runner/work/tfplan2md/tfplan2md/src/tests/Oocx.TfPlan2Md.TUnit/Oocx.TfPlan2Md.TUnit.csproj]
/home/runner/work/tfplan2md/tfplan2md/src/tests/Oocx.TfPlan2Md.TUnit/Parsing/TerraformPlanParserTests.cs(39,17): error SA1600: Elements should be documented [/home/runner/work/tfplan2md/tfplan2md/src/tests/Oocx.TfPlan2Md.TUnit/Oocx.TfPlan2Md.TUnit.csproj]
/home/runner/work/tfplan2md/tfplan2md/src/tests/Oocx.TfPlan2Md.TUnit/Parsing/TerraformPlanParserTests.cs(54,17): error SA1600: Elements should be documented [/home/runner/work/tfplan2md/tfplan2md/src/tests/Oocx.TfPlan2Md.TUnit/Oocx.TfPlan2Md.TUnit.csproj]
/home/runner/work/tfplan2md/tfplan2md/src/tests/Oocx.TfPlan2Md.TUnit/Parsing/TerraformPlanParserTests.cs(69,17): error SA1600: Elements should be documented [/home/runner/work/tfplan2md/tfplan2md/src/tests/Oocx.TfPlan2Md.TUnit/Oocx.TfPlan2Md.TUnit.csproj]
/home/runner/work/tfplan2md/tfplan2md/src/tests/Oocx.TfPlan2Md.TUnit/Parsing/TerraformPlanParserTests.cs(84,17): error SA1600: Elements should be documented [/home/runner/work/tfplan2md/tfplan2md/src/tests/Oocx.TfPlan2Md.TUnit/Oocx.TfPlan2Md.TUnit.csproj]
/home/runner/work/tfplan2md/tfplan2md/src/tests/Oocx.TfPlan2Md.TUnit/Parsing/TerraformPlanParserTests.cs(100,17): error SA1600: Elements should be documented [/home/runner/work/tfplan2md/tfplan2md/src/tests/Oocx.TfPlan2Md.TUnit/Oocx.TfPlan2Md.TUnit.csproj]
/home/runner/work/tfplan2md/tfplan2md/src/tests/Oocx.TfPlan2Md.TUnit/Parsing/TerraformPlanParserTests.cs(114,17): error SA1600: Elements should be documented [/home/runner/work/tfplan2md/tfplan2md/src/tests/Oocx.TfPlan2Md.TUnit/Oocx.TfPlan2Md.TUnit.csproj]
/home/runner/work/tfplan2md/tfplan2md/src/tests/Oocx.TfPlan2Md.TUnit/Parsing/TerraformPlanParserTests.cs(127,17): error SA1600: Elements should be documented [/home/runner/work/tfplan2md/tfplan2md/src/tests/Oocx.TfPlan2Md.TUnit/Oocx.TfPlan2Md.TUnit.csproj]
/home/runner/work/tfplan2md/tfplan2md/src/tests/Oocx.TfPlan2Md.TUnit/Parsing/TerraformPlanParserTests.cs(140,17): error SA1600: Elements should be documented [/home/runner/work/tfplan2md/tfplan2md/src/tests/Oocx.TfPlan2Md.TUnit/Oocx.TfPlan2Md.TUnit.csproj]
/home/runner/work/tfplan2md/tfplan2md/src/tests/Oocx.TfPlan2Md.TUnit/Parsing/TerraformPlanParserTests.cs(155,17): error SA1600: Elements should be documented [/home/runner/work/tfplan2md/tfplan2md/src/tests/Oocx.TfPlan2Md.TUnit/Oocx.TfPlan2Md.TUnit.csproj]
/home/runner/work/tfplan2md/tfplan2md/src/tests/Oocx.TfPlan2Md.TUnit/Parsing/TerraformPlanParserTests.cs(170,17): error SA1600: Elements should be documented [/home/runner/work/tfplan2md/tfplan2md/src/tests/Oocx.TfPlan2Md.TUnit/Oocx.TfPlan2Md.TUnit.csproj]
/home/runner/work/tfplan2md/tfplan2md/src/tests/Oocx.TfPlan2Md.TUnit/Parsing/TerraformPlanParserTests.cs(185,17): error SA1600: Elements should be documented [/home/runner/work/tfplan2md/tfplan2md/src/tests/Oocx.TfPlan2Md.TUnit/Oocx.TfPlan2Md.TUnit.csproj]
/home/runner/work/tfplan2md/tfplan2md/src/tests/Oocx.TfPlan2Md.TUnit/Parsing/TerraformPlanParserTests.cs(199,17): error SA1600: Elements should be documented [/home/runner/work/tfplan2md/tfplan2md/src/tests/Oocx.TfPlan2Md.TUnit/Oocx.TfPlan2Md.TUnit.csproj]
/home/runner/work/tfplan2md/tfplan2md/src/tests/Oocx.TfPlan2Md.TUnit/Parsing/TerraformPlanParserTests.cs(213,17): error SA1600: Elements should be documented [/home/runner/work/tfplan2md/tfplan2md/src/tests/Oocx.TfPlan2Md.TUnit/Oocx.TfPlan2Md.TUnit.csproj]
/home/runner/work/tfplan2md/tfplan2md/src/tests/Oocx.TfPlan2Md.TUnit/TerraformShowRenderer/TerraformShowCliParserTests.cs(41,18): error SA1651: Do not use placeholder elements [/home/runner/work/tfplan2md/tfplan2md/src/tests/Oocx.TfPlan2Md.TUnit/Oocx.TfPlan2Md.TUnit.csproj]
/home/runner/work/tfplan2md/tfplan2md/src/tests/Oocx.TfPlan2Md.TUnit/TerraformShowRenderer/TerraformShowCliParserTests.cs(58,18): error SA1651: Do not use placeholder elements [/home/runner/work/tfplan2md/tfplan2md/src/tests/Oocx.TfPlan2Md.TUnit/Oocx.TfPlan2Md.TUnit.csproj]
/home/runner/work/tfplan2md/tfplan2md/src/tests/Oocx.TfPlan2Md.TUnit/TerraformShowRenderer/TerraformShowCliParserTests.cs(73,18): error SA1651: Do not use placeholder elements [/home/runner/work/tfplan2md/tfplan2md/src/tests/Oocx.TfPlan2Md.TUnit/Oocx.TfPlan2Md.TUnit.csproj]
/home/runner/work/tfplan2md/tfplan2md/src/tests/Oocx.TfPlan2Md.TUnit/TerraformShowRenderer/TerraformShowCliParserTests.cs(87,18): error SA1651: Do not use placeholder elements [/home/runner/work/tfplan2md/tfplan2md/src/tests/Oocx.TfPlan2Md.TUnit/Oocx.TfPlan2Md.TUnit.csproj]
/home/runner/work/tfplan2md/tfplan2md/src/tests/Oocx.TfPlan2Md.TUnit/TerraformShowRenderer/TerraformShowCliParserTests.cs(101,18): error SA1651: Do not use placeholder elements [/home/runner/work/tfplan2md/tfplan2md/src/tests/Oocx.TfPlan2Md.TUnit/Oocx.TfPlan2Md.TUnit.csproj]
/home/runner/work/tfplan2md/tfplan2md/src/tests/Oocx.TfPlan2Md.TUnit/TerraformShowRenderer/TerraformShowCliParserTests.cs(115,18): error SA1651: Do not use placeholder elements [/home/runner/work/tfplan2md/tfplan2md/src/tests/Oocx.TfPlan2Md.TUnit/Oocx.TfPlan2Md.TUnit.csproj]
/home/runner/work/tfplan2md/tfplan2md/src/tests/Oocx.TfPlan2Md.TUnit/TerraformShowRenderer/TerraformShowRendererTests.cs(21,18): error SA1651: Do not use placeholder elements [/home/runner/work/tfplan2md/tfplan2md/src/tests/Oocx.TfPlan2Md.TUnit/Oocx.TfPlan2Md.TUnit.csproj]
/home/runner/work/tfplan2md/tfplan2md/src/tests/Oocx.TfPlan2Md.TUnit/TerraformShowRenderer/TerraformShowRendererTests.cs(40,18): error SA1651: Do not use placeholder elements [/home/runner/work/tfplan2md/tfplan2md/src/tests/Oocx.TfPlan2Md.TUnit/Oocx.TfPlan2Md.TUnit.csproj]
/home/runner/work/tfplan2md/tfplan2md/src/tests/Oocx.TfPlan2Md.TUnit/TerraformShowRenderer/TerraformShowRendererTests.cs(58,18): error SA1651: Do not use placeholder elements [/home/runner/work/tfplan2md/tfplan2md/src/tests/Oocx.TfPlan2Md.TUnit/Oocx.TfPlan2Md.TUnit.csproj]
/home/runner/work/tfplan2md/tfplan2md/src/tests/Oocx.TfPlan2Md.TUnit/TerraformShowRenderer/TerraformShowRendererTests.cs(77,18): error SA1651: Do not use placeholder elements [/home/runner/work/tfplan2md/tfplan2md/src/tests/Oocx.TfPlan2Md.TUnit/Oocx.TfPlan2Md.TUnit.csproj]
/home/runner/work/tfplan2md/tfplan2md/src/tests/Oocx.TfPlan2Md.TUnit/TerraformShowRenderer/TerraformShowRendererTests.cs(97,18): error SA1651: Do not use placeholder elements [/home/runner/work/tfplan2md/tfplan2md/src/tests/Oocx.TfPlan2Md.TUnit/Oocx.TfPlan2Md.TUnit.csproj]
/home/runner/work/tfplan2md/tfplan2md/src/tests/Oocx.TfPlan2Md.TUnit/TerraformShowRenderer/TerraformShowRendererTests.cs(118,18): error SA1651: Do not use placeholder elements [/home/runner/work/tfplan2md/tfplan2md/src/tests/Oocx.TfPlan2Md.TUnit/Oocx.TfPlan2Md.TUnit.csproj]
/home/runner/work/tfplan2md/tfplan2md/src/tests/Oocx.TfPlan2Md.TUnit/TerraformShowRenderer/TerraformShowRendererTests.cs(156,18): error SA1651: Do not use placeholder elements [/home/runner/work/tfplan2md/tfplan2md/src/tests/Oocx.TfPlan2Md.TUnit/Oocx.TfPlan2Md.TUnit.csproj]
/home/runner/work/tfplan2md/tfplan2md/src/tests/Oocx.TfPlan2Md.TUnit/TerraformShowRenderer/TerraformShowRendererTests.cs(137,18): error SA1651: Do not use placeholder elements [/home/runner/work/tfplan2md/tfplan2md/src/tests/Oocx.TfPlan2Md.TUnit/Oocx.TfPlan2Md.TUnit.csproj]
/home/runner/work/tfplan2md/tfplan2md/src/tests/Oocx.TfPlan2Md.TUnit/TerraformShowRenderer/TerraformShowRendererTests.cs(175,18): error SA1651: Do not use placeholder elements [/home/runner/work/tfplan2md/tfplan2md/src/tests/Oocx.TfPlan2Md.TUnit/Oocx.TfPlan2Md.TUnit.csproj]
/home/runner/work/tfplan2md/tfplan2md/src/tests/Oocx.TfPlan2Md.TUnit/TerraformShowRenderer/TerraformShowRendererTests.cs(194,18): error SA1651: Do not use placeholder elements [/home/runner/work/tfplan2md/tfplan2md/src/tests/Oocx.TfPlan2Md.TUnit/Oocx.TfPlan2Md.TUnit.csproj]
/home/runner/work/tfplan2md/tfplan2md/src/tests/Oocx.TfPlan2Md.TUnit/Workflows/ChangelogExtractionTests.cs(19,18): error SA1651: Do not use placeholder elements [/home/runner/work/tfplan2md/tfplan2md/src/tests/Oocx.TfPlan2Md.TUnit/Oocx.TfPlan2Md.TUnit.csproj]
/home/runner/work/tfplan2md/tfplan2md/src/tests/Oocx.TfPlan2Md.TUnit/Workflows/ChangelogExtractionTests.cs(47,18): error SA1651: Do not use placeholder elements [/home/runner/work/tfplan2md/tfplan2md/src/tests/Oocx.TfPlan2Md.TUnit/Oocx.TfPlan2Md.TUnit.csproj]
/home/runner/work/tfplan2md/tfplan2md/src/tests/Oocx.TfPlan2Md.TUnit/Workflows/ChangelogExtractionTests.cs(75,18): error SA1651: Do not use placeholder elements [/home/runner/work/tfplan2md/tfplan2md/src/tests/Oocx.TfPlan2Md.TUnit/Oocx.TfPlan2Md.TUnit.csproj]
/home/runner/work/tfplan2md/tfplan2md/src/tests/Oocx.TfPlan2Md.TUnit/Workflows/ChangelogExtractionTests.cs(121,18): error SA1651: Do not use placeholder elements [/home/runner/work/tfplan2md/tfplan2md/src/tests/Oocx.TfPlan2Md.TUnit/Oocx.TfPlan2Md.TUnit.csproj]
/home/runner/work/tfplan2md/tfplan2md/src/tests/Oocx.TfPlan2Md.TUnit/Workflows/ChangelogExtractionTests.cs(159,18): error SA1651: Do not use placeholder elements [/home/runner/work/tfplan2md/tfplan2md/src/tests/Oocx.TfPlan2Md.TUnit/Oocx.TfPlan2Md.TUnit.csproj]
/home/runner/work/tfplan2md/tfplan2md/src/tests/Oocx.TfPlan2Md.TUnit/Workflows/ChangelogExtractionTests.cs(177,18): error SA1651: Do not use placeholder elements [/home/runner/work/tfplan2md/tfplan2md/src/tests/Oocx.TfPlan2Md.TUnit/Oocx.TfPlan2Md.TUnit.csproj]
/home/runner/work/tfplan2md/tfplan2md/src/tests/Oocx.TfPlan2Md.TUnit/Workflows/ChangelogExtractionTests.cs(195,18): error SA1651: Do not use placeholder elements [/home/runner/work/tfplan2md/tfplan2md/src/tests/Oocx.TfPlan2Md.TUnit/Oocx.TfPlan2Md.TUnit.csproj]
/home/runner/work/tfplan2md/tfplan2md/src/tests/Oocx.TfPlan2Md.TUnit/Workflows/ChangelogExtractionTests.cs(253,18): error SA1651: Do not use placeholder elements [/home/runner/work/tfplan2md/tfplan2md/src/tests/Oocx.TfPlan2Md.TUnit/Oocx.TfPlan2Md.TUnit.csproj]
/home/runner/work/tfplan2md/tfplan2md/src/tests/Oocx.TfPlan2Md.TUnit/Workflows/ChangelogExtractionTests.cs(270,18): error SA1651: Do not use placeholder elements [/home/runner/work/tfplan2md/tfplan2md/src/tests/Oocx.TfPlan2Md.TUnit/Oocx.TfPlan2Md.TUnit.csproj]
/home/runner/work/tfplan2md/tfplan2md/src/tests/Oocx.TfPlan2Md.TUnit/Workflows/ChangelogExtractionTests.cs(298,18): error SA1651: Do not use placeholder elements [/home/runner/work/tfplan2md/tfplan2md/src/tests/Oocx.TfPlan2Md.TUnit/Oocx.TfPlan2Md.TUnit.csproj]
/home/runner/work/tfplan2md/tfplan2md/src/tests/Oocx.TfPlan2Md.TUnit/Workflows/ChangelogExtractionTests.cs(326,18): error SA1651: Do not use placeholder elements [/home/runner/work/tfplan2md/tfplan2md/src/tests/Oocx.TfPlan2Md.TUnit/Oocx.TfPlan2Md.TUnit.csproj]
/home/runner/work/tfplan2md/tfplan2md/src/tests/Oocx.TfPlan2Md.TUnit/Workflows/CoverageEnforcerTests.cs(21,18): error SA1651: Do not use placeholder elements [/home/runner/work/tfplan2md/tfplan2md/src/tests/Oocx.TfPlan2Md.TUnit/Oocx.TfPlan2Md.TUnit.csproj]
/home/runner/work/tfplan2md/tfplan2md/src/tests/Oocx.TfPlan2Md.TUnit/Workflows/CoverageEnforcerTests.cs(37,18): error SA1651: Do not use placeholder elements [/home/runner/work/tfplan2md/tfplan2md/src/tests/Oocx.TfPlan2Md.TUnit/Oocx.TfPlan2Md.TUnit.csproj]
/home/runner/work/tfplan2md/tfplan2md/src/tests/Oocx.TfPlan2Md.TUnit/Workflows/CoverageEnforcerTests.cs(53,18): error SA1651: Do not use placeholder elements [/home/runner/work/tfplan2md/tfplan2md/src/tests/Oocx.TfPlan2Md.TUnit/Oocx.TfPlan2Md.TUnit.csproj]
/home/runner/work/tfplan2md/tfplan2md/src/tests/Oocx.TfPlan2Md.TUnit/Workflows/CoverageEnforcerTests.cs(68,18): error SA1651: Do not use placeholder elements [/home/runner/work/tfplan2md/tfplan2md/src/tests/Oocx.TfPlan2Md.TUnit/Oocx.TfPlan2Md.TUnit.csproj]
/home/runner/work/tfplan2md/tfplan2md/src/tests/Oocx.TfPlan2Md.TUnit/Workflows/CoverageEnforcerTests.cs(86,18): error SA1651: Do not use placeholder elements [/home/runner/work/tfplan2md/tfplan2md/src/tests/Oocx.TfPlan2Md.TUnit/Oocx.TfPlan2Md.TUnit.csproj]
/home/runner/work/tfplan2md/tfplan2md/src/tests/Oocx.TfPlan2Md.TUnit/Workflows/CoverageEnforcerTests.cs(104,18): error SA1651: Do not use placeholder elements [/home/runner/work/tfplan2md/tfplan2md/src/tests/Oocx.TfPlan2Md.TUnit/Oocx.TfPlan2Md.TUnit.csproj]
/home/runner/work/tfplan2md/tfplan2md/src/tests/Oocx.TfPlan2Md.TUnit/Workflows/CoverageEnforcerTests.cs(127,18): error SA1651: Do not use placeholder elements [/home/runner/work/tfplan2md/tfplan2md/src/tests/Oocx.TfPlan2Md.TUnit/Oocx.TfPlan2Md.TUnit.csproj]
/home/runner/work/tfplan2md/tfplan2md/src/tests/Oocx.TfPlan2Md.TUnit/Workflows/CoverageEnforcerTests.cs(146,18): error SA1651: Do not use placeholder elements [/home/runner/work/tfplan2md/tfplan2md/src/tests/Oocx.TfPlan2Md.TUnit/Oocx.TfPlan2Md.TUnit.csproj]
/home/runner/work/tfplan2md/tfplan2md/src/tests/Oocx.TfPlan2Md.TUnit/Workflows/CoverageEnforcerTests.cs(161,18): error SA1651: Do not use placeholder elements [/home/runner/work/tfplan2md/tfplan2md/src/tests/Oocx.TfPlan2Md.TUnit/Oocx.TfPlan2Md.TUnit.csproj]
/home/runner/work/tfplan2md/tfplan2md/src/tests/Oocx.TfPlan2Md.TUnit/Workflows/CoverageEnforcerTests.cs(186,18): error SA1651: Do not use placeholder elements [/home/runner/work/tfplan2md/tfplan2md/src/tests/Oocx.TfPlan2Md.TUnit/Oocx.TfPlan2Md.TUnit.csproj]
/home/runner/work/tfplan2md/tfplan2md/src/tests/Oocx.TfPlan2Md.TUnit/Workflows/CoverageEnforcerTests.cs(217,18): error SA1651: Do not use placeholder elements [/home/runner/work/tfplan2md/tfplan2md/src/tests/Oocx.TfPlan2Md.TUnit/Oocx.TfPlan2Md.TUnit.csproj]
/home/runner/work/tfplan2md/tfplan2md/src/tests/Oocx.TfPlan2Md.TUnit/Workflows/CoverageEnforcerTests.cs(236,18): error SA1651: Do not use placeholder elements [/home/runner/work/tfplan2md/tfplan2md/src/tests/Oocx.TfPlan2Md.TUnit/Oocx.TfPlan2Md.TUnit.csproj]
/home/runner/work/tfplan2md/tfplan2md/src/tests/Oocx.TfPlan2Md.TUnit/Workflows/CoverageEnforcerTests.cs(280,18): error SA1651: Do not use placeholder elements [/home/runner/work/tfplan2md/tfplan2md/src/tests/Oocx.TfPlan2Md.TUnit/Oocx.TfPlan2Md.TUnit.csproj]
/home/runner/work/tfplan2md/tfplan2md/src/tests/Oocx.TfPlan2Md.TUnit/Workflows/CoverageEnforcerTests.cs(307,18): error SA1651: Do not use placeholder elements [/home/runner/work/tfplan2md/tfplan2md/src/tests/Oocx.TfPlan2Md.TUnit/Oocx.TfPlan2Md.TUnit.csproj]
/home/runner/work/tfplan2md/tfplan2md/src/tests/Oocx.TfPlan2Md.TUnit/EndToEnd/DebugOutputIntegrationTests.cs(19,18): error SA1651: Do not use placeholder elements [/home/runner/work/tfplan2md/tfplan2md/src/tests/Oocx.TfPlan2Md.TUnit/Oocx.TfPlan2Md.TUnit.csproj]
/home/runner/work/tfplan2md/tfplan2md/src/tests/Oocx.TfPlan2Md.TUnit/EndToEnd/DebugOutputIntegrationTests.cs(53,18): error SA1651: Do not use placeholder elements [/home/runner/work/tfplan2md/tfplan2md/src/tests/Oocx.TfPlan2Md.TUnit/Oocx.TfPlan2Md.TUnit.csproj]
/home/runner/work/tfplan2md/tfplan2md/src/tests/Oocx.TfPlan2Md.TUnit/EndToEnd/DebugOutputIntegrationTests.cs(104,18): error SA1651: Do not use placeholder elements [/home/runner/work/tfplan2md/tfplan2md/src/tests/Oocx.TfPlan2Md.TUnit/Oocx.TfPlan2Md.TUnit.csproj]
/home/runner/work/tfplan2md/tfplan2md/src/tests/Oocx.TfPlan2Md.TUnit/EndToEnd/DebugOutputIntegrationTests.cs(144,18): error SA1651: Do not use placeholder elements [/home/runner/work/tfplan2md/tfplan2md/src/tests/Oocx.TfPlan2Md.TUnit/Oocx.TfPlan2Md.TUnit.csproj]
/home/runner/work/tfplan2md/tfplan2md/src/tests/Oocx.TfPlan2Md.TUnit/EndToEnd/DebugOutputIntegrationTests.cs(186,18): error SA1651: Do not use placeholder elements [/home/runner/work/tfplan2md/tfplan2md/src/tests/Oocx.TfPlan2Md.TUnit/Oocx.TfPlan2Md.TUnit.csproj]
/home/runner/work/tfplan2md/tfplan2md/src/tests/Oocx.TfPlan2Md.TUnit/TerraformShowRenderer/TerraformShowRendererRegressionTests.cs(18,18): error SA1651: Do not use placeholder elements [/home/runner/work/tfplan2md/tfplan2md/src/tests/Oocx.TfPlan2Md.TUnit/Oocx.TfPlan2Md.TUnit.csproj]
/home/runner/work/tfplan2md/tfplan2md/src/tests/Oocx.TfPlan2Md.TUnit/TerraformShowRenderer/TerraformShowRendererRegressionTests.cs(34,18): error SA1651: Do not use placeholder elements [/home/runner/work/tfplan2md/tfplan2md/src/tests/Oocx.TfPlan2Md.TUnit/Oocx.TfPlan2Md.TUnit.csproj]
/home/runner/work/tfplan2md/tfplan2md/src/tests/Oocx.TfPlan2Md.TUnit/TerraformShowRenderer/TerraformShowRendererRegressionTests.cs(69,18): error SA1651: Do not use placeholder elements [/home/runner/work/tfplan2md/tfplan2md/src/tests/Oocx.TfPlan2Md.TUnit/Oocx.TfPlan2Md.TUnit.csproj]
/home/runner/work/tfplan2md/tfplan2md/src/tests/Oocx.TfPlan2Md.TUnit/TerraformShowRenderer/TerraformShowRendererRegressionTests.cs(85,18): error SA1651: Do not use placeholder elements [/home/runner/work/tfplan2md/tfplan2md/src/tests/Oocx.TfPlan2Md.TUnit/Oocx.TfPlan2Md.TUnit.csproj]
/home/runner/work/tfplan2md/tfplan2md/src/tests/Oocx.TfPlan2Md.TUnit/TerraformShowRenderer/TerraformShowRendererRegressionTests.cs(101,18): error SA1651: Do not use placeholder elements [/home/runner/work/tfplan2md/tfplan2md/src/tests/Oocx.TfPlan2Md.TUnit/Oocx.TfPlan2Md.TUnit.csproj]
/home/runner/work/tfplan2md/tfplan2md/src/tests/Oocx.TfPlan2Md.TUnit/TerraformShowRenderer/TerraformShowRendererRegressionTests.cs(117,18): error SA1651: Do not use placeholder elements [/home/runner/work/tfplan2md/tfplan2md/src/tests/Oocx.TfPlan2Md.TUnit/Oocx.TfPlan2Md.TUnit.csproj]
/home/runner/work/tfplan2md/tfplan2md/src/tests/Oocx.TfPlan2Md.TUnit/TerraformShowRenderer/TerraformShowRendererRegressionTests.cs(143,18): error SA1651: Do not use placeholder elements [/home/runner/work/tfplan2md/tfplan2md/src/tests/Oocx.TfPlan2Md.TUnit/Oocx.TfPlan2Md.TUnit.csproj]
/home/runner/work/tfplan2md/tfplan2md/src/tests/Oocx.TfPlan2Md.TUnit/TerraformShowRenderer/TerraformShowRendererAppTests.cs(27,18): error SA1651: Do not use placeholder elements [/home/runner/work/tfplan2md/tfplan2md/src/tests/Oocx.TfPlan2Md.TUnit/Oocx.TfPlan2Md.TUnit.csproj]
/home/runner/work/tfplan2md/tfplan2md/src/tests/Oocx.TfPlan2Md.TUnit/TerraformShowRenderer/TerraformShowRendererAppTests.cs(46,18): error SA1651: Do not use placeholder elements [/home/runner/work/tfplan2md/tfplan2md/src/tests/Oocx.TfPlan2Md.TUnit/Oocx.TfPlan2Md.TUnit.csproj]
/home/runner/work/tfplan2md/tfplan2md/src/tests/Oocx.TfPlan2Md.TUnit/TerraformShowRenderer/TerraformShowRendererAppTests.cs(65,18): error SA1651: Do not use placeholder elements [/home/runner/work/tfplan2md/tfplan2md/src/tests/Oocx.TfPlan2Md.TUnit/Oocx.TfPlan2Md.TUnit.csproj]
/home/runner/work/tfplan2md/tfplan2md/src/tests/Oocx.TfPlan2Md.TUnit/TerraformShowRenderer/TerraformShowRendererAppTests.cs(84,18): error SA1651: Do not use placeholder elements [/home/runner/work/tfplan2md/tfplan2md/src/tests/Oocx.TfPlan2Md.TUnit/Oocx.TfPlan2Md.TUnit.csproj]
/home/runner/work/tfplan2md/tfplan2md/src/tests/Oocx.TfPlan2Md.TUnit/TerraformShowRenderer/TerraformShowRendererAppTests.cs(104,18): error SA1651: Do not use placeholder elements [/home/runner/work/tfplan2md/tfplan2md/src/tests/Oocx.TfPlan2Md.TUnit/Oocx.TfPlan2Md.TUnit.csproj]
/home/runner/work/tfplan2md/tfplan2md/src/tests/Oocx.TfPlan2Md.TUnit/TerraformShowRenderer/TerraformShowRendererAppTests.cs(124,18): error SA1651: Do not use placeholder elements [/home/runner/work/tfplan2md/tfplan2md/src/tests/Oocx.TfPlan2Md.TUnit/Oocx.TfPlan2Md.TUnit.csproj]
/home/runner/work/tfplan2md/tfplan2md/src/tests/Oocx.TfPlan2Md.TUnit/TerraformShowRenderer/AnsiTextWriterTests.cs(16,18): error SA1651: Do not use placeholder elements [/home/runner/work/tfplan2md/tfplan2md/src/tests/Oocx.TfPlan2Md.TUnit/Oocx.TfPlan2Md.TUnit.csproj]
/home/runner/work/tfplan2md/tfplan2md/src/tests/Oocx.TfPlan2Md.TUnit/TerraformShowRenderer/AnsiTextWriterTests.cs(36,18): error SA1651: Do not use placeholder elements [/home/runner/work/tfplan2md/tfplan2md/src/tests/Oocx.TfPlan2Md.TUnit/Oocx.TfPlan2Md.TUnit.csproj]
/home/runner/work/tfplan2md/tfplan2md/src/tests/Oocx.TfPlan2Md.TUnit/TerraformShowRenderer/AnsiTextWriterTests.cs(56,18): error SA1651: Do not use placeholder elements [/home/runner/work/tfplan2md/tfplan2md/src/tests/Oocx.TfPlan2Md.TUnit/Oocx.TfPlan2Md.TUnit.csproj]
/home/runner/work/tfplan2md/tfplan2md/src/tests/Oocx.TfPlan2Md.TUnit/TerraformShowRenderer/AnsiTextWriterTests.cs(74,18): error SA1651: Do not use placeholder elements [/home/runner/work/tfplan2md/tfplan2md/src/tests/Oocx.TfPlan2Md.TUnit/Oocx.TfPlan2Md.TUnit.csproj]
/home/runner/work/tfplan2md/tfplan2md/src/tests/Oocx.TfPlan2Md.TUnit/MarkdownGeneration/MarkdownLintFixture.cs(35,18): error SA1651: Do not use placeholder elements [/home/runner/work/tfplan2md/tfplan2md/src/tests/Oocx.TfPlan2Md.TUnit/Oocx.TfPlan2Md.TUnit.csproj]
/home/runner/work/tfplan2md/tfplan2md/src/tests/Oocx.TfPlan2Md.TUnit/MarkdownGeneration/MarkdownLintFixture.cs(50,18): error SA1651: Do not use placeholder elements [/home/runner/work/tfplan2md/tfplan2md/src/tests/Oocx.TfPlan2Md.TUnit/Oocx.TfPlan2Md.TUnit.csproj]
/home/runner/work/tfplan2md/tfplan2md/src/tools/Oocx.TfPlan2Md.TerraformShowRenderer/Rendering/TerraformShowRenderer.cs(27,79): error SA1611: The documentation for parameter 'outputChanges' is missing [/home/runner/work/tfplan2md/tfplan2md/src/tools/Oocx.TfPlan2Md.TerraformShowRenderer/Oocx.TfPlan2Md.TerraformShowRenderer.csproj]
