The dotnet runtime version is '10.0.2'.
Formatting code files in workspace '/home/runner/work/tfplan2md/tfplan2md/src/tfplan2md.slnx'.
Loading workspace.
  Determining projects to restore...
  Restored /home/runner/work/tfplan2md/tfplan2md/src/tools/Oocx.TfPlan2Md.TerraformShowRenderer/Oocx.TfPlan2Md.TerraformShowRenderer.csproj (in 2.41 sec).
  Restored /home/runner/work/tfplan2md/tfplan2md/src/tools/Oocx.TfPlan2Md.HtmlRenderer/Oocx.TfPlan2Md.HtmlRenderer.csproj (in 224 ms).
  Restored /home/runner/work/tfplan2md/tfplan2md/src/tools/Oocx.TfPlan2Md.CoverageEnforcer/Oocx.TfPlan2Md.CoverageEnforcer.csproj (in 90 ms).
  Restored /home/runner/work/tfplan2md/tfplan2md/src/tests/Oocx.TfPlan2Md.TUnit/Oocx.TfPlan2Md.TUnit.csproj (in 1.67 sec).
  Restored /home/runner/work/tfplan2md/tfplan2md/src/tools/Oocx.TfPlan2Md.ScreenshotGenerator/Oocx.TfPlan2Md.ScreenshotGenerator.csproj (in 7.52 sec).
  Restored /home/runner/work/tfplan2md/tfplan2md/src/Oocx.TfPlan2Md/Oocx.TfPlan2Md.csproj (in 3.16 sec).
Project Oocx.TfPlan2Md is using configuration from '/home/runner/work/tfplan2md/tfplan2md/.editorconfig'.
Project Oocx.TfPlan2Md is using configuration from '/home/runner/work/tfplan2md/tfplan2md/src/Oocx.TfPlan2Md/obj/Debug/net10.0/Oocx.TfPlan2Md.GeneratedMSBuildEditorConfig.editorconfig'.
Project Oocx.TfPlan2Md is using configuration from '/usr/share/dotnet/sdk/10.0.102/Sdks/Microsoft.NET.Sdk/analyzers/build/config/analysislevel_9_recommended.globalconfig'.
Project Oocx.TfPlan2Md.TUnit is using configuration from '/home/runner/work/tfplan2md/tfplan2md/.editorconfig'.
Project Oocx.TfPlan2Md.TUnit is using configuration from '/home/runner/work/tfplan2md/tfplan2md/src/tests/Oocx.TfPlan2Md.TUnit/obj/Debug/net10.0/Oocx.TfPlan2Md.TUnit.GeneratedMSBuildEditorConfig.editorconfig'.
Project Oocx.TfPlan2Md.TUnit is using configuration from '/usr/share/dotnet/sdk/10.0.102/Sdks/Microsoft.NET.Sdk/analyzers/build/config/analysislevel_9_recommended.globalconfig'.
Project Oocx.TfPlan2Md.CoverageEnforcer is using configuration from '/home/runner/work/tfplan2md/tfplan2md/.editorconfig'.
Project Oocx.TfPlan2Md.CoverageEnforcer is using configuration from '/home/runner/work/tfplan2md/tfplan2md/src/tools/Oocx.TfPlan2Md.CoverageEnforcer/obj/Debug/net10.0/Oocx.TfPlan2Md.CoverageEnforcer.GeneratedMSBuildEditorConfig.editorconfig'.
Project Oocx.TfPlan2Md.CoverageEnforcer is using configuration from '/usr/share/dotnet/sdk/10.0.102/Sdks/Microsoft.NET.Sdk/analyzers/build/config/analysislevel_9_recommended.globalconfig'.
Project Oocx.TfPlan2Md.HtmlRenderer is using configuration from '/home/runner/work/tfplan2md/tfplan2md/.editorconfig'.
Project Oocx.TfPlan2Md.HtmlRenderer is using configuration from '/home/runner/work/tfplan2md/tfplan2md/src/tools/Oocx.TfPlan2Md.HtmlRenderer/obj/Debug/net10.0/Oocx.TfPlan2Md.HtmlRenderer.GeneratedMSBuildEditorConfig.editorconfig'.
Project Oocx.TfPlan2Md.HtmlRenderer is using configuration from '/usr/share/dotnet/sdk/10.0.102/Sdks/Microsoft.NET.Sdk/analyzers/build/config/analysislevel_9_recommended.globalconfig'.
Project Oocx.TfPlan2Md.ScreenshotGenerator is using configuration from '/home/runner/work/tfplan2md/tfplan2md/.editorconfig'.
Project Oocx.TfPlan2Md.ScreenshotGenerator is using configuration from '/home/runner/work/tfplan2md/tfplan2md/src/tools/Oocx.TfPlan2Md.ScreenshotGenerator/obj/Debug/net10.0/Oocx.TfPlan2Md.ScreenshotGenerator.GeneratedMSBuildEditorConfig.editorconfig'.
Project Oocx.TfPlan2Md.ScreenshotGenerator is using configuration from '/usr/share/dotnet/sdk/10.0.102/Sdks/Microsoft.NET.Sdk/analyzers/build/config/analysislevel_9_recommended.globalconfig'.
Project Oocx.TfPlan2Md.TerraformShowRenderer is using configuration from '/home/runner/work/tfplan2md/tfplan2md/.editorconfig'.
Project Oocx.TfPlan2Md.TerraformShowRenderer is using configuration from '/home/runner/work/tfplan2md/tfplan2md/src/tools/Oocx.TfPlan2Md.TerraformShowRenderer/obj/Debug/net10.0/Oocx.TfPlan2Md.TerraformShowRenderer.GeneratedMSBuildEditorConfig.editorconfig'.
Project Oocx.TfPlan2Md.TerraformShowRenderer is using configuration from '/usr/share/dotnet/sdk/10.0.102/Sdks/Microsoft.NET.Sdk/analyzers/build/config/analysislevel_9_recommended.globalconfig'.
Complete in 16777ms.
Determining formattable files.
Complete in 686ms.
Running formatters.
Running Code Style analysis.
Determining diagnostics...
Running 20 analyzers on Oocx.TfPlan2Md.
Running 20 analyzers on Oocx.TfPlan2Md.TUnit.
Running 20 analyzers on Oocx.TfPlan2Md.CoverageEnforcer.
Running 20 analyzers on Oocx.TfPlan2Md.HtmlRenderer.
Running 20 analyzers on Oocx.TfPlan2Md.ScreenshotGenerator.
Running 20 analyzers on Oocx.TfPlan2Md.TerraformShowRenderer.
Complete in 26653ms.
Analysis complete in 26653ms.
Running Analyzer Reference analysis.
Determining diagnostics...
Running 774 analyzers on Oocx.TfPlan2Md.
Running 796 analyzers on Oocx.TfPlan2Md.TUnit.
Running 769 analyzers on Oocx.TfPlan2Md.CoverageEnforcer.
Running 769 analyzers on Oocx.TfPlan2Md.HtmlRenderer.
Running 769 analyzers on Oocx.TfPlan2Md.ScreenshotGenerator.
Running 769 analyzers on Oocx.TfPlan2Md.TerraformShowRenderer.
/home/runner/work/tfplan2md/tfplan2md/src/tests/Oocx.TfPlan2Md.TUnit/Assertions/TextDiffAssertTests.cs(21,18): error SA1615: Element return value should be documented [/home/runner/work/tfplan2md/tfplan2md/src/tests/Oocx.TfPlan2Md.TUnit/Oocx.TfPlan2Md.TUnit.csproj]
/home/runner/work/tfplan2md/tfplan2md/src/tests/Oocx.TfPlan2Md.TUnit/Assertions/TextDiffAssertTests.cs(47,18): error SA1615: Element return value should be documented [/home/runner/work/tfplan2md/tfplan2md/src/tests/Oocx.TfPlan2Md.TUnit/Oocx.TfPlan2Md.TUnit.csproj]
/home/runner/work/tfplan2md/tfplan2md/src/tests/Oocx.TfPlan2Md.TUnit/Assertions/TextDiffAssertTests.cs(73,18): error SA1615: Element return value should be documented [/home/runner/work/tfplan2md/tfplan2md/src/tests/Oocx.TfPlan2Md.TUnit/Oocx.TfPlan2Md.TUnit.csproj]
/home/runner/work/tfplan2md/tfplan2md/src/tests/Oocx.TfPlan2Md.TUnit/Assertions/TextDiffAssertTests.cs(9,69): error SA1629: Documentation text should end with a period [/home/runner/work/tfplan2md/tfplan2md/src/tests/Oocx.TfPlan2Md.TUnit/Oocx.TfPlan2Md.TUnit.csproj]
/home/runner/work/tfplan2md/tfplan2md/src/tests/Oocx.TfPlan2Md.TUnit/Azure/AzureRoleDefinitionMapperTests.cs(7,14): error SA1600: Elements should be documented [/home/runner/work/tfplan2md/tfplan2md/src/tests/Oocx.TfPlan2Md.TUnit/Oocx.TfPlan2Md.TUnit.csproj]
/home/runner/work/tfplan2md/tfplan2md/src/tests/Oocx.TfPlan2Md.TUnit/Azure/AzureRoleDefinitionMapperTests.cs(10,17): error SA1600: Elements should be documented [/home/runner/work/tfplan2md/tfplan2md/src/tests/Oocx.TfPlan2Md.TUnit/Oocx.TfPlan2Md.TUnit.csproj]
/home/runner/work/tfplan2md/tfplan2md/src/tests/Oocx.TfPlan2Md.TUnit/Azure/AzureRoleDefinitionMapperTests.cs(23,17): error SA1600: Elements should be documented [/home/runner/work/tfplan2md/tfplan2md/src/tests/Oocx.TfPlan2Md.TUnit/Oocx.TfPlan2Md.TUnit.csproj]
/home/runner/work/tfplan2md/tfplan2md/src/tests/Oocx.TfPlan2Md.TUnit/Azure/AzureRoleDefinitionMapperTests.cs(36,17): error SA1600: Elements should be documented [/home/runner/work/tfplan2md/tfplan2md/src/tests/Oocx.TfPlan2Md.TUnit/Oocx.TfPlan2Md.TUnit.csproj]
/home/runner/work/tfplan2md/tfplan2md/src/tests/Oocx.TfPlan2Md.TUnit/Azure/AzureRoleDefinitionMapperTests.cs(49,17): error SA1600: Elements should be documented [/home/runner/work/tfplan2md/tfplan2md/src/tests/Oocx.TfPlan2Md.TUnit/Oocx.TfPlan2Md.TUnit.csproj]
/home/runner/work/tfplan2md/tfplan2md/src/tests/Oocx.TfPlan2Md.TUnit/Azure/AzureRoleDefinitionMapperTests.cs(61,17): error SA1600: Elements should be documented [/home/runner/work/tfplan2md/tfplan2md/src/tests/Oocx.TfPlan2Md.TUnit/Oocx.TfPlan2Md.TUnit.csproj]
/home/runner/work/tfplan2md/tfplan2md/src/tests/Oocx.TfPlan2Md.TUnit/Azure/AzureRoleDefinitionMapperTests.cs(73,17): error SA1600: Elements should be documented [/home/runner/work/tfplan2md/tfplan2md/src/tests/Oocx.TfPlan2Md.TUnit/Oocx.TfPlan2Md.TUnit.csproj]
/home/runner/work/tfplan2md/tfplan2md/src/tests/Oocx.TfPlan2Md.TUnit/Azure/AzureScopeParserTests.cs(7,14): error SA1600: Elements should be documented [/home/runner/work/tfplan2md/tfplan2md/src/tests/Oocx.TfPlan2Md.TUnit/Oocx.TfPlan2Md.TUnit.csproj]
/home/runner/work/tfplan2md/tfplan2md/src/tests/Oocx.TfPlan2Md.TUnit/Azure/AzureScopeParserTests.cs(10,17): error SA1600: Elements should be documented [/home/runner/work/tfplan2md/tfplan2md/src/tests/Oocx.TfPlan2Md.TUnit/Oocx.TfPlan2Md.TUnit.csproj]
/home/runner/work/tfplan2md/tfplan2md/src/tests/Oocx.TfPlan2Md.TUnit/Azure/AzureScopeParserTests.cs(19,17): error SA1600: Elements should be documented [/home/runner/work/tfplan2md/tfplan2md/src/tests/Oocx.TfPlan2Md.TUnit/Oocx.TfPlan2Md.TUnit.csproj]
/home/runner/work/tfplan2md/tfplan2md/src/tests/Oocx.TfPlan2Md.TUnit/Azure/AzureScopeParserTests.cs(28,17): error SA1600: Elements should be documented [/home/runner/work/tfplan2md/tfplan2md/src/tests/Oocx.TfPlan2Md.TUnit/Oocx.TfPlan2Md.TUnit.csproj]
/home/runner/work/tfplan2md/tfplan2md/src/tests/Oocx.TfPlan2Md.TUnit/Azure/AzureScopeParserTests.cs(41,17): error SA1600: Elements should be documented [/home/runner/work/tfplan2md/tfplan2md/src/tests/Oocx.TfPlan2Md.TUnit/Oocx.TfPlan2Md.TUnit.csproj]
/home/runner/work/tfplan2md/tfplan2md/src/tests/Oocx.TfPlan2Md.TUnit/Azure/AzureScopeParserTests.cs(54,17): error SA1600: Elements should be documented [/home/runner/work/tfplan2md/tfplan2md/src/tests/Oocx.TfPlan2Md.TUnit/Oocx.TfPlan2Md.TUnit.csproj]
/home/runner/work/tfplan2md/tfplan2md/src/tests/Oocx.TfPlan2Md.TUnit/Azure/AzureScopeParserTests.cs(67,17): error SA1600: Elements should be documented [/home/runner/work/tfplan2md/tfplan2md/src/tests/Oocx.TfPlan2Md.TUnit/Oocx.TfPlan2Md.TUnit.csproj]
/home/runner/work/tfplan2md/tfplan2md/src/tests/Oocx.TfPlan2Md.TUnit/Azure/AzureScopeParserTests.cs(80,17): error SA1600: Elements should be documented [/home/runner/work/tfplan2md/tfplan2md/src/tests/Oocx.TfPlan2Md.TUnit/Oocx.TfPlan2Md.TUnit.csproj]
/home/runner/work/tfplan2md/tfplan2md/src/tests/Oocx.TfPlan2Md.TUnit/Azure/AzureScopeParserTests.cs(90,17): error SA1600: Elements should be documented [/home/runner/work/tfplan2md/tfplan2md/src/tests/Oocx.TfPlan2Md.TUnit/Oocx.TfPlan2Md.TUnit.csproj]
/home/runner/work/tfplan2md/tfplan2md/src/tests/Oocx.TfPlan2Md.TUnit/Azure/AzureScopeParserTests.cs(100,17): error SA1600: Elements should be documented [/home/runner/work/tfplan2md/tfplan2md/src/tests/Oocx.TfPlan2Md.TUnit/Oocx.TfPlan2Md.TUnit.csproj]
/home/runner/work/tfplan2md/tfplan2md/src/tests/Oocx.TfPlan2Md.TUnit/Azure/AzureScopeParserTests.cs(110,17): error SA1600: Elements should be documented [/home/runner/work/tfplan2md/tfplan2md/src/tests/Oocx.TfPlan2Md.TUnit/Oocx.TfPlan2Md.TUnit.csproj]
/home/runner/work/tfplan2md/tfplan2md/src/tests/Oocx.TfPlan2Md.TUnit/Azure/AzureScopeParserTests.cs(123,17): error SA1600: Elements should be documented [/home/runner/work/tfplan2md/tfplan2md/src/tests/Oocx.TfPlan2Md.TUnit/Oocx.TfPlan2Md.TUnit.csproj]
/home/runner/work/tfplan2md/tfplan2md/src/tests/Oocx.TfPlan2Md.TUnit/Azure/AzureScopeParserTests.cs(139,17): error SA1600: Elements should be documented [/home/runner/work/tfplan2md/tfplan2md/src/tests/Oocx.TfPlan2Md.TUnit/Oocx.TfPlan2Md.TUnit.csproj]
/home/runner/work/tfplan2md/tfplan2md/src/tests/Oocx.TfPlan2Md.TUnit/Azure/PrincipalMapperDiagnosticsTests.cs(10,53): error SA1629: Documentation text should end with a period [/home/runner/work/tfplan2md/tfplan2md/src/tests/Oocx.TfPlan2Md.TUnit/Oocx.TfPlan2Md.TUnit.csproj]
/home/runner/work/tfplan2md/tfplan2md/src/tests/Oocx.TfPlan2Md.TUnit/Azure/PrincipalMapperTests.cs(8,14): error SA1600: Elements should be documented [/home/runner/work/tfplan2md/tfplan2md/src/tests/Oocx.TfPlan2Md.TUnit/Oocx.TfPlan2Md.TUnit.csproj]
/home/runner/work/tfplan2md/tfplan2md/src/tests/Oocx.TfPlan2Md.TUnit/Azure/PrincipalMapperTests.cs(11,17): error SA1600: Elements should be documented [/home/runner/work/tfplan2md/tfplan2md/src/tests/Oocx.TfPlan2Md.TUnit/Oocx.TfPlan2Md.TUnit.csproj]
/home/runner/work/tfplan2md/tfplan2md/src/tests/Oocx.TfPlan2Md.TUnit/Azure/PrincipalMapperTests.cs(32,17): error SA1600: Elements should be documented [/home/runner/work/tfplan2md/tfplan2md/src/tests/Oocx.TfPlan2Md.TUnit/Oocx.TfPlan2Md.TUnit.csproj]
/home/runner/work/tfplan2md/tfplan2md/src/tests/Oocx.TfPlan2Md.TUnit/Azure/PrincipalMapperTests.cs(53,17): error SA1600: Elements should be documented [/home/runner/work/tfplan2md/tfplan2md/src/tests/Oocx.TfPlan2Md.TUnit/Oocx.TfPlan2Md.TUnit.csproj]
/home/runner/work/tfplan2md/tfplan2md/src/tests/Oocx.TfPlan2Md.TUnit/Azure/PrincipalMapperTests.cs(84,17): error SA1600: Elements should be documented [/home/runner/work/tfplan2md/tfplan2md/src/tests/Oocx.TfPlan2Md.TUnit/Oocx.TfPlan2Md.TUnit.csproj]
/home/runner/work/tfplan2md/tfplan2md/src/tests/Oocx.TfPlan2Md.TUnit/Azure/PrincipalMapperTests.cs(111,17): error SA1600: Elements should be documented [/home/runner/work/tfplan2md/tfplan2md/src/tests/Oocx.TfPlan2Md.TUnit/Oocx.TfPlan2Md.TUnit.csproj]
/home/runner/work/tfplan2md/tfplan2md/src/tests/Oocx.TfPlan2Md.TUnit/Azure/PrincipalMapperTests.cs(138,17): error SA1600: Elements should be documented [/home/runner/work/tfplan2md/tfplan2md/src/tests/Oocx.TfPlan2Md.TUnit/Oocx.TfPlan2Md.TUnit.csproj]
/home/runner/work/tfplan2md/tfplan2md/src/tests/Oocx.TfPlan2Md.TUnit/Azure/PrincipalMapperTests.cs(165,17): error SA1600: Elements should be documented [/home/runner/work/tfplan2md/tfplan2md/src/tests/Oocx.TfPlan2Md.TUnit/Oocx.TfPlan2Md.TUnit.csproj]
/home/runner/work/tfplan2md/tfplan2md/src/tests/Oocx.TfPlan2Md.TUnit/Azure/PrincipalMapperTests.cs(205,17): error SA1600: Elements should be documented [/home/runner/work/tfplan2md/tfplan2md/src/tests/Oocx.TfPlan2Md.TUnit/Oocx.TfPlan2Md.TUnit.csproj]
/home/runner/work/tfplan2md/tfplan2md/src/tests/Oocx.TfPlan2Md.TUnit/Azure/PrincipalMapperTests.cs(232,17): error SA1600: Elements should be documented [/home/runner/work/tfplan2md/tfplan2md/src/tests/Oocx.TfPlan2Md.TUnit/Oocx.TfPlan2Md.TUnit.csproj]
/home/runner/work/tfplan2md/tfplan2md/src/tests/Oocx.TfPlan2Md.TUnit/CLI/CliParserTests.cs(8,14): error SA1600: Elements should be documented [/home/runner/work/tfplan2md/tfplan2md/src/tests/Oocx.TfPlan2Md.TUnit/Oocx.TfPlan2Md.TUnit.csproj]
/home/runner/work/tfplan2md/tfplan2md/src/tests/Oocx.TfPlan2Md.TUnit/CLI/CliParserTests.cs(11,17): error SA1600: Elements should be documented [/home/runner/work/tfplan2md/tfplan2md/src/tests/Oocx.TfPlan2Md.TUnit/Oocx.TfPlan2Md.TUnit.csproj]
/home/runner/work/tfplan2md/tfplan2md/src/tests/Oocx.TfPlan2Md.TUnit/CLI/CliParserTests.cs(31,17): error SA1600: Elements should be documented [/home/runner/work/tfplan2md/tfplan2md/src/tests/Oocx.TfPlan2Md.TUnit/Oocx.TfPlan2Md.TUnit.csproj]
/home/runner/work/tfplan2md/tfplan2md/src/tests/Oocx.TfPlan2Md.TUnit/CLI/CliParserTests.cs(44,17): error SA1600: Elements should be documented [/home/runner/work/tfplan2md/tfplan2md/src/tests/Oocx.TfPlan2Md.TUnit/Oocx.TfPlan2Md.TUnit.csproj]
/home/runner/work/tfplan2md/tfplan2md/src/tests/Oocx.TfPlan2Md.TUnit/CLI/CliParserTests.cs(57,17): error SA1600: Elements should be documented [/home/runner/work/tfplan2md/tfplan2md/src/tests/Oocx.TfPlan2Md.TUnit/Oocx.TfPlan2Md.TUnit.csproj]
/home/runner/work/tfplan2md/tfplan2md/src/tests/Oocx.TfPlan2Md.TUnit/CLI/CliParserTests.cs(70,17): error SA1600: Elements should be documented [/home/runner/work/tfplan2md/tfplan2md/src/tests/Oocx.TfPlan2Md.TUnit/Oocx.TfPlan2Md.TUnit.csproj]
/home/runner/work/tfplan2md/tfplan2md/src/tests/Oocx.TfPlan2Md.TUnit/CLI/CliParserTests.cs(83,17): error SA1600: Elements should be documented [/home/runner/work/tfplan2md/tfplan2md/src/tests/Oocx.TfPlan2Md.TUnit/Oocx.TfPlan2Md.TUnit.csproj]
/home/runner/work/tfplan2md/tfplan2md/src/tests/Oocx.TfPlan2Md.TUnit/CLI/CliParserTests.cs(96,17): error SA1600: Elements should be documented [/home/runner/work/tfplan2md/tfplan2md/src/tests/Oocx.TfPlan2Md.TUnit/Oocx.TfPlan2Md.TUnit.csproj]
/home/runner/work/tfplan2md/tfplan2md/src/tests/Oocx.TfPlan2Md.TUnit/CLI/CliParserTests.cs(109,17): error SA1600: Elements should be documented [/home/runner/work/tfplan2md/tfplan2md/src/tests/Oocx.TfPlan2Md.TUnit/Oocx.TfPlan2Md.TUnit.csproj]
/home/runner/work/tfplan2md/tfplan2md/src/tests/Oocx.TfPlan2Md.TUnit/CLI/CliParserTests.cs(122,17): error SA1600: Elements should be documented [/home/runner/work/tfplan2md/tfplan2md/src/tests/Oocx.TfPlan2Md.TUnit/Oocx.TfPlan2Md.TUnit.csproj]
/home/runner/work/tfplan2md/tfplan2md/src/tests/Oocx.TfPlan2Md.TUnit/CLI/CliParserTests.cs(135,17): error SA1600: Elements should be documented [/home/runner/work/tfplan2md/tfplan2md/src/tests/Oocx.TfPlan2Md.TUnit/Oocx.TfPlan2Md.TUnit.csproj]
/home/runner/work/tfplan2md/tfplan2md/src/tests/Oocx.TfPlan2Md.TUnit/CLI/CliParserTests.cs(148,17): error SA1600: Elements should be documented [/home/runner/work/tfplan2md/tfplan2md/src/tests/Oocx.TfPlan2Md.TUnit/Oocx.TfPlan2Md.TUnit.csproj]
/home/runner/work/tfplan2md/tfplan2md/src/tests/Oocx.TfPlan2Md.TUnit/CLI/CliParserTests.cs(161,17): error SA1600: Elements should be documented [/home/runner/work/tfplan2md/tfplan2md/src/tests/Oocx.TfPlan2Md.TUnit/Oocx.TfPlan2Md.TUnit.csproj]
/home/runner/work/tfplan2md/tfplan2md/src/tests/Oocx.TfPlan2Md.TUnit/CLI/CliParserTests.cs(174,17): error SA1600: Elements should be documented [/home/runner/work/tfplan2md/tfplan2md/src/tests/Oocx.TfPlan2Md.TUnit/Oocx.TfPlan2Md.TUnit.csproj]
/home/runner/work/tfplan2md/tfplan2md/src/tests/Oocx.TfPlan2Md.TUnit/CLI/CliParserTests.cs(187,17): error SA1600: Elements should be documented [/home/runner/work/tfplan2md/tfplan2md/src/tests/Oocx.TfPlan2Md.TUnit/Oocx.TfPlan2Md.TUnit.csproj]
/home/runner/work/tfplan2md/tfplan2md/src/tests/Oocx.TfPlan2Md.TUnit/CLI/CliParserTests.cs(200,17): error SA1600: Elements should be documented [/home/runner/work/tfplan2md/tfplan2md/src/tests/Oocx.TfPlan2Md.TUnit/Oocx.TfPlan2Md.TUnit.csproj]
/home/runner/work/tfplan2md/tfplan2md/src/tests/Oocx.TfPlan2Md.TUnit/CLI/CliParserTests.cs(213,17): error SA1600: Elements should be documented [/home/runner/work/tfplan2md/tfplan2md/src/tests/Oocx.TfPlan2Md.TUnit/Oocx.TfPlan2Md.TUnit.csproj]
/home/runner/work/tfplan2md/tfplan2md/src/tests/Oocx.TfPlan2Md.TUnit/CLI/CliParserTests.cs(226,17): error SA1600: Elements should be documented [/home/runner/work/tfplan2md/tfplan2md/src/tests/Oocx.TfPlan2Md.TUnit/Oocx.TfPlan2Md.TUnit.csproj]
/home/runner/work/tfplan2md/tfplan2md/src/tests/Oocx.TfPlan2Md.TUnit/CLI/CliParserTests.cs(239,17): error SA1600: Elements should be documented [/home/runner/work/tfplan2md/tfplan2md/src/tests/Oocx.TfPlan2Md.TUnit/Oocx.TfPlan2Md.TUnit.csproj]
/home/runner/work/tfplan2md/tfplan2md/src/tests/Oocx.TfPlan2Md.TUnit/CLI/CliParserTests.cs(263,17): error SA1600: Elements should be documented [/home/runner/work/tfplan2md/tfplan2md/src/tests/Oocx.TfPlan2Md.TUnit/Oocx.TfPlan2Md.TUnit.csproj]
/home/runner/work/tfplan2md/tfplan2md/src/tests/Oocx.TfPlan2Md.TUnit/CLI/CliParserTests.cs(276,17): error SA1600: Elements should be documented [/home/runner/work/tfplan2md/tfplan2md/src/tests/Oocx.TfPlan2Md.TUnit/Oocx.TfPlan2Md.TUnit.csproj]
/home/runner/work/tfplan2md/tfplan2md/src/tests/Oocx.TfPlan2Md.TUnit/CLI/CliParserTests.cs(289,17): error SA1600: Elements should be documented [/home/runner/work/tfplan2md/tfplan2md/src/tests/Oocx.TfPlan2Md.TUnit/Oocx.TfPlan2Md.TUnit.csproj]
/home/runner/work/tfplan2md/tfplan2md/src/tests/Oocx.TfPlan2Md.TUnit/CLI/CliParserTests.cs(302,17): error SA1600: Elements should be documented [/home/runner/work/tfplan2md/tfplan2md/src/tests/Oocx.TfPlan2Md.TUnit/Oocx.TfPlan2Md.TUnit.csproj]
/home/runner/work/tfplan2md/tfplan2md/src/tests/Oocx.TfPlan2Md.TUnit/CLI/CliParserTests.cs(315,17): error SA1600: Elements should be documented [/home/runner/work/tfplan2md/tfplan2md/src/tests/Oocx.TfPlan2Md.TUnit/Oocx.TfPlan2Md.TUnit.csproj]
/home/runner/work/tfplan2md/tfplan2md/src/tests/Oocx.TfPlan2Md.TUnit/CLI/CliParserTests.cs(328,17): error SA1600: Elements should be documented [/home/runner/work/tfplan2md/tfplan2md/src/tests/Oocx.TfPlan2Md.TUnit/Oocx.TfPlan2Md.TUnit.csproj]
/home/runner/work/tfplan2md/tfplan2md/src/tests/Oocx.TfPlan2Md.TUnit/CLI/CliParserTests.cs(341,17): error SA1600: Elements should be documented [/home/runner/work/tfplan2md/tfplan2md/src/tests/Oocx.TfPlan2Md.TUnit/Oocx.TfPlan2Md.TUnit.csproj]
/home/runner/work/tfplan2md/tfplan2md/src/tests/Oocx.TfPlan2Md.TUnit/CLI/CliParserTests.cs(354,17): error SA1600: Elements should be documented [/home/runner/work/tfplan2md/tfplan2md/src/tests/Oocx.TfPlan2Md.TUnit/Oocx.TfPlan2Md.TUnit.csproj]
/home/runner/work/tfplan2md/tfplan2md/src/tests/Oocx.TfPlan2Md.TUnit/CLI/CliParserTests.cs(367,17): error SA1600: Elements should be documented [/home/runner/work/tfplan2md/tfplan2md/src/tests/Oocx.TfPlan2Md.TUnit/Oocx.TfPlan2Md.TUnit.csproj]
/home/runner/work/tfplan2md/tfplan2md/src/tests/Oocx.TfPlan2Md.TUnit/CLI/HelpTextProviderTests.cs(8,14): error SA1600: Elements should be documented [/home/runner/work/tfplan2md/tfplan2md/src/tests/Oocx.TfPlan2Md.TUnit/Oocx.TfPlan2Md.TUnit.csproj]
/home/runner/work/tfplan2md/tfplan2md/src/tests/Oocx.TfPlan2Md.TUnit/CLI/HelpTextProviderTests.cs(11,17): error SA1600: Elements should be documented [/home/runner/work/tfplan2md/tfplan2md/src/tests/Oocx.TfPlan2Md.TUnit/Oocx.TfPlan2Md.TUnit.csproj]
/home/runner/work/tfplan2md/tfplan2md/src/tests/Oocx.TfPlan2Md.TUnit/CLI/HelpTextProviderTests.cs(19,17): error SA1600: Elements should be documented [/home/runner/work/tfplan2md/tfplan2md/src/tests/Oocx.TfPlan2Md.TUnit/Oocx.TfPlan2Md.TUnit.csproj]
/home/runner/work/tfplan2md/tfplan2md/src/tests/Oocx.TfPlan2Md.TUnit/CLI/HelpTextProviderTests.cs(28,17): error SA1600: Elements should be documented [/home/runner/work/tfplan2md/tfplan2md/src/tests/Oocx.TfPlan2Md.TUnit/Oocx.TfPlan2Md.TUnit.csproj]
/home/runner/work/tfplan2md/tfplan2md/src/tests/Oocx.TfPlan2Md.TUnit/CLI/HelpTextProviderTests.cs(48,17): error SA1600: Elements should be documented [/home/runner/work/tfplan2md/tfplan2md/src/tests/Oocx.TfPlan2Md.TUnit/Oocx.TfPlan2Md.TUnit.csproj]
/home/runner/work/tfplan2md/tfplan2md/src/tests/Oocx.TfPlan2Md.TUnit/CLI/HelpTextProviderTests.cs(58,17): error SA1600: Elements should be documented [/home/runner/work/tfplan2md/tfplan2md/src/tests/Oocx.TfPlan2Md.TUnit/Oocx.TfPlan2Md.TUnit.csproj]
/home/runner/work/tfplan2md/tfplan2md/src/tests/Oocx.TfPlan2Md.TUnit/Diagnostics/DiagnosticContextTests.cs(20,18): error SA1615: Element return value should be documented [/home/runner/work/tfplan2md/tfplan2md/src/tests/Oocx.TfPlan2Md.TUnit/Oocx.TfPlan2Md.TUnit.csproj]
/home/runner/work/tfplan2md/tfplan2md/src/tests/Oocx.TfPlan2Md.TUnit/Diagnostics/DiagnosticContextTests.cs(37,18): error SA1615: Element return value should be documented [/home/runner/work/tfplan2md/tfplan2md/src/tests/Oocx.TfPlan2Md.TUnit/Oocx.TfPlan2Md.TUnit.csproj]
/home/runner/work/tfplan2md/tfplan2md/src/tests/Oocx.TfPlan2Md.TUnit/Diagnostics/DiagnosticContextTests.cs(88,18): error SA1615: Element return value should be documented [/home/runner/work/tfplan2md/tfplan2md/src/tests/Oocx.TfPlan2Md.TUnit/Oocx.TfPlan2Md.TUnit.csproj]
/home/runner/work/tfplan2md/tfplan2md/src/tests/Oocx.TfPlan2Md.TUnit/Diagnostics/DiagnosticContextTests.cs(116,18): error SA1615: Element return value should be documented [/home/runner/work/tfplan2md/tfplan2md/src/tests/Oocx.TfPlan2Md.TUnit/Oocx.TfPlan2Md.TUnit.csproj]
/home/runner/work/tfplan2md/tfplan2md/src/tests/Oocx.TfPlan2Md.TUnit/Diagnostics/DiagnosticContextTests.cs(143,18): error SA1615: Element return value should be documented [/home/runner/work/tfplan2md/tfplan2md/src/tests/Oocx.TfPlan2Md.TUnit/Oocx.TfPlan2Md.TUnit.csproj]
/home/runner/work/tfplan2md/tfplan2md/src/tests/Oocx.TfPlan2Md.TUnit/Diagnostics/DiagnosticContextTests.cs(163,18): error SA1615: Element return value should be documented [/home/runner/work/tfplan2md/tfplan2md/src/tests/Oocx.TfPlan2Md.TUnit/Oocx.TfPlan2Md.TUnit.csproj]
/home/runner/work/tfplan2md/tfplan2md/src/tests/Oocx.TfPlan2Md.TUnit/Diagnostics/DiagnosticContextTests.cs(185,18): error SA1615: Element return value should be documented [/home/runner/work/tfplan2md/tfplan2md/src/tests/Oocx.TfPlan2Md.TUnit/Oocx.TfPlan2Md.TUnit.csproj]
/home/runner/work/tfplan2md/tfplan2md/src/tests/Oocx.TfPlan2Md.TUnit/Diagnostics/DiagnosticContextTests.cs(209,18): error SA1615: Element return value should be documented [/home/runner/work/tfplan2md/tfplan2md/src/tests/Oocx.TfPlan2Md.TUnit/Oocx.TfPlan2Md.TUnit.csproj]
/home/runner/work/tfplan2md/tfplan2md/src/tests/Oocx.TfPlan2Md.TUnit/Diagnostics/DiagnosticContextTests.cs(239,18): error SA1615: Element return value should be documented [/home/runner/work/tfplan2md/tfplan2md/src/tests/Oocx.TfPlan2Md.TUnit/Oocx.TfPlan2Md.TUnit.csproj]
/home/runner/work/tfplan2md/tfplan2md/src/tests/Oocx.TfPlan2Md.TUnit/Diagnostics/DiagnosticContextTests.cs(265,18): error SA1615: Element return value should be documented [/home/runner/work/tfplan2md/tfplan2md/src/tests/Oocx.TfPlan2Md.TUnit/Oocx.TfPlan2Md.TUnit.csproj]
/home/runner/work/tfplan2md/tfplan2md/src/tests/Oocx.TfPlan2Md.TUnit/Diagnostics/DiagnosticContextTests.cs(298,18): error SA1615: Element return value should be documented [/home/runner/work/tfplan2md/tfplan2md/src/tests/Oocx.TfPlan2Md.TUnit/Oocx.TfPlan2Md.TUnit.csproj]
/home/runner/work/tfplan2md/tfplan2md/src/tests/Oocx.TfPlan2Md.TUnit/Diagnostics/DiagnosticContextTests.cs(327,18): error SA1615: Element return value should be documented [/home/runner/work/tfplan2md/tfplan2md/src/tests/Oocx.TfPlan2Md.TUnit/Oocx.TfPlan2Md.TUnit.csproj]
/home/runner/work/tfplan2md/tfplan2md/src/tests/Oocx.TfPlan2Md.TUnit/Diagnostics/DiagnosticContextTests.cs(356,18): error SA1615: Element return value should be documented [/home/runner/work/tfplan2md/tfplan2md/src/tests/Oocx.TfPlan2Md.TUnit/Oocx.TfPlan2Md.TUnit.csproj]
/home/runner/work/tfplan2md/tfplan2md/src/tests/Oocx.TfPlan2Md.TUnit/Diagnostics/DiagnosticContextTests.cs(11,53): error SA1629: Documentation text should end with a period [/home/runner/work/tfplan2md/tfplan2md/src/tests/Oocx.TfPlan2Md.TUnit/Oocx.TfPlan2Md.TUnit.csproj]
/home/runner/work/tfplan2md/tfplan2md/src/tests/Oocx.TfPlan2Md.TUnit/Docker/DockerIntegrationTests.cs(29,23): error SA1600: Elements should be documented [/home/runner/work/tfplan2md/tfplan2md/src/tests/Oocx.TfPlan2Md.TUnit/Oocx.TfPlan2Md.TUnit.csproj]
/home/runner/work/tfplan2md/tfplan2md/src/tests/Oocx.TfPlan2Md.TUnit/Docker/DockerIntegrationTests.cs(46,23): error SA1600: Elements should be documented [/home/runner/work/tfplan2md/tfplan2md/src/tests/Oocx.TfPlan2Md.TUnit/Oocx.TfPlan2Md.TUnit.csproj]
/home/runner/work/tfplan2md/tfplan2md/src/tests/Oocx.TfPlan2Md.TUnit/Docker/DockerIntegrationTests.cs(64,23): error SA1600: Elements should be documented [/home/runner/work/tfplan2md/tfplan2md/src/tests/Oocx.TfPlan2Md.TUnit/Oocx.TfPlan2Md.TUnit.csproj]
/home/runner/work/tfplan2md/tfplan2md/src/tests/Oocx.TfPlan2Md.TUnit/Docker/DockerIntegrationTests.cs(81,23): error SA1600: Elements should be documented [/home/runner/work/tfplan2md/tfplan2md/src/tests/Oocx.TfPlan2Md.TUnit/Oocx.TfPlan2Md.TUnit.csproj]
/home/runner/work/tfplan2md/tfplan2md/src/tests/Oocx.TfPlan2Md.TUnit/Docker/DockerIntegrationTests.cs(97,23): error SA1600: Elements should be documented [/home/runner/work/tfplan2md/tfplan2md/src/tests/Oocx.TfPlan2Md.TUnit/Oocx.TfPlan2Md.TUnit.csproj]
/home/runner/work/tfplan2md/tfplan2md/src/tests/Oocx.TfPlan2Md.TUnit/Docker/DockerIntegrationTests.cs(112,23): error SA1600: Elements should be documented [/home/runner/work/tfplan2md/tfplan2md/src/tests/Oocx.TfPlan2Md.TUnit/Oocx.TfPlan2Md.TUnit.csproj]
/home/runner/work/tfplan2md/tfplan2md/src/tests/Oocx.TfPlan2Md.TUnit/Docker/DockerIntegrationTests.cs(133,23): error SA1600: Elements should be documented [/home/runner/work/tfplan2md/tfplan2md/src/tests/Oocx.TfPlan2Md.TUnit/Oocx.TfPlan2Md.TUnit.csproj]
/home/runner/work/tfplan2md/tfplan2md/src/tests/Oocx.TfPlan2Md.TUnit/Docker/DockerFixture.cs(16,25): error SA1600: Elements should be documented [/home/runner/work/tfplan2md/tfplan2md/src/tests/Oocx.TfPlan2Md.TUnit/Oocx.TfPlan2Md.TUnit.csproj]
/home/runner/work/tfplan2md/tfplan2md/src/tests/Oocx.TfPlan2Md.TUnit/Docker/DockerFixture.cs(17,25): error SA1600: Elements should be documented [/home/runner/work/tfplan2md/tfplan2md/src/tests/Oocx.TfPlan2Md.TUnit/Oocx.TfPlan2Md.TUnit.csproj]
/home/runner/work/tfplan2md/tfplan2md/src/tests/Oocx.TfPlan2Md.TUnit/Docker/DockerFixture.cs(19,17): error SA1600: Elements should be documented [/home/runner/work/tfplan2md/tfplan2md/src/tests/Oocx.TfPlan2Md.TUnit/Oocx.TfPlan2Md.TUnit.csproj]
/home/runner/work/tfplan2md/tfplan2md/src/tests/Oocx.TfPlan2Md.TUnit/Docker/DockerFixture.cs(18,19): error SA1600: Elements should be documented [/home/runner/work/tfplan2md/tfplan2md/src/tests/Oocx.TfPlan2Md.TUnit/Oocx.TfPlan2Md.TUnit.csproj]
/home/runner/work/tfplan2md/tfplan2md/src/tests/Oocx.TfPlan2Md.TUnit/Docker/DockerFixture.cs(20,17): error SA1600: Elements should be documented [/home/runner/work/tfplan2md/tfplan2md/src/tests/Oocx.TfPlan2Md.TUnit/Oocx.TfPlan2Md.TUnit.csproj]
/home/runner/work/tfplan2md/tfplan2md/src/tests/Oocx.TfPlan2Md.TUnit/Docker/DockerFixture.cs(22,33): error SA1600: Elements should be documented [/home/runner/work/tfplan2md/tfplan2md/src/tests/Oocx.TfPlan2Md.TUnit/Oocx.TfPlan2Md.TUnit.csproj]
/home/runner/work/tfplan2md/tfplan2md/src/tests/Oocx.TfPlan2Md.TUnit/Docker/DockerFixture.cs(28,36): error SA1600: Elements should be documented [/home/runner/work/tfplan2md/tfplan2md/src/tests/Oocx.TfPlan2Md.TUnit/Oocx.TfPlan2Md.TUnit.csproj]
/home/runner/work/tfplan2md/tfplan2md/src/tests/Oocx.TfPlan2Md.TUnit/Docker/DockerFixture.cs(162,69): error SA1600: Elements should be documented [/home/runner/work/tfplan2md/tfplan2md/src/tests/Oocx.TfPlan2Md.TUnit/Oocx.TfPlan2Md.TUnit.csproj]
/home/runner/work/tfplan2md/tfplan2md/src/tests/Oocx.TfPlan2Md.TUnit/Docker/DockerFixture.cs(214,69): error SA1600: Elements should be documented [/home/runner/work/tfplan2md/tfplan2md/src/tests/Oocx.TfPlan2Md.TUnit/Oocx.TfPlan2Md.TUnit.csproj]
/home/runner/work/tfplan2md/tfplan2md/src/tests/Oocx.TfPlan2Md.TUnit/MarkdownGeneration/AzapiResourceTemplateTests.cs(37,23): error SA1600: Elements should be documented [/home/runner/work/tfplan2md/tfplan2md/src/tests/Oocx.TfPlan2Md.TUnit/Oocx.TfPlan2Md.TUnit.csproj]
/home/runner/work/tfplan2md/tfplan2md/src/tests/Oocx.TfPlan2Md.TUnit/MarkdownGeneration/AzapiResourceTemplateTests.cs(52,23): error SA1600: Elements should be documented [/home/runner/work/tfplan2md/tfplan2md/src/tests/Oocx.TfPlan2Md.TUnit/Oocx.TfPlan2Md.TUnit.csproj]
/home/runner/work/tfplan2md/tfplan2md/src/tests/Oocx.TfPlan2Md.TUnit/MarkdownGeneration/AzapiResourceTemplateTests.cs(68,23): error SA1600: Elements should be documented [/home/runner/work/tfplan2md/tfplan2md/src/tests/Oocx.TfPlan2Md.TUnit/Oocx.TfPlan2Md.TUnit.csproj]
/home/runner/work/tfplan2md/tfplan2md/src/tests/Oocx.TfPlan2Md.TUnit/MarkdownGeneration/AzapiResourceTemplateTests.cs(82,23): error SA1600: Elements should be documented [/home/runner/work/tfplan2md/tfplan2md/src/tests/Oocx.TfPlan2Md.TUnit/Oocx.TfPlan2Md.TUnit.csproj]
/home/runner/work/tfplan2md/tfplan2md/src/tests/Oocx.TfPlan2Md.TUnit/MarkdownGeneration/AzapiResourceTemplateTests.cs(96,23): error SA1600: Elements should be documented [/home/runner/work/tfplan2md/tfplan2md/src/tests/Oocx.TfPlan2Md.TUnit/Oocx.TfPlan2Md.TUnit.csproj]
/home/runner/work/tfplan2md/tfplan2md/src/tests/Oocx.TfPlan2Md.TUnit/MarkdownGeneration/AzapiResourceTemplateTests.cs(109,23): error SA1600: Elements should be documented [/home/runner/work/tfplan2md/tfplan2md/src/tests/Oocx.TfPlan2Md.TUnit/Oocx.TfPlan2Md.TUnit.csproj]
/home/runner/work/tfplan2md/tfplan2md/src/tests/Oocx.TfPlan2Md.TUnit/MarkdownGeneration/AzapiResourceTemplateTests.cs(124,23): error SA1600: Elements should be documented [/home/runner/work/tfplan2md/tfplan2md/src/tests/Oocx.TfPlan2Md.TUnit/Oocx.TfPlan2Md.TUnit.csproj]
/home/runner/work/tfplan2md/tfplan2md/src/tests/Oocx.TfPlan2Md.TUnit/MarkdownGeneration/AzapiResourceTemplateTests.cs(140,23): error SA1600: Elements should be documented [/home/runner/work/tfplan2md/tfplan2md/src/tests/Oocx.TfPlan2Md.TUnit/Oocx.TfPlan2Md.TUnit.csproj]
/home/runner/work/tfplan2md/tfplan2md/src/tests/Oocx.TfPlan2Md.TUnit/MarkdownGeneration/AzapiResourceTemplateTests.cs(153,23): error SA1600: Elements should be documented [/home/runner/work/tfplan2md/tfplan2md/src/tests/Oocx.TfPlan2Md.TUnit/Oocx.TfPlan2Md.TUnit.csproj]
/home/runner/work/tfplan2md/tfplan2md/src/tests/Oocx.TfPlan2Md.TUnit/MarkdownGeneration/AzapiResourceTemplateTests.cs(167,23): error SA1600: Elements should be documented [/home/runner/work/tfplan2md/tfplan2md/src/tests/Oocx.TfPlan2Md.TUnit/Oocx.TfPlan2Md.TUnit.csproj]
/home/runner/work/tfplan2md/tfplan2md/src/tests/Oocx.TfPlan2Md.TUnit/MarkdownGeneration/AzapiResourceTemplateTests.cs(191,23): error SA1600: Elements should be documented [/home/runner/work/tfplan2md/tfplan2md/src/tests/Oocx.TfPlan2Md.TUnit/Oocx.TfPlan2Md.TUnit.csproj]
/home/runner/work/tfplan2md/tfplan2md/src/tests/Oocx.TfPlan2Md.TUnit/MarkdownGeneration/AzapiResourceTemplateTests.cs(209,23): error SA1600: Elements should be documented [/home/runner/work/tfplan2md/tfplan2md/src/tests/Oocx.TfPlan2Md.TUnit/Oocx.TfPlan2Md.TUnit.csproj]
/home/runner/work/tfplan2md/tfplan2md/src/tests/Oocx.TfPlan2Md.TUnit/MarkdownGeneration/AzapiResourceTemplateTests.cs(12,76): error SA1629: Documentation text should end with a period [/home/runner/work/tfplan2md/tfplan2md/src/tests/Oocx.TfPlan2Md.TUnit/Oocx.TfPlan2Md.TUnit.csproj]
/home/runner/work/tfplan2md/tfplan2md/src/tests/Oocx.TfPlan2Md.TUnit/MarkdownGeneration/ComprehensiveDemoTests.cs(11,14): error SA1600: Elements should be documented [/home/runner/work/tfplan2md/tfplan2md/src/tests/Oocx.TfPlan2Md.TUnit/Oocx.TfPlan2Md.TUnit.csproj]
/home/runner/work/tfplan2md/tfplan2md/src/tests/Oocx.TfPlan2Md.TUnit/MarkdownGeneration/ComprehensiveDemoTests.cs(17,12): error SA1600: Elements should be documented [/home/runner/work/tfplan2md/tfplan2md/src/tests/Oocx.TfPlan2Md.TUnit/Oocx.TfPlan2Md.TUnit.csproj]
/home/runner/work/tfplan2md/tfplan2md/src/tests/Oocx.TfPlan2Md.TUnit/MarkdownGeneration/ComprehensiveDemoTests.cs(24,17): error SA1600: Elements should be documented [/home/runner/work/tfplan2md/tfplan2md/src/tests/Oocx.TfPlan2Md.TUnit/Oocx.TfPlan2Md.TUnit.csproj]
/home/runner/work/tfplan2md/tfplan2md/src/tests/Oocx.TfPlan2Md.TUnit/MarkdownGeneration/ComprehensiveDemoTests.cs(52,17): error SA1600: Elements should be documented [/home/runner/work/tfplan2md/tfplan2md/src/tests/Oocx.TfPlan2Md.TUnit/Oocx.TfPlan2Md.TUnit.csproj]
/home/runner/work/tfplan2md/tfplan2md/src/tests/Oocx.TfPlan2Md.TUnit/MarkdownGeneration/ComprehensiveDemoTests.cs(65,17): error SA1600: Elements should be documented [/home/runner/work/tfplan2md/tfplan2md/src/tests/Oocx.TfPlan2Md.TUnit/Oocx.TfPlan2Md.TUnit.csproj]
/home/runner/work/tfplan2md/tfplan2md/src/tests/Oocx.TfPlan2Md.TUnit/MarkdownGeneration/ComprehensiveDemoTests.cs(81,17): error SA1600: Elements should be documented [/home/runner/work/tfplan2md/tfplan2md/src/tests/Oocx.TfPlan2Md.TUnit/Oocx.TfPlan2Md.TUnit.csproj]
/home/runner/work/tfplan2md/tfplan2md/src/tests/Oocx.TfPlan2Md.TUnit/MarkdownGeneration/FormattedValueTests.cs(10,14): error SA1600: Elements should be documented [/home/runner/work/tfplan2md/tfplan2md/src/tests/Oocx.TfPlan2Md.TUnit/Oocx.TfPlan2Md.TUnit.csproj]
/home/runner/work/tfplan2md/tfplan2md/src/tests/Oocx.TfPlan2Md.TUnit/MarkdownGeneration/FormattedValueTests.cs(13,17): error SA1600: Elements should be documented [/home/runner/work/tfplan2md/tfplan2md/src/tests/Oocx.TfPlan2Md.TUnit/Oocx.TfPlan2Md.TUnit.csproj]
/home/runner/work/tfplan2md/tfplan2md/src/tests/Oocx.TfPlan2Md.TUnit/MarkdownGeneration/FormattedValueTests.cs(35,17): error SA1600: Elements should be documented [/home/runner/work/tfplan2md/tfplan2md/src/tests/Oocx.TfPlan2Md.TUnit/Oocx.TfPlan2Md.TUnit.csproj]
/home/runner/work/tfplan2md/tfplan2md/src/tests/Oocx.TfPlan2Md.TUnit/MarkdownGeneration/MarkdownFuzzTests.cs(55,65): error SA1611: The documentation for parameter 'name' is missing [/home/runner/work/tfplan2md/tfplan2md/src/tests/Oocx.TfPlan2Md.TUnit/Oocx.TfPlan2Md.TUnit.csproj]
/home/runner/work/tfplan2md/tfplan2md/src/tests/Oocx.TfPlan2Md.TUnit/MarkdownGeneration/MarkdownFuzzTests.cs(96,66): error SA1611: The documentation for parameter 'value' is missing [/home/runner/work/tfplan2md/tfplan2md/src/tests/Oocx.TfPlan2Md.TUnit/Oocx.TfPlan2Md.TUnit.csproj]
/home/runner/work/tfplan2md/tfplan2md/src/tests/Oocx.TfPlan2Md.TUnit/MarkdownGeneration/MarkdownFuzzTests.cs(78,65): error SA1611: The documentation for parameter 'value' is missing [/home/runner/work/tfplan2md/tfplan2md/src/tests/Oocx.TfPlan2Md.TUnit/Oocx.TfPlan2Md.TUnit.csproj]
/home/runner/work/tfplan2md/tfplan2md/src/tests/Oocx.TfPlan2Md.TUnit/MarkdownGeneration/MarkdownFuzzTests.cs(114,63): error SA1611: The documentation for parameter 'value' is missing [/home/runner/work/tfplan2md/tfplan2md/src/tests/Oocx.TfPlan2Md.TUnit/Oocx.TfPlan2Md.TUnit.csproj]
/home/runner/work/tfplan2md/tfplan2md/src/tests/Oocx.TfPlan2Md.TUnit/MarkdownGeneration/MarkdownFuzzTests.cs(133,59): error SA1611: The documentation for parameter 'value' is missing [/home/runner/work/tfplan2md/tfplan2md/src/tests/Oocx.TfPlan2Md.TUnit/Oocx.TfPlan2Md.TUnit.csproj]
/home/runner/work/tfplan2md/tfplan2md/src/tests/Oocx.TfPlan2Md.TUnit/MarkdownGeneration/MarkdownFuzzTests.cs(149,64): error SA1611: The documentation for parameter 'value' is missing [/home/runner/work/tfplan2md/tfplan2md/src/tests/Oocx.TfPlan2Md.TUnit/Oocx.TfPlan2Md.TUnit.csproj]
/home/runner/work/tfplan2md/tfplan2md/src/tests/Oocx.TfPlan2Md.TUnit/MarkdownGeneration/MarkdownFuzzTests.cs(171,60): error SA1611: The documentation for parameter 'value' is missing [/home/runner/work/tfplan2md/tfplan2md/src/tests/Oocx.TfPlan2Md.TUnit/Oocx.TfPlan2Md.TUnit.csproj]
/home/runner/work/tfplan2md/tfplan2md/src/tests/Oocx.TfPlan2Md.TUnit/MarkdownGeneration/MarkdownFuzzTests.cs(206,62): error SA1611: The documentation for parameter 'value' is missing [/home/runner/work/tfplan2md/tfplan2md/src/tests/Oocx.TfPlan2Md.TUnit/Oocx.TfPlan2Md.TUnit.csproj]
/home/runner/work/tfplan2md/tfplan2md/src/tests/Oocx.TfPlan2Md.TUnit/MarkdownGeneration/MarkdownFuzzTests.cs(230,53): error SA1611: The documentation for parameter 'length' is missing [/home/runner/work/tfplan2md/tfplan2md/src/tests/Oocx.TfPlan2Md.TUnit/Oocx.TfPlan2Md.TUnit.csproj]
/home/runner/work/tfplan2md/tfplan2md/src/tests/Oocx.TfPlan2Md.TUnit/MarkdownGeneration/MarkdownFuzzTests.cs(247,60): error SA1611: The documentation for parameter 'length' is missing [/home/runner/work/tfplan2md/tfplan2md/src/tests/Oocx.TfPlan2Md.TUnit/Oocx.TfPlan2Md.TUnit.csproj]
/home/runner/work/tfplan2md/tfplan2md/src/tests/Oocx.TfPlan2Md.TUnit/MarkdownGeneration/MarkdownFuzzTests.cs(282,62): error SA1611: The documentation for parameter 'value' is missing [/home/runner/work/tfplan2md/tfplan2md/src/tests/Oocx.TfPlan2Md.TUnit/Oocx.TfPlan2Md.TUnit.csproj]
/home/runner/work/tfplan2md/tfplan2md/src/tests/Oocx.TfPlan2Md.TUnit/MarkdownGeneration/MarkdownFuzzTests.cs(298,61): error SA1611: The documentation for parameter 'value' is missing [/home/runner/work/tfplan2md/tfplan2md/src/tests/Oocx.TfPlan2Md.TUnit/Oocx.TfPlan2Md.TUnit.csproj]
/home/runner/work/tfplan2md/tfplan2md/src/tests/Oocx.TfPlan2Md.TUnit/MarkdownGeneration/MarkdownFuzzTests.cs(36,9): error SA1642: Constructor summary documentation should begin with standard text [/home/runner/work/tfplan2md/tfplan2md/src/tests/Oocx.TfPlan2Md.TUnit/Oocx.TfPlan2Md.TUnit.csproj]
/home/runner/work/tfplan2md/tfplan2md/src/tests/Oocx.TfPlan2Md.TUnit/MarkdownGeneration/MarkdownRendererFormatDiffConfigTests.cs(11,84): error SA1629: Documentation text should end with a period [/home/runner/work/tfplan2md/tfplan2md/src/tests/Oocx.TfPlan2Md.TUnit/Oocx.TfPlan2Md.TUnit.csproj]
/home/runner/work/tfplan2md/tfplan2md/src/tests/Oocx.TfPlan2Md.TUnit/MarkdownGeneration/MarkdownRendererFormatDiffConfigTests.cs(17,88): error SA1629: Documentation text should end with a period [/home/runner/work/tfplan2md/tfplan2md/src/tests/Oocx.TfPlan2Md.TUnit/Oocx.TfPlan2Md.TUnit.csproj]
/home/runner/work/tfplan2md/tfplan2md/src/tests/Oocx.TfPlan2Md.TUnit/MarkdownGeneration/MarkdownRendererFormatDiffConfigTests.cs(23,88): error SA1629: Documentation text should end with a period [/home/runner/work/tfplan2md/tfplan2md/src/tests/Oocx.TfPlan2Md.TUnit/Oocx.TfPlan2Md.TUnit.csproj]
/home/runner/work/tfplan2md/tfplan2md/src/tests/Oocx.TfPlan2Md.TUnit/MarkdownGeneration/MarkdownRendererFormatDiffConfigTests.cs(45,88): error SA1629: Documentation text should end with a period [/home/runner/work/tfplan2md/tfplan2md/src/tests/Oocx.TfPlan2Md.TUnit/Oocx.TfPlan2Md.TUnit.csproj]
/home/runner/work/tfplan2md/tfplan2md/src/tests/Oocx.TfPlan2Md.TUnit/MarkdownGeneration/MarkdownRendererNsgTemplateTests.cs(10,14): error SA1600: Elements should be documented [/home/runner/work/tfplan2md/tfplan2md/src/tests/Oocx.TfPlan2Md.TUnit/Oocx.TfPlan2Md.TUnit.csproj]
/home/runner/work/tfplan2md/tfplan2md/src/tests/Oocx.TfPlan2Md.TUnit/MarkdownGeneration/MarkdownRendererNsgTemplateTests.cs(33,17): error SA1600: Elements should be documented [/home/runner/work/tfplan2md/tfplan2md/src/tests/Oocx.TfPlan2Md.TUnit/Oocx.TfPlan2Md.TUnit.csproj]
/home/runner/work/tfplan2md/tfplan2md/src/tests/Oocx.TfPlan2Md.TUnit/MarkdownGeneration/MarkdownRendererNsgTemplateTests.cs(44,17): error SA1600: Elements should be documented [/home/runner/work/tfplan2md/tfplan2md/src/tests/Oocx.TfPlan2Md.TUnit/Oocx.TfPlan2Md.TUnit.csproj]
/home/runner/work/tfplan2md/tfplan2md/src/tests/Oocx.TfPlan2Md.TUnit/MarkdownGeneration/MarkdownRendererNsgTemplateTests.cs(55,17): error SA1600: Elements should be documented [/home/runner/work/tfplan2md/tfplan2md/src/tests/Oocx.TfPlan2Md.TUnit/Oocx.TfPlan2Md.TUnit.csproj]
/home/runner/work/tfplan2md/tfplan2md/src/tests/Oocx.TfPlan2Md.TUnit/MarkdownGeneration/MarkdownRendererNsgTemplateTests.cs(69,17): error SA1600: Elements should be documented [/home/runner/work/tfplan2md/tfplan2md/src/tests/Oocx.TfPlan2Md.TUnit/Oocx.TfPlan2Md.TUnit.csproj]
/home/runner/work/tfplan2md/tfplan2md/src/tests/Oocx.TfPlan2Md.TUnit/MarkdownGeneration/MarkdownRendererNsgTemplateTests.cs(88,17): error SA1600: Elements should be documented [/home/runner/work/tfplan2md/tfplan2md/src/tests/Oocx.TfPlan2Md.TUnit/Oocx.TfPlan2Md.TUnit.csproj]
/home/runner/work/tfplan2md/tfplan2md/src/tests/Oocx.TfPlan2Md.TUnit/MarkdownGeneration/MarkdownLintIntegrationTests.cs(41,79): error SA1611: The documentation for parameter 'cancellationToken' is missing [/home/runner/work/tfplan2md/tfplan2md/src/tests/Oocx.TfPlan2Md.TUnit/Oocx.TfPlan2Md.TUnit.csproj]
/home/runner/work/tfplan2md/tfplan2md/src/tests/Oocx.TfPlan2Md.TUnit/MarkdownGeneration/MarkdownLintIntegrationTests.cs(70,72): error SA1611: The documentation for parameter 'cancellationToken' is missing [/home/runner/work/tfplan2md/tfplan2md/src/tests/Oocx.TfPlan2Md.TUnit/Oocx.TfPlan2Md.TUnit.csproj]
/home/runner/work/tfplan2md/tfplan2md/src/tests/Oocx.TfPlan2Md.TUnit/MarkdownGeneration/MarkdownLintIntegrationTests.cs(130,77): error SA1611: The documentation for parameter 'cancellationToken' is missing [/home/runner/work/tfplan2md/tfplan2md/src/tests/Oocx.TfPlan2Md.TUnit/Oocx.TfPlan2Md.TUnit.csproj]
/home/runner/work/tfplan2md/tfplan2md/src/tests/Oocx.TfPlan2Md.TUnit/MarkdownGeneration/MarkdownLintIntegrationTests.cs(158,74): error SA1611: The documentation for parameter 'cancellationToken' is missing [/home/runner/work/tfplan2md/tfplan2md/src/tests/Oocx.TfPlan2Md.TUnit/Oocx.TfPlan2Md.TUnit.csproj]
/home/runner/work/tfplan2md/tfplan2md/src/tests/Oocx.TfPlan2Md.TUnit/MarkdownGeneration/MarkdownLintIntegrationTests.cs(41,18): error SA1615: Element return value should be documented [/home/runner/work/tfplan2md/tfplan2md/src/tests/Oocx.TfPlan2Md.TUnit/Oocx.TfPlan2Md.TUnit.csproj]
/home/runner/work/tfplan2md/tfplan2md/src/tests/Oocx.TfPlan2Md.TUnit/MarkdownGeneration/MarkdownLintIntegrationTests.cs(70,18): error SA1615: Element return value should be documented [/home/runner/work/tfplan2md/tfplan2md/src/tests/Oocx.TfPlan2Md.TUnit/Oocx.TfPlan2Md.TUnit.csproj]
/home/runner/work/tfplan2md/tfplan2md/src/tests/Oocx.TfPlan2Md.TUnit/MarkdownGeneration/MarkdownLintIntegrationTests.cs(130,18): error SA1615: Element return value should be documented [/home/runner/work/tfplan2md/tfplan2md/src/tests/Oocx.TfPlan2Md.TUnit/Oocx.TfPlan2Md.TUnit.csproj]
/home/runner/work/tfplan2md/tfplan2md/src/tests/Oocx.TfPlan2Md.TUnit/MarkdownGeneration/MarkdownLintIntegrationTests.cs(158,18): error SA1615: Element return value should be documented [/home/runner/work/tfplan2md/tfplan2md/src/tests/Oocx.TfPlan2Md.TUnit/Oocx.TfPlan2Md.TUnit.csproj]
/home/runner/work/tfplan2md/tfplan2md/src/tests/Oocx.TfPlan2Md.TUnit/MarkdownGeneration/MarkdownRendererResourceTemplateTests.cs(10,14): error SA1600: Elements should be documented [/home/runner/work/tfplan2md/tfplan2md/src/tests/Oocx.TfPlan2Md.TUnit/Oocx.TfPlan2Md.TUnit.csproj]
/home/runner/work/tfplan2md/tfplan2md/src/tests/Oocx.TfPlan2Md.TUnit/MarkdownGeneration/MarkdownRendererResourceTemplateTests.cs(34,17): error SA1600: Elements should be documented [/home/runner/work/tfplan2md/tfplan2md/src/tests/Oocx.TfPlan2Md.TUnit/Oocx.TfPlan2Md.TUnit.csproj]
/home/runner/work/tfplan2md/tfplan2md/src/tests/Oocx.TfPlan2Md.TUnit/MarkdownGeneration/MarkdownRendererResourceTemplateTests.cs(45,17): error SA1600: Elements should be documented [/home/runner/work/tfplan2md/tfplan2md/src/tests/Oocx.TfPlan2Md.TUnit/Oocx.TfPlan2Md.TUnit.csproj]
/home/runner/work/tfplan2md/tfplan2md/src/tests/Oocx.TfPlan2Md.TUnit/MarkdownGeneration/MarkdownRendererResourceTemplateTests.cs(58,17): error SA1600: Elements should be documented [/home/runner/work/tfplan2md/tfplan2md/src/tests/Oocx.TfPlan2Md.TUnit/Oocx.TfPlan2Md.TUnit.csproj]
/home/runner/work/tfplan2md/tfplan2md/src/tests/Oocx.TfPlan2Md.TUnit/MarkdownGeneration/MarkdownRendererResourceTemplateTests.cs(72,17): error SA1600: Elements should be documented [/home/runner/work/tfplan2md/tfplan2md/src/tests/Oocx.TfPlan2Md.TUnit/Oocx.TfPlan2Md.TUnit.csproj]
/home/runner/work/tfplan2md/tfplan2md/src/tests/Oocx.TfPlan2Md.TUnit/MarkdownGeneration/MarkdownRendererSummaryTests.cs(8,14): error SA1600: Elements should be documented [/home/runner/work/tfplan2md/tfplan2md/src/tests/Oocx.TfPlan2Md.TUnit/Oocx.TfPlan2Md.TUnit.csproj]
/home/runner/work/tfplan2md/tfplan2md/src/tests/Oocx.TfPlan2Md.TUnit/MarkdownGeneration/MarkdownRendererSummaryTests.cs(13,17): error SA1600: Elements should be documented [/home/runner/work/tfplan2md/tfplan2md/src/tests/Oocx.TfPlan2Md.TUnit/Oocx.TfPlan2Md.TUnit.csproj]
/home/runner/work/tfplan2md/tfplan2md/src/tests/Oocx.TfPlan2Md.TUnit/MarkdownGeneration/MarkdownRendererSummaryTests.cs(29,17): error SA1600: Elements should be documented [/home/runner/work/tfplan2md/tfplan2md/src/tests/Oocx.TfPlan2Md.TUnit/Oocx.TfPlan2Md.TUnit.csproj]
/home/runner/work/tfplan2md/tfplan2md/src/tests/Oocx.TfPlan2Md.TUnit/MarkdownGeneration/MarkdownRendererTemplateFormattingTests.cs(11,14): error SA1600: Elements should be documented [/home/runner/work/tfplan2md/tfplan2md/src/tests/Oocx.TfPlan2Md.TUnit/Oocx.TfPlan2Md.TUnit.csproj]
/home/runner/work/tfplan2md/tfplan2md/src/tests/Oocx.TfPlan2Md.TUnit/MarkdownGeneration/MarkdownRendererTemplateFormattingTests.cs(17,17): error SA1600: Elements should be documented [/home/runner/work/tfplan2md/tfplan2md/src/tests/Oocx.TfPlan2Md.TUnit/Oocx.TfPlan2Md.TUnit.csproj]
/home/runner/work/tfplan2md/tfplan2md/src/tests/Oocx.TfPlan2Md.TUnit/MarkdownGeneration/MarkdownRendererTemplateFormattingTests.cs(43,17): error SA1600: Elements should be documented [/home/runner/work/tfplan2md/tfplan2md/src/tests/Oocx.TfPlan2Md.TUnit/Oocx.TfPlan2Md.TUnit.csproj]
/home/runner/work/tfplan2md/tfplan2md/src/tests/Oocx.TfPlan2Md.TUnit/MarkdownGeneration/MarkdownRendererTemplateFormattingTests.cs(88,17): error SA1600: Elements should be documented [/home/runner/work/tfplan2md/tfplan2md/src/tests/Oocx.TfPlan2Md.TUnit/Oocx.TfPlan2Md.TUnit.csproj]
/home/runner/work/tfplan2md/tfplan2md/src/tests/Oocx.TfPlan2Md.TUnit/MarkdownGeneration/MarkdownRendererTemplateFormattingTests.cs(129,17): error SA1600: Elements should be documented [/home/runner/work/tfplan2md/tfplan2md/src/tests/Oocx.TfPlan2Md.TUnit/Oocx.TfPlan2Md.TUnit.csproj]
/home/runner/work/tfplan2md/tfplan2md/src/tests/Oocx.TfPlan2Md.TUnit/MarkdownGeneration/MarkdownRendererRoleAssignmentTests.cs(20,17): error SA1600: Elements should be documented [/home/runner/work/tfplan2md/tfplan2md/src/tests/Oocx.TfPlan2Md.TUnit/Oocx.TfPlan2Md.TUnit.csproj]
/home/runner/work/tfplan2md/tfplan2md/src/tests/Oocx.TfPlan2Md.TUnit/MarkdownGeneration/MarkdownRendererRoleAssignmentTests.cs(45,17): error SA1600: Elements should be documented [/home/runner/work/tfplan2md/tfplan2md/src/tests/Oocx.TfPlan2Md.TUnit/Oocx.TfPlan2Md.TUnit.csproj]
/home/runner/work/tfplan2md/tfplan2md/src/tests/Oocx.TfPlan2Md.TUnit/MarkdownGeneration/MarkdownRendererTests.cs(12,14): error SA1600: Elements should be documented [/home/runner/work/tfplan2md/tfplan2md/src/tests/Oocx.TfPlan2Md.TUnit/Oocx.TfPlan2Md.TUnit.csproj]
/home/runner/work/tfplan2md/tfplan2md/src/tests/Oocx.TfPlan2Md.TUnit/MarkdownGeneration/MarkdownRendererTests.cs(65,17): error SA1600: Elements should be documented [/home/runner/work/tfplan2md/tfplan2md/src/tests/Oocx.TfPlan2Md.TUnit/Oocx.TfPlan2Md.TUnit.csproj]
/home/runner/work/tfplan2md/tfplan2md/src/tests/Oocx.TfPlan2Md.TUnit/MarkdownGeneration/MarkdownRendererTests.cs(84,17): error SA1600: Elements should be documented [/home/runner/work/tfplan2md/tfplan2md/src/tests/Oocx.TfPlan2Md.TUnit/Oocx.TfPlan2Md.TUnit.csproj]
/home/runner/work/tfplan2md/tfplan2md/src/tests/Oocx.TfPlan2Md.TUnit/MarkdownGeneration/MarkdownRendererTests.cs(104,17): error SA1600: Elements should be documented [/home/runner/work/tfplan2md/tfplan2md/src/tests/Oocx.TfPlan2Md.TUnit/Oocx.TfPlan2Md.TUnit.csproj]
/home/runner/work/tfplan2md/tfplan2md/src/tests/Oocx.TfPlan2Md.TUnit/MarkdownGeneration/MarkdownRendererTests.cs(120,17): error SA1600: Elements should be documented [/home/runner/work/tfplan2md/tfplan2md/src/tests/Oocx.TfPlan2Md.TUnit/Oocx.TfPlan2Md.TUnit.csproj]
/home/runner/work/tfplan2md/tfplan2md/src/tests/Oocx.TfPlan2Md.TUnit/MarkdownGeneration/MarkdownRendererTests.cs(136,17): error SA1600: Elements should be documented [/home/runner/work/tfplan2md/tfplan2md/src/tests/Oocx.TfPlan2Md.TUnit/Oocx.TfPlan2Md.TUnit.csproj]
/home/runner/work/tfplan2md/tfplan2md/src/tests/Oocx.TfPlan2Md.TUnit/MarkdownGeneration/MarkdownRendererTests.cs(155,17): error SA1600: Elements should be documented [/home/runner/work/tfplan2md/tfplan2md/src/tests/Oocx.TfPlan2Md.TUnit/Oocx.TfPlan2Md.TUnit.csproj]
/home/runner/work/tfplan2md/tfplan2md/src/tests/Oocx.TfPlan2Md.TUnit/MarkdownGeneration/MarkdownRendererTests.cs(173,17): error SA1600: Elements should be documented [/home/runner/work/tfplan2md/tfplan2md/src/tests/Oocx.TfPlan2Md.TUnit/Oocx.TfPlan2Md.TUnit.csproj]
/home/runner/work/tfplan2md/tfplan2md/src/tests/Oocx.TfPlan2Md.TUnit/MarkdownGeneration/MarkdownRendererTests.cs(190,17): error SA1600: Elements should be documented [/home/runner/work/tfplan2md/tfplan2md/src/tests/Oocx.TfPlan2Md.TUnit/Oocx.TfPlan2Md.TUnit.csproj]
/home/runner/work/tfplan2md/tfplan2md/src/tests/Oocx.TfPlan2Md.TUnit/MarkdownGeneration/MarkdownRendererTests.cs(207,17): error SA1600: Elements should be documented [/home/runner/work/tfplan2md/tfplan2md/src/tests/Oocx.TfPlan2Md.TUnit/Oocx.TfPlan2Md.TUnit.csproj]
/home/runner/work/tfplan2md/tfplan2md/src/tests/Oocx.TfPlan2Md.TUnit/MarkdownGeneration/MarkdownRendererTests.cs(233,17): error SA1600: Elements should be documented [/home/runner/work/tfplan2md/tfplan2md/src/tests/Oocx.TfPlan2Md.TUnit/Oocx.TfPlan2Md.TUnit.csproj]
/home/runner/work/tfplan2md/tfplan2md/src/tests/Oocx.TfPlan2Md.TUnit/MarkdownGeneration/MarkdownRendererTests.cs(260,17): error SA1600: Elements should be documented [/home/runner/work/tfplan2md/tfplan2md/src/tests/Oocx.TfPlan2Md.TUnit/Oocx.TfPlan2Md.TUnit.csproj]
/home/runner/work/tfplan2md/tfplan2md/src/tests/Oocx.TfPlan2Md.TUnit/MarkdownGeneration/MarkdownRendererTests.cs(280,17): error SA1600: Elements should be documented [/home/runner/work/tfplan2md/tfplan2md/src/tests/Oocx.TfPlan2Md.TUnit/Oocx.TfPlan2Md.TUnit.csproj]
/home/runner/work/tfplan2md/tfplan2md/src/tests/Oocx.TfPlan2Md.TUnit/MarkdownGeneration/MarkdownRendererTests.cs(302,17): error SA1600: Elements should be documented [/home/runner/work/tfplan2md/tfplan2md/src/tests/Oocx.TfPlan2Md.TUnit/Oocx.TfPlan2Md.TUnit.csproj]
/home/runner/work/tfplan2md/tfplan2md/src/tests/Oocx.TfPlan2Md.TUnit/MarkdownGeneration/MarkdownRendererTests.cs(320,17): error SA1600: Elements should be documented [/home/runner/work/tfplan2md/tfplan2md/src/tests/Oocx.TfPlan2Md.TUnit/Oocx.TfPlan2Md.TUnit.csproj]
/home/runner/work/tfplan2md/tfplan2md/src/tests/Oocx.TfPlan2Md.TUnit/MarkdownGeneration/MarkdownRendererTests.cs(366,17): error SA1600: Elements should be documented [/home/runner/work/tfplan2md/tfplan2md/src/tests/Oocx.TfPlan2Md.TUnit/Oocx.TfPlan2Md.TUnit.csproj]
/home/runner/work/tfplan2md/tfplan2md/src/tests/Oocx.TfPlan2Md.TUnit/MarkdownGeneration/MarkdownRendererTests.cs(339,17): error SA1600: Elements should be documented [/home/runner/work/tfplan2md/tfplan2md/src/tests/Oocx.TfPlan2Md.TUnit/Oocx.TfPlan2Md.TUnit.csproj]
/home/runner/work/tfplan2md/tfplan2md/src/tests/Oocx.TfPlan2Md.TUnit/MarkdownGeneration/MarkdownRendererTests.cs(387,17): error SA1600: Elements should be documented [/home/runner/work/tfplan2md/tfplan2md/src/tests/Oocx.TfPlan2Md.TUnit/Oocx.TfPlan2Md.TUnit.csproj]
/home/runner/work/tfplan2md/tfplan2md/src/tests/Oocx.TfPlan2Md.TUnit/MarkdownGeneration/MarkdownRendererTests.cs(429,17): error SA1600: Elements should be documented [/home/runner/work/tfplan2md/tfplan2md/src/tests/Oocx.TfPlan2Md.TUnit/Oocx.TfPlan2Md.TUnit.csproj]
/home/runner/work/tfplan2md/tfplan2md/src/tests/Oocx.TfPlan2Md.TUnit/MarkdownGeneration/MarkdownRendererTests.cs(403,17): error SA1600: Elements should be documented [/home/runner/work/tfplan2md/tfplan2md/src/tests/Oocx.TfPlan2Md.TUnit/Oocx.TfPlan2Md.TUnit.csproj]
/home/runner/work/tfplan2md/tfplan2md/src/tests/Oocx.TfPlan2Md.TUnit/MarkdownGeneration/MarkdownRendererTests.cs(451,17): error SA1600: Elements should be documented [/home/runner/work/tfplan2md/tfplan2md/src/tests/Oocx.TfPlan2Md.TUnit/Oocx.TfPlan2Md.TUnit.csproj]
/home/runner/work/tfplan2md/tfplan2md/src/tests/Oocx.TfPlan2Md.TUnit/MarkdownGeneration/MarkdownRendererTests.cs(468,17): error SA1600: Elements should be documented [/home/runner/work/tfplan2md/tfplan2md/src/tests/Oocx.TfPlan2Md.TUnit/Oocx.TfPlan2Md.TUnit.csproj]
/home/runner/work/tfplan2md/tfplan2md/src/tests/Oocx.TfPlan2Md.TUnit/MarkdownGeneration/MarkdownRendererTests.cs(485,17): error SA1600: Elements should be documented [/home/runner/work/tfplan2md/tfplan2md/src/tests/Oocx.TfPlan2Md.TUnit/Oocx.TfPlan2Md.TUnit.csproj]
/home/runner/work/tfplan2md/tfplan2md/src/tests/Oocx.TfPlan2Md.TUnit/MarkdownGeneration/MarkdownRendererTests.cs(504,17): error SA1600: Elements should be documented [/home/runner/work/tfplan2md/tfplan2md/src/tests/Oocx.TfPlan2Md.TUnit/Oocx.TfPlan2Md.TUnit.csproj]
/home/runner/work/tfplan2md/tfplan2md/src/tests/Oocx.TfPlan2Md.TUnit/MarkdownGeneration/MarkdownRendererTests.cs(527,17): error SA1600: Elements should be documented [/home/runner/work/tfplan2md/tfplan2md/src/tests/Oocx.TfPlan2Md.TUnit/Oocx.TfPlan2Md.TUnit.csproj]
/home/runner/work/tfplan2md/tfplan2md/src/tests/Oocx.TfPlan2Md.TUnit/MarkdownGeneration/MarkdownRendererTests.cs(570,17): error SA1600: Elements should be documented [/home/runner/work/tfplan2md/tfplan2md/src/tests/Oocx.TfPlan2Md.TUnit/Oocx.TfPlan2Md.TUnit.csproj]
/home/runner/work/tfplan2md/tfplan2md/src/tests/Oocx.TfPlan2Md.TUnit/MarkdownGeneration/MarkdownRendererTests.cs(545,17): error SA1600: Elements should be documented [/home/runner/work/tfplan2md/tfplan2md/src/tests/Oocx.TfPlan2Md.TUnit/Oocx.TfPlan2Md.TUnit.csproj]
/home/runner/work/tfplan2md/tfplan2md/src/tests/Oocx.TfPlan2Md.TUnit/MarkdownGeneration/MarkdownRendererTests.cs(685,17): error SA1600: Elements should be documented [/home/runner/work/tfplan2md/tfplan2md/src/tests/Oocx.TfPlan2Md.TUnit/Oocx.TfPlan2Md.TUnit.csproj]
/home/runner/work/tfplan2md/tfplan2md/src/tests/Oocx.TfPlan2Md.TUnit/MarkdownGeneration/MarkdownRendererTests.cs(628,17): error SA1600: Elements should be documented [/home/runner/work/tfplan2md/tfplan2md/src/tests/Oocx.TfPlan2Md.TUnit/Oocx.TfPlan2Md.TUnit.csproj]
/home/runner/work/tfplan2md/tfplan2md/src/tests/Oocx.TfPlan2Md.TUnit/MarkdownGeneration/MarkdownRendererTests.cs(743,17): error SA1600: Elements should be documented [/home/runner/work/tfplan2md/tfplan2md/src/tests/Oocx.TfPlan2Md.TUnit/Oocx.TfPlan2Md.TUnit.csproj]
/home/runner/work/tfplan2md/tfplan2md/src/tests/Oocx.TfPlan2Md.TUnit/MarkdownGeneration/MarkdownRendererTests.cs(837,17): error SA1600: Elements should be documented [/home/runner/work/tfplan2md/tfplan2md/src/tests/Oocx.TfPlan2Md.TUnit/Oocx.TfPlan2Md.TUnit.csproj]
/home/runner/work/tfplan2md/tfplan2md/src/tests/Oocx.TfPlan2Md.TUnit/MarkdownGeneration/MarkdownRendererTests.cs(794,17): error SA1600: Elements should be documented [/home/runner/work/tfplan2md/tfplan2md/src/tests/Oocx.TfPlan2Md.TUnit/Oocx.TfPlan2Md.TUnit.csproj]
/home/runner/work/tfplan2md/tfplan2md/src/tests/Oocx.TfPlan2Md.TUnit/MarkdownGeneration/MarkdownRendererTests.cs(871,17): error SA1600: Elements should be documented [/home/runner/work/tfplan2md/tfplan2md/src/tests/Oocx.TfPlan2Md.TUnit/Oocx.TfPlan2Md.TUnit.csproj]
/home/runner/work/tfplan2md/tfplan2md/src/tests/Oocx.TfPlan2Md.TUnit/MarkdownGeneration/MarkdownRendererTests.cs(928,17): error SA1600: Elements should be documented [/home/runner/work/tfplan2md/tfplan2md/src/tests/Oocx.TfPlan2Md.TUnit/Oocx.TfPlan2Md.TUnit.csproj]
/home/runner/work/tfplan2md/tfplan2md/src/tests/Oocx.TfPlan2Md.TUnit/MarkdownGeneration/MarkdownRendererTests.cs(959,17): error SA1600: Elements should be documented [/home/runner/work/tfplan2md/tfplan2md/src/tests/Oocx.TfPlan2Md.TUnit/Oocx.TfPlan2Md.TUnit.csproj]
/home/runner/work/tfplan2md/tfplan2md/src/tests/Oocx.TfPlan2Md.TUnit/MarkdownGeneration/MarkdownRendererTests.cs(1002,17): error SA1600: Elements should be documented [/home/runner/work/tfplan2md/tfplan2md/src/tests/Oocx.TfPlan2Md.TUnit/Oocx.TfPlan2Md.TUnit.csproj]
/home/runner/work/tfplan2md/tfplan2md/src/tests/Oocx.TfPlan2Md.TUnit/MarkdownGeneration/MarkdownRendererTests.cs(1020,17): error SA1600: Elements should be documented [/home/runner/work/tfplan2md/tfplan2md/src/tests/Oocx.TfPlan2Md.TUnit/Oocx.TfPlan2Md.TUnit.csproj]
/home/runner/work/tfplan2md/tfplan2md/src/tests/Oocx.TfPlan2Md.TUnit/MarkdownGeneration/MarkdownRendererTests.cs(1038,17): error SA1600: Elements should be documented [/home/runner/work/tfplan2md/tfplan2md/src/tests/Oocx.TfPlan2Md.TUnit/Oocx.TfPlan2Md.TUnit.csproj]
/home/runner/work/tfplan2md/tfplan2md/src/tests/Oocx.TfPlan2Md.TUnit/MarkdownGeneration/MarkdownRendererTests.cs(1056,17): error SA1600: Elements should be documented [/home/runner/work/tfplan2md/tfplan2md/src/tests/Oocx.TfPlan2Md.TUnit/Oocx.TfPlan2Md.TUnit.csproj]
/home/runner/work/tfplan2md/tfplan2md/src/tests/Oocx.TfPlan2Md.TUnit/MarkdownGeneration/MarkdownRendererTests.cs(1073,17): error SA1600: Elements should be documented [/home/runner/work/tfplan2md/tfplan2md/src/tests/Oocx.TfPlan2Md.TUnit/Oocx.TfPlan2Md.TUnit.csproj]
/home/runner/work/tfplan2md/tfplan2md/src/tests/Oocx.TfPlan2Md.TUnit/MarkdownGeneration/MarkdownRendererTests.cs(1091,17): error SA1600: Elements should be documented [/home/runner/work/tfplan2md/tfplan2md/src/tests/Oocx.TfPlan2Md.TUnit/Oocx.TfPlan2Md.TUnit.csproj]
/home/runner/work/tfplan2md/tfplan2md/src/tests/Oocx.TfPlan2Md.TUnit/MarkdownGeneration/MarkdownRendererTests.cs(1109,17): error SA1600: Elements should be documented [/home/runner/work/tfplan2md/tfplan2md/src/tests/Oocx.TfPlan2Md.TUnit/Oocx.TfPlan2Md.TUnit.csproj]
/home/runner/work/tfplan2md/tfplan2md/src/tests/Oocx.TfPlan2Md.TUnit/MarkdownGeneration/MarkdownRendererTests.cs(1127,17): error SA1600: Elements should be documented [/home/runner/work/tfplan2md/tfplan2md/src/tests/Oocx.TfPlan2Md.TUnit/Oocx.TfPlan2Md.TUnit.csproj]
/home/runner/work/tfplan2md/tfplan2md/src/tests/Oocx.TfPlan2Md.TUnit/MarkdownGeneration/MarkdownRendererTests.cs(1149,17): error SA1600: Elements should be documented [/home/runner/work/tfplan2md/tfplan2md/src/tests/Oocx.TfPlan2Md.TUnit/Oocx.TfPlan2Md.TUnit.csproj]
/home/runner/work/tfplan2md/tfplan2md/src/tests/Oocx.TfPlan2Md.TUnit/MarkdownGeneration/MarkdownRendererTests.cs(1170,17): error SA1600: Elements should be documented [/home/runner/work/tfplan2md/tfplan2md/src/tests/Oocx.TfPlan2Md.TUnit/Oocx.TfPlan2Md.TUnit.csproj]
/home/runner/work/tfplan2md/tfplan2md/src/tests/Oocx.TfPlan2Md.TUnit/MarkdownGeneration/MarkdownRendererTests.cs(1190,17): error SA1600: Elements should be documented [/home/runner/work/tfplan2md/tfplan2md/src/tests/Oocx.TfPlan2Md.TUnit/Oocx.TfPlan2Md.TUnit.csproj]
/home/runner/work/tfplan2md/tfplan2md/src/tests/Oocx.TfPlan2Md.TUnit/MarkdownGeneration/MarkdownRendererTests.cs(1208,17): error SA1600: Elements should be documented [/home/runner/work/tfplan2md/tfplan2md/src/tests/Oocx.TfPlan2Md.TUnit/Oocx.TfPlan2Md.TUnit.csproj]
/home/runner/work/tfplan2md/tfplan2md/src/tests/Oocx.TfPlan2Md.TUnit/MarkdownGeneration/MarkdownRendererTests.cs(1226,17): error SA1600: Elements should be documented [/home/runner/work/tfplan2md/tfplan2md/src/tests/Oocx.TfPlan2Md.TUnit/Oocx.TfPlan2Md.TUnit.csproj]
/home/runner/work/tfplan2md/tfplan2md/src/tests/Oocx.TfPlan2Md.TUnit/MarkdownGeneration/MarkdownRendererTests.cs(1243,17): error SA1600: Elements should be documented [/home/runner/work/tfplan2md/tfplan2md/src/tests/Oocx.TfPlan2Md.TUnit/Oocx.TfPlan2Md.TUnit.csproj]
/home/runner/work/tfplan2md/tfplan2md/src/tests/Oocx.TfPlan2Md.TUnit/MarkdownGeneration/MarkdownSnapshotTests.cs(150,46): error SA1629: Documentation text should end with a period [/home/runner/work/tfplan2md/tfplan2md/src/tests/Oocx.TfPlan2Md.TUnit/Oocx.TfPlan2Md.TUnit.csproj]
/home/runner/work/tfplan2md/tfplan2md/src/tests/Oocx.TfPlan2Md.TUnit/MarkdownGeneration/MarkdownValidationTests.cs(18,84): error SA1629: Documentation text should end with a period [/home/runner/work/tfplan2md/tfplan2md/src/tests/Oocx.TfPlan2Md.TUnit/Oocx.TfPlan2Md.TUnit.csproj]
/home/runner/work/tfplan2md/tfplan2md/src/tests/Oocx.TfPlan2Md.TUnit/MarkdownGeneration/MarkdownValidationTests.cs(27,88): error SA1629: Documentation text should end with a period [/home/runner/work/tfplan2md/tfplan2md/src/tests/Oocx.TfPlan2Md.TUnit/Oocx.TfPlan2Md.TUnit.csproj]
/home/runner/work/tfplan2md/tfplan2md/src/tests/Oocx.TfPlan2Md.TUnit/MarkdownGeneration/MarkdownValidationTests.cs(45,90): error SA1629: Documentation text should end with a period [/home/runner/work/tfplan2md/tfplan2md/src/tests/Oocx.TfPlan2Md.TUnit/Oocx.TfPlan2Md.TUnit.csproj]
/home/runner/work/tfplan2md/tfplan2md/src/tests/Oocx.TfPlan2Md.TUnit/MarkdownGeneration/MarkdownValidationTests.cs(63,88): error SA1629: Documentation text should end with a period [/home/runner/work/tfplan2md/tfplan2md/src/tests/Oocx.TfPlan2Md.TUnit/Oocx.TfPlan2Md.TUnit.csproj]
/home/runner/work/tfplan2md/tfplan2md/src/tests/Oocx.TfPlan2Md.TUnit/MarkdownGeneration/MarkdownValidationTests.cs(85,88): error SA1629: Documentation text should end with a period [/home/runner/work/tfplan2md/tfplan2md/src/tests/Oocx.TfPlan2Md.TUnit/Oocx.TfPlan2Md.TUnit.csproj]
/home/runner/work/tfplan2md/tfplan2md/src/tests/Oocx.TfPlan2Md.TUnit/MarkdownGeneration/MarkdownValidationTests.cs(110,88): error SA1629: Documentation text should end with a period [/home/runner/work/tfplan2md/tfplan2md/src/tests/Oocx.TfPlan2Md.TUnit/Oocx.TfPlan2Md.TUnit.csproj]
/home/runner/work/tfplan2md/tfplan2md/src/tests/Oocx.TfPlan2Md.TUnit/MarkdownGeneration/MarkdownValidationTests.cs(132,88): error SA1629: Documentation text should end with a period [/home/runner/work/tfplan2md/tfplan2md/src/tests/Oocx.TfPlan2Md.TUnit/Oocx.TfPlan2Md.TUnit.csproj]
/home/runner/work/tfplan2md/tfplan2md/src/tests/Oocx.TfPlan2Md.TUnit/MarkdownGeneration/MarkdownValidationTests.cs(167,88): error SA1629: Documentation text should end with a period [/home/runner/work/tfplan2md/tfplan2md/src/tests/Oocx.TfPlan2Md.TUnit/Oocx.TfPlan2Md.TUnit.csproj]
/home/runner/work/tfplan2md/tfplan2md/src/tests/Oocx.TfPlan2Md.TUnit/MarkdownGeneration/MarkdownValidationTests.cs(189,88): error SA1629: Documentation text should end with a period [/home/runner/work/tfplan2md/tfplan2md/src/tests/Oocx.TfPlan2Md.TUnit/Oocx.TfPlan2Md.TUnit.csproj]
/home/runner/work/tfplan2md/tfplan2md/src/tests/Oocx.TfPlan2Md.TUnit/MarkdownGeneration/ReportModelBuilderMetadataTests.cs(10,14): error SA1600: Elements should be documented [/home/runner/work/tfplan2md/tfplan2md/src/tests/Oocx.TfPlan2Md.TUnit/Oocx.TfPlan2Md.TUnit.csproj]
/home/runner/work/tfplan2md/tfplan2md/src/tests/Oocx.TfPlan2Md.TUnit/MarkdownGeneration/ReportModelBuilderMetadataTests.cs(15,17): error SA1600: Elements should be documented [/home/runner/work/tfplan2md/tfplan2md/src/tests/Oocx.TfPlan2Md.TUnit/Oocx.TfPlan2Md.TUnit.csproj]
/home/runner/work/tfplan2md/tfplan2md/src/tests/Oocx.TfPlan2Md.TUnit/MarkdownGeneration/ReportModelBuilderMetadataTests.cs(32,17): error SA1600: Elements should be documented [/home/runner/work/tfplan2md/tfplan2md/src/tests/Oocx.TfPlan2Md.TUnit/Oocx.TfPlan2Md.TUnit.csproj]
/home/runner/work/tfplan2md/tfplan2md/src/tests/Oocx.TfPlan2Md.TUnit/MarkdownGeneration/ReportModelBuilderNoOpTests.cs(8,14): error SA1600: Elements should be documented [/home/runner/work/tfplan2md/tfplan2md/src/tests/Oocx.TfPlan2Md.TUnit/Oocx.TfPlan2Md.TUnit.csproj]
/home/runner/work/tfplan2md/tfplan2md/src/tests/Oocx.TfPlan2Md.TUnit/MarkdownGeneration/ReportModelBuilderNoOpTests.cs(13,17): error SA1600: Elements should be documented [/home/runner/work/tfplan2md/tfplan2md/src/tests/Oocx.TfPlan2Md.TUnit/Oocx.TfPlan2Md.TUnit.csproj]
/home/runner/work/tfplan2md/tfplan2md/src/tests/Oocx.TfPlan2Md.TUnit/MarkdownGeneration/ReportModelBuilderNoOpTests.cs(35,17): error SA1600: Elements should be documented [/home/runner/work/tfplan2md/tfplan2md/src/tests/Oocx.TfPlan2Md.TUnit/Oocx.TfPlan2Md.TUnit.csproj]
/home/runner/work/tfplan2md/tfplan2md/src/tests/Oocx.TfPlan2Md.TUnit/MarkdownGeneration/ReportModelBuilderSummaryTests.cs(10,14): error SA1600: Elements should be documented [/home/runner/work/tfplan2md/tfplan2md/src/tests/Oocx.TfPlan2Md.TUnit/Oocx.TfPlan2Md.TUnit.csproj]
/home/runner/work/tfplan2md/tfplan2md/src/tests/Oocx.TfPlan2Md.TUnit/MarkdownGeneration/ReportModelBuilderSummaryTests.cs(15,17): error SA1600: Elements should be documented [/home/runner/work/tfplan2md/tfplan2md/src/tests/Oocx.TfPlan2Md.TUnit/Oocx.TfPlan2Md.TUnit.csproj]
/home/runner/work/tfplan2md/tfplan2md/src/tests/Oocx.TfPlan2Md.TUnit/MarkdownGeneration/ReportModelBuilderSummaryTests.cs(33,17): error SA1600: Elements should be documented [/home/runner/work/tfplan2md/tfplan2md/src/tests/Oocx.TfPlan2Md.TUnit/Oocx.TfPlan2Md.TUnit.csproj]
/home/runner/work/tfplan2md/tfplan2md/src/tests/Oocx.TfPlan2Md.TUnit/MarkdownGeneration/ReportModelBuilderSummaryTests.cs(71,17): error SA1600: Elements should be documented [/home/runner/work/tfplan2md/tfplan2md/src/tests/Oocx.TfPlan2Md.TUnit/Oocx.TfPlan2Md.TUnit.csproj]
/home/runner/work/tfplan2md/tfplan2md/src/tests/Oocx.TfPlan2Md.TUnit/MarkdownGeneration/ReportModelBuilderSummaryTests.cs(55,17): error SA1600: Elements should be documented [/home/runner/work/tfplan2md/tfplan2md/src/tests/Oocx.TfPlan2Md.TUnit/Oocx.TfPlan2Md.TUnit.csproj]
/home/runner/work/tfplan2md/tfplan2md/src/tests/Oocx.TfPlan2Md.TUnit/MarkdownGeneration/ReportModelBuilderSummaryTests.cs(87,17): error SA1600: Elements should be documented [/home/runner/work/tfplan2md/tfplan2md/src/tests/Oocx.TfPlan2Md.TUnit/Oocx.TfPlan2Md.TUnit.csproj]
/home/runner/work/tfplan2md/tfplan2md/src/tests/Oocx.TfPlan2Md.TUnit/MarkdownGeneration/ReportModelBuilderTests.cs(8,14): error SA1600: Elements should be documented [/home/runner/work/tfplan2md/tfplan2md/src/tests/Oocx.TfPlan2Md.TUnit/Oocx.TfPlan2Md.TUnit.csproj]
/home/runner/work/tfplan2md/tfplan2md/src/tests/Oocx.TfPlan2Md.TUnit/MarkdownGeneration/ReportModelBuilderTests.cs(13,17): error SA1600: Elements should be documented [/home/runner/work/tfplan2md/tfplan2md/src/tests/Oocx.TfPlan2Md.TUnit/Oocx.TfPlan2Md.TUnit.csproj]
/home/runner/work/tfplan2md/tfplan2md/src/tests/Oocx.TfPlan2Md.TUnit/MarkdownGeneration/ReportModelBuilderTests.cs(32,17): error SA1600: Elements should be documented [/home/runner/work/tfplan2md/tfplan2md/src/tests/Oocx.TfPlan2Md.TUnit/Oocx.TfPlan2Md.TUnit.csproj]
/home/runner/work/tfplan2md/tfplan2md/src/tests/Oocx.TfPlan2Md.TUnit/MarkdownGeneration/ReportModelBuilderTests.cs(57,17): error SA1600: Elements should be documented [/home/runner/work/tfplan2md/tfplan2md/src/tests/Oocx.TfPlan2Md.TUnit/Oocx.TfPlan2Md.TUnit.csproj]
/home/runner/work/tfplan2md/tfplan2md/src/tests/Oocx.TfPlan2Md.TUnit/MarkdownGeneration/ReportModelBuilderTests.cs(76,17): error SA1600: Elements should be documented [/home/runner/work/tfplan2md/tfplan2md/src/tests/Oocx.TfPlan2Md.TUnit/Oocx.TfPlan2Md.TUnit.csproj]
/home/runner/work/tfplan2md/tfplan2md/src/tests/Oocx.TfPlan2Md.TUnit/MarkdownGeneration/ReportModelBuilderTests.cs(97,17): error SA1600: Elements should be documented [/home/runner/work/tfplan2md/tfplan2md/src/tests/Oocx.TfPlan2Md.TUnit/Oocx.TfPlan2Md.TUnit.csproj]
/home/runner/work/tfplan2md/tfplan2md/src/tests/Oocx.TfPlan2Md.TUnit/MarkdownGeneration/ReportModelBuilderTests.cs(113,17): error SA1600: Elements should be documented [/home/runner/work/tfplan2md/tfplan2md/src/tests/Oocx.TfPlan2Md.TUnit/Oocx.TfPlan2Md.TUnit.csproj]
/home/runner/work/tfplan2md/tfplan2md/src/tests/Oocx.TfPlan2Md.TUnit/MarkdownGeneration/ReportModelBuilderTests.cs(128,17): error SA1600: Elements should be documented [/home/runner/work/tfplan2md/tfplan2md/src/tests/Oocx.TfPlan2Md.TUnit/Oocx.TfPlan2Md.TUnit.csproj]
/home/runner/work/tfplan2md/tfplan2md/src/tests/Oocx.TfPlan2Md.TUnit/MarkdownGeneration/ReportModelBuilderTests.cs(149,17): error SA1600: Elements should be documented [/home/runner/work/tfplan2md/tfplan2md/src/tests/Oocx.TfPlan2Md.TUnit/Oocx.TfPlan2Md.TUnit.csproj]
/home/runner/work/tfplan2md/tfplan2md/src/tests/Oocx.TfPlan2Md.TUnit/MarkdownGeneration/ReportModelBuilderTests.cs(171,17): error SA1600: Elements should be documented [/home/runner/work/tfplan2md/tfplan2md/src/tests/Oocx.TfPlan2Md.TUnit/Oocx.TfPlan2Md.TUnit.csproj]
/home/runner/work/tfplan2md/tfplan2md/src/tests/Oocx.TfPlan2Md.TUnit/MarkdownGeneration/ReportModelBuilderTests.cs(190,17): error SA1600: Elements should be documented [/home/runner/work/tfplan2md/tfplan2md/src/tests/Oocx.TfPlan2Md.TUnit/Oocx.TfPlan2Md.TUnit.csproj]
/home/runner/work/tfplan2md/tfplan2md/src/tests/Oocx.TfPlan2Md.TUnit/MarkdownGeneration/ReportModelBuilderTests.cs(209,17): error SA1600: Elements should be documented [/home/runner/work/tfplan2md/tfplan2md/src/tests/Oocx.TfPlan2Md.TUnit/Oocx.TfPlan2Md.TUnit.csproj]
/home/runner/work/tfplan2md/tfplan2md/src/tests/Oocx.TfPlan2Md.TUnit/MarkdownGeneration/ReportModelBuilderTests.cs(235,17): error SA1600: Elements should be documented [/home/runner/work/tfplan2md/tfplan2md/src/tests/Oocx.TfPlan2Md.TUnit/Oocx.TfPlan2Md.TUnit.csproj]
/home/runner/work/tfplan2md/tfplan2md/src/tests/Oocx.TfPlan2Md.TUnit/MarkdownGeneration/ReportModelBuilderTests.cs(250,17): error SA1600: Elements should be documented [/home/runner/work/tfplan2md/tfplan2md/src/tests/Oocx.TfPlan2Md.TUnit/Oocx.TfPlan2Md.TUnit.csproj]
/home/runner/work/tfplan2md/tfplan2md/src/tests/Oocx.TfPlan2Md.TUnit/MarkdownGeneration/ReportModelBuilderTests.cs(265,17): error SA1600: Elements should be documented [/home/runner/work/tfplan2md/tfplan2md/src/tests/Oocx.TfPlan2Md.TUnit/Oocx.TfPlan2Md.TUnit.csproj]
/home/runner/work/tfplan2md/tfplan2md/src/tests/Oocx.TfPlan2Md.TUnit/MarkdownGeneration/ReportModelBuilderTests.cs(288,17): error SA1600: Elements should be documented [/home/runner/work/tfplan2md/tfplan2md/src/tests/Oocx.TfPlan2Md.TUnit/Oocx.TfPlan2Md.TUnit.csproj]
/home/runner/work/tfplan2md/tfplan2md/src/tests/Oocx.TfPlan2Md.TUnit/MarkdownGeneration/ReportModelBuilderTests.cs(310,17): error SA1600: Elements should be documented [/home/runner/work/tfplan2md/tfplan2md/src/tests/Oocx.TfPlan2Md.TUnit/Oocx.TfPlan2Md.TUnit.csproj]
/home/runner/work/tfplan2md/tfplan2md/src/tests/Oocx.TfPlan2Md.TUnit/MarkdownGeneration/ReportModelBuilderUnchangedValuesTests.cs(8,14): error SA1600: Elements should be documented [/home/runner/work/tfplan2md/tfplan2md/src/tests/Oocx.TfPlan2Md.TUnit/Oocx.TfPlan2Md.TUnit.csproj]
/home/runner/work/tfplan2md/tfplan2md/src/tests/Oocx.TfPlan2Md.TUnit/MarkdownGeneration/ReportModelBuilderUnchangedValuesTests.cs(13,17): error SA1600: Elements should be documented [/home/runner/work/tfplan2md/tfplan2md/src/tests/Oocx.TfPlan2Md.TUnit/Oocx.TfPlan2Md.TUnit.csproj]
/home/runner/work/tfplan2md/tfplan2md/src/tests/Oocx.TfPlan2Md.TUnit/MarkdownGeneration/ReportModelBuilderUnchangedValuesTests.cs(35,17): error SA1600: Elements should be documented [/home/runner/work/tfplan2md/tfplan2md/src/tests/Oocx.TfPlan2Md.TUnit/Oocx.TfPlan2Md.TUnit.csproj]
/home/runner/work/tfplan2md/tfplan2md/src/tests/Oocx.TfPlan2Md.TUnit/MarkdownGeneration/RoleAssignmentTemplateTests.cs(11,14): error SA1600: Elements should be documented [/home/runner/work/tfplan2md/tfplan2md/src/tests/Oocx.TfPlan2Md.TUnit/Oocx.TfPlan2Md.TUnit.csproj]
/home/runner/work/tfplan2md/tfplan2md/src/tests/Oocx.TfPlan2Md.TUnit/MarkdownGeneration/RoleAssignmentTemplateTests.cs(18,17): error SA1600: Elements should be documented [/home/runner/work/tfplan2md/tfplan2md/src/tests/Oocx.TfPlan2Md.TUnit/Oocx.TfPlan2Md.TUnit.csproj]
/home/runner/work/tfplan2md/tfplan2md/src/tests/Oocx.TfPlan2Md.TUnit/MarkdownGeneration/RoleAssignmentTemplateTests.cs(32,17): error SA1600: Elements should be documented [/home/runner/work/tfplan2md/tfplan2md/src/tests/Oocx.TfPlan2Md.TUnit/Oocx.TfPlan2Md.TUnit.csproj]
/home/runner/work/tfplan2md/tfplan2md/src/tests/Oocx.TfPlan2Md.TUnit/MarkdownGeneration/RoleAssignmentTemplateTests.cs(46,17): error SA1600: Elements should be documented [/home/runner/work/tfplan2md/tfplan2md/src/tests/Oocx.TfPlan2Md.TUnit/Oocx.TfPlan2Md.TUnit.csproj]
/home/runner/work/tfplan2md/tfplan2md/src/tests/Oocx.TfPlan2Md.TUnit/MarkdownGeneration/RoleAssignmentTemplateTests.cs(73,17): error SA1600: Elements should be documented [/home/runner/work/tfplan2md/tfplan2md/src/tests/Oocx.TfPlan2Md.TUnit/Oocx.TfPlan2Md.TUnit.csproj]
/home/runner/work/tfplan2md/tfplan2md/src/tests/Oocx.TfPlan2Md.TUnit/MarkdownGeneration/RoleAssignmentTemplateTests.cs(61,17): error SA1600: Elements should be documented [/home/runner/work/tfplan2md/tfplan2md/src/tests/Oocx.TfPlan2Md.TUnit/Oocx.TfPlan2Md.TUnit.csproj]
/home/runner/work/tfplan2md/tfplan2md/src/tests/Oocx.TfPlan2Md.TUnit/MarkdownGeneration/RoleAssignmentTemplateTests.cs(85,17): error SA1600: Elements should be documented [/home/runner/work/tfplan2md/tfplan2md/src/tests/Oocx.TfPlan2Md.TUnit/Oocx.TfPlan2Md.TUnit.csproj]
/home/runner/work/tfplan2md/tfplan2md/src/tests/Oocx.TfPlan2Md.TUnit/MarkdownGeneration/RoleAssignmentTemplateTests.cs(97,17): error SA1600: Elements should be documented [/home/runner/work/tfplan2md/tfplan2md/src/tests/Oocx.TfPlan2Md.TUnit/Oocx.TfPlan2Md.TUnit.csproj]
/home/runner/work/tfplan2md/tfplan2md/src/tests/Oocx.TfPlan2Md.TUnit/MarkdownGeneration/ScribanHelpersFormatDiffTests.cs(7,14): error SA1600: Elements should be documented [/home/runner/work/tfplan2md/tfplan2md/src/tests/Oocx.TfPlan2Md.TUnit/Oocx.TfPlan2Md.TUnit.csproj]
/home/runner/work/tfplan2md/tfplan2md/src/tests/Oocx.TfPlan2Md.TUnit/MarkdownGeneration/ScribanHelpersFormatDiffTests.cs(10,17): error SA1600: Elements should be documented [/home/runner/work/tfplan2md/tfplan2md/src/tests/Oocx.TfPlan2Md.TUnit/Oocx.TfPlan2Md.TUnit.csproj]
/home/runner/work/tfplan2md/tfplan2md/src/tests/Oocx.TfPlan2Md.TUnit/MarkdownGeneration/ScribanHelpersFormatDiffTests.cs(18,17): error SA1600: Elements should be documented [/home/runner/work/tfplan2md/tfplan2md/src/tests/Oocx.TfPlan2Md.TUnit/Oocx.TfPlan2Md.TUnit.csproj]
/home/runner/work/tfplan2md/tfplan2md/src/tests/Oocx.TfPlan2Md.TUnit/MarkdownGeneration/ScribanHelpersFormatDiffTests.cs(28,17): error SA1600: Elements should be documented [/home/runner/work/tfplan2md/tfplan2md/src/tests/Oocx.TfPlan2Md.TUnit/Oocx.TfPlan2Md.TUnit.csproj]
/home/runner/work/tfplan2md/tfplan2md/src/tests/Oocx.TfPlan2Md.TUnit/MarkdownGeneration/ScribanHelpersFormatDiffTests.cs(35,17): error SA1600: Elements should be documented [/home/runner/work/tfplan2md/tfplan2md/src/tests/Oocx.TfPlan2Md.TUnit/Oocx.TfPlan2Md.TUnit.csproj]
/home/runner/work/tfplan2md/tfplan2md/src/tests/Oocx.TfPlan2Md.TUnit/MarkdownGeneration/ScribanHelpersFormatDiffTests.cs(42,17): error SA1600: Elements should be documented [/home/runner/work/tfplan2md/tfplan2md/src/tests/Oocx.TfPlan2Md.TUnit/Oocx.TfPlan2Md.TUnit.csproj]
/home/runner/work/tfplan2md/tfplan2md/src/tests/Oocx.TfPlan2Md.TUnit/MarkdownGeneration/ScribanHelpersFormatDiffTests.cs(48,17): error SA1600: Elements should be documented [/home/runner/work/tfplan2md/tfplan2md/src/tests/Oocx.TfPlan2Md.TUnit/Oocx.TfPlan2Md.TUnit.csproj]
/home/runner/work/tfplan2md/tfplan2md/src/tests/Oocx.TfPlan2Md.TUnit/MarkdownGeneration/ScribanHelpersFormatDiffTests.cs(56,17): error SA1600: Elements should be documented [/home/runner/work/tfplan2md/tfplan2md/src/tests/Oocx.TfPlan2Md.TUnit/Oocx.TfPlan2Md.TUnit.csproj]
/home/runner/work/tfplan2md/tfplan2md/src/tests/Oocx.TfPlan2Md.TUnit/MarkdownGeneration/ScribanHelpersFormatDiffTests.cs(63,17): error SA1600: Elements should be documented [/home/runner/work/tfplan2md/tfplan2md/src/tests/Oocx.TfPlan2Md.TUnit/Oocx.TfPlan2Md.TUnit.csproj]
/home/runner/work/tfplan2md/tfplan2md/src/tests/Oocx.TfPlan2Md.TUnit/MarkdownGeneration/ScribanHelpersFormatDiffTests.cs(74,17): error SA1600: Elements should be documented [/home/runner/work/tfplan2md/tfplan2md/src/tests/Oocx.TfPlan2Md.TUnit/Oocx.TfPlan2Md.TUnit.csproj]
/home/runner/work/tfplan2md/tfplan2md/src/tests/Oocx.TfPlan2Md.TUnit/MarkdownGeneration/ScribanHelpersFormatDiffTests.cs(84,17): error SA1600: Elements should be documented [/home/runner/work/tfplan2md/tfplan2md/src/tests/Oocx.TfPlan2Md.TUnit/Oocx.TfPlan2Md.TUnit.csproj]
/home/runner/work/tfplan2md/tfplan2md/src/tests/Oocx.TfPlan2Md.TUnit/MarkdownGeneration/ScribanHelpersFormatDiffTests.cs(92,17): error SA1600: Elements should be documented [/home/runner/work/tfplan2md/tfplan2md/src/tests/Oocx.TfPlan2Md.TUnit/Oocx.TfPlan2Md.TUnit.csproj]
/home/runner/work/tfplan2md/tfplan2md/src/tests/Oocx.TfPlan2Md.TUnit/MarkdownGeneration/ScribanHelpersLargeValueTests.cs(8,14): error SA1600: Elements should be documented [/home/runner/work/tfplan2md/tfplan2md/src/tests/Oocx.TfPlan2Md.TUnit/Oocx.TfPlan2Md.TUnit.csproj]
/home/runner/work/tfplan2md/tfplan2md/src/tests/Oocx.TfPlan2Md.TUnit/MarkdownGeneration/ScribanHelpersLargeValueTests.cs(11,17): error SA1600: Elements should be documented [/home/runner/work/tfplan2md/tfplan2md/src/tests/Oocx.TfPlan2Md.TUnit/Oocx.TfPlan2Md.TUnit.csproj]
/home/runner/work/tfplan2md/tfplan2md/src/tests/Oocx.TfPlan2Md.TUnit/MarkdownGeneration/ScribanHelpersLargeValueTests.cs(18,17): error SA1600: Elements should be documented [/home/runner/work/tfplan2md/tfplan2md/src/tests/Oocx.TfPlan2Md.TUnit/Oocx.TfPlan2Md.TUnit.csproj]
/home/runner/work/tfplan2md/tfplan2md/src/tests/Oocx.TfPlan2Md.TUnit/MarkdownGeneration/ScribanHelpersLargeValueTests.cs(25,17): error SA1600: Elements should be documented [/home/runner/work/tfplan2md/tfplan2md/src/tests/Oocx.TfPlan2Md.TUnit/Oocx.TfPlan2Md.TUnit.csproj]
/home/runner/work/tfplan2md/tfplan2md/src/tests/Oocx.TfPlan2Md.TUnit/MarkdownGeneration/ScribanHelpersLargeValueTests.cs(34,17): error SA1600: Elements should be documented [/home/runner/work/tfplan2md/tfplan2md/src/tests/Oocx.TfPlan2Md.TUnit/Oocx.TfPlan2Md.TUnit.csproj]
/home/runner/work/tfplan2md/tfplan2md/src/tests/Oocx.TfPlan2Md.TUnit/MarkdownGeneration/ScribanHelpersLargeValueTests.cs(43,17): error SA1600: Elements should be documented [/home/runner/work/tfplan2md/tfplan2md/src/tests/Oocx.TfPlan2Md.TUnit/Oocx.TfPlan2Md.TUnit.csproj]
/home/runner/work/tfplan2md/tfplan2md/src/tests/Oocx.TfPlan2Md.TUnit/MarkdownGeneration/ScribanHelpersLargeValueTests.cs(55,17): error SA1600: Elements should be documented [/home/runner/work/tfplan2md/tfplan2md/src/tests/Oocx.TfPlan2Md.TUnit/Oocx.TfPlan2Md.TUnit.csproj]
/home/runner/work/tfplan2md/tfplan2md/src/tests/Oocx.TfPlan2Md.TUnit/MarkdownGeneration/ScribanHelpersLargeValueTests.cs(67,17): error SA1600: Elements should be documented [/home/runner/work/tfplan2md/tfplan2md/src/tests/Oocx.TfPlan2Md.TUnit/Oocx.TfPlan2Md.TUnit.csproj]
/home/runner/work/tfplan2md/tfplan2md/src/tests/Oocx.TfPlan2Md.TUnit/MarkdownGeneration/ScribanHelpersLargeValueTests.cs(78,17): error SA1600: Elements should be documented [/home/runner/work/tfplan2md/tfplan2md/src/tests/Oocx.TfPlan2Md.TUnit/Oocx.TfPlan2Md.TUnit.csproj]
/home/runner/work/tfplan2md/tfplan2md/src/tests/Oocx.TfPlan2Md.TUnit/MarkdownGeneration/ScribanHelpersLargeValueTests.cs(95,17): error SA1600: Elements should be documented [/home/runner/work/tfplan2md/tfplan2md/src/tests/Oocx.TfPlan2Md.TUnit/Oocx.TfPlan2Md.TUnit.csproj]
/home/runner/work/tfplan2md/tfplan2md/src/tests/Oocx.TfPlan2Md.TUnit/MarkdownGeneration/ScribanHelpersLargeValueTests.cs(112,17): error SA1600: Elements should be documented [/home/runner/work/tfplan2md/tfplan2md/src/tests/Oocx.TfPlan2Md.TUnit/Oocx.TfPlan2Md.TUnit.csproj]
/home/runner/work/tfplan2md/tfplan2md/src/tests/Oocx.TfPlan2Md.TUnit/MarkdownGeneration/ScribanHelpersAzApiTests.cs(18,23): error SA1600: Elements should be documented [/home/runner/work/tfplan2md/tfplan2md/src/tests/Oocx.TfPlan2Md.TUnit/Oocx.TfPlan2Md.TUnit.csproj]
/home/runner/work/tfplan2md/tfplan2md/src/tests/Oocx.TfPlan2Md.TUnit/MarkdownGeneration/ScribanHelpersAzApiTests.cs(52,23): error SA1600: Elements should be documented [/home/runner/work/tfplan2md/tfplan2md/src/tests/Oocx.TfPlan2Md.TUnit/Oocx.TfPlan2Md.TUnit.csproj]
/home/runner/work/tfplan2md/tfplan2md/src/tests/Oocx.TfPlan2Md.TUnit/MarkdownGeneration/ScribanHelpersAzApiTests.cs(90,23): error SA1600: Elements should be documented [/home/runner/work/tfplan2md/tfplan2md/src/tests/Oocx.TfPlan2Md.TUnit/Oocx.TfPlan2Md.TUnit.csproj]
/home/runner/work/tfplan2md/tfplan2md/src/tests/Oocx.TfPlan2Md.TUnit/MarkdownGeneration/ScribanHelpersAzApiTests.cs(124,23): error SA1600: Elements should be documented [/home/runner/work/tfplan2md/tfplan2md/src/tests/Oocx.TfPlan2Md.TUnit/Oocx.TfPlan2Md.TUnit.csproj]
/home/runner/work/tfplan2md/tfplan2md/src/tests/Oocx.TfPlan2Md.TUnit/MarkdownGeneration/ScribanHelpersAzApiTests.cs(139,23): error SA1600: Elements should be documented [/home/runner/work/tfplan2md/tfplan2md/src/tests/Oocx.TfPlan2Md.TUnit/Oocx.TfPlan2Md.TUnit.csproj]
/home/runner/work/tfplan2md/tfplan2md/src/tests/Oocx.TfPlan2Md.TUnit/MarkdownGeneration/ScribanHelpersAzApiTests.cs(167,23): error SA1600: Elements should be documented [/home/runner/work/tfplan2md/tfplan2md/src/tests/Oocx.TfPlan2Md.TUnit/Oocx.TfPlan2Md.TUnit.csproj]
/home/runner/work/tfplan2md/tfplan2md/src/tests/Oocx.TfPlan2Md.TUnit/MarkdownGeneration/ScribanHelpersAzApiTests.cs(191,23): error SA1600: Elements should be documented [/home/runner/work/tfplan2md/tfplan2md/src/tests/Oocx.TfPlan2Md.TUnit/Oocx.TfPlan2Md.TUnit.csproj]
/home/runner/work/tfplan2md/tfplan2md/src/tests/Oocx.TfPlan2Md.TUnit/MarkdownGeneration/ScribanHelpersAzApiTests.cs(236,23): error SA1600: Elements should be documented [/home/runner/work/tfplan2md/tfplan2md/src/tests/Oocx.TfPlan2Md.TUnit/Oocx.TfPlan2Md.TUnit.csproj]
/home/runner/work/tfplan2md/tfplan2md/src/tests/Oocx.TfPlan2Md.TUnit/MarkdownGeneration/ScribanHelpersAzApiTests.cs(255,23): error SA1600: Elements should be documented [/home/runner/work/tfplan2md/tfplan2md/src/tests/Oocx.TfPlan2Md.TUnit/Oocx.TfPlan2Md.TUnit.csproj]
/home/runner/work/tfplan2md/tfplan2md/src/tests/Oocx.TfPlan2Md.TUnit/MarkdownGeneration/ScribanHelpersAzApiTests.cs(273,23): error SA1600: Elements should be documented [/home/runner/work/tfplan2md/tfplan2md/src/tests/Oocx.TfPlan2Md.TUnit/Oocx.TfPlan2Md.TUnit.csproj]
/home/runner/work/tfplan2md/tfplan2md/src/tests/Oocx.TfPlan2Md.TUnit/MarkdownGeneration/ScribanHelpersAzApiTests.cs(291,23): error SA1600: Elements should be documented [/home/runner/work/tfplan2md/tfplan2md/src/tests/Oocx.TfPlan2Md.TUnit/Oocx.TfPlan2Md.TUnit.csproj]
/home/runner/work/tfplan2md/tfplan2md/src/tests/Oocx.TfPlan2Md.TUnit/MarkdownGeneration/ScribanHelpersAzApiTests.cs(309,23): error SA1600: Elements should be documented [/home/runner/work/tfplan2md/tfplan2md/src/tests/Oocx.TfPlan2Md.TUnit/Oocx.TfPlan2Md.TUnit.csproj]
/home/runner/work/tfplan2md/tfplan2md/src/tests/Oocx.TfPlan2Md.TUnit/MarkdownGeneration/ScribanHelpersAzApiTests.cs(327,23): error SA1600: Elements should be documented [/home/runner/work/tfplan2md/tfplan2md/src/tests/Oocx.TfPlan2Md.TUnit/Oocx.TfPlan2Md.TUnit.csproj]
/home/runner/work/tfplan2md/tfplan2md/src/tests/Oocx.TfPlan2Md.TUnit/MarkdownGeneration/ScribanHelpersAzApiTests.cs(345,23): error SA1600: Elements should be documented [/home/runner/work/tfplan2md/tfplan2md/src/tests/Oocx.TfPlan2Md.TUnit/Oocx.TfPlan2Md.TUnit.csproj]
/home/runner/work/tfplan2md/tfplan2md/src/tests/Oocx.TfPlan2Md.TUnit/MarkdownGeneration/ScribanHelpersAzApiTests.cs(367,23): error SA1600: Elements should be documented [/home/runner/work/tfplan2md/tfplan2md/src/tests/Oocx.TfPlan2Md.TUnit/Oocx.TfPlan2Md.TUnit.csproj]
/home/runner/work/tfplan2md/tfplan2md/src/tests/Oocx.TfPlan2Md.TUnit/MarkdownGeneration/ScribanHelpersAzApiTests.cs(382,23): error SA1600: Elements should be documented [/home/runner/work/tfplan2md/tfplan2md/src/tests/Oocx.TfPlan2Md.TUnit/Oocx.TfPlan2Md.TUnit.csproj]
/home/runner/work/tfplan2md/tfplan2md/src/tests/Oocx.TfPlan2Md.TUnit/MarkdownGeneration/ScribanHelpersAzApiTests.cs(403,23): error SA1600: Elements should be documented [/home/runner/work/tfplan2md/tfplan2md/src/tests/Oocx.TfPlan2Md.TUnit/Oocx.TfPlan2Md.TUnit.csproj]
/home/runner/work/tfplan2md/tfplan2md/src/tests/Oocx.TfPlan2Md.TUnit/MarkdownGeneration/ScribanHelpersAzApiTests.cs(418,23): error SA1600: Elements should be documented [/home/runner/work/tfplan2md/tfplan2md/src/tests/Oocx.TfPlan2Md.TUnit/Oocx.TfPlan2Md.TUnit.csproj]
/home/runner/work/tfplan2md/tfplan2md/src/tests/Oocx.TfPlan2Md.TUnit/MarkdownGeneration/ScribanHelpersAzApiTests.cs(433,23): error SA1600: Elements should be documented [/home/runner/work/tfplan2md/tfplan2md/src/tests/Oocx.TfPlan2Md.TUnit/Oocx.TfPlan2Md.TUnit.csproj]
/home/runner/work/tfplan2md/tfplan2md/src/tests/Oocx.TfPlan2Md.TUnit/MarkdownGeneration/ScribanHelpersAzApiTests.cs(452,23): error SA1600: Elements should be documented [/home/runner/work/tfplan2md/tfplan2md/src/tests/Oocx.TfPlan2Md.TUnit/Oocx.TfPlan2Md.TUnit.csproj]
/home/runner/work/tfplan2md/tfplan2md/src/tests/Oocx.TfPlan2Md.TUnit/MarkdownGeneration/ScribanHelpersAzApiTests.cs(492,23): error SA1600: Elements should be documented [/home/runner/work/tfplan2md/tfplan2md/src/tests/Oocx.TfPlan2Md.TUnit/Oocx.TfPlan2Md.TUnit.csproj]
/home/runner/work/tfplan2md/tfplan2md/src/tests/Oocx.TfPlan2Md.TUnit/MarkdownGeneration/ScribanHelpersAzApiTests.cs(526,23): error SA1600: Elements should be documented [/home/runner/work/tfplan2md/tfplan2md/src/tests/Oocx.TfPlan2Md.TUnit/Oocx.TfPlan2Md.TUnit.csproj]
/home/runner/work/tfplan2md/tfplan2md/src/tests/Oocx.TfPlan2Md.TUnit/MarkdownGeneration/ScribanHelpersAzApiTests.cs(560,23): error SA1600: Elements should be documented [/home/runner/work/tfplan2md/tfplan2md/src/tests/Oocx.TfPlan2Md.TUnit/Oocx.TfPlan2Md.TUnit.csproj]
/home/runner/work/tfplan2md/tfplan2md/src/tests/Oocx.TfPlan2Md.TUnit/MarkdownGeneration/ScribanHelpersAzApiTests.cs(579,23): error SA1600: Elements should be documented [/home/runner/work/tfplan2md/tfplan2md/src/tests/Oocx.TfPlan2Md.TUnit/Oocx.TfPlan2Md.TUnit.csproj]
/home/runner/work/tfplan2md/tfplan2md/src/tests/Oocx.TfPlan2Md.TUnit/MarkdownGeneration/ScribanHelpersAzApiTests.cs(618,23): error SA1600: Elements should be documented [/home/runner/work/tfplan2md/tfplan2md/src/tests/Oocx.TfPlan2Md.TUnit/Oocx.TfPlan2Md.TUnit.csproj]
/home/runner/work/tfplan2md/tfplan2md/src/tests/Oocx.TfPlan2Md.TUnit/MarkdownGeneration/ScribanHelpersAzApiTests.cs(657,23): error SA1600: Elements should be documented [/home/runner/work/tfplan2md/tfplan2md/src/tests/Oocx.TfPlan2Md.TUnit/Oocx.TfPlan2Md.TUnit.csproj]
/home/runner/work/tfplan2md/tfplan2md/src/tests/Oocx.TfPlan2Md.TUnit/MarkdownGeneration/ScribanHelpersAzApiTests.cs(697,23): error SA1600: Elements should be documented [/home/runner/work/tfplan2md/tfplan2md/src/tests/Oocx.TfPlan2Md.TUnit/Oocx.TfPlan2Md.TUnit.csproj]
/home/runner/work/tfplan2md/tfplan2md/src/tests/Oocx.TfPlan2Md.TUnit/MarkdownGeneration/ScribanHelpersAzApiTests.cs(741,23): error SA1600: Elements should be documented [/home/runner/work/tfplan2md/tfplan2md/src/tests/Oocx.TfPlan2Md.TUnit/Oocx.TfPlan2Md.TUnit.csproj]
/home/runner/work/tfplan2md/tfplan2md/src/tests/Oocx.TfPlan2Md.TUnit/MarkdownGeneration/ScribanHelpersAzApiTests.cs(794,23): error SA1600: Elements should be documented [/home/runner/work/tfplan2md/tfplan2md/src/tests/Oocx.TfPlan2Md.TUnit/Oocx.TfPlan2Md.TUnit.csproj]
/home/runner/work/tfplan2md/tfplan2md/src/tests/Oocx.TfPlan2Md.TUnit/MarkdownGeneration/ScribanHelpersAzApiTests.cs(11,76): error SA1629: Documentation text should end with a period [/home/runner/work/tfplan2md/tfplan2md/src/tests/Oocx.TfPlan2Md.TUnit/Oocx.TfPlan2Md.TUnit.csproj]
/home/runner/work/tfplan2md/tfplan2md/src/tests/Oocx.TfPlan2Md.TUnit/MarkdownGeneration/ScribanHelpersSemanticFormattingTests.cs(7,14): error SA1600: Elements should be documented [/home/runner/work/tfplan2md/tfplan2md/src/tests/Oocx.TfPlan2Md.TUnit/Oocx.TfPlan2Md.TUnit.csproj]
/home/runner/work/tfplan2md/tfplan2md/src/tests/Oocx.TfPlan2Md.TUnit/MarkdownGeneration/ScribanHelpersSemanticFormattingTests.cs(10,17): error SA1600: Elements should be documented [/home/runner/work/tfplan2md/tfplan2md/src/tests/Oocx.TfPlan2Md.TUnit/Oocx.TfPlan2Md.TUnit.csproj]
/home/runner/work/tfplan2md/tfplan2md/src/tests/Oocx.TfPlan2Md.TUnit/MarkdownGeneration/ScribanHelpersSemanticFormattingTests.cs(18,17): error SA1600: Elements should be documented [/home/runner/work/tfplan2md/tfplan2md/src/tests/Oocx.TfPlan2Md.TUnit/Oocx.TfPlan2Md.TUnit.csproj]
/home/runner/work/tfplan2md/tfplan2md/src/tests/Oocx.TfPlan2Md.TUnit/MarkdownGeneration/ScribanHelpersSemanticFormattingTests.cs(26,17): error SA1600: Elements should be documented [/home/runner/work/tfplan2md/tfplan2md/src/tests/Oocx.TfPlan2Md.TUnit/Oocx.TfPlan2Md.TUnit.csproj]
/home/runner/work/tfplan2md/tfplan2md/src/tests/Oocx.TfPlan2Md.TUnit/MarkdownGeneration/ScribanHelpersSemanticFormattingTests.cs(34,17): error SA1600: Elements should be documented [/home/runner/work/tfplan2md/tfplan2md/src/tests/Oocx.TfPlan2Md.TUnit/Oocx.TfPlan2Md.TUnit.csproj]
/home/runner/work/tfplan2md/tfplan2md/src/tests/Oocx.TfPlan2Md.TUnit/MarkdownGeneration/ScribanHelpersSemanticFormattingTests.cs(42,17): error SA1600: Elements should be documented [/home/runner/work/tfplan2md/tfplan2md/src/tests/Oocx.TfPlan2Md.TUnit/Oocx.TfPlan2Md.TUnit.csproj]
/home/runner/work/tfplan2md/tfplan2md/src/tests/Oocx.TfPlan2Md.TUnit/MarkdownGeneration/ScribanHelpersSemanticFormattingTests.cs(50,17): error SA1600: Elements should be documented [/home/runner/work/tfplan2md/tfplan2md/src/tests/Oocx.TfPlan2Md.TUnit/Oocx.TfPlan2Md.TUnit.csproj]
/home/runner/work/tfplan2md/tfplan2md/src/tests/Oocx.TfPlan2Md.TUnit/MarkdownGeneration/ScribanHelpersSemanticFormattingTests.cs(58,17): error SA1600: Elements should be documented [/home/runner/work/tfplan2md/tfplan2md/src/tests/Oocx.TfPlan2Md.TUnit/Oocx.TfPlan2Md.TUnit.csproj]
/home/runner/work/tfplan2md/tfplan2md/src/tests/Oocx.TfPlan2Md.TUnit/MarkdownGeneration/ScribanHelpersSemanticFormattingTests.cs(66,17): error SA1600: Elements should be documented [/home/runner/work/tfplan2md/tfplan2md/src/tests/Oocx.TfPlan2Md.TUnit/Oocx.TfPlan2Md.TUnit.csproj]
/home/runner/work/tfplan2md/tfplan2md/src/tests/Oocx.TfPlan2Md.TUnit/MarkdownGeneration/ScribanHelpersSemanticFormattingTests.cs(74,17): error SA1600: Elements should be documented [/home/runner/work/tfplan2md/tfplan2md/src/tests/Oocx.TfPlan2Md.TUnit/Oocx.TfPlan2Md.TUnit.csproj]
/home/runner/work/tfplan2md/tfplan2md/src/tests/Oocx.TfPlan2Md.TUnit/MarkdownGeneration/ScribanHelpersSemanticFormattingTests.cs(82,17): error SA1600: Elements should be documented [/home/runner/work/tfplan2md/tfplan2md/src/tests/Oocx.TfPlan2Md.TUnit/Oocx.TfPlan2Md.TUnit.csproj]
/home/runner/work/tfplan2md/tfplan2md/src/tests/Oocx.TfPlan2Md.TUnit/MarkdownGeneration/ScribanHelpersSemanticFormattingTests.cs(90,17): error SA1600: Elements should be documented [/home/runner/work/tfplan2md/tfplan2md/src/tests/Oocx.TfPlan2Md.TUnit/Oocx.TfPlan2Md.TUnit.csproj]
/home/runner/work/tfplan2md/tfplan2md/src/tests/Oocx.TfPlan2Md.TUnit/MarkdownGeneration/ScribanHelpersSemanticFormattingTests.cs(98,17): error SA1600: Elements should be documented [/home/runner/work/tfplan2md/tfplan2md/src/tests/Oocx.TfPlan2Md.TUnit/Oocx.TfPlan2Md.TUnit.csproj]
/home/runner/work/tfplan2md/tfplan2md/src/tests/Oocx.TfPlan2Md.TUnit/MarkdownGeneration/ScribanHelpersTests.cs(11,14): error SA1600: Elements should be documented [/home/runner/work/tfplan2md/tfplan2md/src/tests/Oocx.TfPlan2Md.TUnit/Oocx.TfPlan2Md.TUnit.csproj]
/home/runner/work/tfplan2md/tfplan2md/src/tests/Oocx.TfPlan2Md.TUnit/MarkdownGeneration/ScribanHelpersTests.cs(14,17): error SA1600: Elements should be documented [/home/runner/work/tfplan2md/tfplan2md/src/tests/Oocx.TfPlan2Md.TUnit/Oocx.TfPlan2Md.TUnit.csproj]
/home/runner/work/tfplan2md/tfplan2md/src/tests/Oocx.TfPlan2Md.TUnit/MarkdownGeneration/ScribanHelpersTests.cs(42,17): error SA1600: Elements should be documented [/home/runner/work/tfplan2md/tfplan2md/src/tests/Oocx.TfPlan2Md.TUnit/Oocx.TfPlan2Md.TUnit.csproj]
/home/runner/work/tfplan2md/tfplan2md/src/tests/Oocx.TfPlan2Md.TUnit/MarkdownGeneration/ScribanHelpersTests.cs(70,17): error SA1600: Elements should be documented [/home/runner/work/tfplan2md/tfplan2md/src/tests/Oocx.TfPlan2Md.TUnit/Oocx.TfPlan2Md.TUnit.csproj]
/home/runner/work/tfplan2md/tfplan2md/src/tests/Oocx.TfPlan2Md.TUnit/MarkdownGeneration/ScribanHelpersTests.cs(104,17): error SA1600: Elements should be documented [/home/runner/work/tfplan2md/tfplan2md/src/tests/Oocx.TfPlan2Md.TUnit/Oocx.TfPlan2Md.TUnit.csproj]
/home/runner/work/tfplan2md/tfplan2md/src/tests/Oocx.TfPlan2Md.TUnit/MarkdownGeneration/ScribanHelpersTests.cs(135,17): error SA1600: Elements should be documented [/home/runner/work/tfplan2md/tfplan2md/src/tests/Oocx.TfPlan2Md.TUnit/Oocx.TfPlan2Md.TUnit.csproj]
/home/runner/work/tfplan2md/tfplan2md/src/tests/Oocx.TfPlan2Md.TUnit/MarkdownGeneration/ScribanHelpersTests.cs(165,17): error SA1600: Elements should be documented [/home/runner/work/tfplan2md/tfplan2md/src/tests/Oocx.TfPlan2Md.TUnit/Oocx.TfPlan2Md.TUnit.csproj]
/home/runner/work/tfplan2md/tfplan2md/src/tests/Oocx.TfPlan2Md.TUnit/MarkdownGeneration/ScribanHelpersTests.cs(186,17): error SA1600: Elements should be documented [/home/runner/work/tfplan2md/tfplan2md/src/tests/Oocx.TfPlan2Md.TUnit/Oocx.TfPlan2Md.TUnit.csproj]
/home/runner/work/tfplan2md/tfplan2md/src/tests/Oocx.TfPlan2Md.TUnit/MarkdownGeneration/ScribanHelpersTests.cs(207,17): error SA1600: Elements should be documented [/home/runner/work/tfplan2md/tfplan2md/src/tests/Oocx.TfPlan2Md.TUnit/Oocx.TfPlan2Md.TUnit.csproj]
/home/runner/work/tfplan2md/tfplan2md/src/tests/Oocx.TfPlan2Md.TUnit/MarkdownGeneration/ScribanHelpersTests.cs(218,17): error SA1600: Elements should be documented [/home/runner/work/tfplan2md/tfplan2md/src/tests/Oocx.TfPlan2Md.TUnit/Oocx.TfPlan2Md.TUnit.csproj]
/home/runner/work/tfplan2md/tfplan2md/src/tests/Oocx.TfPlan2Md.TUnit/MarkdownGeneration/ScribanHelpersTests.cs(229,17): error SA1600: Elements should be documented [/home/runner/work/tfplan2md/tfplan2md/src/tests/Oocx.TfPlan2Md.TUnit/Oocx.TfPlan2Md.TUnit.csproj]
/home/runner/work/tfplan2md/tfplan2md/src/tests/Oocx.TfPlan2Md.TUnit/MarkdownGeneration/ScribanHelpersTests.cs(247,17): error SA1600: Elements should be documented [/home/runner/work/tfplan2md/tfplan2md/src/tests/Oocx.TfPlan2Md.TUnit/Oocx.TfPlan2Md.TUnit.csproj]
/home/runner/work/tfplan2md/tfplan2md/src/tests/Oocx.TfPlan2Md.TUnit/MarkdownGeneration/ScribanHelpersTests.cs(265,17): error SA1600: Elements should be documented [/home/runner/work/tfplan2md/tfplan2md/src/tests/Oocx.TfPlan2Md.TUnit/Oocx.TfPlan2Md.TUnit.csproj]
/home/runner/work/tfplan2md/tfplan2md/src/tests/Oocx.TfPlan2Md.TUnit/MarkdownGeneration/ScribanHelpersTests.cs(287,17): error SA1600: Elements should be documented [/home/runner/work/tfplan2md/tfplan2md/src/tests/Oocx.TfPlan2Md.TUnit/Oocx.TfPlan2Md.TUnit.csproj]
/home/runner/work/tfplan2md/tfplan2md/src/tests/Oocx.TfPlan2Md.TUnit/MarkdownGeneration/ScribanHelpersTests.cs(312,17): error SA1600: Elements should be documented [/home/runner/work/tfplan2md/tfplan2md/src/tests/Oocx.TfPlan2Md.TUnit/Oocx.TfPlan2Md.TUnit.csproj]
/home/runner/work/tfplan2md/tfplan2md/src/tests/Oocx.TfPlan2Md.TUnit/MarkdownGeneration/ScribanHelpersTests.cs(337,17): error SA1600: Elements should be documented [/home/runner/work/tfplan2md/tfplan2md/src/tests/Oocx.TfPlan2Md.TUnit/Oocx.TfPlan2Md.TUnit.csproj]
/home/runner/work/tfplan2md/tfplan2md/src/tests/Oocx.TfPlan2Md.TUnit/MarkdownGeneration/ScribanTemplateLoaderTests.cs(10,14): error SA1600: Elements should be documented [/home/runner/work/tfplan2md/tfplan2md/src/tests/Oocx.TfPlan2Md.TUnit/Oocx.TfPlan2Md.TUnit.csproj]
/home/runner/work/tfplan2md/tfplan2md/src/tests/Oocx.TfPlan2Md.TUnit/MarkdownGeneration/ScribanTemplateLoaderTests.cs(13,17): error SA1600: Elements should be documented [/home/runner/work/tfplan2md/tfplan2md/src/tests/Oocx.TfPlan2Md.TUnit/Oocx.TfPlan2Md.TUnit.csproj]
/home/runner/work/tfplan2md/tfplan2md/src/tests/Oocx.TfPlan2Md.TUnit/MarkdownGeneration/ScribanTemplateLoaderTests.cs(45,17): error SA1600: Elements should be documented [/home/runner/work/tfplan2md/tfplan2md/src/tests/Oocx.TfPlan2Md.TUnit/Oocx.TfPlan2Md.TUnit.csproj]
/home/runner/work/tfplan2md/tfplan2md/src/tests/Oocx.TfPlan2Md.TUnit/MarkdownGeneration/ScribanTemplateLoaderTests.cs(24,17): error SA1600: Elements should be documented [/home/runner/work/tfplan2md/tfplan2md/src/tests/Oocx.TfPlan2Md.TUnit/Oocx.TfPlan2Md.TUnit.csproj]
/home/runner/work/tfplan2md/tfplan2md/src/tests/Oocx.TfPlan2Md.TUnit/MarkdownGeneration/ScribanTemplateLoaderTests.cs(70,17): error SA1600: Elements should be documented [/home/runner/work/tfplan2md/tfplan2md/src/tests/Oocx.TfPlan2Md.TUnit/Oocx.TfPlan2Md.TUnit.csproj]
/home/runner/work/tfplan2md/tfplan2md/src/tests/Oocx.TfPlan2Md.TUnit/MarkdownGeneration/ScribanTemplateLoaderTests.cs(81,17): error SA1600: Elements should be documented [/home/runner/work/tfplan2md/tfplan2md/src/tests/Oocx.TfPlan2Md.TUnit/Oocx.TfPlan2Md.TUnit.csproj]
/home/runner/work/tfplan2md/tfplan2md/src/tests/Oocx.TfPlan2Md.TUnit/MarkdownGeneration/Summaries/ResourceSummaryBuilderTests.cs(9,14): error SA1600: Elements should be documented [/home/runner/work/tfplan2md/tfplan2md/src/tests/Oocx.TfPlan2Md.TUnit/Oocx.TfPlan2Md.TUnit.csproj]
/home/runner/work/tfplan2md/tfplan2md/src/tests/Oocx.TfPlan2Md.TUnit/MarkdownGeneration/Summaries/ResourceSummaryBuilderTests.cs(14,17): error SA1600: Elements should be documented [/home/runner/work/tfplan2md/tfplan2md/src/tests/Oocx.TfPlan2Md.TUnit/Oocx.TfPlan2Md.TUnit.csproj]
/home/runner/work/tfplan2md/tfplan2md/src/tests/Oocx.TfPlan2Md.TUnit/MarkdownGeneration/Summaries/ResourceSummaryBuilderTests.cs(28,17): error SA1600: Elements should be documented [/home/runner/work/tfplan2md/tfplan2md/src/tests/Oocx.TfPlan2Md.TUnit/Oocx.TfPlan2Md.TUnit.csproj]
/home/runner/work/tfplan2md/tfplan2md/src/tests/Oocx.TfPlan2Md.TUnit/MarkdownGeneration/Summaries/ResourceSummaryBuilderTests.cs(42,17): error SA1600: Elements should be documented [/home/runner/work/tfplan2md/tfplan2md/src/tests/Oocx.TfPlan2Md.TUnit/Oocx.TfPlan2Md.TUnit.csproj]
/home/runner/work/tfplan2md/tfplan2md/src/tests/Oocx.TfPlan2Md.TUnit/MarkdownGeneration/Summaries/ResourceSummaryBuilderTests.cs(56,17): error SA1600: Elements should be documented [/home/runner/work/tfplan2md/tfplan2md/src/tests/Oocx.TfPlan2Md.TUnit/Oocx.TfPlan2Md.TUnit.csproj]
/home/runner/work/tfplan2md/tfplan2md/src/tests/Oocx.TfPlan2Md.TUnit/MarkdownGeneration/Summaries/ResourceSummaryBuilderTests.cs(75,17): error SA1600: Elements should be documented [/home/runner/work/tfplan2md/tfplan2md/src/tests/Oocx.TfPlan2Md.TUnit/Oocx.TfPlan2Md.TUnit.csproj]
/home/runner/work/tfplan2md/tfplan2md/src/tests/Oocx.TfPlan2Md.TUnit/MarkdownGeneration/Summaries/ResourceSummaryBuilderTests.cs(96,17): error SA1600: Elements should be documented [/home/runner/work/tfplan2md/tfplan2md/src/tests/Oocx.TfPlan2Md.TUnit/Oocx.TfPlan2Md.TUnit.csproj]
/home/runner/work/tfplan2md/tfplan2md/src/tests/Oocx.TfPlan2Md.TUnit/MarkdownGeneration/Summaries/ResourceSummaryBuilderTests.cs(115,17): error SA1600: Elements should be documented [/home/runner/work/tfplan2md/tfplan2md/src/tests/Oocx.TfPlan2Md.TUnit/Oocx.TfPlan2Md.TUnit.csproj]
/home/runner/work/tfplan2md/tfplan2md/src/tests/Oocx.TfPlan2Md.TUnit/MarkdownGeneration/Summaries/ResourceSummaryBuilderTests.cs(134,17): error SA1600: Elements should be documented [/home/runner/work/tfplan2md/tfplan2md/src/tests/Oocx.TfPlan2Md.TUnit/Oocx.TfPlan2Md.TUnit.csproj]
/home/runner/work/tfplan2md/tfplan2md/src/tests/Oocx.TfPlan2Md.TUnit/MarkdownGeneration/Summaries/ResourceSummaryBuilderTests.cs(148,17): error SA1600: Elements should be documented [/home/runner/work/tfplan2md/tfplan2md/src/tests/Oocx.TfPlan2Md.TUnit/Oocx.TfPlan2Md.TUnit.csproj]
/home/runner/work/tfplan2md/tfplan2md/src/tests/Oocx.TfPlan2Md.TUnit/MarkdownGeneration/TemplateArchitectureTests.cs(181,18): error SA1615: Element return value should be documented [/home/runner/work/tfplan2md/tfplan2md/src/tests/Oocx.TfPlan2Md.TUnit/Oocx.TfPlan2Md.TUnit.csproj]
/home/runner/work/tfplan2md/tfplan2md/src/tests/Oocx.TfPlan2Md.TUnit/MarkdownGeneration/TemplateIsolationTests.cs(36,9): error SA1642: Constructor summary documentation should begin with standard text [/home/runner/work/tfplan2md/tfplan2md/src/tests/Oocx.TfPlan2Md.TUnit/Oocx.TfPlan2Md.TUnit.csproj]
/home/runner/work/tfplan2md/tfplan2md/src/tests/Oocx.TfPlan2Md.TUnit/MarkdownGeneration/VariableGroupTemplateTests.cs(22,17): error SA1600: Elements should be documented [/home/runner/work/tfplan2md/tfplan2md/src/tests/Oocx.TfPlan2Md.TUnit/Oocx.TfPlan2Md.TUnit.csproj]
/home/runner/work/tfplan2md/tfplan2md/src/tests/Oocx.TfPlan2Md.TUnit/MarkdownGeneration/VariableGroupTemplateTests.cs(42,17): error SA1600: Elements should be documented [/home/runner/work/tfplan2md/tfplan2md/src/tests/Oocx.TfPlan2Md.TUnit/Oocx.TfPlan2Md.TUnit.csproj]
/home/runner/work/tfplan2md/tfplan2md/src/tests/Oocx.TfPlan2Md.TUnit/MarkdownGeneration/VariableGroupTemplateTests.cs(64,17): error SA1600: Elements should be documented [/home/runner/work/tfplan2md/tfplan2md/src/tests/Oocx.TfPlan2Md.TUnit/Oocx.TfPlan2Md.TUnit.csproj]
/home/runner/work/tfplan2md/tfplan2md/src/tests/Oocx.TfPlan2Md.TUnit/MarkdownGeneration/VariableGroupTemplateTests.cs(80,17): error SA1600: Elements should be documented [/home/runner/work/tfplan2md/tfplan2md/src/tests/Oocx.TfPlan2Md.TUnit/Oocx.TfPlan2Md.TUnit.csproj]
/home/runner/work/tfplan2md/tfplan2md/src/tests/Oocx.TfPlan2Md.TUnit/MarkdownGeneration/VariableGroupTemplateTests.cs(97,17): error SA1600: Elements should be documented [/home/runner/work/tfplan2md/tfplan2md/src/tests/Oocx.TfPlan2Md.TUnit/Oocx.TfPlan2Md.TUnit.csproj]
/home/runner/work/tfplan2md/tfplan2md/src/tests/Oocx.TfPlan2Md.TUnit/MarkdownGeneration/VariableGroupTemplateTests.cs(114,17): error SA1600: Elements should be documented [/home/runner/work/tfplan2md/tfplan2md/src/tests/Oocx.TfPlan2Md.TUnit/Oocx.TfPlan2Md.TUnit.csproj]
/home/runner/work/tfplan2md/tfplan2md/src/tests/Oocx.TfPlan2Md.TUnit/MarkdownGeneration/VariableGroupTemplateTests.cs(132,17): error SA1600: Elements should be documented [/home/runner/work/tfplan2md/tfplan2md/src/tests/Oocx.TfPlan2Md.TUnit/Oocx.TfPlan2Md.TUnit.csproj]
/home/runner/work/tfplan2md/tfplan2md/src/tests/Oocx.TfPlan2Md.TUnit/MarkdownGeneration/VariableGroupTemplateTests.cs(146,17): error SA1600: Elements should be documented [/home/runner/work/tfplan2md/tfplan2md/src/tests/Oocx.TfPlan2Md.TUnit/Oocx.TfPlan2Md.TUnit.csproj]
/home/runner/work/tfplan2md/tfplan2md/src/tests/Oocx.TfPlan2Md.TUnit/MarkdownGeneration/VariableGroupTemplateTests.cs(14,68): error SA1629: Documentation text should end with a period [/home/runner/work/tfplan2md/tfplan2md/src/tests/Oocx.TfPlan2Md.TUnit/Oocx.TfPlan2Md.TUnit.csproj]
/home/runner/work/tfplan2md/tfplan2md/src/tests/Oocx.TfPlan2Md.TUnit/Parsing/ReplacePathsConverterTests.cs(15,17): error SA1600: Elements should be documented [/home/runner/work/tfplan2md/tfplan2md/src/tests/Oocx.TfPlan2Md.TUnit/Oocx.TfPlan2Md.TUnit.csproj]
/home/runner/work/tfplan2md/tfplan2md/src/tests/Oocx.TfPlan2Md.TUnit/Parsing/ReplacePathsConverterTests.cs(10,90): error SA1629: Documentation text should end with a period [/home/runner/work/tfplan2md/tfplan2md/src/tests/Oocx.TfPlan2Md.TUnit/Oocx.TfPlan2Md.TUnit.csproj]
/home/runner/work/tfplan2md/tfplan2md/src/tests/Oocx.TfPlan2Md.TUnit/Parsing/TerraformPlanParserReplacePathsTests.cs(7,14): error SA1600: Elements should be documented [/home/runner/work/tfplan2md/tfplan2md/src/tests/Oocx.TfPlan2Md.TUnit/Oocx.TfPlan2Md.TUnit.csproj]
/home/runner/work/tfplan2md/tfplan2md/src/tests/Oocx.TfPlan2Md.TUnit/Parsing/TerraformPlanParserReplacePathsTests.cs(10,17): error SA1600: Elements should be documented [/home/runner/work/tfplan2md/tfplan2md/src/tests/Oocx.TfPlan2Md.TUnit/Oocx.TfPlan2Md.TUnit.csproj]
/home/runner/work/tfplan2md/tfplan2md/src/tests/Oocx.TfPlan2Md.TUnit/MarkdownGeneration/VariableGroupViewModelFactoryTests.cs(16,85): error SA1629: Documentation text should end with a period [/home/runner/work/tfplan2md/tfplan2md/src/tests/Oocx.TfPlan2Md.TUnit/Oocx.TfPlan2Md.TUnit.csproj]
/home/runner/work/tfplan2md/tfplan2md/src/tests/Oocx.TfPlan2Md.TUnit/Parsing/TerraformPlanParserTests.cs(7,14): error SA1600: Elements should be documented [/home/runner/work/tfplan2md/tfplan2md/src/tests/Oocx.TfPlan2Md.TUnit/Oocx.TfPlan2Md.TUnit.csproj]
/home/runner/work/tfplan2md/tfplan2md/src/tests/Oocx.TfPlan2Md.TUnit/Parsing/TerraformPlanParserTests.cs(12,17): error SA1600: Elements should be documented [/home/runner/work/tfplan2md/tfplan2md/src/tests/Oocx.TfPlan2Md.TUnit/Oocx.TfPlan2Md.TUnit.csproj]
/home/runner/work/tfplan2md/tfplan2md/src/tests/Oocx.TfPlan2Md.TUnit/Parsing/TerraformPlanParserTests.cs(26,17): error SA1600: Elements should be documented [/home/runner/work/tfplan2md/tfplan2md/src/tests/Oocx.TfPlan2Md.TUnit/Oocx.TfPlan2Md.TUnit.csproj]
/home/runner/work/tfplan2md/tfplan2md/src/tests/Oocx.TfPlan2Md.TUnit/Parsing/TerraformPlanParserTests.cs(39,17): error SA1600: Elements should be documented [/home/runner/work/tfplan2md/tfplan2md/src/tests/Oocx.TfPlan2Md.TUnit/Oocx.TfPlan2Md.TUnit.csproj]
/home/runner/work/tfplan2md/tfplan2md/src/tests/Oocx.TfPlan2Md.TUnit/Parsing/TerraformPlanParserTests.cs(54,17): error SA1600: Elements should be documented [/home/runner/work/tfplan2md/tfplan2md/src/tests/Oocx.TfPlan2Md.TUnit/Oocx.TfPlan2Md.TUnit.csproj]
/home/runner/work/tfplan2md/tfplan2md/src/tests/Oocx.TfPlan2Md.TUnit/Parsing/TerraformPlanParserTests.cs(69,17): error SA1600: Elements should be documented [/home/runner/work/tfplan2md/tfplan2md/src/tests/Oocx.TfPlan2Md.TUnit/Oocx.TfPlan2Md.TUnit.csproj]
/home/runner/work/tfplan2md/tfplan2md/src/tests/Oocx.TfPlan2Md.TUnit/Parsing/TerraformPlanParserTests.cs(84,17): error SA1600: Elements should be documented [/home/runner/work/tfplan2md/tfplan2md/src/tests/Oocx.TfPlan2Md.TUnit/Oocx.TfPlan2Md.TUnit.csproj]
/home/runner/work/tfplan2md/tfplan2md/src/tests/Oocx.TfPlan2Md.TUnit/Parsing/TerraformPlanParserTests.cs(100,17): error SA1600: Elements should be documented [/home/runner/work/tfplan2md/tfplan2md/src/tests/Oocx.TfPlan2Md.TUnit/Oocx.TfPlan2Md.TUnit.csproj]
/home/runner/work/tfplan2md/tfplan2md/src/tests/Oocx.TfPlan2Md.TUnit/Parsing/TerraformPlanParserTests.cs(114,17): error SA1600: Elements should be documented [/home/runner/work/tfplan2md/tfplan2md/src/tests/Oocx.TfPlan2Md.TUnit/Oocx.TfPlan2Md.TUnit.csproj]
/home/runner/work/tfplan2md/tfplan2md/src/tests/Oocx.TfPlan2Md.TUnit/Parsing/TerraformPlanParserTests.cs(127,17): error SA1600: Elements should be documented [/home/runner/work/tfplan2md/tfplan2md/src/tests/Oocx.TfPlan2Md.TUnit/Oocx.TfPlan2Md.TUnit.csproj]
/home/runner/work/tfplan2md/tfplan2md/src/tests/Oocx.TfPlan2Md.TUnit/Parsing/TerraformPlanParserTests.cs(140,17): error SA1600: Elements should be documented [/home/runner/work/tfplan2md/tfplan2md/src/tests/Oocx.TfPlan2Md.TUnit/Oocx.TfPlan2Md.TUnit.csproj]
/home/runner/work/tfplan2md/tfplan2md/src/tests/Oocx.TfPlan2Md.TUnit/Parsing/TerraformPlanParserTests.cs(155,17): error SA1600: Elements should be documented [/home/runner/work/tfplan2md/tfplan2md/src/tests/Oocx.TfPlan2Md.TUnit/Oocx.TfPlan2Md.TUnit.csproj]
/home/runner/work/tfplan2md/tfplan2md/src/tests/Oocx.TfPlan2Md.TUnit/Parsing/TerraformPlanParserTests.cs(170,17): error SA1600: Elements should be documented [/home/runner/work/tfplan2md/tfplan2md/src/tests/Oocx.TfPlan2Md.TUnit/Oocx.TfPlan2Md.TUnit.csproj]
/home/runner/work/tfplan2md/tfplan2md/src/tests/Oocx.TfPlan2Md.TUnit/Parsing/TerraformPlanParserTests.cs(185,17): error SA1600: Elements should be documented [/home/runner/work/tfplan2md/tfplan2md/src/tests/Oocx.TfPlan2Md.TUnit/Oocx.TfPlan2Md.TUnit.csproj]
/home/runner/work/tfplan2md/tfplan2md/src/tests/Oocx.TfPlan2Md.TUnit/Parsing/TerraformPlanParserTests.cs(199,17): error SA1600: Elements should be documented [/home/runner/work/tfplan2md/tfplan2md/src/tests/Oocx.TfPlan2Md.TUnit/Oocx.TfPlan2Md.TUnit.csproj]
/home/runner/work/tfplan2md/tfplan2md/src/tests/Oocx.TfPlan2Md.TUnit/Parsing/TerraformPlanParserTests.cs(213,17): error SA1600: Elements should be documented [/home/runner/work/tfplan2md/tfplan2md/src/tests/Oocx.TfPlan2Md.TUnit/Oocx.TfPlan2Md.TUnit.csproj]
/home/runner/work/tfplan2md/tfplan2md/src/tests/Oocx.TfPlan2Md.TUnit/TerraformShowRenderer/TerraformShowCliParserTests.cs(42,18): error SA1615: Element return value should be documented [/home/runner/work/tfplan2md/tfplan2md/src/tests/Oocx.TfPlan2Md.TUnit/Oocx.TfPlan2Md.TUnit.csproj]
/home/runner/work/tfplan2md/tfplan2md/src/tests/Oocx.TfPlan2Md.TUnit/TerraformShowRenderer/TerraformShowCliParserTests.cs(58,18): error SA1615: Element return value should be documented [/home/runner/work/tfplan2md/tfplan2md/src/tests/Oocx.TfPlan2Md.TUnit/Oocx.TfPlan2Md.TUnit.csproj]
/home/runner/work/tfplan2md/tfplan2md/src/tests/Oocx.TfPlan2Md.TUnit/TerraformShowRenderer/TerraformShowCliParserTests.cs(72,18): error SA1615: Element return value should be documented [/home/runner/work/tfplan2md/tfplan2md/src/tests/Oocx.TfPlan2Md.TUnit/Oocx.TfPlan2Md.TUnit.csproj]
/home/runner/work/tfplan2md/tfplan2md/src/tests/Oocx.TfPlan2Md.TUnit/TerraformShowRenderer/TerraformShowCliParserTests.cs(85,18): error SA1615: Element return value should be documented [/home/runner/work/tfplan2md/tfplan2md/src/tests/Oocx.TfPlan2Md.TUnit/Oocx.TfPlan2Md.TUnit.csproj]
/home/runner/work/tfplan2md/tfplan2md/src/tests/Oocx.TfPlan2Md.TUnit/TerraformShowRenderer/TerraformShowCliParserTests.cs(98,18): error SA1615: Element return value should be documented [/home/runner/work/tfplan2md/tfplan2md/src/tests/Oocx.TfPlan2Md.TUnit/Oocx.TfPlan2Md.TUnit.csproj]
/home/runner/work/tfplan2md/tfplan2md/src/tests/Oocx.TfPlan2Md.TUnit/TerraformShowRenderer/TerraformShowCliParserTests.cs(111,18): error SA1615: Element return value should be documented [/home/runner/work/tfplan2md/tfplan2md/src/tests/Oocx.TfPlan2Md.TUnit/Oocx.TfPlan2Md.TUnit.csproj]
/home/runner/work/tfplan2md/tfplan2md/src/tests/Oocx.TfPlan2Md.TUnit/TerraformShowRenderer/TerraformShowCliParserTests.cs(8,85): error SA1629: Documentation text should end with a period [/home/runner/work/tfplan2md/tfplan2md/src/tests/Oocx.TfPlan2Md.TUnit/Oocx.TfPlan2Md.TUnit.csproj]
/home/runner/work/tfplan2md/tfplan2md/src/tests/Oocx.TfPlan2Md.TUnit/TerraformShowRenderer/TerraformShowRendererTests.cs(22,18): error SA1615: Element return value should be documented [/home/runner/work/tfplan2md/tfplan2md/src/tests/Oocx.TfPlan2Md.TUnit/Oocx.TfPlan2Md.TUnit.csproj]
/home/runner/work/tfplan2md/tfplan2md/src/tests/Oocx.TfPlan2Md.TUnit/TerraformShowRenderer/TerraformShowRendererTests.cs(40,18): error SA1615: Element return value should be documented [/home/runner/work/tfplan2md/tfplan2md/src/tests/Oocx.TfPlan2Md.TUnit/Oocx.TfPlan2Md.TUnit.csproj]
/home/runner/work/tfplan2md/tfplan2md/src/tests/Oocx.TfPlan2Md.TUnit/TerraformShowRenderer/TerraformShowRendererTests.cs(57,18): error SA1615: Element return value should be documented [/home/runner/work/tfplan2md/tfplan2md/src/tests/Oocx.TfPlan2Md.TUnit/Oocx.TfPlan2Md.TUnit.csproj]
/home/runner/work/tfplan2md/tfplan2md/src/tests/Oocx.TfPlan2Md.TUnit/TerraformShowRenderer/TerraformShowRendererTests.cs(75,18): error SA1615: Element return value should be documented [/home/runner/work/tfplan2md/tfplan2md/src/tests/Oocx.TfPlan2Md.TUnit/Oocx.TfPlan2Md.TUnit.csproj]
/home/runner/work/tfplan2md/tfplan2md/src/tests/Oocx.TfPlan2Md.TUnit/TerraformShowRenderer/TerraformShowRendererTests.cs(94,18): error SA1615: Element return value should be documented [/home/runner/work/tfplan2md/tfplan2md/src/tests/Oocx.TfPlan2Md.TUnit/Oocx.TfPlan2Md.TUnit.csproj]
/home/runner/work/tfplan2md/tfplan2md/src/tests/Oocx.TfPlan2Md.TUnit/TerraformShowRenderer/TerraformShowRendererTests.cs(114,18): error SA1615: Element return value should be documented [/home/runner/work/tfplan2md/tfplan2md/src/tests/Oocx.TfPlan2Md.TUnit/Oocx.TfPlan2Md.TUnit.csproj]
/home/runner/work/tfplan2md/tfplan2md/src/tests/Oocx.TfPlan2Md.TUnit/TerraformShowRenderer/TerraformShowRendererTests.cs(132,18): error SA1615: Element return value should be documented [/home/runner/work/tfplan2md/tfplan2md/src/tests/Oocx.TfPlan2Md.TUnit/Oocx.TfPlan2Md.TUnit.csproj]
/home/runner/work/tfplan2md/tfplan2md/src/tests/Oocx.TfPlan2Md.TUnit/TerraformShowRenderer/TerraformShowRendererTests.cs(150,18): error SA1615: Element return value should be documented [/home/runner/work/tfplan2md/tfplan2md/src/tests/Oocx.TfPlan2Md.TUnit/Oocx.TfPlan2Md.TUnit.csproj]
/home/runner/work/tfplan2md/tfplan2md/src/tests/Oocx.TfPlan2Md.TUnit/TerraformShowRenderer/TerraformShowRendererTests.cs(168,18): error SA1615: Element return value should be documented [/home/runner/work/tfplan2md/tfplan2md/src/tests/Oocx.TfPlan2Md.TUnit/Oocx.TfPlan2Md.TUnit.csproj]
/home/runner/work/tfplan2md/tfplan2md/src/tests/Oocx.TfPlan2Md.TUnit/TerraformShowRenderer/TerraformShowRendererTests.cs(186,18): error SA1615: Element return value should be documented [/home/runner/work/tfplan2md/tfplan2md/src/tests/Oocx.TfPlan2Md.TUnit/Oocx.TfPlan2Md.TUnit.csproj]
/home/runner/work/tfplan2md/tfplan2md/src/tests/Oocx.TfPlan2Md.TUnit/TerraformShowRenderer/TerraformShowRendererTests.cs(13,85): error SA1629: Documentation text should end with a period [/home/runner/work/tfplan2md/tfplan2md/src/tests/Oocx.TfPlan2Md.TUnit/Oocx.TfPlan2Md.TUnit.csproj]
/home/runner/work/tfplan2md/tfplan2md/src/tests/Oocx.TfPlan2Md.TUnit/TerraformShowRenderer/TerraformShowRendererTests.cs(202,89): error SA1629: Documentation text should end with a period [/home/runner/work/tfplan2md/tfplan2md/src/tests/Oocx.TfPlan2Md.TUnit/Oocx.TfPlan2Md.TUnit.csproj]
/home/runner/work/tfplan2md/tfplan2md/src/tests/Oocx.TfPlan2Md.TUnit/TerraformShowRenderer/TerraformShowRendererTests.cs(212,89): error SA1629: Documentation text should end with a period [/home/runner/work/tfplan2md/tfplan2md/src/tests/Oocx.TfPlan2Md.TUnit/Oocx.TfPlan2Md.TUnit.csproj]
/home/runner/work/tfplan2md/tfplan2md/src/tests/Oocx.TfPlan2Md.TUnit/Workflows/CoverageEnforcerTests.cs(22,18): error SA1615: Element return value should be documented [/home/runner/work/tfplan2md/tfplan2md/src/tests/Oocx.TfPlan2Md.TUnit/Oocx.TfPlan2Md.TUnit.csproj]
/home/runner/work/tfplan2md/tfplan2md/src/tests/Oocx.TfPlan2Md.TUnit/Workflows/CoverageEnforcerTests.cs(37,18): error SA1615: Element return value should be documented [/home/runner/work/tfplan2md/tfplan2md/src/tests/Oocx.TfPlan2Md.TUnit/Oocx.TfPlan2Md.TUnit.csproj]
/home/runner/work/tfplan2md/tfplan2md/src/tests/Oocx.TfPlan2Md.TUnit/Workflows/CoverageEnforcerTests.cs(52,18): error SA1615: Element return value should be documented [/home/runner/work/tfplan2md/tfplan2md/src/tests/Oocx.TfPlan2Md.TUnit/Oocx.TfPlan2Md.TUnit.csproj]
/home/runner/work/tfplan2md/tfplan2md/src/tests/Oocx.TfPlan2Md.TUnit/Workflows/CoverageEnforcerTests.cs(66,18): error SA1615: Element return value should be documented [/home/runner/work/tfplan2md/tfplan2md/src/tests/Oocx.TfPlan2Md.TUnit/Oocx.TfPlan2Md.TUnit.csproj]
/home/runner/work/tfplan2md/tfplan2md/src/tests/Oocx.TfPlan2Md.TUnit/Workflows/CoverageEnforcerTests.cs(83,18): error SA1615: Element return value should be documented [/home/runner/work/tfplan2md/tfplan2md/src/tests/Oocx.TfPlan2Md.TUnit/Oocx.TfPlan2Md.TUnit.csproj]
/home/runner/work/tfplan2md/tfplan2md/src/tests/Oocx.TfPlan2Md.TUnit/Workflows/CoverageEnforcerTests.cs(100,18): error SA1615: Element return value should be documented [/home/runner/work/tfplan2md/tfplan2md/src/tests/Oocx.TfPlan2Md.TUnit/Oocx.TfPlan2Md.TUnit.csproj]
/home/runner/work/tfplan2md/tfplan2md/src/tests/Oocx.TfPlan2Md.TUnit/Workflows/CoverageEnforcerTests.cs(122,18): error SA1615: Element return value should be documented [/home/runner/work/tfplan2md/tfplan2md/src/tests/Oocx.TfPlan2Md.TUnit/Oocx.TfPlan2Md.TUnit.csproj]
/home/runner/work/tfplan2md/tfplan2md/src/tests/Oocx.TfPlan2Md.TUnit/Workflows/CoverageEnforcerTests.cs(140,18): error SA1615: Element return value should be documented [/home/runner/work/tfplan2md/tfplan2md/src/tests/Oocx.TfPlan2Md.TUnit/Oocx.TfPlan2Md.TUnit.csproj]
/home/runner/work/tfplan2md/tfplan2md/src/tests/Oocx.TfPlan2Md.TUnit/Workflows/CoverageEnforcerTests.cs(154,18): error SA1615: Element return value should be documented [/home/runner/work/tfplan2md/tfplan2md/src/tests/Oocx.TfPlan2Md.TUnit/Oocx.TfPlan2Md.TUnit.csproj]
/home/runner/work/tfplan2md/tfplan2md/src/tests/Oocx.TfPlan2Md.TUnit/Workflows/CoverageEnforcerTests.cs(178,18): error SA1615: Element return value should be documented [/home/runner/work/tfplan2md/tfplan2md/src/tests/Oocx.TfPlan2Md.TUnit/Oocx.TfPlan2Md.TUnit.csproj]
/home/runner/work/tfplan2md/tfplan2md/src/tests/Oocx.TfPlan2Md.TUnit/Workflows/CoverageEnforcerTests.cs(208,18): error SA1615: Element return value should be documented [/home/runner/work/tfplan2md/tfplan2md/src/tests/Oocx.TfPlan2Md.TUnit/Oocx.TfPlan2Md.TUnit.csproj]
/home/runner/work/tfplan2md/tfplan2md/src/tests/Oocx.TfPlan2Md.TUnit/Workflows/CoverageEnforcerTests.cs(226,18): error SA1615: Element return value should be documented [/home/runner/work/tfplan2md/tfplan2md/src/tests/Oocx.TfPlan2Md.TUnit/Oocx.TfPlan2Md.TUnit.csproj]
/home/runner/work/tfplan2md/tfplan2md/src/tests/Oocx.TfPlan2Md.TUnit/Workflows/CoverageEnforcerTests.cs(269,18): error SA1615: Element return value should be documented [/home/runner/work/tfplan2md/tfplan2md/src/tests/Oocx.TfPlan2Md.TUnit/Oocx.TfPlan2Md.TUnit.csproj]
/home/runner/work/tfplan2md/tfplan2md/src/tests/Oocx.TfPlan2Md.TUnit/Workflows/CoverageEnforcerTests.cs(295,18): error SA1615: Element return value should be documented [/home/runner/work/tfplan2md/tfplan2md/src/tests/Oocx.TfPlan2Md.TUnit/Oocx.TfPlan2Md.TUnit.csproj]
/home/runner/work/tfplan2md/tfplan2md/src/tests/Oocx.TfPlan2Md.TUnit/Workflows/CoverageEnforcerTests.cs(14,73): error SA1629: Documentation text should end with a period [/home/runner/work/tfplan2md/tfplan2md/src/tests/Oocx.TfPlan2Md.TUnit/Oocx.TfPlan2Md.TUnit.csproj]
/home/runner/work/tfplan2md/tfplan2md/src/tests/Oocx.TfPlan2Md.TUnit/Workflows/ChangelogExtractionTests.cs(20,18): error SA1615: Element return value should be documented [/home/runner/work/tfplan2md/tfplan2md/src/tests/Oocx.TfPlan2Md.TUnit/Oocx.TfPlan2Md.TUnit.csproj]
/home/runner/work/tfplan2md/tfplan2md/src/tests/Oocx.TfPlan2Md.TUnit/Workflows/ChangelogExtractionTests.cs(47,18): error SA1615: Element return value should be documented [/home/runner/work/tfplan2md/tfplan2md/src/tests/Oocx.TfPlan2Md.TUnit/Oocx.TfPlan2Md.TUnit.csproj]
/home/runner/work/tfplan2md/tfplan2md/src/tests/Oocx.TfPlan2Md.TUnit/Workflows/ChangelogExtractionTests.cs(74,18): error SA1615: Element return value should be documented [/home/runner/work/tfplan2md/tfplan2md/src/tests/Oocx.TfPlan2Md.TUnit/Oocx.TfPlan2Md.TUnit.csproj]
/home/runner/work/tfplan2md/tfplan2md/src/tests/Oocx.TfPlan2Md.TUnit/Workflows/ChangelogExtractionTests.cs(119,18): error SA1615: Element return value should be documented [/home/runner/work/tfplan2md/tfplan2md/src/tests/Oocx.TfPlan2Md.TUnit/Oocx.TfPlan2Md.TUnit.csproj]
/home/runner/work/tfplan2md/tfplan2md/src/tests/Oocx.TfPlan2Md.TUnit/Workflows/ChangelogExtractionTests.cs(156,18): error SA1615: Element return value should be documented [/home/runner/work/tfplan2md/tfplan2md/src/tests/Oocx.TfPlan2Md.TUnit/Oocx.TfPlan2Md.TUnit.csproj]
/home/runner/work/tfplan2md/tfplan2md/src/tests/Oocx.TfPlan2Md.TUnit/Workflows/ChangelogExtractionTests.cs(173,18): error SA1615: Element return value should be documented [/home/runner/work/tfplan2md/tfplan2md/src/tests/Oocx.TfPlan2Md.TUnit/Oocx.TfPlan2Md.TUnit.csproj]
/home/runner/work/tfplan2md/tfplan2md/src/tests/Oocx.TfPlan2Md.TUnit/Workflows/ChangelogExtractionTests.cs(190,18): error SA1615: Element return value should be documented [/home/runner/work/tfplan2md/tfplan2md/src/tests/Oocx.TfPlan2Md.TUnit/Oocx.TfPlan2Md.TUnit.csproj]
/home/runner/work/tfplan2md/tfplan2md/src/tests/Oocx.TfPlan2Md.TUnit/Workflows/ChangelogExtractionTests.cs(247,18): error SA1615: Element return value should be documented [/home/runner/work/tfplan2md/tfplan2md/src/tests/Oocx.TfPlan2Md.TUnit/Oocx.TfPlan2Md.TUnit.csproj]
/home/runner/work/tfplan2md/tfplan2md/src/tests/Oocx.TfPlan2Md.TUnit/Workflows/ChangelogExtractionTests.cs(263,18): error SA1615: Element return value should be documented [/home/runner/work/tfplan2md/tfplan2md/src/tests/Oocx.TfPlan2Md.TUnit/Oocx.TfPlan2Md.TUnit.csproj]
/home/runner/work/tfplan2md/tfplan2md/src/tests/Oocx.TfPlan2Md.TUnit/Workflows/ChangelogExtractionTests.cs(290,18): error SA1615: Element return value should be documented [/home/runner/work/tfplan2md/tfplan2md/src/tests/Oocx.TfPlan2Md.TUnit/Oocx.TfPlan2Md.TUnit.csproj]
/home/runner/work/tfplan2md/tfplan2md/src/tests/Oocx.TfPlan2Md.TUnit/Workflows/ChangelogExtractionTests.cs(317,18): error SA1615: Element return value should be documented [/home/runner/work/tfplan2md/tfplan2md/src/tests/Oocx.TfPlan2Md.TUnit/Oocx.TfPlan2Md.TUnit.csproj]
/home/runner/work/tfplan2md/tfplan2md/src/tests/Oocx.TfPlan2Md.TUnit/EndToEnd/DebugOutputIntegrationTests.cs(20,18): error SA1615: Element return value should be documented [/home/runner/work/tfplan2md/tfplan2md/src/tests/Oocx.TfPlan2Md.TUnit/Oocx.TfPlan2Md.TUnit.csproj]
/home/runner/work/tfplan2md/tfplan2md/src/tests/Oocx.TfPlan2Md.TUnit/EndToEnd/DebugOutputIntegrationTests.cs(53,18): error SA1615: Element return value should be documented [/home/runner/work/tfplan2md/tfplan2md/src/tests/Oocx.TfPlan2Md.TUnit/Oocx.TfPlan2Md.TUnit.csproj]
/home/runner/work/tfplan2md/tfplan2md/src/tests/Oocx.TfPlan2Md.TUnit/EndToEnd/DebugOutputIntegrationTests.cs(103,18): error SA1615: Element return value should be documented [/home/runner/work/tfplan2md/tfplan2md/src/tests/Oocx.TfPlan2Md.TUnit/Oocx.TfPlan2Md.TUnit.csproj]
/home/runner/work/tfplan2md/tfplan2md/src/tests/Oocx.TfPlan2Md.TUnit/EndToEnd/DebugOutputIntegrationTests.cs(142,18): error SA1615: Element return value should be documented [/home/runner/work/tfplan2md/tfplan2md/src/tests/Oocx.TfPlan2Md.TUnit/Oocx.TfPlan2Md.TUnit.csproj]
/home/runner/work/tfplan2md/tfplan2md/src/tests/Oocx.TfPlan2Md.TUnit/EndToEnd/DebugOutputIntegrationTests.cs(183,18): error SA1615: Element return value should be documented [/home/runner/work/tfplan2md/tfplan2md/src/tests/Oocx.TfPlan2Md.TUnit/Oocx.TfPlan2Md.TUnit.csproj]
/home/runner/work/tfplan2md/tfplan2md/src/tests/Oocx.TfPlan2Md.TUnit/EndToEnd/DebugOutputIntegrationTests.cs(11,29): error SA1629: Documentation text should end with a period [/home/runner/work/tfplan2md/tfplan2md/src/tests/Oocx.TfPlan2Md.TUnit/Oocx.TfPlan2Md.TUnit.csproj]
/home/runner/work/tfplan2md/tfplan2md/src/tests/Oocx.TfPlan2Md.TUnit/Assertions/TextDiffAssert.cs(8,69): error SA1629: Documentation text should end with a period [/home/runner/work/tfplan2md/tfplan2md/src/tests/Oocx.TfPlan2Md.TUnit/Oocx.TfPlan2Md.TUnit.csproj]
/home/runner/work/tfplan2md/tfplan2md/src/tests/Oocx.TfPlan2Md.TUnit/TerraformShowRenderer/AnsiTextWriterTests.cs(17,18): error SA1615: Element return value should be documented [/home/runner/work/tfplan2md/tfplan2md/src/tests/Oocx.TfPlan2Md.TUnit/Oocx.TfPlan2Md.TUnit.csproj]
/home/runner/work/tfplan2md/tfplan2md/src/tests/Oocx.TfPlan2Md.TUnit/TerraformShowRenderer/AnsiTextWriterTests.cs(36,18): error SA1615: Element return value should be documented [/home/runner/work/tfplan2md/tfplan2md/src/tests/Oocx.TfPlan2Md.TUnit/Oocx.TfPlan2Md.TUnit.csproj]
/home/runner/work/tfplan2md/tfplan2md/src/tests/Oocx.TfPlan2Md.TUnit/TerraformShowRenderer/AnsiTextWriterTests.cs(55,18): error SA1615: Element return value should be documented [/home/runner/work/tfplan2md/tfplan2md/src/tests/Oocx.TfPlan2Md.TUnit/Oocx.TfPlan2Md.TUnit.csproj]
/home/runner/work/tfplan2md/tfplan2md/src/tests/Oocx.TfPlan2Md.TUnit/TerraformShowRenderer/AnsiTextWriterTests.cs(72,18): error SA1615: Element return value should be documented [/home/runner/work/tfplan2md/tfplan2md/src/tests/Oocx.TfPlan2Md.TUnit/Oocx.TfPlan2Md.TUnit.csproj]
/home/runner/work/tfplan2md/tfplan2md/src/tests/Oocx.TfPlan2Md.TUnit/TerraformShowRenderer/AnsiTextWriterTests.cs(8,85): error SA1629: Documentation text should end with a period [/home/runner/work/tfplan2md/tfplan2md/src/tests/Oocx.TfPlan2Md.TUnit/Oocx.TfPlan2Md.TUnit.csproj]
/home/runner/work/tfplan2md/tfplan2md/src/tests/Oocx.TfPlan2Md.TUnit/TerraformShowRenderer/TerraformShowRendererRegressionTests.cs(19,18): error SA1615: Element return value should be documented [/home/runner/work/tfplan2md/tfplan2md/src/tests/Oocx.TfPlan2Md.TUnit/Oocx.TfPlan2Md.TUnit.csproj]
/home/runner/work/tfplan2md/tfplan2md/src/tests/Oocx.TfPlan2Md.TUnit/TerraformShowRenderer/TerraformShowRendererRegressionTests.cs(34,18): error SA1615: Element return value should be documented [/home/runner/work/tfplan2md/tfplan2md/src/tests/Oocx.TfPlan2Md.TUnit/Oocx.TfPlan2Md.TUnit.csproj]
/home/runner/work/tfplan2md/tfplan2md/src/tests/Oocx.TfPlan2Md.TUnit/TerraformShowRenderer/TerraformShowRendererRegressionTests.cs(68,18): error SA1615: Element return value should be documented [/home/runner/work/tfplan2md/tfplan2md/src/tests/Oocx.TfPlan2Md.TUnit/Oocx.TfPlan2Md.TUnit.csproj]
/home/runner/work/tfplan2md/tfplan2md/src/tests/Oocx.TfPlan2Md.TUnit/TerraformShowRenderer/TerraformShowRendererRegressionTests.cs(83,18): error SA1615: Element return value should be documented [/home/runner/work/tfplan2md/tfplan2md/src/tests/Oocx.TfPlan2Md.TUnit/Oocx.TfPlan2Md.TUnit.csproj]
/home/runner/work/tfplan2md/tfplan2md/src/tests/Oocx.TfPlan2Md.TUnit/TerraformShowRenderer/TerraformShowRendererRegressionTests.cs(98,18): error SA1615: Element return value should be documented [/home/runner/work/tfplan2md/tfplan2md/src/tests/Oocx.TfPlan2Md.TUnit/Oocx.TfPlan2Md.TUnit.csproj]
/home/runner/work/tfplan2md/tfplan2md/src/tests/Oocx.TfPlan2Md.TUnit/TerraformShowRenderer/TerraformShowRendererRegressionTests.cs(113,18): error SA1615: Element return value should be documented [/home/runner/work/tfplan2md/tfplan2md/src/tests/Oocx.TfPlan2Md.TUnit/Oocx.TfPlan2Md.TUnit.csproj]
/home/runner/work/tfplan2md/tfplan2md/src/tests/Oocx.TfPlan2Md.TUnit/TerraformShowRenderer/TerraformShowRendererRegressionTests.cs(138,18): error SA1615: Element return value should be documented [/home/runner/work/tfplan2md/tfplan2md/src/tests/Oocx.TfPlan2Md.TUnit/Oocx.TfPlan2Md.TUnit.csproj]
/home/runner/work/tfplan2md/tfplan2md/src/tests/Oocx.TfPlan2Md.TUnit/TerraformShowRenderer/TerraformShowRendererAppTests.cs(28,18): error SA1615: Element return value should be documented [/home/runner/work/tfplan2md/tfplan2md/src/tests/Oocx.TfPlan2Md.TUnit/Oocx.TfPlan2Md.TUnit.csproj]
/home/runner/work/tfplan2md/tfplan2md/src/tests/Oocx.TfPlan2Md.TUnit/TerraformShowRenderer/TerraformShowRendererAppTests.cs(46,18): error SA1615: Element return value should be documented [/home/runner/work/tfplan2md/tfplan2md/src/tests/Oocx.TfPlan2Md.TUnit/Oocx.TfPlan2Md.TUnit.csproj]
/home/runner/work/tfplan2md/tfplan2md/src/tests/Oocx.TfPlan2Md.TUnit/TerraformShowRenderer/TerraformShowRendererAppTests.cs(64,18): error SA1615: Element return value should be documented [/home/runner/work/tfplan2md/tfplan2md/src/tests/Oocx.TfPlan2Md.TUnit/Oocx.TfPlan2Md.TUnit.csproj]
/home/runner/work/tfplan2md/tfplan2md/src/tests/Oocx.TfPlan2Md.TUnit/TerraformShowRenderer/TerraformShowRendererAppTests.cs(82,18): error SA1615: Element return value should be documented [/home/runner/work/tfplan2md/tfplan2md/src/tests/Oocx.TfPlan2Md.TUnit/Oocx.TfPlan2Md.TUnit.csproj]
/home/runner/work/tfplan2md/tfplan2md/src/tests/Oocx.TfPlan2Md.TUnit/TerraformShowRenderer/TerraformShowRendererAppTests.cs(101,18): error SA1615: Element return value should be documented [/home/runner/work/tfplan2md/tfplan2md/src/tests/Oocx.TfPlan2Md.TUnit/Oocx.TfPlan2Md.TUnit.csproj]
/home/runner/work/tfplan2md/tfplan2md/src/tests/Oocx.TfPlan2Md.TUnit/TerraformShowRenderer/TerraformShowRendererAppTests.cs(120,18): error SA1615: Element return value should be documented [/home/runner/work/tfplan2md/tfplan2md/src/tests/Oocx.TfPlan2Md.TUnit/Oocx.TfPlan2Md.TUnit.csproj]
/home/runner/work/tfplan2md/tfplan2md/src/tests/Oocx.TfPlan2Md.TUnit/TerraformShowRenderer/TerraformShowRendererAppTests.cs(9,85): error SA1629: Documentation text should end with a period [/home/runner/work/tfplan2md/tfplan2md/src/tests/Oocx.TfPlan2Md.TUnit/Oocx.TfPlan2Md.TUnit.csproj]
/home/runner/work/tfplan2md/tfplan2md/src/tests/Oocx.TfPlan2Md.TUnit/TerraformShowRenderer/TerraformShowRendererAppTests.cs(136,89): error SA1629: Documentation text should end with a period [/home/runner/work/tfplan2md/tfplan2md/src/tests/Oocx.TfPlan2Md.TUnit/Oocx.TfPlan2Md.TUnit.csproj]
/home/runner/work/tfplan2md/tfplan2md/src/tests/Oocx.TfPlan2Md.TUnit/MarkdownGeneration/MarkdownLintFixture.cs(25,17): error SA1623: The property's documentation summary text should begin with: 'Gets a value indicating whether' [/home/runner/work/tfplan2md/tfplan2md/src/tests/Oocx.TfPlan2Md.TUnit/Oocx.TfPlan2Md.TUnit.csproj]
/home/runner/work/tfplan2md/tfplan2md/src/tests/Oocx.TfPlan2Md.TUnit/MarkdownGeneration/MarkdownLintFixture.cs(30,17): error SA1623: The property's documentation summary text should begin with: 'Gets a value indicating whether' [/home/runner/work/tfplan2md/tfplan2md/src/tests/Oocx.TfPlan2Md.TUnit/Oocx.TfPlan2Md.TUnit.csproj]
/home/runner/work/tfplan2md/tfplan2md/src/tests/Oocx.TfPlan2Md.TUnit/MarkdownGeneration/MarkdownLintFixture.cs(193,17): error SA1623: The property's documentation summary text should begin with: 'Gets a value indicating whether' [/home/runner/work/tfplan2md/tfplan2md/src/tests/Oocx.TfPlan2Md.TUnit/Oocx.TfPlan2Md.TUnit.csproj]
/home/runner/work/tfplan2md/tfplan2md/src/tests/Oocx.TfPlan2Md.TUnit/MarkdownGeneration/MarkdownLintFixture.cs(35,18): error SA1615: Element return value should be documented [/home/runner/work/tfplan2md/tfplan2md/src/tests/Oocx.TfPlan2Md.TUnit/Oocx.TfPlan2Md.TUnit.csproj]
/home/runner/work/tfplan2md/tfplan2md/src/tests/Oocx.TfPlan2Md.TUnit/MarkdownGeneration/MarkdownLintFixture.cs(49,12): error SA1615: Element return value should be documented [/home/runner/work/tfplan2md/tfplan2md/src/tests/Oocx.TfPlan2Md.TUnit/Oocx.TfPlan2Md.TUnit.csproj]
/home/runner/work/tfplan2md/tfplan2md/src/tests/Oocx.TfPlan2Md.TUnit/TestData/TestMetadataProvider.cs(20,39): error SA1623: The property's documentation summary text should begin with: 'Gets' [/home/runner/work/tfplan2md/tfplan2md/src/tests/Oocx.TfPlan2Md.TUnit/Oocx.TfPlan2Md.TUnit.csproj]
/home/runner/work/tfplan2md/tfplan2md/src/tests/Oocx.TfPlan2Md.TUnit/TestData/TestMetadataProvider.cs(8,89): error SA1629: Documentation text should end with a period [/home/runner/work/tfplan2md/tfplan2md/src/tests/Oocx.TfPlan2Md.TUnit/Oocx.TfPlan2Md.TUnit.csproj]
/home/runner/work/tfplan2md/tfplan2md/src/tools/Oocx.TfPlan2Md.CoverageEnforcer/CoverageSummaryBuilder.cs(8,73): error SA1629: Documentation text should end with a period [/home/runner/work/tfplan2md/tfplan2md/src/tools/Oocx.TfPlan2Md.CoverageEnforcer/Oocx.TfPlan2Md.CoverageEnforcer.csproj]
/home/runner/work/tfplan2md/tfplan2md/src/tools/Oocx.TfPlan2Md.CoverageEnforcer/CoverageHistoryWriter.cs(7,73): error SA1629: Documentation text should end with a period [/home/runner/work/tfplan2md/tfplan2md/src/tools/Oocx.TfPlan2Md.CoverageEnforcer/Oocx.TfPlan2Md.CoverageEnforcer.csproj]
/home/runner/work/tfplan2md/tfplan2md/src/tools/Oocx.TfPlan2Md.CoverageEnforcer/CoverageHistoryDocument.cs(12,39): error SA1623: The property's documentation summary text should begin with: 'Gets' [/home/runner/work/tfplan2md/tfplan2md/src/tools/Oocx.TfPlan2Md.CoverageEnforcer/Oocx.TfPlan2Md.CoverageEnforcer.csproj]
/home/runner/work/tfplan2md/tfplan2md/src/tools/Oocx.TfPlan2Md.CoverageEnforcer/CoverageHistoryDocument.cs(5,73): error SA1629: Documentation text should end with a period [/home/runner/work/tfplan2md/tfplan2md/src/tools/Oocx.TfPlan2Md.CoverageEnforcer/Oocx.TfPlan2Md.CoverageEnforcer.csproj]
/home/runner/work/tfplan2md/tfplan2md/src/tools/Oocx.TfPlan2Md.CoverageEnforcer/CoberturaCoverageParser.cs(8,73): error SA1629: Documentation text should end with a period [/home/runner/work/tfplan2md/tfplan2md/src/tools/Oocx.TfPlan2Md.CoverageEnforcer/Oocx.TfPlan2Md.CoverageEnforcer.csproj]
/home/runner/work/tfplan2md/tfplan2md/src/tools/Oocx.TfPlan2Md.CoverageEnforcer/CommandLineOptions.cs(7,73): error SA1629: Documentation text should end with a period [/home/runner/work/tfplan2md/tfplan2md/src/tools/Oocx.TfPlan2Md.CoverageEnforcer/Oocx.TfPlan2Md.CoverageEnforcer.csproj]
/home/runner/work/tfplan2md/tfplan2md/src/tools/Oocx.TfPlan2Md.CoverageEnforcer/CoverageBadgeGenerator.cs(7,73): error SA1629: Documentation text should end with a period [/home/runner/work/tfplan2md/tfplan2md/src/tools/Oocx.TfPlan2Md.CoverageEnforcer/Oocx.TfPlan2Md.CoverageEnforcer.csproj]
/home/runner/work/tfplan2md/tfplan2md/src/tools/Oocx.TfPlan2Md.CoverageEnforcer/CoverageEvaluation.cs(5,73): error SA1629: Documentation text should end with a period [/home/runner/work/tfplan2md/tfplan2md/src/tools/Oocx.TfPlan2Md.CoverageEnforcer/Oocx.TfPlan2Md.CoverageEnforcer.csproj]
/home/runner/work/tfplan2md/tfplan2md/src/tools/Oocx.TfPlan2Md.CoverageEnforcer/CoverageEvaluation.cs(9,9): error SA1642: Constructor summary documentation should begin with standard text [/home/runner/work/tfplan2md/tfplan2md/src/tools/Oocx.TfPlan2Md.CoverageEnforcer/Oocx.TfPlan2Md.CoverageEnforcer.csproj]
/home/runner/work/tfplan2md/tfplan2md/src/tools/Oocx.TfPlan2Md.CoverageEnforcer/CoverageHistoryEntry.cs(7,73): error SA1629: Documentation text should end with a period [/home/runner/work/tfplan2md/tfplan2md/src/tools/Oocx.TfPlan2Md.CoverageEnforcer/Oocx.TfPlan2Md.CoverageEnforcer.csproj]
/home/runner/work/tfplan2md/tfplan2md/src/tools/Oocx.TfPlan2Md.CoverageEnforcer/CoverageHistoryEntry.cs(11,9): error SA1642: Constructor summary documentation should begin with standard text [/home/runner/work/tfplan2md/tfplan2md/src/tools/Oocx.TfPlan2Md.CoverageEnforcer/Oocx.TfPlan2Md.CoverageEnforcer.csproj]
/home/runner/work/tfplan2md/tfplan2md/src/tools/Oocx.TfPlan2Md.CoverageEnforcer/CoverageMetrics.cs(5,73): error SA1629: Documentation text should end with a period [/home/runner/work/tfplan2md/tfplan2md/src/tools/Oocx.TfPlan2Md.CoverageEnforcer/Oocx.TfPlan2Md.CoverageEnforcer.csproj]
/home/runner/work/tfplan2md/tfplan2md/src/tools/Oocx.TfPlan2Md.CoverageEnforcer/CoverageMetrics.cs(9,9): error SA1642: Constructor summary documentation should begin with standard text [/home/runner/work/tfplan2md/tfplan2md/src/tools/Oocx.TfPlan2Md.CoverageEnforcer/Oocx.TfPlan2Md.CoverageEnforcer.csproj]
/home/runner/work/tfplan2md/tfplan2md/src/tools/Oocx.TfPlan2Md.CoverageEnforcer/CoverageThresholdEvaluator.cs(5,73): error SA1629: Documentation text should end with a period [/home/runner/work/tfplan2md/tfplan2md/src/tools/Oocx.TfPlan2Md.CoverageEnforcer/Oocx.TfPlan2Md.CoverageEnforcer.csproj]
/home/runner/work/tfplan2md/tfplan2md/src/tools/Oocx.TfPlan2Md.CoverageEnforcer/CoverageThresholds.cs(5,73): error SA1629: Documentation text should end with a period [/home/runner/work/tfplan2md/tfplan2md/src/tools/Oocx.TfPlan2Md.CoverageEnforcer/Oocx.TfPlan2Md.CoverageEnforcer.csproj]
/home/runner/work/tfplan2md/tfplan2md/src/tools/Oocx.TfPlan2Md.CoverageEnforcer/CoverageThresholds.cs(9,9): error SA1642: Constructor summary documentation should begin with standard text [/home/runner/work/tfplan2md/tfplan2md/src/tools/Oocx.TfPlan2Md.CoverageEnforcer/Oocx.TfPlan2Md.CoverageEnforcer.csproj]
/home/runner/work/tfplan2md/tfplan2md/src/tools/Oocx.TfPlan2Md.HtmlRenderer/CLI/CliParser.cs(7,80): error SA1629: Documentation text should end with a period [/home/runner/work/tfplan2md/tfplan2md/src/tools/Oocx.TfPlan2Md.HtmlRenderer/Oocx.TfPlan2Md.HtmlRenderer.csproj]
/home/runner/work/tfplan2md/tfplan2md/src/tools/Oocx.TfPlan2Md.HtmlRenderer/Rendering/WrapperTemplateApplier.cs(7,80): error SA1629: Documentation text should end with a period [/home/runner/work/tfplan2md/tfplan2md/src/tools/Oocx.TfPlan2Md.HtmlRenderer/Oocx.TfPlan2Md.HtmlRenderer.csproj]
/home/runner/work/tfplan2md/tfplan2md/src/tools/Oocx.TfPlan2Md.HtmlRenderer/Rendering/MarkdigPipelineFactory.cs(7,80): error SA1629: Documentation text should end with a period [/home/runner/work/tfplan2md/tfplan2md/src/tools/Oocx.TfPlan2Md.HtmlRenderer/Oocx.TfPlan2Md.HtmlRenderer.csproj]
/home/runner/work/tfplan2md/tfplan2md/src/tools/Oocx.TfPlan2Md.HtmlRenderer/HtmlRendererApp.cs(14,84): error SA1629: Documentation text should end with a period [/home/runner/work/tfplan2md/tfplan2md/src/tools/Oocx.TfPlan2Md.HtmlRenderer/Oocx.TfPlan2Md.HtmlRenderer.csproj]
/home/runner/work/tfplan2md/tfplan2md/src/tools/Oocx.TfPlan2Md.HtmlRenderer/HtmlRendererApp.cs(20,84): error SA1629: Documentation text should end with a period [/home/runner/work/tfplan2md/tfplan2md/src/tools/Oocx.TfPlan2Md.HtmlRenderer/Oocx.TfPlan2Md.HtmlRenderer.csproj]
/home/runner/work/tfplan2md/tfplan2md/src/tools/Oocx.TfPlan2Md.HtmlRenderer/HtmlRendererApp.cs(8,80): error SA1629: Documentation text should end with a period [/home/runner/work/tfplan2md/tfplan2md/src/tools/Oocx.TfPlan2Md.HtmlRenderer/Oocx.TfPlan2Md.HtmlRenderer.csproj]
/home/runner/work/tfplan2md/tfplan2md/src/tools/Oocx.TfPlan2Md.HtmlRenderer/HtmlRendererApp.cs(26,84): error SA1629: Documentation text should end with a period [/home/runner/work/tfplan2md/tfplan2md/src/tools/Oocx.TfPlan2Md.HtmlRenderer/Oocx.TfPlan2Md.HtmlRenderer.csproj]
/home/runner/work/tfplan2md/tfplan2md/src/tools/Oocx.TfPlan2Md.HtmlRenderer/HtmlRendererApp.cs(39,84): error SA1629: Documentation text should end with a period [/home/runner/work/tfplan2md/tfplan2md/src/tools/Oocx.TfPlan2Md.HtmlRenderer/Oocx.TfPlan2Md.HtmlRenderer.csproj]
/home/runner/work/tfplan2md/tfplan2md/src/tools/Oocx.TfPlan2Md.HtmlRenderer/CLI/CliOptions.cs(5,80): error SA1629: Documentation text should end with a period [/home/runner/work/tfplan2md/tfplan2md/src/tools/Oocx.TfPlan2Md.HtmlRenderer/Oocx.TfPlan2Md.HtmlRenderer.csproj]
/home/runner/work/tfplan2md/tfplan2md/src/tools/Oocx.TfPlan2Md.HtmlRenderer/CLI/CliParseException.cs(5,80): error SA1629: Documentation text should end with a period [/home/runner/work/tfplan2md/tfplan2md/src/tools/Oocx.TfPlan2Md.HtmlRenderer/Oocx.TfPlan2Md.HtmlRenderer.csproj]
/home/runner/work/tfplan2md/tfplan2md/src/tools/Oocx.TfPlan2Md.HtmlRenderer/CLI/HelpTextProvider.cs(5,80): error SA1629: Documentation text should end with a period [/home/runner/work/tfplan2md/tfplan2md/src/tools/Oocx.TfPlan2Md.HtmlRenderer/Oocx.TfPlan2Md.HtmlRenderer.csproj]
/home/runner/work/tfplan2md/tfplan2md/src/tools/Oocx.TfPlan2Md.HtmlRenderer/HtmlFlavor.cs(5,80): error SA1629: Documentation text should end with a period [/home/runner/work/tfplan2md/tfplan2md/src/tools/Oocx.TfPlan2Md.HtmlRenderer/Oocx.TfPlan2Md.HtmlRenderer.csproj]
/home/runner/work/tfplan2md/tfplan2md/src/tools/Oocx.TfPlan2Md.HtmlRenderer/Program.cs(5,80): error SA1629: Documentation text should end with a period [/home/runner/work/tfplan2md/tfplan2md/src/tools/Oocx.TfPlan2Md.HtmlRenderer/Oocx.TfPlan2Md.HtmlRenderer.csproj]
/home/runner/work/tfplan2md/tfplan2md/src/tools/Oocx.TfPlan2Md.HtmlRenderer/Program.cs(11,84): error SA1629: Documentation text should end with a period [/home/runner/work/tfplan2md/tfplan2md/src/tools/Oocx.TfPlan2Md.HtmlRenderer/Oocx.TfPlan2Md.HtmlRenderer.csproj]
/home/runner/work/tfplan2md/tfplan2md/src/tools/Oocx.TfPlan2Md.HtmlRenderer/Rendering/CommonHtmlNormalization.cs(7,80): error SA1629: Documentation text should end with a period [/home/runner/work/tfplan2md/tfplan2md/src/tools/Oocx.TfPlan2Md.HtmlRenderer/Oocx.TfPlan2Md.HtmlRenderer.csproj]
/home/runner/work/tfplan2md/tfplan2md/src/tools/Oocx.TfPlan2Md.HtmlRenderer/Rendering/AzureDevOpsHtmlPostProcessor.cs(8,80): error SA1629: Documentation text should end with a period [/home/runner/work/tfplan2md/tfplan2md/src/tools/Oocx.TfPlan2Md.HtmlRenderer/Oocx.TfPlan2Md.HtmlRenderer.csproj]
/home/runner/work/tfplan2md/tfplan2md/src/tools/Oocx.TfPlan2Md.HtmlRenderer/Rendering/GitHubHtmlPostProcessor.cs(7,80): error SA1629: Documentation text should end with a period [/home/runner/work/tfplan2md/tfplan2md/src/tools/Oocx.TfPlan2Md.HtmlRenderer/Oocx.TfPlan2Md.HtmlRenderer.csproj]
/home/runner/work/tfplan2md/tfplan2md/src/tools/Oocx.TfPlan2Md.HtmlRenderer/Rendering/HtmlPostProcessor.cs(5,80): error SA1629: Documentation text should end with a period [/home/runner/work/tfplan2md/tfplan2md/src/tools/Oocx.TfPlan2Md.HtmlRenderer/Oocx.TfPlan2Md.HtmlRenderer.csproj]
/home/runner/work/tfplan2md/tfplan2md/src/tools/Oocx.TfPlan2Md.HtmlRenderer/Rendering/MarkdownToHtmlRenderer.cs(7,80): error SA1629: Documentation text should end with a period [/home/runner/work/tfplan2md/tfplan2md/src/tools/Oocx.TfPlan2Md.HtmlRenderer/Oocx.TfPlan2Md.HtmlRenderer.csproj]
/home/runner/work/tfplan2md/tfplan2md/src/tools/Oocx.TfPlan2Md.HtmlRenderer/Rendering/MarkdownToHtmlRenderer.cs(13,84): error SA1629: Documentation text should end with a period [/home/runner/work/tfplan2md/tfplan2md/src/tools/Oocx.TfPlan2Md.HtmlRenderer/Oocx.TfPlan2Md.HtmlRenderer.csproj]
/home/runner/work/tfplan2md/tfplan2md/src/tools/Oocx.TfPlan2Md.HtmlRenderer/VersionProvider.cs(7,80): error SA1629: Documentation text should end with a period [/home/runner/work/tfplan2md/tfplan2md/src/tools/Oocx.TfPlan2Md.HtmlRenderer/Oocx.TfPlan2Md.HtmlRenderer.csproj]
/home/runner/work/tfplan2md/tfplan2md/src/tools/Oocx.TfPlan2Md.ScreenshotGenerator/Program.cs(7,83): error SA1629: Documentation text should end with a period [/home/runner/work/tfplan2md/tfplan2md/src/tools/Oocx.TfPlan2Md.ScreenshotGenerator/Oocx.TfPlan2Md.ScreenshotGenerator.csproj]
/home/runner/work/tfplan2md/tfplan2md/src/tools/Oocx.TfPlan2Md.TerraformShowRenderer/CLI/CliParser.cs(7,85): error SA1629: Documentation text should end with a period [/home/runner/work/tfplan2md/tfplan2md/src/tools/Oocx.TfPlan2Md.TerraformShowRenderer/Oocx.TfPlan2Md.TerraformShowRenderer.csproj]
/home/runner/work/tfplan2md/tfplan2md/src/tools/Oocx.TfPlan2Md.TerraformShowRenderer/Rendering/AnsiTextWriter.cs(8,85): error SA1629: Documentation text should end with a period [/home/runner/work/tfplan2md/tfplan2md/src/tools/Oocx.TfPlan2Md.TerraformShowRenderer/Oocx.TfPlan2Md.TerraformShowRenderer.csproj]
/home/runner/work/tfplan2md/tfplan2md/src/tools/Oocx.TfPlan2Md.TerraformShowRenderer/Rendering/AnsiTextWriter.cs(14,89): error SA1629: Documentation text should end with a period [/home/runner/work/tfplan2md/tfplan2md/src/tools/Oocx.TfPlan2Md.TerraformShowRenderer/Oocx.TfPlan2Md.TerraformShowRenderer.csproj]
/home/runner/work/tfplan2md/tfplan2md/src/tools/Oocx.TfPlan2Md.TerraformShowRenderer/Rendering/AnsiTextWriter.cs(20,89): error SA1629: Documentation text should end with a period [/home/runner/work/tfplan2md/tfplan2md/src/tools/Oocx.TfPlan2Md.TerraformShowRenderer/Oocx.TfPlan2Md.TerraformShowRenderer.csproj]
/home/runner/work/tfplan2md/tfplan2md/src/tools/Oocx.TfPlan2Md.TerraformShowRenderer/Rendering/AnsiTextWriter.cs(26,89): error SA1629: Documentation text should end with a period [/home/runner/work/tfplan2md/tfplan2md/src/tools/Oocx.TfPlan2Md.TerraformShowRenderer/Oocx.TfPlan2Md.TerraformShowRenderer.csproj]
/home/runner/work/tfplan2md/tfplan2md/src/tools/Oocx.TfPlan2Md.TerraformShowRenderer/Rendering/DiffRenderer.Arrays.cs(86,9): error SA1617: Void return value should not be documented [/home/runner/work/tfplan2md/tfplan2md/src/tools/Oocx.TfPlan2Md.TerraformShowRenderer/Oocx.TfPlan2Md.TerraformShowRenderer.csproj]
/home/runner/work/tfplan2md/tfplan2md/src/tools/Oocx.TfPlan2Md.TerraformShowRenderer/Rendering/DiffRenderer.Arrays.cs(20,9): error SA1617: Void return value should not be documented [/home/runner/work/tfplan2md/tfplan2md/src/tools/Oocx.TfPlan2Md.TerraformShowRenderer/Oocx.TfPlan2Md.TerraformShowRenderer.csproj]
/home/runner/work/tfplan2md/tfplan2md/src/tools/Oocx.TfPlan2Md.TerraformShowRenderer/Rendering/DiffRenderer.Arrays.cs(139,9): error SA1617: Void return value should not be documented [/home/runner/work/tfplan2md/tfplan2md/src/tools/Oocx.TfPlan2Md.TerraformShowRenderer/Oocx.TfPlan2Md.TerraformShowRenderer.csproj]
/home/runner/work/tfplan2md/tfplan2md/src/tools/Oocx.TfPlan2Md.TerraformShowRenderer/Rendering/DiffRenderer.Arrays.cs(8,130): error SA1629: Documentation text should end with a period [/home/runner/work/tfplan2md/tfplan2md/src/tools/Oocx.TfPlan2Md.TerraformShowRenderer/Oocx.TfPlan2Md.TerraformShowRenderer.csproj]
/home/runner/work/tfplan2md/tfplan2md/src/tools/Oocx.TfPlan2Md.TerraformShowRenderer/Rendering/DiffRenderer.cs(23,9): error SA1617: Void return value should not be documented [/home/runner/work/tfplan2md/tfplan2md/src/tools/Oocx.TfPlan2Md.TerraformShowRenderer/Oocx.TfPlan2Md.TerraformShowRenderer.csproj]
/home/runner/work/tfplan2md/tfplan2md/src/tools/Oocx.TfPlan2Md.TerraformShowRenderer/Rendering/DiffRenderer.cs(63,9): error SA1617: Void return value should not be documented [/home/runner/work/tfplan2md/tfplan2md/src/tools/Oocx.TfPlan2Md.TerraformShowRenderer/Oocx.TfPlan2Md.TerraformShowRenderer.csproj]
/home/runner/work/tfplan2md/tfplan2md/src/tools/Oocx.TfPlan2Md.TerraformShowRenderer/Rendering/DiffRenderer.cs(108,9): error SA1617: Void return value should not be documented [/home/runner/work/tfplan2md/tfplan2md/src/tools/Oocx.TfPlan2Md.TerraformShowRenderer/Oocx.TfPlan2Md.TerraformShowRenderer.csproj]
/home/runner/work/tfplan2md/tfplan2md/src/tools/Oocx.TfPlan2Md.TerraformShowRenderer/Rendering/DiffRenderer.cs(187,9): error SA1617: Void return value should not be documented [/home/runner/work/tfplan2md/tfplan2md/src/tools/Oocx.TfPlan2Md.TerraformShowRenderer/Oocx.TfPlan2Md.TerraformShowRenderer.csproj]
/home/runner/work/tfplan2md/tfplan2md/src/tools/Oocx.TfPlan2Md.TerraformShowRenderer/Rendering/DiffRenderer.cs(9,160): error SA1629: Documentation text should end with a period [/home/runner/work/tfplan2md/tfplan2md/src/tools/Oocx.TfPlan2Md.TerraformShowRenderer/Oocx.TfPlan2Md.TerraformShowRenderer.csproj]
/home/runner/work/tfplan2md/tfplan2md/src/tools/Oocx.TfPlan2Md.TerraformShowRenderer/Rendering/DiffRenderer.Helpers.cs(21,9): error SA1617: Void return value should not be documented [/home/runner/work/tfplan2md/tfplan2md/src/tools/Oocx.TfPlan2Md.TerraformShowRenderer/Oocx.TfPlan2Md.TerraformShowRenderer.csproj]
/home/runner/work/tfplan2md/tfplan2md/src/tools/Oocx.TfPlan2Md.TerraformShowRenderer/Rendering/DiffRenderer.Helpers.cs(123,9): error SA1617: Void return value should not be documented [/home/runner/work/tfplan2md/tfplan2md/src/tools/Oocx.TfPlan2Md.TerraformShowRenderer/Oocx.TfPlan2Md.TerraformShowRenderer.csproj]
/home/runner/work/tfplan2md/tfplan2md/src/tools/Oocx.TfPlan2Md.TerraformShowRenderer/Rendering/DiffRenderer.Helpers.cs(237,9): error SA1617: Void return value should not be documented [/home/runner/work/tfplan2md/tfplan2md/src/tools/Oocx.TfPlan2Md.TerraformShowRenderer/Oocx.TfPlan2Md.TerraformShowRenderer.csproj]
/home/runner/work/tfplan2md/tfplan2md/src/tools/Oocx.TfPlan2Md.TerraformShowRenderer/Rendering/DiffRenderer.Helpers.cs(8,131): error SA1629: Documentation text should end with a period [/home/runner/work/tfplan2md/tfplan2md/src/tools/Oocx.TfPlan2Md.TerraformShowRenderer/Oocx.TfPlan2Md.TerraformShowRenderer.csproj]
/home/runner/work/tfplan2md/tfplan2md/src/tools/Oocx.TfPlan2Md.TerraformShowRenderer/Rendering/DiffRenderer.Paths.cs(9,142): error SA1629: Documentation text should end with a period [/home/runner/work/tfplan2md/tfplan2md/src/tools/Oocx.TfPlan2Md.TerraformShowRenderer/Oocx.TfPlan2Md.TerraformShowRenderer.csproj]
/home/runner/work/tfplan2md/tfplan2md/src/tools/Oocx.TfPlan2Md.TerraformShowRenderer/Rendering/DiffRenderer.Utilities.cs(53,9): error SA1617: Void return value should not be documented [/home/runner/work/tfplan2md/tfplan2md/src/tools/Oocx.TfPlan2Md.TerraformShowRenderer/Oocx.TfPlan2Md.TerraformShowRenderer.csproj]
/home/runner/work/tfplan2md/tfplan2md/src/tools/Oocx.TfPlan2Md.TerraformShowRenderer/Rendering/DiffRenderer.Utilities.cs(101,9): error SA1617: Void return value should not be documented [/home/runner/work/tfplan2md/tfplan2md/src/tools/Oocx.TfPlan2Md.TerraformShowRenderer/Oocx.TfPlan2Md.TerraformShowRenderer.csproj]
/home/runner/work/tfplan2md/tfplan2md/src/tools/Oocx.TfPlan2Md.TerraformShowRenderer/Rendering/DiffRenderer.Utilities.cs(160,9): error SA1617: Void return value should not be documented [/home/runner/work/tfplan2md/tfplan2md/src/tools/Oocx.TfPlan2Md.TerraformShowRenderer/Oocx.TfPlan2Md.TerraformShowRenderer.csproj]
/home/runner/work/tfplan2md/tfplan2md/src/tools/Oocx.TfPlan2Md.TerraformShowRenderer/Rendering/DiffRenderer.Utilities.cs(134,9): error SA1617: Void return value should not be documented [/home/runner/work/tfplan2md/tfplan2md/src/tools/Oocx.TfPlan2Md.TerraformShowRenderer/Oocx.TfPlan2Md.TerraformShowRenderer.csproj]
/home/runner/work/tfplan2md/tfplan2md/src/tools/Oocx.TfPlan2Md.TerraformShowRenderer/Rendering/DiffRenderer.Utilities.cs(170,9): error SA1617: Void return value should not be documented [/home/runner/work/tfplan2md/tfplan2md/src/tools/Oocx.TfPlan2Md.TerraformShowRenderer/Oocx.TfPlan2Md.TerraformShowRenderer.csproj]
/home/runner/work/tfplan2md/tfplan2md/src/tools/Oocx.TfPlan2Md.TerraformShowRenderer/Rendering/DiffRenderer.Utilities.cs(201,9): error SA1617: Void return value should not be documented [/home/runner/work/tfplan2md/tfplan2md/src/tools/Oocx.TfPlan2Md.TerraformShowRenderer/Oocx.TfPlan2Md.TerraformShowRenderer.csproj]
/home/runner/work/tfplan2md/tfplan2md/src/tools/Oocx.TfPlan2Md.TerraformShowRenderer/Rendering/DiffRenderer.Utilities.cs(185,9): error SA1617: Void return value should not be documented [/home/runner/work/tfplan2md/tfplan2md/src/tools/Oocx.TfPlan2Md.TerraformShowRenderer/Oocx.TfPlan2Md.TerraformShowRenderer.csproj]
/home/runner/work/tfplan2md/tfplan2md/src/tools/Oocx.TfPlan2Md.TerraformShowRenderer/Rendering/DiffRenderer.Utilities.cs(242,9): error SA1617: Void return value should not be documented [/home/runner/work/tfplan2md/tfplan2md/src/tools/Oocx.TfPlan2Md.TerraformShowRenderer/Oocx.TfPlan2Md.TerraformShowRenderer.csproj]
/home/runner/work/tfplan2md/tfplan2md/src/tools/Oocx.TfPlan2Md.TerraformShowRenderer/Rendering/DiffRenderer.Utilities.cs(215,9): error SA1617: Void return value should not be documented [/home/runner/work/tfplan2md/tfplan2md/src/tools/Oocx.TfPlan2Md.TerraformShowRenderer/Oocx.TfPlan2Md.TerraformShowRenderer.csproj]
/home/runner/work/tfplan2md/tfplan2md/src/tools/Oocx.TfPlan2Md.TerraformShowRenderer/Rendering/DiffRenderer.Utilities.cs(8,130): error SA1629: Documentation text should end with a period [/home/runner/work/tfplan2md/tfplan2md/src/tools/Oocx.TfPlan2Md.TerraformShowRenderer/Oocx.TfPlan2Md.TerraformShowRenderer.csproj]
/home/runner/work/tfplan2md/tfplan2md/src/tools/Oocx.TfPlan2Md.TerraformShowRenderer/Rendering/TerraformShowRenderer.cs(27,79): error SA1611: The documentation for parameter 'outputChanges' is missing [/home/runner/work/tfplan2md/tfplan2md/src/tools/Oocx.TfPlan2Md.TerraformShowRenderer/Oocx.TfPlan2Md.TerraformShowRenderer.csproj]
/home/runner/work/tfplan2md/tfplan2md/src/tools/Oocx.TfPlan2Md.TerraformShowRenderer/Rendering/TerraformShowRenderer.cs(488,85): error SA1629: Documentation text should end with a period [/home/runner/work/tfplan2md/tfplan2md/src/tools/Oocx.TfPlan2Md.TerraformShowRenderer/Oocx.TfPlan2Md.TerraformShowRenderer.csproj]
/home/runner/work/tfplan2md/tfplan2md/src/tools/Oocx.TfPlan2Md.TerraformShowRenderer/Rendering/TerraformShowRenderer.cs(11,85): error SA1629: Documentation text should end with a period [/home/runner/work/tfplan2md/tfplan2md/src/tools/Oocx.TfPlan2Md.TerraformShowRenderer/Oocx.TfPlan2Md.TerraformShowRenderer.csproj]
/home/runner/work/tfplan2md/tfplan2md/src/tools/Oocx.TfPlan2Md.TerraformShowRenderer/TerraformShowRendererApp.cs(12,85): error SA1629: Documentation text should end with a period [/home/runner/work/tfplan2md/tfplan2md/src/tools/Oocx.TfPlan2Md.TerraformShowRenderer/Oocx.TfPlan2Md.TerraformShowRenderer.csproj]
/home/runner/work/tfplan2md/tfplan2md/src/tools/Oocx.TfPlan2Md.TerraformShowRenderer/TerraformShowRendererApp.cs(18,89): error SA1629: Documentation text should end with a period [/home/runner/work/tfplan2md/tfplan2md/src/tools/Oocx.TfPlan2Md.TerraformShowRenderer/Oocx.TfPlan2Md.TerraformShowRenderer.csproj]
/home/runner/work/tfplan2md/tfplan2md/src/tools/Oocx.TfPlan2Md.TerraformShowRenderer/TerraformShowRendererApp.cs(24,89): error SA1629: Documentation text should end with a period [/home/runner/work/tfplan2md/tfplan2md/src/tools/Oocx.TfPlan2Md.TerraformShowRenderer/Oocx.TfPlan2Md.TerraformShowRenderer.csproj]
/home/runner/work/tfplan2md/tfplan2md/src/tools/Oocx.TfPlan2Md.TerraformShowRenderer/TerraformShowRendererApp.cs(30,89): error SA1629: Documentation text should end with a period [/home/runner/work/tfplan2md/tfplan2md/src/tools/Oocx.TfPlan2Md.TerraformShowRenderer/Oocx.TfPlan2Md.TerraformShowRenderer.csproj]
/home/runner/work/tfplan2md/tfplan2md/src/tools/Oocx.TfPlan2Md.TerraformShowRenderer/CLI/HelpTextProvider.cs(7,85): error SA1629: Documentation text should end with a period [/home/runner/work/tfplan2md/tfplan2md/src/tools/Oocx.TfPlan2Md.TerraformShowRenderer/Oocx.TfPlan2Md.TerraformShowRenderer.csproj]
/home/runner/work/tfplan2md/tfplan2md/src/tools/Oocx.TfPlan2Md.TerraformShowRenderer/Rendering/ValueRenderer.cs(7,85): error SA1629: Documentation text should end with a period [/home/runner/work/tfplan2md/tfplan2md/src/tools/Oocx.TfPlan2Md.TerraformShowRenderer/Oocx.TfPlan2Md.TerraformShowRenderer.csproj]
/home/runner/work/tfplan2md/tfplan2md/src/tools/Oocx.TfPlan2Md.TerraformShowRenderer/CLI/CliOptions.cs(5,85): error SA1629: Documentation text should end with a period [/home/runner/work/tfplan2md/tfplan2md/src/tools/Oocx.TfPlan2Md.TerraformShowRenderer/Oocx.TfPlan2Md.TerraformShowRenderer.csproj]
/home/runner/work/tfplan2md/tfplan2md/src/tools/Oocx.TfPlan2Md.TerraformShowRenderer/CLI/CliOptions.cs(11,89): error SA1629: Documentation text should end with a period [/home/runner/work/tfplan2md/tfplan2md/src/tools/Oocx.TfPlan2Md.TerraformShowRenderer/Oocx.TfPlan2Md.TerraformShowRenderer.csproj]
/home/runner/work/tfplan2md/tfplan2md/src/tools/Oocx.TfPlan2Md.TerraformShowRenderer/CLI/CliParseException.cs(5,85): error SA1629: Documentation text should end with a period [/home/runner/work/tfplan2md/tfplan2md/src/tools/Oocx.TfPlan2Md.TerraformShowRenderer/Oocx.TfPlan2Md.TerraformShowRenderer.csproj]
/home/runner/work/tfplan2md/tfplan2md/src/tools/Oocx.TfPlan2Md.TerraformShowRenderer/Program.cs(5,85): error SA1629: Documentation text should end with a period [/home/runner/work/tfplan2md/tfplan2md/src/tools/Oocx.TfPlan2Md.TerraformShowRenderer/Oocx.TfPlan2Md.TerraformShowRenderer.csproj]
/home/runner/work/tfplan2md/tfplan2md/src/tools/Oocx.TfPlan2Md.TerraformShowRenderer/Program.cs(11,89): error SA1629: Documentation text should end with a period [/home/runner/work/tfplan2md/tfplan2md/src/tools/Oocx.TfPlan2Md.TerraformShowRenderer/Oocx.TfPlan2Md.TerraformShowRenderer.csproj]
/home/runner/work/tfplan2md/tfplan2md/src/tools/Oocx.TfPlan2Md.TerraformShowRenderer/Rendering/AnsiStyle.cs(5,85): error SA1629: Documentation text should end with a period [/home/runner/work/tfplan2md/tfplan2md/src/tools/Oocx.TfPlan2Md.TerraformShowRenderer/Oocx.TfPlan2Md.TerraformShowRenderer.csproj]
/home/runner/work/tfplan2md/tfplan2md/src/tools/Oocx.TfPlan2Md.TerraformShowRenderer/VersionProvider.cs(7,85): error SA1629: Documentation text should end with a period [/home/runner/work/tfplan2md/tfplan2md/src/tools/Oocx.TfPlan2Md.TerraformShowRenderer/Oocx.TfPlan2Md.TerraformShowRenderer.csproj]
Complete in 30811ms.
Analysis complete in 30811ms.
Complete in 60134ms.
Formatted code file '/home/runner/work/tfplan2md/tfplan2md/src/tests/Oocx.TfPlan2Md.TUnit/Assertions/TextDiffAssertTests.cs'.
Formatted code file '/home/runner/work/tfplan2md/tfplan2md/src/tests/Oocx.TfPlan2Md.TUnit/Azure/AzureRoleDefinitionMapperTests.cs'.
Formatted code file '/home/runner/work/tfplan2md/tfplan2md/src/tests/Oocx.TfPlan2Md.TUnit/Azure/AzureScopeParserTests.cs'.
Formatted code file '/home/runner/work/tfplan2md/tfplan2md/src/tests/Oocx.TfPlan2Md.TUnit/Azure/PrincipalMapperDiagnosticsTests.cs'.
Formatted code file '/home/runner/work/tfplan2md/tfplan2md/src/tests/Oocx.TfPlan2Md.TUnit/Azure/PrincipalMapperTests.cs'.
Formatted code file '/home/runner/work/tfplan2md/tfplan2md/src/tests/Oocx.TfPlan2Md.TUnit/CLI/CliParserTests.cs'.
Formatted code file '/home/runner/work/tfplan2md/tfplan2md/src/tests/Oocx.TfPlan2Md.TUnit/CLI/HelpTextProviderTests.cs'.
Formatted code file '/home/runner/work/tfplan2md/tfplan2md/src/tests/Oocx.TfPlan2Md.TUnit/Diagnostics/DiagnosticContextTests.cs'.
Formatted code file '/home/runner/work/tfplan2md/tfplan2md/src/tests/Oocx.TfPlan2Md.TUnit/Docker/DockerIntegrationTests.cs'.
Formatted code file '/home/runner/work/tfplan2md/tfplan2md/src/tests/Oocx.TfPlan2Md.TUnit/Docker/DockerFixture.cs'.
Formatted code file '/home/runner/work/tfplan2md/tfplan2md/src/tests/Oocx.TfPlan2Md.TUnit/MarkdownGeneration/AzapiResourceTemplateTests.cs'.
Formatted code file '/home/runner/work/tfplan2md/tfplan2md/src/tests/Oocx.TfPlan2Md.TUnit/MarkdownGeneration/ComprehensiveDemoTests.cs'.
Formatted code file '/home/runner/work/tfplan2md/tfplan2md/src/tests/Oocx.TfPlan2Md.TUnit/MarkdownGeneration/FormattedValueTests.cs'.
Formatted code file '/home/runner/work/tfplan2md/tfplan2md/src/tests/Oocx.TfPlan2Md.TUnit/MarkdownGeneration/MarkdownFuzzTests.cs'.
Formatted code file '/home/runner/work/tfplan2md/tfplan2md/src/tests/Oocx.TfPlan2Md.TUnit/MarkdownGeneration/MarkdownRendererFormatDiffConfigTests.cs'.
Formatted code file '/home/runner/work/tfplan2md/tfplan2md/src/tests/Oocx.TfPlan2Md.TUnit/MarkdownGeneration/MarkdownRendererNsgTemplateTests.cs'.
Formatted code file '/home/runner/work/tfplan2md/tfplan2md/src/tests/Oocx.TfPlan2Md.TUnit/MarkdownGeneration/MarkdownLintIntegrationTests.cs'.
Formatted code file '/home/runner/work/tfplan2md/tfplan2md/src/tests/Oocx.TfPlan2Md.TUnit/MarkdownGeneration/MarkdownRendererResourceTemplateTests.cs'.
Formatted code file '/home/runner/work/tfplan2md/tfplan2md/src/tests/Oocx.TfPlan2Md.TUnit/MarkdownGeneration/MarkdownRendererSummaryTests.cs'.
Formatted code file '/home/runner/work/tfplan2md/tfplan2md/src/tests/Oocx.TfPlan2Md.TUnit/MarkdownGeneration/MarkdownRendererTemplateFormattingTests.cs'.
Formatted code file '/home/runner/work/tfplan2md/tfplan2md/src/tests/Oocx.TfPlan2Md.TUnit/MarkdownGeneration/MarkdownRendererRoleAssignmentTests.cs'.
Formatted code file '/home/runner/work/tfplan2md/tfplan2md/src/tests/Oocx.TfPlan2Md.TUnit/MarkdownGeneration/MarkdownRendererTests.cs'.
Formatted code file '/home/runner/work/tfplan2md/tfplan2md/src/tests/Oocx.TfPlan2Md.TUnit/MarkdownGeneration/MarkdownSnapshotTests.cs'.
Formatted code file '/home/runner/work/tfplan2md/tfplan2md/src/tests/Oocx.TfPlan2Md.TUnit/MarkdownGeneration/MarkdownValidationTests.cs'.
Formatted code file '/home/runner/work/tfplan2md/tfplan2md/src/tests/Oocx.TfPlan2Md.TUnit/MarkdownGeneration/ReportModelBuilderMetadataTests.cs'.
Formatted code file '/home/runner/work/tfplan2md/tfplan2md/src/tests/Oocx.TfPlan2Md.TUnit/MarkdownGeneration/ReportModelBuilderNoOpTests.cs'.
Formatted code file '/home/runner/work/tfplan2md/tfplan2md/src/tests/Oocx.TfPlan2Md.TUnit/MarkdownGeneration/ReportModelBuilderSummaryTests.cs'.
Formatted code file '/home/runner/work/tfplan2md/tfplan2md/src/tests/Oocx.TfPlan2Md.TUnit/MarkdownGeneration/ReportModelBuilderTests.cs'.
Formatted code file '/home/runner/work/tfplan2md/tfplan2md/src/tests/Oocx.TfPlan2Md.TUnit/MarkdownGeneration/ReportModelBuilderUnchangedValuesTests.cs'.
Formatted code file '/home/runner/work/tfplan2md/tfplan2md/src/tests/Oocx.TfPlan2Md.TUnit/MarkdownGeneration/RoleAssignmentTemplateTests.cs'.
Formatted code file '/home/runner/work/tfplan2md/tfplan2md/src/tests/Oocx.TfPlan2Md.TUnit/MarkdownGeneration/ScribanHelpersFormatDiffTests.cs'.
Formatted code file '/home/runner/work/tfplan2md/tfplan2md/src/tests/Oocx.TfPlan2Md.TUnit/MarkdownGeneration/ScribanHelpersLargeValueTests.cs'.
Formatted code file '/home/runner/work/tfplan2md/tfplan2md/src/tests/Oocx.TfPlan2Md.TUnit/MarkdownGeneration/ScribanHelpersAzApiTests.cs'.
Formatted code file '/home/runner/work/tfplan2md/tfplan2md/src/tests/Oocx.TfPlan2Md.TUnit/MarkdownGeneration/ScribanHelpersSemanticFormattingTests.cs'.
Formatted code file '/home/runner/work/tfplan2md/tfplan2md/src/tests/Oocx.TfPlan2Md.TUnit/MarkdownGeneration/ScribanHelpersTests.cs'.
Formatted code file '/home/runner/work/tfplan2md/tfplan2md/src/tests/Oocx.TfPlan2Md.TUnit/MarkdownGeneration/ScribanTemplateLoaderTests.cs'.
Formatted code file '/home/runner/work/tfplan2md/tfplan2md/src/tests/Oocx.TfPlan2Md.TUnit/MarkdownGeneration/Summaries/ResourceSummaryBuilderTests.cs'.
Formatted code file '/home/runner/work/tfplan2md/tfplan2md/src/tests/Oocx.TfPlan2Md.TUnit/MarkdownGeneration/TemplateArchitectureTests.cs'.
Formatted code file '/home/runner/work/tfplan2md/tfplan2md/src/tests/Oocx.TfPlan2Md.TUnit/MarkdownGeneration/TemplateIsolationTests.cs'.
Formatted code file '/home/runner/work/tfplan2md/tfplan2md/src/tests/Oocx.TfPlan2Md.TUnit/MarkdownGeneration/VariableGroupTemplateTests.cs'.
Formatted code file '/home/runner/work/tfplan2md/tfplan2md/src/tests/Oocx.TfPlan2Md.TUnit/Parsing/ReplacePathsConverterTests.cs'.
Formatted code file '/home/runner/work/tfplan2md/tfplan2md/src/tests/Oocx.TfPlan2Md.TUnit/Parsing/TerraformPlanParserReplacePathsTests.cs'.
Formatted code file '/home/runner/work/tfplan2md/tfplan2md/src/tests/Oocx.TfPlan2Md.TUnit/MarkdownGeneration/VariableGroupViewModelFactoryTests.cs'.
Formatted code file '/home/runner/work/tfplan2md/tfplan2md/src/tests/Oocx.TfPlan2Md.TUnit/Parsing/TerraformPlanParserTests.cs'.
Formatted code file '/home/runner/work/tfplan2md/tfplan2md/src/tests/Oocx.TfPlan2Md.TUnit/TerraformShowRenderer/TerraformShowCliParserTests.cs'.
Formatted code file '/home/runner/work/tfplan2md/tfplan2md/src/tests/Oocx.TfPlan2Md.TUnit/TerraformShowRenderer/TerraformShowRendererTests.cs'.
Formatted code file '/home/runner/work/tfplan2md/tfplan2md/src/tests/Oocx.TfPlan2Md.TUnit/Workflows/CoverageEnforcerTests.cs'.
Formatted code file '/home/runner/work/tfplan2md/tfplan2md/src/tests/Oocx.TfPlan2Md.TUnit/Workflows/ChangelogExtractionTests.cs'.
Formatted code file '/home/runner/work/tfplan2md/tfplan2md/src/tests/Oocx.TfPlan2Md.TUnit/EndToEnd/DebugOutputIntegrationTests.cs'.
Formatted code file '/home/runner/work/tfplan2md/tfplan2md/src/tests/Oocx.TfPlan2Md.TUnit/Assertions/TextDiffAssert.cs'.
Formatted code file '/home/runner/work/tfplan2md/tfplan2md/src/tests/Oocx.TfPlan2Md.TUnit/TerraformShowRenderer/AnsiTextWriterTests.cs'.
Formatted code file '/home/runner/work/tfplan2md/tfplan2md/src/tests/Oocx.TfPlan2Md.TUnit/TerraformShowRenderer/TerraformShowRendererRegressionTests.cs'.
Formatted code file '/home/runner/work/tfplan2md/tfplan2md/src/tests/Oocx.TfPlan2Md.TUnit/TerraformShowRenderer/TerraformShowRendererAppTests.cs'.
Formatted code file '/home/runner/work/tfplan2md/tfplan2md/src/tests/Oocx.TfPlan2Md.TUnit/MarkdownGeneration/MarkdownLintFixture.cs'.
Formatted code file '/home/runner/work/tfplan2md/tfplan2md/src/tests/Oocx.TfPlan2Md.TUnit/TestData/TestMetadataProvider.cs'.
Formatted code file '/home/runner/work/tfplan2md/tfplan2md/src/tools/Oocx.TfPlan2Md.CoverageEnforcer/CoverageSummaryBuilder.cs'.
Formatted code file '/home/runner/work/tfplan2md/tfplan2md/src/tools/Oocx.TfPlan2Md.CoverageEnforcer/CoverageHistoryWriter.cs'.
Formatted code file '/home/runner/work/tfplan2md/tfplan2md/src/tools/Oocx.TfPlan2Md.CoverageEnforcer/CoverageHistoryDocument.cs'.
Formatted code file '/home/runner/work/tfplan2md/tfplan2md/src/tools/Oocx.TfPlan2Md.CoverageEnforcer/CoberturaCoverageParser.cs'.
Formatted code file '/home/runner/work/tfplan2md/tfplan2md/src/tools/Oocx.TfPlan2Md.CoverageEnforcer/CommandLineOptions.cs'.
Formatted code file '/home/runner/work/tfplan2md/tfplan2md/src/tools/Oocx.TfPlan2Md.CoverageEnforcer/CoverageBadgeGenerator.cs'.
Formatted code file '/home/runner/work/tfplan2md/tfplan2md/src/tools/Oocx.TfPlan2Md.CoverageEnforcer/CoverageEvaluation.cs'.
Formatted code file '/home/runner/work/tfplan2md/tfplan2md/src/tools/Oocx.TfPlan2Md.CoverageEnforcer/CoverageHistoryEntry.cs'.
Formatted code file '/home/runner/work/tfplan2md/tfplan2md/src/tools/Oocx.TfPlan2Md.CoverageEnforcer/CoverageMetrics.cs'.
Formatted code file '/home/runner/work/tfplan2md/tfplan2md/src/tools/Oocx.TfPlan2Md.CoverageEnforcer/CoverageThresholdEvaluator.cs'.
Formatted code file '/home/runner/work/tfplan2md/tfplan2md/src/tools/Oocx.TfPlan2Md.CoverageEnforcer/CoverageThresholds.cs'.
Formatted code file '/home/runner/work/tfplan2md/tfplan2md/src/tools/Oocx.TfPlan2Md.HtmlRenderer/CLI/CliParser.cs'.
Formatted code file '/home/runner/work/tfplan2md/tfplan2md/src/tools/Oocx.TfPlan2Md.HtmlRenderer/Rendering/WrapperTemplateApplier.cs'.
Formatted code file '/home/runner/work/tfplan2md/tfplan2md/src/tools/Oocx.TfPlan2Md.HtmlRenderer/Rendering/MarkdigPipelineFactory.cs'.
Formatted code file '/home/runner/work/tfplan2md/tfplan2md/src/tools/Oocx.TfPlan2Md.HtmlRenderer/HtmlRendererApp.cs'.
Formatted code file '/home/runner/work/tfplan2md/tfplan2md/src/tools/Oocx.TfPlan2Md.HtmlRenderer/CLI/CliOptions.cs'.
Formatted code file '/home/runner/work/tfplan2md/tfplan2md/src/tools/Oocx.TfPlan2Md.HtmlRenderer/CLI/CliParseException.cs'.
Formatted code file '/home/runner/work/tfplan2md/tfplan2md/src/tools/Oocx.TfPlan2Md.HtmlRenderer/CLI/HelpTextProvider.cs'.
Formatted code file '/home/runner/work/tfplan2md/tfplan2md/src/tools/Oocx.TfPlan2Md.HtmlRenderer/HtmlFlavor.cs'.
Formatted code file '/home/runner/work/tfplan2md/tfplan2md/src/tools/Oocx.TfPlan2Md.HtmlRenderer/Program.cs'.
Formatted code file '/home/runner/work/tfplan2md/tfplan2md/src/tools/Oocx.TfPlan2Md.HtmlRenderer/Rendering/CommonHtmlNormalization.cs'.
Formatted code file '/home/runner/work/tfplan2md/tfplan2md/src/tools/Oocx.TfPlan2Md.HtmlRenderer/Rendering/AzureDevOpsHtmlPostProcessor.cs'.
Formatted code file '/home/runner/work/tfplan2md/tfplan2md/src/tools/Oocx.TfPlan2Md.HtmlRenderer/Rendering/GitHubHtmlPostProcessor.cs'.
Formatted code file '/home/runner/work/tfplan2md/tfplan2md/src/tools/Oocx.TfPlan2Md.HtmlRenderer/Rendering/HtmlPostProcessor.cs'.
Formatted code file '/home/runner/work/tfplan2md/tfplan2md/src/tools/Oocx.TfPlan2Md.HtmlRenderer/Rendering/MarkdownToHtmlRenderer.cs'.
Formatted code file '/home/runner/work/tfplan2md/tfplan2md/src/tools/Oocx.TfPlan2Md.HtmlRenderer/VersionProvider.cs'.
Formatted code file '/home/runner/work/tfplan2md/tfplan2md/src/tools/Oocx.TfPlan2Md.ScreenshotGenerator/Program.cs'.
Formatted code file '/home/runner/work/tfplan2md/tfplan2md/src/tools/Oocx.TfPlan2Md.TerraformShowRenderer/CLI/CliParser.cs'.
Formatted code file '/home/runner/work/tfplan2md/tfplan2md/src/tools/Oocx.TfPlan2Md.TerraformShowRenderer/Rendering/AnsiTextWriter.cs'.
Formatted code file '/home/runner/work/tfplan2md/tfplan2md/src/tools/Oocx.TfPlan2Md.TerraformShowRenderer/Rendering/DiffRenderer.Arrays.cs'.
Formatted code file '/home/runner/work/tfplan2md/tfplan2md/src/tools/Oocx.TfPlan2Md.TerraformShowRenderer/Rendering/DiffRenderer.cs'.
Formatted code file '/home/runner/work/tfplan2md/tfplan2md/src/tools/Oocx.TfPlan2Md.TerraformShowRenderer/Rendering/DiffRenderer.Helpers.cs'.
Formatted code file '/home/runner/work/tfplan2md/tfplan2md/src/tools/Oocx.TfPlan2Md.TerraformShowRenderer/Rendering/DiffRenderer.Paths.cs'.
Formatted code file '/home/runner/work/tfplan2md/tfplan2md/src/tools/Oocx.TfPlan2Md.TerraformShowRenderer/Rendering/DiffRenderer.Utilities.cs'.
Formatted code file '/home/runner/work/tfplan2md/tfplan2md/src/tools/Oocx.TfPlan2Md.TerraformShowRenderer/Rendering/TerraformShowRenderer.cs'.
Formatted code file '/home/runner/work/tfplan2md/tfplan2md/src/tools/Oocx.TfPlan2Md.TerraformShowRenderer/TerraformShowRendererApp.cs'.
Formatted code file '/home/runner/work/tfplan2md/tfplan2md/src/tools/Oocx.TfPlan2Md.TerraformShowRenderer/CLI/HelpTextProvider.cs'.
Formatted code file '/home/runner/work/tfplan2md/tfplan2md/src/tools/Oocx.TfPlan2Md.TerraformShowRenderer/Rendering/ValueRenderer.cs'.
Formatted code file '/home/runner/work/tfplan2md/tfplan2md/src/tools/Oocx.TfPlan2Md.TerraformShowRenderer/CLI/CliOptions.cs'.
Formatted code file '/home/runner/work/tfplan2md/tfplan2md/src/tools/Oocx.TfPlan2Md.TerraformShowRenderer/CLI/CliParseException.cs'.
Formatted code file '/home/runner/work/tfplan2md/tfplan2md/src/tools/Oocx.TfPlan2Md.TerraformShowRenderer/Program.cs'.
Formatted code file '/home/runner/work/tfplan2md/tfplan2md/src/tools/Oocx.TfPlan2Md.TerraformShowRenderer/Rendering/AnsiStyle.cs'.
Formatted code file '/home/runner/work/tfplan2md/tfplan2md/src/tools/Oocx.TfPlan2Md.TerraformShowRenderer/VersionProvider.cs'.
Formatted 98 of 200 files.
Format complete in 77601ms.
